<?xml version="1.0" encoding="UTF-8" standalone="yes"?>
<testsuites name="TestEveryIBE" time="566" tests="7" failures="6" errors="0">
    <testsuite name="TestEveryIBE" tests="7" failures="6" errors="0" time="566" timestamp="2020-01-10 14:19:10" hostname="Antonio - Antonio" id="Test Suites/TestEveryIBE">
        <properties>
            <property name="deviceName" value=""/>
            <property name="devicePlatform" value=""/>
            <property name="logFolder" value="C:\\Users\\Antonio\\Katalon Studio\\TestingIBE\\Reports\\TestEveryIBE\\20200110_141904"/>
            <property name="logFiles" value="C:\\Users\\Antonio\\Katalon Studio\\TestingIBE\\Reports\\TestEveryIBE\\20200110_141904\\execution0.log"/>
            <property name="attachments" value="C:\\Users\\Antonio\\Katalon Studio\\TestingIBE\\Reports\\TestEveryIBE\\20200110_141904\\1578662529797.png, C:\\Users\\Antonio\\Katalon Studio\\TestingIBE\\Reports\\TestEveryIBE\\20200110_141904\\1578662578017.png, C:\\Users\\Antonio\\Katalon Studio\\TestingIBE\\Reports\\TestEveryIBE\\20200110_141904\\1578662644128.png, C:\\Users\\Antonio\\Katalon Studio\\TestingIBE\\Reports\\TestEveryIBE\\20200110_141904\\1578662885015.png"/>
            <property name="hostName" value="Antonio - Antonio"/>
            <property name="os" value="Windows 10 64bit"/>
            <property name="katalonVersion" value="6.2.1.2"/>
            <property name="browser" value="Firefox 72.0"/>
            <property name="hostAddress" value="169.254.42.39"/>
            <property name="sessionId" value="5a5921f5-57f1-4f94-8ec5-d365fae4e062"/>
            <property name="seleniumVersion" value="3.141.59"/>
            <property name="proxyInformation" value="ProxyInformation{proxyOption=NO_PROXY, proxyServerType=HTTP, password=, proxyServerAddress=, proxyServerPort=0}"/>
            <property name="platform" value="Windows 10"/>
        </properties>
        <testcase name="Test Cases/audi" classname="Test Cases/audi" status="PASSED">
            <system-out>2020-01-10 14:19:11 - [TEST_CASE][PASSED] - Test Cases/audi: Test Cases/audi&#xD;
&#xD;
2020-01-10 14:19:11 - [TEST_STEP][PASSED] - openBrowser(""): Browser is opened with url: ''&#xD;
&#xD;
2020-01-10 14:19:11 - [MESSAGE][INFO] - Starting 'Firefox' driver&#xD;
&#xD;
2020-01-10 14:19:12 - [MESSAGE][INFO] - Action delay is set to 0 seconds&#xD;
&#xD;
2020-01-10 14:19:17 - [MESSAGE][PASSED] - Browser is opened with url: ''&#xD;
&#xD;
2020-01-10 14:19:17 - [TEST_STEP][PASSED] - navigateToUrl("https://audi.acomodeo.com/en/"): Navigate to 'https://audi.acomodeo.com/en/' successfully&#xD;
&#xD;
2020-01-10 14:19:20 - [MESSAGE][PASSED] - Navigate to 'https://audi.acomodeo.com/en/' successfully&#xD;
&#xD;
2020-01-10 14:19:20 - [TEST_STEP][PASSED] - delay(10): Delayed 10 second(s)&#xD;
&#xD;
2020-01-10 14:19:30 - [MESSAGE][PASSED] - Delayed 10 second(s)&#xD;
&#xD;
2020-01-10 14:19:30 - [TEST_STEP][PASSED] - click(findTestObject("Object Repository/katalonIBE/Page_Home  Audi Long Stay/button_Log in")): Object: 'Object Repository/katalonIBE/Page_Home  Audi Long Stay/button_Log in' is clicked on&#xD;
&#xD;
2020-01-10 14:19:31 - [MESSAGE][PASSED] - Object: 'Object Repository/katalonIBE/Page_Home  Audi Long Stay/button_Log in' is clicked on&#xD;
&#xD;
2020-01-10 14:19:31 - [TEST_STEP][PASSED] - delay(3): Delayed 3 second(s)&#xD;
&#xD;
2020-01-10 14:19:34 - [MESSAGE][PASSED] - Delayed 3 second(s)&#xD;
&#xD;
2020-01-10 14:19:34 - [TEST_STEP][PASSED] - setText(findTestObject("Object Repository/katalonIBE/Page_Home  Audi Long Stay/input_Register_email"), username): Text 'katalon@acomodeo.com' is set on object 'Object Repository/katalonIBE/Page_Home  Audi Long Stay/input_Register_email'&#xD;
&#xD;
2020-01-10 14:19:34 - [MESSAGE][PASSED] - Text 'katalon@acomodeo.com' is set on object 'Object Repository/katalonIBE/Page_Home  Audi Long Stay/input_Register_email'&#xD;
&#xD;
2020-01-10 14:19:34 - [TEST_STEP][PASSED] - setEncryptedText(findTestObject("Object Repository/katalonIBE/Page_Home  Audi Long Stay/input_Register_password"), password): Text ****** has been set on object 'Object Repository/katalonIBE/Page_Home  Audi Long Stay/input_Register_password'&#xD;
&#xD;
2020-01-10 14:19:35 - [MESSAGE][PASSED] - Text ****** has been set on object 'Object Repository/katalonIBE/Page_Home  Audi Long Stay/input_Register_password'&#xD;
&#xD;
2020-01-10 14:19:35 - [TEST_STEP][PASSED] - delay(3): Delayed 3 second(s)&#xD;
&#xD;
2020-01-10 14:19:38 - [MESSAGE][PASSED] - Delayed 3 second(s)&#xD;
&#xD;
2020-01-10 14:19:38 - [TEST_STEP][PASSED] - click(findTestObject("Object Repository/katalonIBE/Page_Home  Audi Long Stay/span_Log in")): Object: 'Object Repository/katalonIBE/Page_Home  Audi Long Stay/span_Log in' is clicked on&#xD;
&#xD;
2020-01-10 14:19:38 - [MESSAGE][PASSED] - Object: 'Object Repository/katalonIBE/Page_Home  Audi Long Stay/span_Log in' is clicked on&#xD;
&#xD;
2020-01-10 14:19:38 - [TEST_STEP][PASSED] - delay(8): Delayed 8 second(s)&#xD;
&#xD;
2020-01-10 14:19:46 - [MESSAGE][PASSED] - Delayed 8 second(s)&#xD;
&#xD;
2020-01-10 14:19:46 - [TEST_STEP][PASSED] - click(findTestObject("Object Repository/katalonIBE/Page_Home  Audi Long Stay/button_Profile")): Object: 'Object Repository/katalonIBE/Page_Home  Audi Long Stay/button_Profile' is clicked on&#xD;
&#xD;
2020-01-10 14:19:46 - [MESSAGE][PASSED] - Object: 'Object Repository/katalonIBE/Page_Home  Audi Long Stay/button_Profile' is clicked on&#xD;
&#xD;
2020-01-10 14:19:46 - [TEST_STEP][PASSED] - delay(3): Delayed 3 second(s)&#xD;
&#xD;
2020-01-10 14:19:49 - [MESSAGE][PASSED] - Delayed 3 second(s)&#xD;
&#xD;
2020-01-10 14:19:49 - [TEST_STEP][PASSED] - click(findTestObject("Object Repository/katalonIBE/Page_Home  Audi Long Stay/h4_Hello Katalon Acomodeo")): Object: 'Object Repository/katalonIBE/Page_Home  Audi Long Stay/h4_Hello Katalon Acomodeo' is clicked on&#xD;
&#xD;
2020-01-10 14:19:49 - [MESSAGE][PASSED] - Object: 'Object Repository/katalonIBE/Page_Home  Audi Long Stay/h4_Hello Katalon Acomodeo' is clicked on&#xD;
&#xD;
2020-01-10 14:19:49 - [TEST_STEP][PASSED] - hello = getText(findTestObject("Object Repository/katalonIBE/Page_Home  Audi Long Stay/h4_Hello Katalon Acomodeo")): Text of object 'Object Repository/katalonIBE/Page_Home  Audi Long Stay/h4_Hello Katalon Acomodeo' is: 'Hello, Katalon Acomodeo'&#xD;
&#xD;
2020-01-10 14:19:50 - [MESSAGE][PASSED] - Text of object 'Object Repository/katalonIBE/Page_Home  Audi Long Stay/h4_Hello Katalon Acomodeo' is: 'Hello, Katalon Acomodeo'&#xD;
&#xD;
2020-01-10 14:19:50 - [TEST_STEP][PASSED] - verifyEqual("Hello, Katalon Acomodeo", hello): Actual object 'Hello, Katalon Acomodeo' and expected object 'Hello, Katalon Acomodeo' are equal&#xD;
&#xD;
2020-01-10 14:19:50 - [MESSAGE][PASSED] - Actual object 'Hello, Katalon Acomodeo' and expected object 'Hello, Katalon Acomodeo' are equal&#xD;
&#xD;
2020-01-10 14:19:50 - [TEST_STEP][PASSED] - closeBrowser(): Browser is closed&#xD;
&#xD;
2020-01-10 14:19:56 - [MESSAGE][PASSED] - Browser is closed</system-out>
            <system-err></system-err>
        </testcase>
        <testcase name="Test Cases/baldaja" classname="Test Cases/baldaja" status="PASSED">
            <system-out>2020-01-10 14:19:56 - [TEST_CASE][PASSED] - Test Cases/baldaja: Test Cases/baldaja&#xD;
&#xD;
2020-01-10 14:19:56 - [TEST_STEP][PASSED] - openBrowser(""): Browser is opened with url: ''&#xD;
&#xD;
2020-01-10 14:19:56 - [MESSAGE][INFO] - Starting 'Firefox' driver&#xD;
&#xD;
2020-01-10 14:20:02 - [MESSAGE][PASSED] - Browser is opened with url: ''&#xD;
&#xD;
2020-01-10 14:20:02 - [TEST_STEP][PASSED] - navigateToUrl("https://baldaja.acomodeo.com/en/"): Navigate to 'https://baldaja.acomodeo.com/en/' successfully&#xD;
&#xD;
2020-01-10 14:20:03 - [MESSAGE][PASSED] - Navigate to 'https://baldaja.acomodeo.com/en/' successfully&#xD;
&#xD;
2020-01-10 14:20:03 - [TEST_STEP][PASSED] - delay(10): Delayed 10 second(s)&#xD;
&#xD;
2020-01-10 14:20:13 - [MESSAGE][PASSED] - Delayed 10 second(s)&#xD;
&#xD;
2020-01-10 14:20:13 - [TEST_STEP][PASSED] - click(findTestObject("Object Repository/katalonIBE/Page_Home  Audi Long Stay/button_Log in")): Object: 'Object Repository/katalonIBE/Page_Home  Audi Long Stay/button_Log in' is clicked on&#xD;
&#xD;
2020-01-10 14:20:14 - [MESSAGE][PASSED] - Object: 'Object Repository/katalonIBE/Page_Home  Audi Long Stay/button_Log in' is clicked on&#xD;
&#xD;
2020-01-10 14:20:14 - [TEST_STEP][PASSED] - delay(3): Delayed 3 second(s)&#xD;
&#xD;
2020-01-10 14:20:17 - [MESSAGE][PASSED] - Delayed 3 second(s)&#xD;
&#xD;
2020-01-10 14:20:17 - [TEST_STEP][PASSED] - setText(findTestObject("Object Repository/katalonIBE/Page_Home  Audi Long Stay/input_Register_email"), username): Text 'katalon@acomodeo.com' is set on object 'Object Repository/katalonIBE/Page_Home  Audi Long Stay/input_Register_email'&#xD;
&#xD;
2020-01-10 14:20:17 - [MESSAGE][PASSED] - Text 'katalon@acomodeo.com' is set on object 'Object Repository/katalonIBE/Page_Home  Audi Long Stay/input_Register_email'&#xD;
&#xD;
2020-01-10 14:20:17 - [TEST_STEP][PASSED] - setEncryptedText(findTestObject("Object Repository/katalonIBE/Page_Home  Audi Long Stay/input_Register_password"), password): Text ****** has been set on object 'Object Repository/katalonIBE/Page_Home  Audi Long Stay/input_Register_password'&#xD;
&#xD;
2020-01-10 14:20:18 - [MESSAGE][PASSED] - Text ****** has been set on object 'Object Repository/katalonIBE/Page_Home  Audi Long Stay/input_Register_password'&#xD;
&#xD;
2020-01-10 14:20:18 - [TEST_STEP][PASSED] - delay(3): Delayed 3 second(s)&#xD;
&#xD;
2020-01-10 14:20:21 - [MESSAGE][PASSED] - Delayed 3 second(s)&#xD;
&#xD;
2020-01-10 14:20:21 - [TEST_STEP][PASSED] - click(findTestObject("Object Repository/katalonIBE/Page_Home  Audi Long Stay/span_Log in")): Object: 'Object Repository/katalonIBE/Page_Home  Audi Long Stay/span_Log in' is clicked on&#xD;
&#xD;
2020-01-10 14:20:21 - [MESSAGE][PASSED] - Object: 'Object Repository/katalonIBE/Page_Home  Audi Long Stay/span_Log in' is clicked on&#xD;
&#xD;
2020-01-10 14:20:21 - [TEST_STEP][PASSED] - delay(8): Delayed 8 second(s)&#xD;
&#xD;
2020-01-10 14:20:29 - [MESSAGE][PASSED] - Delayed 8 second(s)&#xD;
&#xD;
2020-01-10 14:20:29 - [TEST_STEP][PASSED] - click(findTestObject("Object Repository/katalonIBE/Page_Home  Audi Long Stay/button_Profile")): Object: 'Object Repository/katalonIBE/Page_Home  Audi Long Stay/button_Profile' is clicked on&#xD;
&#xD;
2020-01-10 14:20:29 - [MESSAGE][PASSED] - Object: 'Object Repository/katalonIBE/Page_Home  Audi Long Stay/button_Profile' is clicked on&#xD;
&#xD;
2020-01-10 14:20:29 - [TEST_STEP][PASSED] - delay(3): Delayed 3 second(s)&#xD;
&#xD;
2020-01-10 14:20:32 - [MESSAGE][PASSED] - Delayed 3 second(s)&#xD;
&#xD;
2020-01-10 14:20:32 - [TEST_STEP][PASSED] - click(findTestObject("Object Repository/katalonIBE/Page_Home  Audi Long Stay/h4_Hello Katalon Acomodeo")): Object: 'Object Repository/katalonIBE/Page_Home  Audi Long Stay/h4_Hello Katalon Acomodeo' is clicked on&#xD;
&#xD;
2020-01-10 14:20:32 - [MESSAGE][PASSED] - Object: 'Object Repository/katalonIBE/Page_Home  Audi Long Stay/h4_Hello Katalon Acomodeo' is clicked on&#xD;
&#xD;
2020-01-10 14:20:32 - [TEST_STEP][PASSED] - hello = getText(findTestObject("Object Repository/katalonIBE/Page_Home  Audi Long Stay/h4_Hello Katalon Acomodeo")): Text of object 'Object Repository/katalonIBE/Page_Home  Audi Long Stay/h4_Hello Katalon Acomodeo' is: 'Hello, Katalon Acomodeo'&#xD;
&#xD;
2020-01-10 14:20:32 - [MESSAGE][PASSED] - Text of object 'Object Repository/katalonIBE/Page_Home  Audi Long Stay/h4_Hello Katalon Acomodeo' is: 'Hello, Katalon Acomodeo'&#xD;
&#xD;
2020-01-10 14:20:32 - [TEST_STEP][PASSED] - verifyEqual("Hello, Katalon Acomodeo", hello): Actual object 'Hello, Katalon Acomodeo' and expected object 'Hello, Katalon Acomodeo' are equal&#xD;
&#xD;
2020-01-10 14:20:32 - [MESSAGE][PASSED] - Actual object 'Hello, Katalon Acomodeo' and expected object 'Hello, Katalon Acomodeo' are equal&#xD;
&#xD;
2020-01-10 14:20:32 - [TEST_STEP][PASSED] - closeBrowser(): Browser is closed&#xD;
&#xD;
2020-01-10 14:20:40 - [MESSAGE][PASSED] - Browser is closed</system-out>
            <system-err></system-err>
        </testcase>
        <testcase name="Test Cases/barmer" classname="Test Cases/barmer" status="PASSED">
            <system-out>2020-01-10 14:20:40 - [TEST_CASE][PASSED] - Test Cases/barmer: Test Cases/barmer&#xD;
&#xD;
2020-01-10 14:20:40 - [TEST_STEP][PASSED] - openBrowser(""): Browser is opened with url: ''&#xD;
&#xD;
2020-01-10 14:20:40 - [MESSAGE][INFO] - Starting 'Firefox' driver&#xD;
&#xD;
2020-01-10 14:20:45 - [MESSAGE][PASSED] - Browser is opened with url: ''&#xD;
&#xD;
2020-01-10 14:20:45 - [TEST_STEP][PASSED] - navigateToUrl("https://barmer.acomodeo.com/en/"): Navigate to 'https://barmer.acomodeo.com/en/' successfully&#xD;
&#xD;
2020-01-10 14:20:48 - [MESSAGE][PASSED] - Navigate to 'https://barmer.acomodeo.com/en/' successfully&#xD;
&#xD;
2020-01-10 14:20:48 - [TEST_STEP][PASSED] - delay(10): Delayed 10 second(s)&#xD;
&#xD;
2020-01-10 14:20:58 - [MESSAGE][PASSED] - Delayed 10 second(s)&#xD;
&#xD;
2020-01-10 14:20:58 - [TEST_STEP][PASSED] - click(findTestObject("Object Repository/katalonIBE/Page_Home  Audi Long Stay/button_Log in")): Object: 'Object Repository/katalonIBE/Page_Home  Audi Long Stay/button_Log in' is clicked on&#xD;
&#xD;
2020-01-10 14:20:58 - [MESSAGE][PASSED] - Object: 'Object Repository/katalonIBE/Page_Home  Audi Long Stay/button_Log in' is clicked on&#xD;
&#xD;
2020-01-10 14:20:58 - [TEST_STEP][PASSED] - delay(3): Delayed 3 second(s)&#xD;
&#xD;
2020-01-10 14:21:01 - [MESSAGE][PASSED] - Delayed 3 second(s)&#xD;
&#xD;
2020-01-10 14:21:01 - [TEST_STEP][PASSED] - setText(findTestObject("Object Repository/katalonIBE/Page_Home  Audi Long Stay/input_Register_email"), username): Text 'katalon@acomodeo.com' is set on object 'Object Repository/katalonIBE/Page_Home  Audi Long Stay/input_Register_email'&#xD;
&#xD;
2020-01-10 14:21:01 - [MESSAGE][PASSED] - Text 'katalon@acomodeo.com' is set on object 'Object Repository/katalonIBE/Page_Home  Audi Long Stay/input_Register_email'&#xD;
&#xD;
2020-01-10 14:21:01 - [TEST_STEP][PASSED] - setEncryptedText(findTestObject("Object Repository/katalonIBE/Page_Home  Audi Long Stay/input_Register_password"), password): Text ****** has been set on object 'Object Repository/katalonIBE/Page_Home  Audi Long Stay/input_Register_password'&#xD;
&#xD;
2020-01-10 14:21:02 - [MESSAGE][PASSED] - Text ****** has been set on object 'Object Repository/katalonIBE/Page_Home  Audi Long Stay/input_Register_password'&#xD;
&#xD;
2020-01-10 14:21:02 - [TEST_STEP][PASSED] - delay(3): Delayed 3 second(s)&#xD;
&#xD;
2020-01-10 14:21:05 - [MESSAGE][PASSED] - Delayed 3 second(s)&#xD;
&#xD;
2020-01-10 14:21:05 - [TEST_STEP][PASSED] - click(findTestObject("Object Repository/katalonIBE/Page_Home  Audi Long Stay/span_Log in")): Object: 'Object Repository/katalonIBE/Page_Home  Audi Long Stay/span_Log in' is clicked on&#xD;
&#xD;
2020-01-10 14:21:05 - [MESSAGE][PASSED] - Object: 'Object Repository/katalonIBE/Page_Home  Audi Long Stay/span_Log in' is clicked on&#xD;
&#xD;
2020-01-10 14:21:05 - [TEST_STEP][PASSED] - delay(8): Delayed 8 second(s)&#xD;
&#xD;
2020-01-10 14:21:13 - [MESSAGE][PASSED] - Delayed 8 second(s)&#xD;
&#xD;
2020-01-10 14:21:13 - [TEST_STEP][PASSED] - click(findTestObject("Object Repository/katalonIBE/Page_Home  Audi Long Stay/button_Profile")): Object: 'Object Repository/katalonIBE/Page_Home  Audi Long Stay/button_Profile' is clicked on&#xD;
&#xD;
2020-01-10 14:21:13 - [MESSAGE][PASSED] - Object: 'Object Repository/katalonIBE/Page_Home  Audi Long Stay/button_Profile' is clicked on&#xD;
&#xD;
2020-01-10 14:21:13 - [TEST_STEP][PASSED] - delay(3): Delayed 3 second(s)&#xD;
&#xD;
2020-01-10 14:21:16 - [MESSAGE][PASSED] - Delayed 3 second(s)&#xD;
&#xD;
2020-01-10 14:21:16 - [TEST_STEP][PASSED] - click(findTestObject("Object Repository/katalonIBE/Page_Home  Audi Long Stay/h4_Hello Katalon Acomodeo")): Object: 'Object Repository/katalonIBE/Page_Home  Audi Long Stay/h4_Hello Katalon Acomodeo' is clicked on&#xD;
&#xD;
2020-01-10 14:21:17 - [MESSAGE][PASSED] - Object: 'Object Repository/katalonIBE/Page_Home  Audi Long Stay/h4_Hello Katalon Acomodeo' is clicked on&#xD;
&#xD;
2020-01-10 14:21:17 - [TEST_STEP][PASSED] - hello = getText(findTestObject("Object Repository/katalonIBE/Page_Home  Audi Long Stay/h4_Hello Katalon Acomodeo")): Text of object 'Object Repository/katalonIBE/Page_Home  Audi Long Stay/h4_Hello Katalon Acomodeo' is: 'Hello, Katalon Acomodeo'&#xD;
&#xD;
2020-01-10 14:21:17 - [MESSAGE][PASSED] - Text of object 'Object Repository/katalonIBE/Page_Home  Audi Long Stay/h4_Hello Katalon Acomodeo' is: 'Hello, Katalon Acomodeo'&#xD;
&#xD;
2020-01-10 14:21:17 - [TEST_STEP][PASSED] - verifyEqual("Hello, Katalon Acomodeo", hello): Actual object 'Hello, Katalon Acomodeo' and expected object 'Hello, Katalon Acomodeo' are equal&#xD;
&#xD;
2020-01-10 14:21:17 - [MESSAGE][PASSED] - Actual object 'Hello, Katalon Acomodeo' and expected object 'Hello, Katalon Acomodeo' are equal&#xD;
&#xD;
2020-01-10 14:21:17 - [TEST_STEP][PASSED] - closeBrowser(): Browser is closed&#xD;
&#xD;
2020-01-10 14:21:23 - [MESSAGE][PASSED] - Browser is closed</system-out>
            <system-err></system-err>
        </testcase>
        <testcase name="Test Cases/bearingpoing" classname="Test Cases/bearingpoing" status="FAILED">
            <failure type="FAILED" message="Test Cases/bearingpoing FAILED.&#xA;Reason:&#xA;com.kms.katalon.core.exception.StepFailedException: Unable to click on object 'Object Repository/katalonIBE/Page_Home  Audi Long Stay/button_Log in'&#xD;&#xA;&#x9;at com.kms.katalon.core.webui.keyword.internal.WebUIKeywordMain.stepFailed(WebUIKeywordMain.groovy:64)&#xD;&#xA;&#x9;at com.kms.katalon.core.webui.keyword.internal.WebUIKeywordMain.runKeyword(WebUIKeywordMain.groovy:26)&#xD;&#xA;&#x9;at com.kms.katalon.core.webui.keyword.builtin.ClickKeyword.click(ClickKeyword.groovy:86)&#xD;&#xA;&#x9;at com.kms.katalon.core.webui.keyword.builtin.ClickKeyword.execute(ClickKeyword.groovy:67)&#xD;&#xA;&#x9;at com.kms.katalon.core.keyword.internal.KeywordExecutor.executeKeywordForPlatform(KeywordExecutor.groovy:56)&#xD;&#xA;&#x9;at com.kms.katalon.core.webui.keyword.WebUiBuiltInKeywords.click(WebUiBuiltInKeywords.groovy:616)&#xD;&#xA;&#x9;at com.kms.katalon.core.webui.keyword.WebUiBuiltInKeywords$click$1.call(Unknown Source)&#xD;&#xA;&#x9;at bearingpoing.run(bearingpoing:21)&#xD;&#xA;&#x9;at com.kms.katalon.core.main.ScriptEngine.run(ScriptEngine.java:194)&#xD;&#xA;&#x9;at com.kms.katalon.core.main.ScriptEngine.runScriptAsRawText(ScriptEngine.java:119)&#xD;&#xA;&#x9;at com.kms.katalon.core.main.TestCaseExecutor.runScript(TestCaseExecutor.java:337)&#xD;&#xA;&#x9;at com.kms.katalon.core.main.TestCaseExecutor.doExecute(TestCaseExecutor.java:328)&#xD;&#xA;&#x9;at com.kms.katalon.core.main.TestCaseExecutor.processExecutionPhase(TestCaseExecutor.java:307)&#xD;&#xA;&#x9;at com.kms.katalon.core.main.TestCaseExecutor.accessMainPhase(TestCaseExecutor.java:299)&#xD;&#xA;&#x9;at com.kms.katalon.core.main.TestCaseExecutor.execute(TestCaseExecutor.java:233)&#xD;&#xA;&#x9;at com.kms.katalon.core.main.TestSuiteExecutor.accessTestCaseMainPhase(TestSuiteExecutor.java:133)&#xD;&#xA;&#x9;at com.kms.katalon.core.main.TestSuiteExecutor.accessTestSuiteMainPhase(TestSuiteExecutor.java:116)&#xD;&#xA;&#x9;at com.kms.katalon.core.main.TestSuiteExecutor.execute(TestSuiteExecutor.java:83)&#xD;&#xA;&#x9;at com.kms.katalon.core.main.TestCaseMain.startTestSuite(TestCaseMain.java:157)&#xD;&#xA;&#x9;at com.kms.katalon.core.main.TestCaseMain$startTestSuite$0.call(Unknown Source)&#xD;&#xA;&#x9;at TempTestSuite1578662348649.run(TempTestSuite1578662348649.groovy:35)&#xD;&#xA;Caused by: com.kms.katalon.core.webui.exception.WebElementNotFoundException: Web element with id: 'Object Repository/katalonIBE/Page_Home  Audi Long Stay/button_Log in' located by 'By.xpath: (.//*[normalize-space(text()) and normalize-space(.)='€'])[1]/following::button[1]' not found&#xD;&#xA;&#x9;at com.kms.katalon.core.webui.common.WebUiCommonHelper.findWebElement(WebUiCommonHelper.java:1097)&#xD;&#xA;&#x9;at com.kms.katalon.core.webui.keyword.internal.WebUIAbstractKeyword.findWebElement(WebUIAbstractKeyword.groovy:27)&#xD;&#xA;&#x9;at com.kms.katalon.core.webui.keyword.internal.WebUIAbstractKeyword.findWebElement(WebUIAbstractKeyword.groovy:26)&#xD;&#xA;&#x9;at com.kms.katalon.core.webui.keyword.builtin.ClickKeyword$_click_closure1.doCall(ClickKeyword.groovy:77)&#xD;&#xA;&#x9;at com.kms.katalon.core.webui.keyword.builtin.ClickKeyword$_click_closure1.call(ClickKeyword.groovy)&#xD;&#xA;&#x9;at com.kms.katalon.core.webui.keyword.internal.WebUIKeywordMain.runKeyword(WebUIKeywordMain.groovy:20)&#xD;&#xA;&#x9;... 19 more&#xD;&#xA;"/>
            <system-out>2020-01-10 14:21:23 - [TEST_CASE][FAILED] - Test Cases/bearingpoing: Test Cases/bearingpoing FAILED.
Reason:
com.kms.katalon.core.exception.StepFailedException: Unable to click on object 'Object Repository/katalonIBE/Page_Home  Audi Long Stay/button_Log in'&#xD;
	at com.kms.katalon.core.webui.keyword.internal.WebUIKeywordMain.stepFailed(WebUIKeywordMain.groovy:64)&#xD;
	at com.kms.katalon.core.webui.keyword.internal.WebUIKeywordMain.runKeyword(WebUIKeywordMain.groovy:26)&#xD;
	at com.kms.katalon.core.webui.keyword.builtin.ClickKeyword.click(ClickKeyword.groovy:86)&#xD;
	at com.kms.katalon.core.webui.keyword.builtin.ClickKeyword.execute(ClickKeyword.groovy:67)&#xD;
	at com.kms.katalon.core.keyword.internal.KeywordExecutor.executeKeywordForPlatform(KeywordExecutor.groovy:56)&#xD;
	at com.kms.katalon.core.webui.keyword.WebUiBuiltInKeywords.click(WebUiBuiltInKeywords.groovy:616)&#xD;
	at com.kms.katalon.core.webui.keyword.WebUiBuiltInKeywords$click$1.call(Unknown Source)&#xD;
	at bearingpoing.run(bearingpoing:21)&#xD;
	at com.kms.katalon.core.main.ScriptEngine.run(ScriptEngine.java:194)&#xD;
	at com.kms.katalon.core.main.ScriptEngine.runScriptAsRawText(ScriptEngine.java:119)&#xD;
	at com.kms.katalon.core.main.TestCaseExecutor.runScript(TestCaseExecutor.java:337)&#xD;
	at com.kms.katalon.core.main.TestCaseExecutor.doExecute(TestCaseExecutor.java:328)&#xD;
	at com.kms.katalon.core.main.TestCaseExecutor.processExecutionPhase(TestCaseExecutor.java:307)&#xD;
	at com.kms.katalon.core.main.TestCaseExecutor.accessMainPhase(TestCaseExecutor.java:299)&#xD;
	at com.kms.katalon.core.main.TestCaseExecutor.execute(TestCaseExecutor.java:233)&#xD;
	at com.kms.katalon.core.main.TestSuiteExecutor.accessTestCaseMainPhase(TestSuiteExecutor.java:133)&#xD;
	at com.kms.katalon.core.main.TestSuiteExecutor.accessTestSuiteMainPhase(TestSuiteExecutor.java:116)&#xD;
	at com.kms.katalon.core.main.TestSuiteExecutor.execute(TestSuiteExecutor.java:83)&#xD;
	at com.kms.katalon.core.main.TestCaseMain.startTestSuite(TestCaseMain.java:157)&#xD;
	at com.kms.katalon.core.main.TestCaseMain$startTestSuite$0.call(Unknown Source)&#xD;
	at TempTestSuite1578662348649.run(TempTestSuite1578662348649.groovy:35)&#xD;
Caused by: com.kms.katalon.core.webui.exception.WebElementNotFoundException: Web element with id: 'Object Repository/katalonIBE/Page_Home  Audi Long Stay/button_Log in' located by 'By.xpath: (.//*[normalize-space(text()) and normalize-space(.)='€'])[1]/following::button[1]' not found&#xD;
	at com.kms.katalon.core.webui.common.WebUiCommonHelper.findWebElement(WebUiCommonHelper.java:1097)&#xD;
	at com.kms.katalon.core.webui.keyword.internal.WebUIAbstractKeyword.findWebElement(WebUIAbstractKeyword.groovy:27)&#xD;
	at com.kms.katalon.core.webui.keyword.internal.WebUIAbstractKeyword.findWebElement(WebUIAbstractKeyword.groovy:26)&#xD;
	at com.kms.katalon.core.webui.keyword.builtin.ClickKeyword$_click_closure1.doCall(ClickKeyword.groovy:77)&#xD;
	at com.kms.katalon.core.webui.keyword.builtin.ClickKeyword$_click_closure1.call(ClickKeyword.groovy)&#xD;
	at com.kms.katalon.core.webui.keyword.internal.WebUIKeywordMain.runKeyword(WebUIKeywordMain.groovy:20)&#xD;
	... 19 more&#xD;
&#xD;
&#xD;
2020-01-10 14:21:24 - [TEST_STEP][PASSED] - openBrowser(""): Browser is opened with url: ''&#xD;
&#xD;
2020-01-10 14:21:24 - [MESSAGE][INFO] - Starting 'Firefox' driver&#xD;
&#xD;
2020-01-10 14:21:28 - [MESSAGE][PASSED] - Browser is opened with url: ''&#xD;
&#xD;
2020-01-10 14:21:28 - [TEST_STEP][PASSED] - navigateToUrl("https://bearingpoing.acomodeo.com/en/"): Navigate to 'https://bearingpoing.acomodeo.com/en/' successfully&#xD;
&#xD;
2020-01-10 14:21:29 - [MESSAGE][PASSED] - Navigate to 'https://bearingpoing.acomodeo.com/en/' successfully&#xD;
&#xD;
2020-01-10 14:21:29 - [TEST_STEP][PASSED] - delay(10): Delayed 10 second(s)&#xD;
&#xD;
2020-01-10 14:21:39 - [MESSAGE][PASSED] - Delayed 10 second(s)&#xD;
&#xD;
2020-01-10 14:21:39 - [TEST_STEP][FAILED] - click(findTestObject("Object Repository/katalonIBE/Page_Home  Audi Long Stay/button_Log in")): Unable to click on object 'Object Repository/katalonIBE/Page_Home  Audi Long Stay/button_Log in' (Root cause: com.kms.katalon.core.exception.StepFailedException: Unable to click on object 'Object Repository/katalonIBE/Page_Home  Audi Long Stay/button_Log in'&#xD;
	at com.kms.katalon.core.webui.keyword.internal.WebUIKeywordMain.stepFailed(WebUIKeywordMain.groovy:64)&#xD;
	at com.kms.katalon.core.webui.keyword.internal.WebUIKeywordMain.runKeyword(WebUIKeywordMain.groovy:26)&#xD;
	at com.kms.katalon.core.webui.keyword.builtin.ClickKeyword.click(ClickKeyword.groovy:86)&#xD;
	at com.kms.katalon.core.webui.keyword.builtin.ClickKeyword.execute(ClickKeyword.groovy:67)&#xD;
	at com.kms.katalon.core.keyword.internal.KeywordExecutor.executeKeywordForPlatform(KeywordExecutor.groovy:56)&#xD;
	at com.kms.katalon.core.webui.keyword.WebUiBuiltInKeywords.click(WebUiBuiltInKeywords.groovy:616)&#xD;
	at com.kms.katalon.core.webui.keyword.WebUiBuiltInKeywords$click$1.call(Unknown Source)&#xD;
	at bearingpoing.run(bearingpoing:21)&#xD;
	at com.kms.katalon.core.main.ScriptEngine.run(ScriptEngine.java:194)&#xD;
	at com.kms.katalon.core.main.ScriptEngine.runScriptAsRawText(ScriptEngine.java:119)&#xD;
	at com.kms.katalon.core.main.TestCaseExecutor.runScript(TestCaseExecutor.java:337)&#xD;
	at com.kms.katalon.core.main.TestCaseExecutor.doExecute(TestCaseExecutor.java:328)&#xD;
	at com.kms.katalon.core.main.TestCaseExecutor.processExecutionPhase(TestCaseExecutor.java:307)&#xD;
	at com.kms.katalon.core.main.TestCaseExecutor.accessMainPhase(TestCaseExecutor.java:299)&#xD;
	at com.kms.katalon.core.main.TestCaseExecutor.execute(TestCaseExecutor.java:233)&#xD;
	at com.kms.katalon.core.main.TestSuiteExecutor.accessTestCaseMainPhase(TestSuiteExecutor.java:133)&#xD;
	at com.kms.katalon.core.main.TestSuiteExecutor.accessTestSuiteMainPhase(TestSuiteExecutor.java:116)&#xD;
	at com.kms.katalon.core.main.TestSuiteExecutor.execute(TestSuiteExecutor.java:83)&#xD;
	at com.kms.katalon.core.main.TestCaseMain.startTestSuite(TestCaseMain.java:157)&#xD;
	at com.kms.katalon.core.main.TestCaseMain$startTestSuite$0.call(Unknown Source)&#xD;
	at TempTestSuite1578662348649.run(TempTestSuite1578662348649.groovy:35)&#xD;
Caused by: com.kms.katalon.core.webui.exception.WebElementNotFoundException: Web element with id: 'Object Repository/katalonIBE/Page_Home  Audi Long Stay/button_Log in' located by 'By.xpath: (.//*[normalize-space(text()) and normalize-space(.)='€'])[1]/following::button[1]' not found&#xD;
	at com.kms.katalon.core.webui.common.WebUiCommonHelper.findWebElement(WebUiCommonHelper.java:1097)&#xD;
	at com.kms.katalon.core.webui.keyword.internal.WebUIAbstractKeyword.findWebElement(WebUIAbstractKeyword.groovy:27)&#xD;
	at com.kms.katalon.core.webui.keyword.internal.WebUIAbstractKeyword.findWebElement(WebUIAbstractKeyword.groovy:26)&#xD;
	at com.kms.katalon.core.webui.keyword.builtin.ClickKeyword$_click_closure1.doCall(ClickKeyword.groovy:77)&#xD;
	at com.kms.katalon.core.webui.keyword.builtin.ClickKeyword$_click_closure1.call(ClickKeyword.groovy)&#xD;
	at com.kms.katalon.core.webui.keyword.internal.WebUIKeywordMain.runKeyword(WebUIKeywordMain.groovy:20)&#xD;
	at com.kms.katalon.core.webui.keyword.builtin.ClickKeyword.click(ClickKeyword.groovy:86)&#xD;
	at com.kms.katalon.core.webui.keyword.builtin.ClickKeyword.execute(ClickKeyword.groovy:67)&#xD;
	at com.kms.katalon.core.keyword.internal.KeywordExecutor.executeKeywordForPlatform(KeywordExecutor.groovy:56)&#xD;
	at com.kms.katalon.core.webui.keyword.WebUiBuiltInKeywords.click(WebUiBuiltInKeywords.groovy:616)&#xD;
	at com.kms.katalon.core.webui.keyword.WebUiBuiltInKeywords$click$1.call(Unknown Source)&#xD;
	at Script1564042938091.run(Script1564042938091.groovy:21)&#xD;
	... 13 more&#xD;
)&#xD;
&#xD;
2020-01-10 14:22:09 - [MESSAGE][INFO] - Unable to find the element located by 'By.xpath: (.//*[normalize-space(text()) and normalize-space(.)='€'])[1]/following::button[1]'. Please recheck the objects properties to make sure the desired element is located. &#xD;
&#xD;
2020-01-10 14:22:09 - [MESSAGE][FAILED] - Unable to click on object 'Object Repository/katalonIBE/Page_Home  Audi Long Stay/button_Log in' (Root cause: com.kms.katalon.core.exception.StepFailedException: Unable to click on object 'Object Repository/katalonIBE/Page_Home  Audi Long Stay/button_Log in'&#xD;
	at com.kms.katalon.core.webui.keyword.internal.WebUIKeywordMain.stepFailed(WebUIKeywordMain.groovy:64)&#xD;
	at com.kms.katalon.core.webui.keyword.internal.WebUIKeywordMain.runKeyword(WebUIKeywordMain.groovy:26)&#xD;
	at com.kms.katalon.core.webui.keyword.builtin.ClickKeyword.click(ClickKeyword.groovy:86)&#xD;
	at com.kms.katalon.core.webui.keyword.builtin.ClickKeyword.execute(ClickKeyword.groovy:67)&#xD;
	at com.kms.katalon.core.keyword.internal.KeywordExecutor.executeKeywordForPlatform(KeywordExecutor.groovy:56)&#xD;
	at com.kms.katalon.core.webui.keyword.WebUiBuiltInKeywords.click(WebUiBuiltInKeywords.groovy:616)&#xD;
	at com.kms.katalon.core.webui.keyword.WebUiBuiltInKeywords$click$1.call(Unknown Source)&#xD;
	at bearingpoing.run(bearingpoing:21)&#xD;
	at com.kms.katalon.core.main.ScriptEngine.run(ScriptEngine.java:194)&#xD;
	at com.kms.katalon.core.main.ScriptEngine.runScriptAsRawText(ScriptEngine.java:119)&#xD;
	at com.kms.katalon.core.main.TestCaseExecutor.runScript(TestCaseExecutor.java:337)&#xD;
	at com.kms.katalon.core.main.TestCaseExecutor.doExecute(TestCaseExecutor.java:328)&#xD;
	at com.kms.katalon.core.main.TestCaseExecutor.processExecutionPhase(TestCaseExecutor.java:307)&#xD;
	at com.kms.katalon.core.main.TestCaseExecutor.accessMainPhase(TestCaseExecutor.java:299)&#xD;
	at com.kms.katalon.core.main.TestCaseExecutor.execute(TestCaseExecutor.java:233)&#xD;
	at com.kms.katalon.core.main.TestSuiteExecutor.accessTestCaseMainPhase(TestSuiteExecutor.java:133)&#xD;
	at com.kms.katalon.core.main.TestSuiteExecutor.accessTestSuiteMainPhase(TestSuiteExecutor.java:116)&#xD;
	at com.kms.katalon.core.main.TestSuiteExecutor.execute(TestSuiteExecutor.java:83)&#xD;
	at com.kms.katalon.core.main.TestCaseMain.startTestSuite(TestCaseMain.java:157)&#xD;
	at com.kms.katalon.core.main.TestCaseMain$startTestSuite$0.call(Unknown Source)&#xD;
	at TempTestSuite1578662348649.run(TempTestSuite1578662348649.groovy:35)&#xD;
Caused by: com.kms.katalon.core.webui.exception.WebElementNotFoundException: Web element with id: 'Object Repository/katalonIBE/Page_Home  Audi Long Stay/button_Log in' located by 'By.xpath: (.//*[normalize-space(text()) and normalize-space(.)='€'])[1]/following::button[1]' not found&#xD;
	at com.kms.katalon.core.webui.common.WebUiCommonHelper.findWebElement(WebUiCommonHelper.java:1097)&#xD;
	at com.kms.katalon.core.webui.keyword.internal.WebUIAbstractKeyword.findWebElement(WebUIAbstractKeyword.groovy:27)&#xD;
	at com.kms.katalon.core.webui.keyword.internal.WebUIAbstractKeyword.findWebElement(WebUIAbstractKeyword.groovy:26)&#xD;
	at com.kms.katalon.core.webui.keyword.builtin.ClickKeyword$_click_closure1.doCall(ClickKeyword.groovy:77)&#xD;
	at com.kms.katalon.core.webui.keyword.builtin.ClickKeyword$_click_closure1.call(ClickKeyword.groovy)&#xD;
	at com.kms.katalon.core.webui.keyword.internal.WebUIKeywordMain.runKeyword(WebUIKeywordMain.groovy:20)&#xD;
	at com.kms.katalon.core.webui.keyword.builtin.ClickKeyword.click(ClickKeyword.groovy:86)&#xD;
	at com.kms.katalon.core.webui.keyword.builtin.ClickKeyword.execute(ClickKeyword.groovy:67)&#xD;
	at com.kms.katalon.core.keyword.internal.KeywordExecutor.executeKeywordForPlatform(KeywordExecutor.groovy:56)&#xD;
	at com.kms.katalon.core.webui.keyword.WebUiBuiltInKeywords.click(WebUiBuiltInKeywords.groovy:616)&#xD;
	at com.kms.katalon.core.webui.keyword.WebUiBuiltInKeywords$click$1.call(Unknown Source)&#xD;
	at Script1564042938091.run(Script1564042938091.groovy:21)&#xD;
	... 13 more&#xD;
)&#xD;
[[ATTACHMENT|C:\\Users\\Antonio\\Katalon Studio\\TestingIBE\\Reports\\TestEveryIBE\\20200110_141904\\1578662529797.png]]</system-out>
            <system-err>2020-01-10 14:21:23 - [TEST_CASE][FAILED] - Test Cases/bearingpoing: Test Cases/bearingpoing FAILED.
Reason:
com.kms.katalon.core.exception.StepFailedException: Unable to click on object 'Object Repository/katalonIBE/Page_Home  Audi Long Stay/button_Log in'&#xD;
	at com.kms.katalon.core.webui.keyword.internal.WebUIKeywordMain.stepFailed(WebUIKeywordMain.groovy:64)&#xD;
	at com.kms.katalon.core.webui.keyword.internal.WebUIKeywordMain.runKeyword(WebUIKeywordMain.groovy:26)&#xD;
	at com.kms.katalon.core.webui.keyword.builtin.ClickKeyword.click(ClickKeyword.groovy:86)&#xD;
	at com.kms.katalon.core.webui.keyword.builtin.ClickKeyword.execute(ClickKeyword.groovy:67)&#xD;
	at com.kms.katalon.core.keyword.internal.KeywordExecutor.executeKeywordForPlatform(KeywordExecutor.groovy:56)&#xD;
	at com.kms.katalon.core.webui.keyword.WebUiBuiltInKeywords.click(WebUiBuiltInKeywords.groovy:616)&#xD;
	at com.kms.katalon.core.webui.keyword.WebUiBuiltInKeywords$click$1.call(Unknown Source)&#xD;
	at bearingpoing.run(bearingpoing:21)&#xD;
	at com.kms.katalon.core.main.ScriptEngine.run(ScriptEngine.java:194)&#xD;
	at com.kms.katalon.core.main.ScriptEngine.runScriptAsRawText(ScriptEngine.java:119)&#xD;
	at com.kms.katalon.core.main.TestCaseExecutor.runScript(TestCaseExecutor.java:337)&#xD;
	at com.kms.katalon.core.main.TestCaseExecutor.doExecute(TestCaseExecutor.java:328)&#xD;
	at com.kms.katalon.core.main.TestCaseExecutor.processExecutionPhase(TestCaseExecutor.java:307)&#xD;
	at com.kms.katalon.core.main.TestCaseExecutor.accessMainPhase(TestCaseExecutor.java:299)&#xD;
	at com.kms.katalon.core.main.TestCaseExecutor.execute(TestCaseExecutor.java:233)&#xD;
	at com.kms.katalon.core.main.TestSuiteExecutor.accessTestCaseMainPhase(TestSuiteExecutor.java:133)&#xD;
	at com.kms.katalon.core.main.TestSuiteExecutor.accessTestSuiteMainPhase(TestSuiteExecutor.java:116)&#xD;
	at com.kms.katalon.core.main.TestSuiteExecutor.execute(TestSuiteExecutor.java:83)&#xD;
	at com.kms.katalon.core.main.TestCaseMain.startTestSuite(TestCaseMain.java:157)&#xD;
	at com.kms.katalon.core.main.TestCaseMain$startTestSuite$0.call(Unknown Source)&#xD;
	at TempTestSuite1578662348649.run(TempTestSuite1578662348649.groovy:35)&#xD;
Caused by: com.kms.katalon.core.webui.exception.WebElementNotFoundException: Web element with id: 'Object Repository/katalonIBE/Page_Home  Audi Long Stay/button_Log in' located by 'By.xpath: (.//*[normalize-space(text()) and normalize-space(.)='€'])[1]/following::button[1]' not found&#xD;
	at com.kms.katalon.core.webui.common.WebUiCommonHelper.findWebElement(WebUiCommonHelper.java:1097)&#xD;
	at com.kms.katalon.core.webui.keyword.internal.WebUIAbstractKeyword.findWebElement(WebUIAbstractKeyword.groovy:27)&#xD;
	at com.kms.katalon.core.webui.keyword.internal.WebUIAbstractKeyword.findWebElement(WebUIAbstractKeyword.groovy:26)&#xD;
	at com.kms.katalon.core.webui.keyword.builtin.ClickKeyword$_click_closure1.doCall(ClickKeyword.groovy:77)&#xD;
	at com.kms.katalon.core.webui.keyword.builtin.ClickKeyword$_click_closure1.call(ClickKeyword.groovy)&#xD;
	at com.kms.katalon.core.webui.keyword.internal.WebUIKeywordMain.runKeyword(WebUIKeywordMain.groovy:20)&#xD;
	... 19 more</system-err>
        </testcase>
        <testcase name="Test Cases/commerbank" classname="Test Cases/commerbank" status="FAILED">
            <failure type="FAILED" message="Test Cases/commerbank FAILED.&#xA;Reason:&#xA;com.kms.katalon.core.exception.StepFailedException: Unable to click on object 'Object Repository/katalonIBE/Page_Home  Audi Long Stay/button_Log in'&#xD;&#xA;&#x9;at com.kms.katalon.core.webui.keyword.internal.WebUIKeywordMain.stepFailed(WebUIKeywordMain.groovy:64)&#xD;&#xA;&#x9;at com.kms.katalon.core.webui.keyword.internal.WebUIKeywordMain.runKeyword(WebUIKeywordMain.groovy:26)&#xD;&#xA;&#x9;at com.kms.katalon.core.webui.keyword.builtin.ClickKeyword.click(ClickKeyword.groovy:86)&#xD;&#xA;&#x9;at com.kms.katalon.core.webui.keyword.builtin.ClickKeyword.execute(ClickKeyword.groovy:67)&#xD;&#xA;&#x9;at com.kms.katalon.core.keyword.internal.KeywordExecutor.executeKeywordForPlatform(KeywordExecutor.groovy:56)&#xD;&#xA;&#x9;at com.kms.katalon.core.webui.keyword.WebUiBuiltInKeywords.click(WebUiBuiltInKeywords.groovy:616)&#xD;&#xA;&#x9;at com.kms.katalon.core.webui.keyword.WebUiBuiltInKeywords$click$1.call(Unknown Source)&#xD;&#xA;&#x9;at commerbank.run(commerbank:21)&#xD;&#xA;&#x9;at com.kms.katalon.core.main.ScriptEngine.run(ScriptEngine.java:194)&#xD;&#xA;&#x9;at com.kms.katalon.core.main.ScriptEngine.runScriptAsRawText(ScriptEngine.java:119)&#xD;&#xA;&#x9;at com.kms.katalon.core.main.TestCaseExecutor.runScript(TestCaseExecutor.java:337)&#xD;&#xA;&#x9;at com.kms.katalon.core.main.TestCaseExecutor.doExecute(TestCaseExecutor.java:328)&#xD;&#xA;&#x9;at com.kms.katalon.core.main.TestCaseExecutor.processExecutionPhase(TestCaseExecutor.java:307)&#xD;&#xA;&#x9;at com.kms.katalon.core.main.TestCaseExecutor.accessMainPhase(TestCaseExecutor.java:299)&#xD;&#xA;&#x9;at com.kms.katalon.core.main.TestCaseExecutor.execute(TestCaseExecutor.java:233)&#xD;&#xA;&#x9;at com.kms.katalon.core.main.TestSuiteExecutor.accessTestCaseMainPhase(TestSuiteExecutor.java:133)&#xD;&#xA;&#x9;at com.kms.katalon.core.main.TestSuiteExecutor.accessTestSuiteMainPhase(TestSuiteExecutor.java:116)&#xD;&#xA;&#x9;at com.kms.katalon.core.main.TestSuiteExecutor.execute(TestSuiteExecutor.java:83)&#xD;&#xA;&#x9;at com.kms.katalon.core.main.TestCaseMain.startTestSuite(TestCaseMain.java:157)&#xD;&#xA;&#x9;at com.kms.katalon.core.main.TestCaseMain$startTestSuite$0.call(Unknown Source)&#xD;&#xA;&#x9;at TempTestSuite1578662348649.run(TempTestSuite1578662348649.groovy:35)&#xD;&#xA;Caused by: com.kms.katalon.core.webui.exception.WebElementNotFoundException: Web element with id: 'Object Repository/katalonIBE/Page_Home  Audi Long Stay/button_Log in' located by 'By.xpath: (.//*[normalize-space(text()) and normalize-space(.)='€'])[1]/following::button[1]' not found&#xD;&#xA;&#x9;at com.kms.katalon.core.webui.common.WebUiCommonHelper.findWebElement(WebUiCommonHelper.java:1097)&#xD;&#xA;&#x9;at com.kms.katalon.core.webui.keyword.internal.WebUIAbstractKeyword.findWebElement(WebUIAbstractKeyword.groovy:27)&#xD;&#xA;&#x9;at com.kms.katalon.core.webui.keyword.internal.WebUIAbstractKeyword.findWebElement(WebUIAbstractKeyword.groovy:26)&#xD;&#xA;&#x9;at com.kms.katalon.core.webui.keyword.builtin.ClickKeyword$_click_closure1.doCall(ClickKeyword.groovy:77)&#xD;&#xA;&#x9;at com.kms.katalon.core.webui.keyword.builtin.ClickKeyword$_click_closure1.call(ClickKeyword.groovy)&#xD;&#xA;&#x9;at com.kms.katalon.core.webui.keyword.internal.WebUIKeywordMain.runKeyword(WebUIKeywordMain.groovy:20)&#xD;&#xA;&#x9;... 19 more&#xD;&#xA;"/>
            <system-out>2020-01-10 14:22:09 - [TEST_CASE][FAILED] - Test Cases/commerbank: Test Cases/commerbank FAILED.
Reason:
com.kms.katalon.core.exception.StepFailedException: Unable to click on object 'Object Repository/katalonIBE/Page_Home  Audi Long Stay/button_Log in'&#xD;
	at com.kms.katalon.core.webui.keyword.internal.WebUIKeywordMain.stepFailed(WebUIKeywordMain.groovy:64)&#xD;
	at com.kms.katalon.core.webui.keyword.internal.WebUIKeywordMain.runKeyword(WebUIKeywordMain.groovy:26)&#xD;
	at com.kms.katalon.core.webui.keyword.builtin.ClickKeyword.click(ClickKeyword.groovy:86)&#xD;
	at com.kms.katalon.core.webui.keyword.builtin.ClickKeyword.execute(ClickKeyword.groovy:67)&#xD;
	at com.kms.katalon.core.keyword.internal.KeywordExecutor.executeKeywordForPlatform(KeywordExecutor.groovy:56)&#xD;
	at com.kms.katalon.core.webui.keyword.WebUiBuiltInKeywords.click(WebUiBuiltInKeywords.groovy:616)&#xD;
	at com.kms.katalon.core.webui.keyword.WebUiBuiltInKeywords$click$1.call(Unknown Source)&#xD;
	at commerbank.run(commerbank:21)&#xD;
	at com.kms.katalon.core.main.ScriptEngine.run(ScriptEngine.java:194)&#xD;
	at com.kms.katalon.core.main.ScriptEngine.runScriptAsRawText(ScriptEngine.java:119)&#xD;
	at com.kms.katalon.core.main.TestCaseExecutor.runScript(TestCaseExecutor.java:337)&#xD;
	at com.kms.katalon.core.main.TestCaseExecutor.doExecute(TestCaseExecutor.java:328)&#xD;
	at com.kms.katalon.core.main.TestCaseExecutor.processExecutionPhase(TestCaseExecutor.java:307)&#xD;
	at com.kms.katalon.core.main.TestCaseExecutor.accessMainPhase(TestCaseExecutor.java:299)&#xD;
	at com.kms.katalon.core.main.TestCaseExecutor.execute(TestCaseExecutor.java:233)&#xD;
	at com.kms.katalon.core.main.TestSuiteExecutor.accessTestCaseMainPhase(TestSuiteExecutor.java:133)&#xD;
	at com.kms.katalon.core.main.TestSuiteExecutor.accessTestSuiteMainPhase(TestSuiteExecutor.java:116)&#xD;
	at com.kms.katalon.core.main.TestSuiteExecutor.execute(TestSuiteExecutor.java:83)&#xD;
	at com.kms.katalon.core.main.TestCaseMain.startTestSuite(TestCaseMain.java:157)&#xD;
	at com.kms.katalon.core.main.TestCaseMain$startTestSuite$0.call(Unknown Source)&#xD;
	at TempTestSuite1578662348649.run(TempTestSuite1578662348649.groovy:35)&#xD;
Caused by: com.kms.katalon.core.webui.exception.WebElementNotFoundException: Web element with id: 'Object Repository/katalonIBE/Page_Home  Audi Long Stay/button_Log in' located by 'By.xpath: (.//*[normalize-space(text()) and normalize-space(.)='€'])[1]/following::button[1]' not found&#xD;
	at com.kms.katalon.core.webui.common.WebUiCommonHelper.findWebElement(WebUiCommonHelper.java:1097)&#xD;
	at com.kms.katalon.core.webui.keyword.internal.WebUIAbstractKeyword.findWebElement(WebUIAbstractKeyword.groovy:27)&#xD;
	at com.kms.katalon.core.webui.keyword.internal.WebUIAbstractKeyword.findWebElement(WebUIAbstractKeyword.groovy:26)&#xD;
	at com.kms.katalon.core.webui.keyword.builtin.ClickKeyword$_click_closure1.doCall(ClickKeyword.groovy:77)&#xD;
	at com.kms.katalon.core.webui.keyword.builtin.ClickKeyword$_click_closure1.call(ClickKeyword.groovy)&#xD;
	at com.kms.katalon.core.webui.keyword.internal.WebUIKeywordMain.runKeyword(WebUIKeywordMain.groovy:20)&#xD;
	... 19 more&#xD;
&#xD;
&#xD;
2020-01-10 14:22:10 - [TEST_STEP][PASSED] - openBrowser(""): Browser is opened with url: ''&#xD;
&#xD;
2020-01-10 14:22:10 - [MESSAGE][WARNING] - A browser is already opened. Closing browser and opening a new one&#xD;
&#xD;
2020-01-10 14:22:12 - [MESSAGE][INFO] - Starting 'Firefox' driver&#xD;
&#xD;
2020-01-10 14:22:16 - [MESSAGE][PASSED] - Browser is opened with url: ''&#xD;
&#xD;
2020-01-10 14:22:16 - [TEST_STEP][PASSED] - navigateToUrl("https://commerbank.acomodeo.com/en/"): Navigate to 'https://commerbank.acomodeo.com/en/' successfully&#xD;
&#xD;
2020-01-10 14:22:17 - [MESSAGE][PASSED] - Navigate to 'https://commerbank.acomodeo.com/en/' successfully&#xD;
&#xD;
2020-01-10 14:22:17 - [TEST_STEP][PASSED] - delay(10): Delayed 10 second(s)&#xD;
&#xD;
2020-01-10 14:22:27 - [MESSAGE][PASSED] - Delayed 10 second(s)&#xD;
&#xD;
2020-01-10 14:22:27 - [TEST_STEP][FAILED] - click(findTestObject("Object Repository/katalonIBE/Page_Home  Audi Long Stay/button_Log in")): Unable to click on object 'Object Repository/katalonIBE/Page_Home  Audi Long Stay/button_Log in' (Root cause: com.kms.katalon.core.exception.StepFailedException: Unable to click on object 'Object Repository/katalonIBE/Page_Home  Audi Long Stay/button_Log in'&#xD;
	at com.kms.katalon.core.webui.keyword.internal.WebUIKeywordMain.stepFailed(WebUIKeywordMain.groovy:64)&#xD;
	at com.kms.katalon.core.webui.keyword.internal.WebUIKeywordMain.runKeyword(WebUIKeywordMain.groovy:26)&#xD;
	at com.kms.katalon.core.webui.keyword.builtin.ClickKeyword.click(ClickKeyword.groovy:86)&#xD;
	at com.kms.katalon.core.webui.keyword.builtin.ClickKeyword.execute(ClickKeyword.groovy:67)&#xD;
	at com.kms.katalon.core.keyword.internal.KeywordExecutor.executeKeywordForPlatform(KeywordExecutor.groovy:56)&#xD;
	at com.kms.katalon.core.webui.keyword.WebUiBuiltInKeywords.click(WebUiBuiltInKeywords.groovy:616)&#xD;
	at com.kms.katalon.core.webui.keyword.WebUiBuiltInKeywords$click$1.call(Unknown Source)&#xD;
	at commerbank.run(commerbank:21)&#xD;
	at com.kms.katalon.core.main.ScriptEngine.run(ScriptEngine.java:194)&#xD;
	at com.kms.katalon.core.main.ScriptEngine.runScriptAsRawText(ScriptEngine.java:119)&#xD;
	at com.kms.katalon.core.main.TestCaseExecutor.runScript(TestCaseExecutor.java:337)&#xD;
	at com.kms.katalon.core.main.TestCaseExecutor.doExecute(TestCaseExecutor.java:328)&#xD;
	at com.kms.katalon.core.main.TestCaseExecutor.processExecutionPhase(TestCaseExecutor.java:307)&#xD;
	at com.kms.katalon.core.main.TestCaseExecutor.accessMainPhase(TestCaseExecutor.java:299)&#xD;
	at com.kms.katalon.core.main.TestCaseExecutor.execute(TestCaseExecutor.java:233)&#xD;
	at com.kms.katalon.core.main.TestSuiteExecutor.accessTestCaseMainPhase(TestSuiteExecutor.java:133)&#xD;
	at com.kms.katalon.core.main.TestSuiteExecutor.accessTestSuiteMainPhase(TestSuiteExecutor.java:116)&#xD;
	at com.kms.katalon.core.main.TestSuiteExecutor.execute(TestSuiteExecutor.java:83)&#xD;
	at com.kms.katalon.core.main.TestCaseMain.startTestSuite(TestCaseMain.java:157)&#xD;
	at com.kms.katalon.core.main.TestCaseMain$startTestSuite$0.call(Unknown Source)&#xD;
	at TempTestSuite1578662348649.run(TempTestSuite1578662348649.groovy:35)&#xD;
Caused by: com.kms.katalon.core.webui.exception.WebElementNotFoundException: Web element with id: 'Object Repository/katalonIBE/Page_Home  Audi Long Stay/button_Log in' located by 'By.xpath: (.//*[normalize-space(text()) and normalize-space(.)='€'])[1]/following::button[1]' not found&#xD;
	at com.kms.katalon.core.webui.common.WebUiCommonHelper.findWebElement(WebUiCommonHelper.java:1097)&#xD;
	at com.kms.katalon.core.webui.keyword.internal.WebUIAbstractKeyword.findWebElement(WebUIAbstractKeyword.groovy:27)&#xD;
	at com.kms.katalon.core.webui.keyword.internal.WebUIAbstractKeyword.findWebElement(WebUIAbstractKeyword.groovy:26)&#xD;
	at com.kms.katalon.core.webui.keyword.builtin.ClickKeyword$_click_closure1.doCall(ClickKeyword.groovy:77)&#xD;
	at com.kms.katalon.core.webui.keyword.builtin.ClickKeyword$_click_closure1.call(ClickKeyword.groovy)&#xD;
	at com.kms.katalon.core.webui.keyword.internal.WebUIKeywordMain.runKeyword(WebUIKeywordMain.groovy:20)&#xD;
	at com.kms.katalon.core.webui.keyword.builtin.ClickKeyword.click(ClickKeyword.groovy:86)&#xD;
	at com.kms.katalon.core.webui.keyword.builtin.ClickKeyword.execute(ClickKeyword.groovy:67)&#xD;
	at com.kms.katalon.core.keyword.internal.KeywordExecutor.executeKeywordForPlatform(KeywordExecutor.groovy:56)&#xD;
	at com.kms.katalon.core.webui.keyword.WebUiBuiltInKeywords.click(WebUiBuiltInKeywords.groovy:616)&#xD;
	at com.kms.katalon.core.webui.keyword.WebUiBuiltInKeywords$click$1.call(Unknown Source)&#xD;
	at Script1564042960878.run(Script1564042960878.groovy:21)&#xD;
	... 13 more&#xD;
)&#xD;
&#xD;
2020-01-10 14:22:58 - [MESSAGE][INFO] - Unable to find the element located by 'By.xpath: (.//*[normalize-space(text()) and normalize-space(.)='€'])[1]/following::button[1]'. Please recheck the objects properties to make sure the desired element is located. &#xD;
&#xD;
2020-01-10 14:22:58 - [MESSAGE][FAILED] - Unable to click on object 'Object Repository/katalonIBE/Page_Home  Audi Long Stay/button_Log in' (Root cause: com.kms.katalon.core.exception.StepFailedException: Unable to click on object 'Object Repository/katalonIBE/Page_Home  Audi Long Stay/button_Log in'&#xD;
	at com.kms.katalon.core.webui.keyword.internal.WebUIKeywordMain.stepFailed(WebUIKeywordMain.groovy:64)&#xD;
	at com.kms.katalon.core.webui.keyword.internal.WebUIKeywordMain.runKeyword(WebUIKeywordMain.groovy:26)&#xD;
	at com.kms.katalon.core.webui.keyword.builtin.ClickKeyword.click(ClickKeyword.groovy:86)&#xD;
	at com.kms.katalon.core.webui.keyword.builtin.ClickKeyword.execute(ClickKeyword.groovy:67)&#xD;
	at com.kms.katalon.core.keyword.internal.KeywordExecutor.executeKeywordForPlatform(KeywordExecutor.groovy:56)&#xD;
	at com.kms.katalon.core.webui.keyword.WebUiBuiltInKeywords.click(WebUiBuiltInKeywords.groovy:616)&#xD;
	at com.kms.katalon.core.webui.keyword.WebUiBuiltInKeywords$click$1.call(Unknown Source)&#xD;
	at commerbank.run(commerbank:21)&#xD;
	at com.kms.katalon.core.main.ScriptEngine.run(ScriptEngine.java:194)&#xD;
	at com.kms.katalon.core.main.ScriptEngine.runScriptAsRawText(ScriptEngine.java:119)&#xD;
	at com.kms.katalon.core.main.TestCaseExecutor.runScript(TestCaseExecutor.java:337)&#xD;
	at com.kms.katalon.core.main.TestCaseExecutor.doExecute(TestCaseExecutor.java:328)&#xD;
	at com.kms.katalon.core.main.TestCaseExecutor.processExecutionPhase(TestCaseExecutor.java:307)&#xD;
	at com.kms.katalon.core.main.TestCaseExecutor.accessMainPhase(TestCaseExecutor.java:299)&#xD;
	at com.kms.katalon.core.main.TestCaseExecutor.execute(TestCaseExecutor.java:233)&#xD;
	at com.kms.katalon.core.main.TestSuiteExecutor.accessTestCaseMainPhase(TestSuiteExecutor.java:133)&#xD;
	at com.kms.katalon.core.main.TestSuiteExecutor.accessTestSuiteMainPhase(TestSuiteExecutor.java:116)&#xD;
	at com.kms.katalon.core.main.TestSuiteExecutor.execute(TestSuiteExecutor.java:83)&#xD;
	at com.kms.katalon.core.main.TestCaseMain.startTestSuite(TestCaseMain.java:157)&#xD;
	at com.kms.katalon.core.main.TestCaseMain$startTestSuite$0.call(Unknown Source)&#xD;
	at TempTestSuite1578662348649.run(TempTestSuite1578662348649.groovy:35)&#xD;
Caused by: com.kms.katalon.core.webui.exception.WebElementNotFoundException: Web element with id: 'Object Repository/katalonIBE/Page_Home  Audi Long Stay/button_Log in' located by 'By.xpath: (.//*[normalize-space(text()) and normalize-space(.)='€'])[1]/following::button[1]' not found&#xD;
	at com.kms.katalon.core.webui.common.WebUiCommonHelper.findWebElement(WebUiCommonHelper.java:1097)&#xD;
	at com.kms.katalon.core.webui.keyword.internal.WebUIAbstractKeyword.findWebElement(WebUIAbstractKeyword.groovy:27)&#xD;
	at com.kms.katalon.core.webui.keyword.internal.WebUIAbstractKeyword.findWebElement(WebUIAbstractKeyword.groovy:26)&#xD;
	at com.kms.katalon.core.webui.keyword.builtin.ClickKeyword$_click_closure1.doCall(ClickKeyword.groovy:77)&#xD;
	at com.kms.katalon.core.webui.keyword.builtin.ClickKeyword$_click_closure1.call(ClickKeyword.groovy)&#xD;
	at com.kms.katalon.core.webui.keyword.internal.WebUIKeywordMain.runKeyword(WebUIKeywordMain.groovy:20)&#xD;
	at com.kms.katalon.core.webui.keyword.builtin.ClickKeyword.click(ClickKeyword.groovy:86)&#xD;
	at com.kms.katalon.core.webui.keyword.builtin.ClickKeyword.execute(ClickKeyword.groovy:67)&#xD;
	at com.kms.katalon.core.keyword.internal.KeywordExecutor.executeKeywordForPlatform(KeywordExecutor.groovy:56)&#xD;
	at com.kms.katalon.core.webui.keyword.WebUiBuiltInKeywords.click(WebUiBuiltInKeywords.groovy:616)&#xD;
	at com.kms.katalon.core.webui.keyword.WebUiBuiltInKeywords$click$1.call(Unknown Source)&#xD;
	at Script1564042960878.run(Script1564042960878.groovy:21)&#xD;
	... 13 more&#xD;
)&#xD;
[[ATTACHMENT|C:\\Users\\Antonio\\Katalon Studio\\TestingIBE\\Reports\\TestEveryIBE\\20200110_141904\\1578662578017.png]]</system-out>
            <system-err>2020-01-10 14:22:09 - [TEST_CASE][FAILED] - Test Cases/commerbank: Test Cases/commerbank FAILED.
Reason:
com.kms.katalon.core.exception.StepFailedException: Unable to click on object 'Object Repository/katalonIBE/Page_Home  Audi Long Stay/button_Log in'&#xD;
	at com.kms.katalon.core.webui.keyword.internal.WebUIKeywordMain.stepFailed(WebUIKeywordMain.groovy:64)&#xD;
	at com.kms.katalon.core.webui.keyword.internal.WebUIKeywordMain.runKeyword(WebUIKeywordMain.groovy:26)&#xD;
	at com.kms.katalon.core.webui.keyword.builtin.ClickKeyword.click(ClickKeyword.groovy:86)&#xD;
	at com.kms.katalon.core.webui.keyword.builtin.ClickKeyword.execute(ClickKeyword.groovy:67)&#xD;
	at com.kms.katalon.core.keyword.internal.KeywordExecutor.executeKeywordForPlatform(KeywordExecutor.groovy:56)&#xD;
	at com.kms.katalon.core.webui.keyword.WebUiBuiltInKeywords.click(WebUiBuiltInKeywords.groovy:616)&#xD;
	at com.kms.katalon.core.webui.keyword.WebUiBuiltInKeywords$click$1.call(Unknown Source)&#xD;
	at commerbank.run(commerbank:21)&#xD;
	at com.kms.katalon.core.main.ScriptEngine.run(ScriptEngine.java:194)&#xD;
	at com.kms.katalon.core.main.ScriptEngine.runScriptAsRawText(ScriptEngine.java:119)&#xD;
	at com.kms.katalon.core.main.TestCaseExecutor.runScript(TestCaseExecutor.java:337)&#xD;
	at com.kms.katalon.core.main.TestCaseExecutor.doExecute(TestCaseExecutor.java:328)&#xD;
	at com.kms.katalon.core.main.TestCaseExecutor.processExecutionPhase(TestCaseExecutor.java:307)&#xD;
	at com.kms.katalon.core.main.TestCaseExecutor.accessMainPhase(TestCaseExecutor.java:299)&#xD;
	at com.kms.katalon.core.main.TestCaseExecutor.execute(TestCaseExecutor.java:233)&#xD;
	at com.kms.katalon.core.main.TestSuiteExecutor.accessTestCaseMainPhase(TestSuiteExecutor.java:133)&#xD;
	at com.kms.katalon.core.main.TestSuiteExecutor.accessTestSuiteMainPhase(TestSuiteExecutor.java:116)&#xD;
	at com.kms.katalon.core.main.TestSuiteExecutor.execute(TestSuiteExecutor.java:83)&#xD;
	at com.kms.katalon.core.main.TestCaseMain.startTestSuite(TestCaseMain.java:157)&#xD;
	at com.kms.katalon.core.main.TestCaseMain$startTestSuite$0.call(Unknown Source)&#xD;
	at TempTestSuite1578662348649.run(TempTestSuite1578662348649.groovy:35)&#xD;
Caused by: com.kms.katalon.core.webui.exception.WebElementNotFoundException: Web element with id: 'Object Repository/katalonIBE/Page_Home  Audi Long Stay/button_Log in' located by 'By.xpath: (.//*[normalize-space(text()) and normalize-space(.)='€'])[1]/following::button[1]' not found&#xD;
	at com.kms.katalon.core.webui.common.WebUiCommonHelper.findWebElement(WebUiCommonHelper.java:1097)&#xD;
	at com.kms.katalon.core.webui.keyword.internal.WebUIAbstractKeyword.findWebElement(WebUIAbstractKeyword.groovy:27)&#xD;
	at com.kms.katalon.core.webui.keyword.internal.WebUIAbstractKeyword.findWebElement(WebUIAbstractKeyword.groovy:26)&#xD;
	at com.kms.katalon.core.webui.keyword.builtin.ClickKeyword$_click_closure1.doCall(ClickKeyword.groovy:77)&#xD;
	at com.kms.katalon.core.webui.keyword.builtin.ClickKeyword$_click_closure1.call(ClickKeyword.groovy)&#xD;
	at com.kms.katalon.core.webui.keyword.internal.WebUIKeywordMain.runKeyword(WebUIKeywordMain.groovy:20)&#xD;
	... 19 more</system-err>
        </testcase>
        <testcase name="Test Cases/covestro" classname="Test Cases/covestro" status="FAILED">
            <failure type="FAILED" message="Test Cases/covestro FAILED.&#xA;Reason:&#xA;com.kms.katalon.core.exception.StepFailedException: Unable to click on object 'Object Repository/katalonIBE/Page_Home  Audi Long Stay/button_Profile'&#xD;&#xA;&#x9;at com.kms.katalon.core.webui.keyword.internal.WebUIKeywordMain.stepFailed(WebUIKeywordMain.groovy:64)&#xD;&#xA;&#x9;at com.kms.katalon.core.webui.keyword.internal.WebUIKeywordMain.runKeyword(WebUIKeywordMain.groovy:26)&#xD;&#xA;&#x9;at com.kms.katalon.core.webui.keyword.builtin.ClickKeyword.click(ClickKeyword.groovy:86)&#xD;&#xA;&#x9;at com.kms.katalon.core.webui.keyword.builtin.ClickKeyword.execute(ClickKeyword.groovy:67)&#xD;&#xA;&#x9;at com.kms.katalon.core.keyword.internal.KeywordExecutor.executeKeywordForPlatform(KeywordExecutor.groovy:56)&#xD;&#xA;&#x9;at com.kms.katalon.core.webui.keyword.WebUiBuiltInKeywords.click(WebUiBuiltInKeywords.groovy:616)&#xD;&#xA;&#x9;at com.kms.katalon.core.webui.keyword.WebUiBuiltInKeywords$click$1.call(Unknown Source)&#xD;&#xA;&#x9;at covestro.run(covestro:30)&#xD;&#xA;&#x9;at com.kms.katalon.core.main.ScriptEngine.run(ScriptEngine.java:194)&#xD;&#xA;&#x9;at com.kms.katalon.core.main.ScriptEngine.runScriptAsRawText(ScriptEngine.java:119)&#xD;&#xA;&#x9;at com.kms.katalon.core.main.TestCaseExecutor.runScript(TestCaseExecutor.java:337)&#xD;&#xA;&#x9;at com.kms.katalon.core.main.TestCaseExecutor.doExecute(TestCaseExecutor.java:328)&#xD;&#xA;&#x9;at com.kms.katalon.core.main.TestCaseExecutor.processExecutionPhase(TestCaseExecutor.java:307)&#xD;&#xA;&#x9;at com.kms.katalon.core.main.TestCaseExecutor.accessMainPhase(TestCaseExecutor.java:299)&#xD;&#xA;&#x9;at com.kms.katalon.core.main.TestCaseExecutor.execute(TestCaseExecutor.java:233)&#xD;&#xA;&#x9;at com.kms.katalon.core.main.TestSuiteExecutor.accessTestCaseMainPhase(TestSuiteExecutor.java:133)&#xD;&#xA;&#x9;at com.kms.katalon.core.main.TestSuiteExecutor.accessTestSuiteMainPhase(TestSuiteExecutor.java:116)&#xD;&#xA;&#x9;at com.kms.katalon.core.main.TestSuiteExecutor.execute(TestSuiteExecutor.java:83)&#xD;&#xA;&#x9;at com.kms.katalon.core.main.TestCaseMain.startTestSuite(TestCaseMain.java:157)&#xD;&#xA;&#x9;at com.kms.katalon.core.main.TestCaseMain$startTestSuite$0.call(Unknown Source)&#xD;&#xA;&#x9;at TempTestSuite1578662348649.run(TempTestSuite1578662348649.groovy:35)&#xD;&#xA;Caused by: com.kms.katalon.core.webui.exception.WebElementNotFoundException: Web element with id: 'Object Repository/katalonIBE/Page_Home  Audi Long Stay/button_Profile' located by 'By.xpath: (.//*[normalize-space(text()) and normalize-space(.)='Individual enquiry'])[1]/following::button[1]' not found&#xD;&#xA;&#x9;at com.kms.katalon.core.webui.common.WebUiCommonHelper.findWebElement(WebUiCommonHelper.java:1097)&#xD;&#xA;&#x9;at com.kms.katalon.core.webui.keyword.internal.WebUIAbstractKeyword.findWebElement(WebUIAbstractKeyword.groovy:27)&#xD;&#xA;&#x9;at com.kms.katalon.core.webui.keyword.internal.WebUIAbstractKeyword.findWebElement(WebUIAbstractKeyword.groovy:26)&#xD;&#xA;&#x9;at com.kms.katalon.core.webui.keyword.builtin.ClickKeyword$_click_closure1.doCall(ClickKeyword.groovy:77)&#xD;&#xA;&#x9;at com.kms.katalon.core.webui.keyword.builtin.ClickKeyword$_click_closure1.call(ClickKeyword.groovy)&#xD;&#xA;&#x9;at com.kms.katalon.core.webui.keyword.internal.WebUIKeywordMain.runKeyword(WebUIKeywordMain.groovy:20)&#xD;&#xA;&#x9;... 19 more&#xD;&#xA;"/>
            <system-out>2020-01-10 14:22:58 - [TEST_CASE][FAILED] - Test Cases/covestro: Test Cases/covestro FAILED.
Reason:
com.kms.katalon.core.exception.StepFailedException: Unable to click on object 'Object Repository/katalonIBE/Page_Home  Audi Long Stay/button_Profile'&#xD;
	at com.kms.katalon.core.webui.keyword.internal.WebUIKeywordMain.stepFailed(WebUIKeywordMain.groovy:64)&#xD;
	at com.kms.katalon.core.webui.keyword.internal.WebUIKeywordMain.runKeyword(WebUIKeywordMain.groovy:26)&#xD;
	at com.kms.katalon.core.webui.keyword.builtin.ClickKeyword.click(ClickKeyword.groovy:86)&#xD;
	at com.kms.katalon.core.webui.keyword.builtin.ClickKeyword.execute(ClickKeyword.groovy:67)&#xD;
	at com.kms.katalon.core.keyword.internal.KeywordExecutor.executeKeywordForPlatform(KeywordExecutor.groovy:56)&#xD;
	at com.kms.katalon.core.webui.keyword.WebUiBuiltInKeywords.click(WebUiBuiltInKeywords.groovy:616)&#xD;
	at com.kms.katalon.core.webui.keyword.WebUiBuiltInKeywords$click$1.call(Unknown Source)&#xD;
	at covestro.run(covestro:30)&#xD;
	at com.kms.katalon.core.main.ScriptEngine.run(ScriptEngine.java:194)&#xD;
	at com.kms.katalon.core.main.ScriptEngine.runScriptAsRawText(ScriptEngine.java:119)&#xD;
	at com.kms.katalon.core.main.TestCaseExecutor.runScript(TestCaseExecutor.java:337)&#xD;
	at com.kms.katalon.core.main.TestCaseExecutor.doExecute(TestCaseExecutor.java:328)&#xD;
	at com.kms.katalon.core.main.TestCaseExecutor.processExecutionPhase(TestCaseExecutor.java:307)&#xD;
	at com.kms.katalon.core.main.TestCaseExecutor.accessMainPhase(TestCaseExecutor.java:299)&#xD;
	at com.kms.katalon.core.main.TestCaseExecutor.execute(TestCaseExecutor.java:233)&#xD;
	at com.kms.katalon.core.main.TestSuiteExecutor.accessTestCaseMainPhase(TestSuiteExecutor.java:133)&#xD;
	at com.kms.katalon.core.main.TestSuiteExecutor.accessTestSuiteMainPhase(TestSuiteExecutor.java:116)&#xD;
	at com.kms.katalon.core.main.TestSuiteExecutor.execute(TestSuiteExecutor.java:83)&#xD;
	at com.kms.katalon.core.main.TestCaseMain.startTestSuite(TestCaseMain.java:157)&#xD;
	at com.kms.katalon.core.main.TestCaseMain$startTestSuite$0.call(Unknown Source)&#xD;
	at TempTestSuite1578662348649.run(TempTestSuite1578662348649.groovy:35)&#xD;
Caused by: com.kms.katalon.core.webui.exception.WebElementNotFoundException: Web element with id: 'Object Repository/katalonIBE/Page_Home  Audi Long Stay/button_Profile' located by 'By.xpath: (.//*[normalize-space(text()) and normalize-space(.)='Individual enquiry'])[1]/following::button[1]' not found&#xD;
	at com.kms.katalon.core.webui.common.WebUiCommonHelper.findWebElement(WebUiCommonHelper.java:1097)&#xD;
	at com.kms.katalon.core.webui.keyword.internal.WebUIAbstractKeyword.findWebElement(WebUIAbstractKeyword.groovy:27)&#xD;
	at com.kms.katalon.core.webui.keyword.internal.WebUIAbstractKeyword.findWebElement(WebUIAbstractKeyword.groovy:26)&#xD;
	at com.kms.katalon.core.webui.keyword.builtin.ClickKeyword$_click_closure1.doCall(ClickKeyword.groovy:77)&#xD;
	at com.kms.katalon.core.webui.keyword.builtin.ClickKeyword$_click_closure1.call(ClickKeyword.groovy)&#xD;
	at com.kms.katalon.core.webui.keyword.internal.WebUIKeywordMain.runKeyword(WebUIKeywordMain.groovy:20)&#xD;
	... 19 more&#xD;
&#xD;
&#xD;
2020-01-10 14:22:58 - [TEST_STEP][PASSED] - openBrowser(""): Browser is opened with url: ''&#xD;
&#xD;
2020-01-10 14:22:58 - [MESSAGE][WARNING] - A browser is already opened. Closing browser and opening a new one&#xD;
&#xD;
2020-01-10 14:23:00 - [MESSAGE][INFO] - Starting 'Firefox' driver&#xD;
&#xD;
2020-01-10 14:23:05 - [MESSAGE][PASSED] - Browser is opened with url: ''&#xD;
&#xD;
2020-01-10 14:23:05 - [TEST_STEP][PASSED] - navigateToUrl("https://covestro.acomodeo.com/en/"): Navigate to 'https://covestro.acomodeo.com/en/' successfully&#xD;
&#xD;
2020-01-10 14:23:07 - [MESSAGE][PASSED] - Navigate to 'https://covestro.acomodeo.com/en/' successfully&#xD;
&#xD;
2020-01-10 14:23:07 - [TEST_STEP][PASSED] - delay(10): Delayed 10 second(s)&#xD;
&#xD;
2020-01-10 14:23:17 - [MESSAGE][PASSED] - Delayed 10 second(s)&#xD;
&#xD;
2020-01-10 14:23:17 - [TEST_STEP][PASSED] - click(findTestObject("Object Repository/katalonIBE/Page_Home  Audi Long Stay/button_Log in")): Object: 'Object Repository/katalonIBE/Page_Home  Audi Long Stay/button_Log in' is clicked on&#xD;
&#xD;
2020-01-10 14:23:18 - [MESSAGE][PASSED] - Object: 'Object Repository/katalonIBE/Page_Home  Audi Long Stay/button_Log in' is clicked on&#xD;
&#xD;
2020-01-10 14:23:18 - [TEST_STEP][PASSED] - delay(3): Delayed 3 second(s)&#xD;
&#xD;
2020-01-10 14:23:21 - [MESSAGE][PASSED] - Delayed 3 second(s)&#xD;
&#xD;
2020-01-10 14:23:21 - [TEST_STEP][PASSED] - setText(findTestObject("Object Repository/katalonIBE/Page_Home  Audi Long Stay/input_Register_email"), username): Text 'katalon@acomodeo.com' is set on object 'Object Repository/katalonIBE/Page_Home  Audi Long Stay/input_Register_email'&#xD;
&#xD;
2020-01-10 14:23:21 - [MESSAGE][PASSED] - Text 'katalon@acomodeo.com' is set on object 'Object Repository/katalonIBE/Page_Home  Audi Long Stay/input_Register_email'&#xD;
&#xD;
2020-01-10 14:23:21 - [TEST_STEP][PASSED] - setEncryptedText(findTestObject("Object Repository/katalonIBE/Page_Home  Audi Long Stay/input_Register_password"), password): Text ****** has been set on object 'Object Repository/katalonIBE/Page_Home  Audi Long Stay/input_Register_password'&#xD;
&#xD;
2020-01-10 14:23:22 - [MESSAGE][PASSED] - Text ****** has been set on object 'Object Repository/katalonIBE/Page_Home  Audi Long Stay/input_Register_password'&#xD;
&#xD;
2020-01-10 14:23:22 - [TEST_STEP][PASSED] - delay(3): Delayed 3 second(s)&#xD;
&#xD;
2020-01-10 14:23:25 - [MESSAGE][PASSED] - Delayed 3 second(s)&#xD;
&#xD;
2020-01-10 14:23:25 - [TEST_STEP][PASSED] - click(findTestObject("Object Repository/katalonIBE/Page_Home  Audi Long Stay/span_Log in")): Object: 'Object Repository/katalonIBE/Page_Home  Audi Long Stay/span_Log in' is clicked on&#xD;
&#xD;
2020-01-10 14:23:25 - [MESSAGE][PASSED] - Object: 'Object Repository/katalonIBE/Page_Home  Audi Long Stay/span_Log in' is clicked on&#xD;
&#xD;
2020-01-10 14:23:25 - [TEST_STEP][PASSED] - delay(8): Delayed 8 second(s)&#xD;
&#xD;
2020-01-10 14:23:33 - [MESSAGE][PASSED] - Delayed 8 second(s)&#xD;
&#xD;
2020-01-10 14:23:33 - [TEST_STEP][FAILED] - click(findTestObject("Object Repository/katalonIBE/Page_Home  Audi Long Stay/button_Profile")): Unable to click on object 'Object Repository/katalonIBE/Page_Home  Audi Long Stay/button_Profile' (Root cause: com.kms.katalon.core.exception.StepFailedException: Unable to click on object 'Object Repository/katalonIBE/Page_Home  Audi Long Stay/button_Profile'&#xD;
	at com.kms.katalon.core.webui.keyword.internal.WebUIKeywordMain.stepFailed(WebUIKeywordMain.groovy:64)&#xD;
	at com.kms.katalon.core.webui.keyword.internal.WebUIKeywordMain.runKeyword(WebUIKeywordMain.groovy:26)&#xD;
	at com.kms.katalon.core.webui.keyword.builtin.ClickKeyword.click(ClickKeyword.groovy:86)&#xD;
	at com.kms.katalon.core.webui.keyword.builtin.ClickKeyword.execute(ClickKeyword.groovy:67)&#xD;
	at com.kms.katalon.core.keyword.internal.KeywordExecutor.executeKeywordForPlatform(KeywordExecutor.groovy:56)&#xD;
	at com.kms.katalon.core.webui.keyword.WebUiBuiltInKeywords.click(WebUiBuiltInKeywords.groovy:616)&#xD;
	at com.kms.katalon.core.webui.keyword.WebUiBuiltInKeywords$click$1.call(Unknown Source)&#xD;
	at covestro.run(covestro:30)&#xD;
	at com.kms.katalon.core.main.ScriptEngine.run(ScriptEngine.java:194)&#xD;
	at com.kms.katalon.core.main.ScriptEngine.runScriptAsRawText(ScriptEngine.java:119)&#xD;
	at com.kms.katalon.core.main.TestCaseExecutor.runScript(TestCaseExecutor.java:337)&#xD;
	at com.kms.katalon.core.main.TestCaseExecutor.doExecute(TestCaseExecutor.java:328)&#xD;
	at com.kms.katalon.core.main.TestCaseExecutor.processExecutionPhase(TestCaseExecutor.java:307)&#xD;
	at com.kms.katalon.core.main.TestCaseExecutor.accessMainPhase(TestCaseExecutor.java:299)&#xD;
	at com.kms.katalon.core.main.TestCaseExecutor.execute(TestCaseExecutor.java:233)&#xD;
	at com.kms.katalon.core.main.TestSuiteExecutor.accessTestCaseMainPhase(TestSuiteExecutor.java:133)&#xD;
	at com.kms.katalon.core.main.TestSuiteExecutor.accessTestSuiteMainPhase(TestSuiteExecutor.java:116)&#xD;
	at com.kms.katalon.core.main.TestSuiteExecutor.execute(TestSuiteExecutor.java:83)&#xD;
	at com.kms.katalon.core.main.TestCaseMain.startTestSuite(TestCaseMain.java:157)&#xD;
	at com.kms.katalon.core.main.TestCaseMain$startTestSuite$0.call(Unknown Source)&#xD;
	at TempTestSuite1578662348649.run(TempTestSuite1578662348649.groovy:35)&#xD;
Caused by: com.kms.katalon.core.webui.exception.WebElementNotFoundException: Web element with id: 'Object Repository/katalonIBE/Page_Home  Audi Long Stay/button_Profile' located by 'By.xpath: (.//*[normalize-space(text()) and normalize-space(.)='Individual enquiry'])[1]/following::button[1]' not found&#xD;
	at com.kms.katalon.core.webui.common.WebUiCommonHelper.findWebElement(WebUiCommonHelper.java:1097)&#xD;
	at com.kms.katalon.core.webui.keyword.internal.WebUIAbstractKeyword.findWebElement(WebUIAbstractKeyword.groovy:27)&#xD;
	at com.kms.katalon.core.webui.keyword.internal.WebUIAbstractKeyword.findWebElement(WebUIAbstractKeyword.groovy:26)&#xD;
	at com.kms.katalon.core.webui.keyword.builtin.ClickKeyword$_click_closure1.doCall(ClickKeyword.groovy:77)&#xD;
	at com.kms.katalon.core.webui.keyword.builtin.ClickKeyword$_click_closure1.call(ClickKeyword.groovy)&#xD;
	at com.kms.katalon.core.webui.keyword.internal.WebUIKeywordMain.runKeyword(WebUIKeywordMain.groovy:20)&#xD;
	at com.kms.katalon.core.webui.keyword.builtin.ClickKeyword.click(ClickKeyword.groovy:86)&#xD;
	at com.kms.katalon.core.webui.keyword.builtin.ClickKeyword.execute(ClickKeyword.groovy:67)&#xD;
	at com.kms.katalon.core.keyword.internal.KeywordExecutor.executeKeywordForPlatform(KeywordExecutor.groovy:56)&#xD;
	at com.kms.katalon.core.webui.keyword.WebUiBuiltInKeywords.click(WebUiBuiltInKeywords.groovy:616)&#xD;
	at com.kms.katalon.core.webui.keyword.WebUiBuiltInKeywords$click$1.call(Unknown Source)&#xD;
	at Script1564042985663.run(Script1564042985663.groovy:30)&#xD;
	... 13 more&#xD;
)&#xD;
&#xD;
2020-01-10 14:24:04 - [MESSAGE][INFO] - Unable to find the element located by 'By.xpath: (.//*[normalize-space(text()) and normalize-space(.)='Individual enquiry'])[1]/following::button[1]'. Please recheck the objects properties to make sure the desired element is located. &#xD;
&#xD;
2020-01-10 14:24:04 - [MESSAGE][FAILED] - Unable to click on object 'Object Repository/katalonIBE/Page_Home  Audi Long Stay/button_Profile' (Root cause: com.kms.katalon.core.exception.StepFailedException: Unable to click on object 'Object Repository/katalonIBE/Page_Home  Audi Long Stay/button_Profile'&#xD;
	at com.kms.katalon.core.webui.keyword.internal.WebUIKeywordMain.stepFailed(WebUIKeywordMain.groovy:64)&#xD;
	at com.kms.katalon.core.webui.keyword.internal.WebUIKeywordMain.runKeyword(WebUIKeywordMain.groovy:26)&#xD;
	at com.kms.katalon.core.webui.keyword.builtin.ClickKeyword.click(ClickKeyword.groovy:86)&#xD;
	at com.kms.katalon.core.webui.keyword.builtin.ClickKeyword.execute(ClickKeyword.groovy:67)&#xD;
	at com.kms.katalon.core.keyword.internal.KeywordExecutor.executeKeywordForPlatform(KeywordExecutor.groovy:56)&#xD;
	at com.kms.katalon.core.webui.keyword.WebUiBuiltInKeywords.click(WebUiBuiltInKeywords.groovy:616)&#xD;
	at com.kms.katalon.core.webui.keyword.WebUiBuiltInKeywords$click$1.call(Unknown Source)&#xD;
	at covestro.run(covestro:30)&#xD;
	at com.kms.katalon.core.main.ScriptEngine.run(ScriptEngine.java:194)&#xD;
	at com.kms.katalon.core.main.ScriptEngine.runScriptAsRawText(ScriptEngine.java:119)&#xD;
	at com.kms.katalon.core.main.TestCaseExecutor.runScript(TestCaseExecutor.java:337)&#xD;
	at com.kms.katalon.core.main.TestCaseExecutor.doExecute(TestCaseExecutor.java:328)&#xD;
	at com.kms.katalon.core.main.TestCaseExecutor.processExecutionPhase(TestCaseExecutor.java:307)&#xD;
	at com.kms.katalon.core.main.TestCaseExecutor.accessMainPhase(TestCaseExecutor.java:299)&#xD;
	at com.kms.katalon.core.main.TestCaseExecutor.execute(TestCaseExecutor.java:233)&#xD;
	at com.kms.katalon.core.main.TestSuiteExecutor.accessTestCaseMainPhase(TestSuiteExecutor.java:133)&#xD;
	at com.kms.katalon.core.main.TestSuiteExecutor.accessTestSuiteMainPhase(TestSuiteExecutor.java:116)&#xD;
	at com.kms.katalon.core.main.TestSuiteExecutor.execute(TestSuiteExecutor.java:83)&#xD;
	at com.kms.katalon.core.main.TestCaseMain.startTestSuite(TestCaseMain.java:157)&#xD;
	at com.kms.katalon.core.main.TestCaseMain$startTestSuite$0.call(Unknown Source)&#xD;
	at TempTestSuite1578662348649.run(TempTestSuite1578662348649.groovy:35)&#xD;
Caused by: com.kms.katalon.core.webui.exception.WebElementNotFoundException: Web element with id: 'Object Repository/katalonIBE/Page_Home  Audi Long Stay/button_Profile' located by 'By.xpath: (.//*[normalize-space(text()) and normalize-space(.)='Individual enquiry'])[1]/following::button[1]' not found&#xD;
	at com.kms.katalon.core.webui.common.WebUiCommonHelper.findWebElement(WebUiCommonHelper.java:1097)&#xD;
	at com.kms.katalon.core.webui.keyword.internal.WebUIAbstractKeyword.findWebElement(WebUIAbstractKeyword.groovy:27)&#xD;
	at com.kms.katalon.core.webui.keyword.internal.WebUIAbstractKeyword.findWebElement(WebUIAbstractKeyword.groovy:26)&#xD;
	at com.kms.katalon.core.webui.keyword.builtin.ClickKeyword$_click_closure1.doCall(ClickKeyword.groovy:77)&#xD;
	at com.kms.katalon.core.webui.keyword.builtin.ClickKeyword$_click_closure1.call(ClickKeyword.groovy)&#xD;
	at com.kms.katalon.core.webui.keyword.internal.WebUIKeywordMain.runKeyword(WebUIKeywordMain.groovy:20)&#xD;
	at com.kms.katalon.core.webui.keyword.builtin.ClickKeyword.click(ClickKeyword.groovy:86)&#xD;
	at com.kms.katalon.core.webui.keyword.builtin.ClickKeyword.execute(ClickKeyword.groovy:67)&#xD;
	at com.kms.katalon.core.keyword.internal.KeywordExecutor.executeKeywordForPlatform(KeywordExecutor.groovy:56)&#xD;
	at com.kms.katalon.core.webui.keyword.WebUiBuiltInKeywords.click(WebUiBuiltInKeywords.groovy:616)&#xD;
	at com.kms.katalon.core.webui.keyword.WebUiBuiltInKeywords$click$1.call(Unknown Source)&#xD;
	at Script1564042985663.run(Script1564042985663.groovy:30)&#xD;
	... 13 more&#xD;
)&#xD;
[[ATTACHMENT|C:\\Users\\Antonio\\Katalon Studio\\TestingIBE\\Reports\\TestEveryIBE\\20200110_141904\\1578662644128.png]]</system-out>
            <system-err>2020-01-10 14:22:58 - [TEST_CASE][FAILED] - Test Cases/covestro: Test Cases/covestro FAILED.
Reason:
com.kms.katalon.core.exception.StepFailedException: Unable to click on object 'Object Repository/katalonIBE/Page_Home  Audi Long Stay/button_Profile'&#xD;
	at com.kms.katalon.core.webui.keyword.internal.WebUIKeywordMain.stepFailed(WebUIKeywordMain.groovy:64)&#xD;
	at com.kms.katalon.core.webui.keyword.internal.WebUIKeywordMain.runKeyword(WebUIKeywordMain.groovy:26)&#xD;
	at com.kms.katalon.core.webui.keyword.builtin.ClickKeyword.click(ClickKeyword.groovy:86)&#xD;
	at com.kms.katalon.core.webui.keyword.builtin.ClickKeyword.execute(ClickKeyword.groovy:67)&#xD;
	at com.kms.katalon.core.keyword.internal.KeywordExecutor.executeKeywordForPlatform(KeywordExecutor.groovy:56)&#xD;
	at com.kms.katalon.core.webui.keyword.WebUiBuiltInKeywords.click(WebUiBuiltInKeywords.groovy:616)&#xD;
	at com.kms.katalon.core.webui.keyword.WebUiBuiltInKeywords$click$1.call(Unknown Source)&#xD;
	at covestro.run(covestro:30)&#xD;
	at com.kms.katalon.core.main.ScriptEngine.run(ScriptEngine.java:194)&#xD;
	at com.kms.katalon.core.main.ScriptEngine.runScriptAsRawText(ScriptEngine.java:119)&#xD;
	at com.kms.katalon.core.main.TestCaseExecutor.runScript(TestCaseExecutor.java:337)&#xD;
	at com.kms.katalon.core.main.TestCaseExecutor.doExecute(TestCaseExecutor.java:328)&#xD;
	at com.kms.katalon.core.main.TestCaseExecutor.processExecutionPhase(TestCaseExecutor.java:307)&#xD;
	at com.kms.katalon.core.main.TestCaseExecutor.accessMainPhase(TestCaseExecutor.java:299)&#xD;
	at com.kms.katalon.core.main.TestCaseExecutor.execute(TestCaseExecutor.java:233)&#xD;
	at com.kms.katalon.core.main.TestSuiteExecutor.accessTestCaseMainPhase(TestSuiteExecutor.java:133)&#xD;
	at com.kms.katalon.core.main.TestSuiteExecutor.accessTestSuiteMainPhase(TestSuiteExecutor.java:116)&#xD;
	at com.kms.katalon.core.main.TestSuiteExecutor.execute(TestSuiteExecutor.java:83)&#xD;
	at com.kms.katalon.core.main.TestCaseMain.startTestSuite(TestCaseMain.java:157)&#xD;
	at com.kms.katalon.core.main.TestCaseMain$startTestSuite$0.call(Unknown Source)&#xD;
	at TempTestSuite1578662348649.run(TempTestSuite1578662348649.groovy:35)&#xD;
Caused by: com.kms.katalon.core.webui.exception.WebElementNotFoundException: Web element with id: 'Object Repository/katalonIBE/Page_Home  Audi Long Stay/button_Profile' located by 'By.xpath: (.//*[normalize-space(text()) and normalize-space(.)='Individual enquiry'])[1]/following::button[1]' not found&#xD;
	at com.kms.katalon.core.webui.common.WebUiCommonHelper.findWebElement(WebUiCommonHelper.java:1097)&#xD;
	at com.kms.katalon.core.webui.keyword.internal.WebUIAbstractKeyword.findWebElement(WebUIAbstractKeyword.groovy:27)&#xD;
	at com.kms.katalon.core.webui.keyword.internal.WebUIAbstractKeyword.findWebElement(WebUIAbstractKeyword.groovy:26)&#xD;
	at com.kms.katalon.core.webui.keyword.builtin.ClickKeyword$_click_closure1.doCall(ClickKeyword.groovy:77)&#xD;
	at com.kms.katalon.core.webui.keyword.builtin.ClickKeyword$_click_closure1.call(ClickKeyword.groovy)&#xD;
	at com.kms.katalon.core.webui.keyword.internal.WebUIKeywordMain.runKeyword(WebUIKeywordMain.groovy:20)&#xD;
	... 19 more</system-err>
        </testcase>
        <testcase name="Test Cases/freshfields" classname="Test Cases/freshfields" status="PASSED">
            <system-out>2020-01-10 14:24:04 - [TEST_CASE][PASSED] - Test Cases/freshfields: Test Cases/freshfields&#xD;
&#xD;
2020-01-10 14:24:04 - [TEST_STEP][PASSED] - openBrowser(""): Browser is opened with url: ''&#xD;
&#xD;
2020-01-10 14:24:04 - [MESSAGE][WARNING] - A browser is already opened. Closing browser and opening a new one&#xD;
&#xD;
2020-01-10 14:24:06 - [MESSAGE][INFO] - Starting 'Firefox' driver&#xD;
&#xD;
2020-01-10 14:24:10 - [MESSAGE][PASSED] - Browser is opened with url: ''&#xD;
&#xD;
2020-01-10 14:24:10 - [TEST_STEP][PASSED] - navigateToUrl("https://freshfields.acomodeo.com/en/"): Navigate to 'https://freshfields.acomodeo.com/en/' successfully&#xD;
&#xD;
2020-01-10 14:24:13 - [MESSAGE][PASSED] - Navigate to 'https://freshfields.acomodeo.com/en/' successfully&#xD;
&#xD;
2020-01-10 14:24:13 - [TEST_STEP][PASSED] - delay(10): Delayed 10 second(s)&#xD;
&#xD;
2020-01-10 14:24:23 - [MESSAGE][PASSED] - Delayed 10 second(s)&#xD;
&#xD;
2020-01-10 14:24:23 - [TEST_STEP][PASSED] - click(findTestObject("Object Repository/katalonIBE/Page_Home  Audi Long Stay/button_Log in")): Object: 'Object Repository/katalonIBE/Page_Home  Audi Long Stay/button_Log in' is clicked on&#xD;
&#xD;
2020-01-10 14:24:23 - [MESSAGE][PASSED] - Object: 'Object Repository/katalonIBE/Page_Home  Audi Long Stay/button_Log in' is clicked on&#xD;
&#xD;
2020-01-10 14:24:23 - [TEST_STEP][PASSED] - delay(3): Delayed 3 second(s)&#xD;
&#xD;
2020-01-10 14:24:26 - [MESSAGE][PASSED] - Delayed 3 second(s)&#xD;
&#xD;
2020-01-10 14:24:26 - [TEST_STEP][PASSED] - setText(findTestObject("Object Repository/katalonIBE/Page_Home  Audi Long Stay/input_Register_email"), username): Text 'katalon@acomodeo.com' is set on object 'Object Repository/katalonIBE/Page_Home  Audi Long Stay/input_Register_email'&#xD;
&#xD;
2020-01-10 14:24:27 - [MESSAGE][PASSED] - Text 'katalon@acomodeo.com' is set on object 'Object Repository/katalonIBE/Page_Home  Audi Long Stay/input_Register_email'&#xD;
&#xD;
2020-01-10 14:24:27 - [TEST_STEP][PASSED] - setEncryptedText(findTestObject("Object Repository/katalonIBE/Page_Home  Audi Long Stay/input_Register_password"), password): Text ****** has been set on object 'Object Repository/katalonIBE/Page_Home  Audi Long Stay/input_Register_password'&#xD;
&#xD;
2020-01-10 14:24:27 - [MESSAGE][PASSED] - Text ****** has been set on object 'Object Repository/katalonIBE/Page_Home  Audi Long Stay/input_Register_password'&#xD;
&#xD;
2020-01-10 14:24:27 - [TEST_STEP][PASSED] - delay(3): Delayed 3 second(s)&#xD;
&#xD;
2020-01-10 14:24:30 - [MESSAGE][PASSED] - Delayed 3 second(s)&#xD;
&#xD;
2020-01-10 14:24:30 - [TEST_STEP][PASSED] - click(findTestObject("Object Repository/katalonIBE/Page_Home  Audi Long Stay/span_Log in")): Object: 'Object Repository/katalonIBE/Page_Home  Audi Long Stay/span_Log in' is clicked on&#xD;
&#xD;
2020-01-10 14:24:30 - [MESSAGE][PASSED] - Object: 'Object Repository/katalonIBE/Page_Home  Audi Long Stay/span_Log in' is clicked on&#xD;
&#xD;
2020-01-10 14:24:30 - [TEST_STEP][PASSED] - delay(8): Delayed 8 second(s)&#xD;
&#xD;
2020-01-10 14:24:38 - [MESSAGE][PASSED] - Delayed 8 second(s)&#xD;
&#xD;
2020-01-10 14:24:38 - [TEST_STEP][PASSED] - click(findTestObject("Object Repository/katalonIBE/Page_Home  Audi Long Stay/button_Profile")): Object: 'Object Repository/katalonIBE/Page_Home  Audi Long Stay/button_Profile' is clicked on&#xD;
&#xD;
2020-01-10 14:24:39 - [MESSAGE][PASSED] - Object: 'Object Repository/katalonIBE/Page_Home  Audi Long Stay/button_Profile' is clicked on&#xD;
&#xD;
2020-01-10 14:24:39 - [TEST_STEP][PASSED] - delay(3): Delayed 3 second(s)&#xD;
&#xD;
2020-01-10 14:24:42 - [MESSAGE][PASSED] - Delayed 3 second(s)&#xD;
&#xD;
2020-01-10 14:24:42 - [TEST_STEP][PASSED] - click(findTestObject("Object Repository/katalonIBE/Page_Home  Audi Long Stay/h4_Hello Katalon Acomodeo")): Object: 'Object Repository/katalonIBE/Page_Home  Audi Long Stay/h4_Hello Katalon Acomodeo' is clicked on&#xD;
&#xD;
2020-01-10 14:24:42 - [MESSAGE][PASSED] - Object: 'Object Repository/katalonIBE/Page_Home  Audi Long Stay/h4_Hello Katalon Acomodeo' is clicked on&#xD;
&#xD;
2020-01-10 14:24:42 - [TEST_STEP][PASSED] - hello = getText(findTestObject("Object Repository/katalonIBE/Page_Home  Audi Long Stay/h4_Hello Katalon Acomodeo")): Text of object 'Object Repository/katalonIBE/Page_Home  Audi Long Stay/h4_Hello Katalon Acomodeo' is: 'Hello, Katalon Acomodeo'&#xD;
&#xD;
2020-01-10 14:24:42 - [MESSAGE][PASSED] - Text of object 'Object Repository/katalonIBE/Page_Home  Audi Long Stay/h4_Hello Katalon Acomodeo' is: 'Hello, Katalon Acomodeo'&#xD;
&#xD;
2020-01-10 14:24:42 - [TEST_STEP][PASSED] - verifyEqual("Hello, Katalon Acomodeo", hello): Actual object 'Hello, Katalon Acomodeo' and expected object 'Hello, Katalon Acomodeo' are equal&#xD;
&#xD;
2020-01-10 14:24:42 - [MESSAGE][PASSED] - Actual object 'Hello, Katalon Acomodeo' and expected object 'Hello, Katalon Acomodeo' are equal&#xD;
&#xD;
2020-01-10 14:24:42 - [TEST_STEP][PASSED] - closeBrowser(): Browser is closed&#xD;
&#xD;
2020-01-10 14:24:48 - [MESSAGE][PASSED] - Browser is closed</system-out>
            <system-err></system-err>
        </testcase>
        <testcase name="Test Cases/goomo" classname="Test Cases/goomo" status="PASSED">
            <system-out>2020-01-10 14:24:48 - [TEST_CASE][PASSED] - Test Cases/goomo: Test Cases/goomo&#xD;
&#xD;
2020-01-10 14:24:49 - [TEST_STEP][PASSED] - openBrowser(""): Browser is opened with url: ''&#xD;
&#xD;
2020-01-10 14:24:49 - [MESSAGE][INFO] - Starting 'Firefox' driver&#xD;
&#xD;
2020-01-10 14:24:54 - [MESSAGE][PASSED] - Browser is opened with url: ''&#xD;
&#xD;
2020-01-10 14:24:54 - [TEST_STEP][PASSED] - navigateToUrl("https://goomo.acomodeo.com/en/"): Navigate to 'https://goomo.acomodeo.com/en/' successfully&#xD;
&#xD;
2020-01-10 14:24:57 - [MESSAGE][PASSED] - Navigate to 'https://goomo.acomodeo.com/en/' successfully&#xD;
&#xD;
2020-01-10 14:24:57 - [TEST_STEP][PASSED] - delay(10): Delayed 10 second(s)&#xD;
&#xD;
2020-01-10 14:25:07 - [MESSAGE][PASSED] - Delayed 10 second(s)&#xD;
&#xD;
2020-01-10 14:25:07 - [TEST_STEP][PASSED] - click(findTestObject("Object Repository/katalonIBE/Page_Home  Audi Long Stay/button_Log in")): Object: 'Object Repository/katalonIBE/Page_Home  Audi Long Stay/button_Log in' is clicked on&#xD;
&#xD;
2020-01-10 14:25:07 - [MESSAGE][PASSED] - Object: 'Object Repository/katalonIBE/Page_Home  Audi Long Stay/button_Log in' is clicked on&#xD;
&#xD;
2020-01-10 14:25:07 - [TEST_STEP][PASSED] - delay(3): Delayed 3 second(s)&#xD;
&#xD;
2020-01-10 14:25:10 - [MESSAGE][PASSED] - Delayed 3 second(s)&#xD;
&#xD;
2020-01-10 14:25:10 - [TEST_STEP][PASSED] - setText(findTestObject("Object Repository/katalonIBE/Page_Home  Audi Long Stay/input_Register_email"), username): Text 'katalon@acomodeo.com' is set on object 'Object Repository/katalonIBE/Page_Home  Audi Long Stay/input_Register_email'&#xD;
&#xD;
2020-01-10 14:25:10 - [MESSAGE][PASSED] - Text 'katalon@acomodeo.com' is set on object 'Object Repository/katalonIBE/Page_Home  Audi Long Stay/input_Register_email'&#xD;
&#xD;
2020-01-10 14:25:10 - [TEST_STEP][PASSED] - setEncryptedText(findTestObject("Object Repository/katalonIBE/Page_Home  Audi Long Stay/input_Register_password"), password): Text ****** has been set on object 'Object Repository/katalonIBE/Page_Home  Audi Long Stay/input_Register_password'&#xD;
&#xD;
2020-01-10 14:25:11 - [MESSAGE][PASSED] - Text ****** has been set on object 'Object Repository/katalonIBE/Page_Home  Audi Long Stay/input_Register_password'&#xD;
&#xD;
2020-01-10 14:25:11 - [TEST_STEP][PASSED] - delay(3): Delayed 3 second(s)&#xD;
&#xD;
2020-01-10 14:25:14 - [MESSAGE][PASSED] - Delayed 3 second(s)&#xD;
&#xD;
2020-01-10 14:25:14 - [TEST_STEP][PASSED] - click(findTestObject("Object Repository/katalonIBE/Page_Home  Audi Long Stay/span_Log in")): Object: 'Object Repository/katalonIBE/Page_Home  Audi Long Stay/span_Log in' is clicked on&#xD;
&#xD;
2020-01-10 14:25:14 - [MESSAGE][PASSED] - Object: 'Object Repository/katalonIBE/Page_Home  Audi Long Stay/span_Log in' is clicked on&#xD;
&#xD;
2020-01-10 14:25:14 - [TEST_STEP][PASSED] - delay(8): Delayed 8 second(s)&#xD;
&#xD;
2020-01-10 14:25:22 - [MESSAGE][PASSED] - Delayed 8 second(s)&#xD;
&#xD;
2020-01-10 14:25:22 - [TEST_STEP][PASSED] - click(findTestObject("Object Repository/katalonIBE/Page_Home  Audi Long Stay/button_Profile")): Object: 'Object Repository/katalonIBE/Page_Home  Audi Long Stay/button_Profile' is clicked on&#xD;
&#xD;
2020-01-10 14:25:22 - [MESSAGE][PASSED] - Object: 'Object Repository/katalonIBE/Page_Home  Audi Long Stay/button_Profile' is clicked on&#xD;
&#xD;
2020-01-10 14:25:22 - [TEST_STEP][PASSED] - delay(3): Delayed 3 second(s)&#xD;
&#xD;
2020-01-10 14:25:25 - [MESSAGE][PASSED] - Delayed 3 second(s)&#xD;
&#xD;
2020-01-10 14:25:25 - [TEST_STEP][PASSED] - click(findTestObject("Object Repository/katalonIBE/Page_Home  Audi Long Stay/h4_Hello Katalon Acomodeo")): Object: 'Object Repository/katalonIBE/Page_Home  Audi Long Stay/h4_Hello Katalon Acomodeo' is clicked on&#xD;
&#xD;
2020-01-10 14:25:26 - [MESSAGE][PASSED] - Object: 'Object Repository/katalonIBE/Page_Home  Audi Long Stay/h4_Hello Katalon Acomodeo' is clicked on&#xD;
&#xD;
2020-01-10 14:25:26 - [TEST_STEP][PASSED] - hello = getText(findTestObject("Object Repository/katalonIBE/Page_Home  Audi Long Stay/h4_Hello Katalon Acomodeo")): Text of object 'Object Repository/katalonIBE/Page_Home  Audi Long Stay/h4_Hello Katalon Acomodeo' is: 'Hello, Katalon Acomodeo'&#xD;
&#xD;
2020-01-10 14:25:26 - [MESSAGE][PASSED] - Text of object 'Object Repository/katalonIBE/Page_Home  Audi Long Stay/h4_Hello Katalon Acomodeo' is: 'Hello, Katalon Acomodeo'&#xD;
&#xD;
2020-01-10 14:25:26 - [TEST_STEP][PASSED] - verifyEqual("Hello, Katalon Acomodeo", hello): Actual object 'Hello, Katalon Acomodeo' and expected object 'Hello, Katalon Acomodeo' are equal&#xD;
&#xD;
2020-01-10 14:25:26 - [MESSAGE][PASSED] - Actual object 'Hello, Katalon Acomodeo' and expected object 'Hello, Katalon Acomodeo' are equal&#xD;
&#xD;
2020-01-10 14:25:26 - [TEST_STEP][PASSED] - closeBrowser(): Browser is closed&#xD;
&#xD;
2020-01-10 14:25:33 - [MESSAGE][PASSED] - Browser is closed</system-out>
            <system-err></system-err>
        </testcase>
        <testcase name="Test Cases/microfuzzy" classname="Test Cases/microfuzzy" status="PASSED">
            <system-out>2020-01-10 14:25:33 - [TEST_CASE][PASSED] - Test Cases/microfuzzy: Test Cases/microfuzzy&#xD;
&#xD;
2020-01-10 14:25:33 - [TEST_STEP][PASSED] - openBrowser(""): Browser is opened with url: ''&#xD;
&#xD;
2020-01-10 14:25:33 - [MESSAGE][INFO] - Starting 'Firefox' driver&#xD;
&#xD;
2020-01-10 14:25:38 - [MESSAGE][PASSED] - Browser is opened with url: ''&#xD;
&#xD;
2020-01-10 14:25:38 - [TEST_STEP][PASSED] - navigateToUrl("https://microfuzzy.acomodeo.com/en/"): Navigate to 'https://microfuzzy.acomodeo.com/en/' successfully&#xD;
&#xD;
2020-01-10 14:25:40 - [MESSAGE][PASSED] - Navigate to 'https://microfuzzy.acomodeo.com/en/' successfully&#xD;
&#xD;
2020-01-10 14:25:40 - [TEST_STEP][PASSED] - delay(10): Delayed 10 second(s)&#xD;
&#xD;
2020-01-10 14:25:50 - [MESSAGE][PASSED] - Delayed 10 second(s)&#xD;
&#xD;
2020-01-10 14:25:50 - [TEST_STEP][PASSED] - click(findTestObject("Object Repository/katalonIBE/Page_Home  Audi Long Stay/button_Log in")): Object: 'Object Repository/katalonIBE/Page_Home  Audi Long Stay/button_Log in' is clicked on&#xD;
&#xD;
2020-01-10 14:25:50 - [MESSAGE][PASSED] - Object: 'Object Repository/katalonIBE/Page_Home  Audi Long Stay/button_Log in' is clicked on&#xD;
&#xD;
2020-01-10 14:25:50 - [TEST_STEP][PASSED] - delay(3): Delayed 3 second(s)&#xD;
&#xD;
2020-01-10 14:25:53 - [MESSAGE][PASSED] - Delayed 3 second(s)&#xD;
&#xD;
2020-01-10 14:25:53 - [TEST_STEP][PASSED] - setText(findTestObject("Object Repository/katalonIBE/Page_Home  Audi Long Stay/input_Register_email"), username): Text 'katalon@acomodeo.com' is set on object 'Object Repository/katalonIBE/Page_Home  Audi Long Stay/input_Register_email'&#xD;
&#xD;
2020-01-10 14:25:54 - [MESSAGE][PASSED] - Text 'katalon@acomodeo.com' is set on object 'Object Repository/katalonIBE/Page_Home  Audi Long Stay/input_Register_email'&#xD;
&#xD;
2020-01-10 14:25:54 - [TEST_STEP][PASSED] - setEncryptedText(findTestObject("Object Repository/katalonIBE/Page_Home  Audi Long Stay/input_Register_password"), password): Text ****** has been set on object 'Object Repository/katalonIBE/Page_Home  Audi Long Stay/input_Register_password'&#xD;
&#xD;
2020-01-10 14:25:54 - [MESSAGE][PASSED] - Text ****** has been set on object 'Object Repository/katalonIBE/Page_Home  Audi Long Stay/input_Register_password'&#xD;
&#xD;
2020-01-10 14:25:54 - [TEST_STEP][PASSED] - delay(3): Delayed 3 second(s)&#xD;
&#xD;
2020-01-10 14:25:57 - [MESSAGE][PASSED] - Delayed 3 second(s)&#xD;
&#xD;
2020-01-10 14:25:57 - [TEST_STEP][PASSED] - click(findTestObject("Object Repository/katalonIBE/Page_Home  Audi Long Stay/span_Log in")): Object: 'Object Repository/katalonIBE/Page_Home  Audi Long Stay/span_Log in' is clicked on&#xD;
&#xD;
2020-01-10 14:25:57 - [MESSAGE][PASSED] - Object: 'Object Repository/katalonIBE/Page_Home  Audi Long Stay/span_Log in' is clicked on&#xD;
&#xD;
2020-01-10 14:25:57 - [TEST_STEP][PASSED] - delay(8): Delayed 8 second(s)&#xD;
&#xD;
2020-01-10 14:26:05 - [MESSAGE][PASSED] - Delayed 8 second(s)&#xD;
&#xD;
2020-01-10 14:26:05 - [TEST_STEP][PASSED] - click(findTestObject("Object Repository/katalonIBE/Page_Home  Audi Long Stay/button_Profile")): Object: 'Object Repository/katalonIBE/Page_Home  Audi Long Stay/button_Profile' is clicked on&#xD;
&#xD;
2020-01-10 14:26:06 - [MESSAGE][PASSED] - Object: 'Object Repository/katalonIBE/Page_Home  Audi Long Stay/button_Profile' is clicked on&#xD;
&#xD;
2020-01-10 14:26:06 - [TEST_STEP][PASSED] - delay(3): Delayed 3 second(s)&#xD;
&#xD;
2020-01-10 14:26:09 - [MESSAGE][PASSED] - Delayed 3 second(s)&#xD;
&#xD;
2020-01-10 14:26:09 - [TEST_STEP][PASSED] - click(findTestObject("Object Repository/katalonIBE/Page_Home  Audi Long Stay/h4_Hello Katalon Acomodeo")): Object: 'Object Repository/katalonIBE/Page_Home  Audi Long Stay/h4_Hello Katalon Acomodeo' is clicked on&#xD;
&#xD;
2020-01-10 14:26:09 - [MESSAGE][PASSED] - Object: 'Object Repository/katalonIBE/Page_Home  Audi Long Stay/h4_Hello Katalon Acomodeo' is clicked on&#xD;
&#xD;
2020-01-10 14:26:09 - [TEST_STEP][PASSED] - hello = getText(findTestObject("Object Repository/katalonIBE/Page_Home  Audi Long Stay/h4_Hello Katalon Acomodeo")): Text of object 'Object Repository/katalonIBE/Page_Home  Audi Long Stay/h4_Hello Katalon Acomodeo' is: 'Hello, Katalon Acomodeo'&#xD;
&#xD;
2020-01-10 14:26:09 - [MESSAGE][PASSED] - Text of object 'Object Repository/katalonIBE/Page_Home  Audi Long Stay/h4_Hello Katalon Acomodeo' is: 'Hello, Katalon Acomodeo'&#xD;
&#xD;
2020-01-10 14:26:09 - [TEST_STEP][PASSED] - verifyEqual("Hello, Katalon Acomodeo", hello): Actual object 'Hello, Katalon Acomodeo' and expected object 'Hello, Katalon Acomodeo' are equal&#xD;
&#xD;
2020-01-10 14:26:09 - [MESSAGE][PASSED] - Actual object 'Hello, Katalon Acomodeo' and expected object 'Hello, Katalon Acomodeo' are equal&#xD;
&#xD;
2020-01-10 14:26:09 - [TEST_STEP][PASSED] - closeBrowser(): Browser is closed&#xD;
&#xD;
2020-01-10 14:26:17 - [MESSAGE][PASSED] - Browser is closed</system-out>
            <system-err></system-err>
        </testcase>
        <testcase name="Test Cases/roche" classname="Test Cases/roche" status="PASSED">
            <system-out>2020-01-10 14:26:17 - [TEST_CASE][PASSED] - Test Cases/roche: Test Cases/roche&#xD;
&#xD;
2020-01-10 14:26:17 - [TEST_STEP][PASSED] - openBrowser(""): Browser is opened with url: ''&#xD;
&#xD;
2020-01-10 14:26:17 - [MESSAGE][INFO] - Starting 'Firefox' driver&#xD;
&#xD;
2020-01-10 14:26:21 - [MESSAGE][PASSED] - Browser is opened with url: ''&#xD;
&#xD;
2020-01-10 14:26:21 - [TEST_STEP][PASSED] - navigateToUrl("https://roche.acomodeo.com/en/"): Navigate to 'https://roche.acomodeo.com/en/' successfully&#xD;
&#xD;
2020-01-10 14:26:23 - [MESSAGE][PASSED] - Navigate to 'https://roche.acomodeo.com/en/' successfully&#xD;
&#xD;
2020-01-10 14:26:23 - [TEST_STEP][PASSED] - delay(10): Delayed 10 second(s)&#xD;
&#xD;
2020-01-10 14:26:33 - [MESSAGE][PASSED] - Delayed 10 second(s)&#xD;
&#xD;
2020-01-10 14:26:33 - [TEST_STEP][PASSED] - click(findTestObject("Object Repository/katalonIBE/Page_Home  Audi Long Stay/button_Log in")): Object: 'Object Repository/katalonIBE/Page_Home  Audi Long Stay/button_Log in' is clicked on&#xD;
&#xD;
2020-01-10 14:26:34 - [MESSAGE][PASSED] - Object: 'Object Repository/katalonIBE/Page_Home  Audi Long Stay/button_Log in' is clicked on&#xD;
&#xD;
2020-01-10 14:26:34 - [TEST_STEP][PASSED] - delay(3): Delayed 3 second(s)&#xD;
&#xD;
2020-01-10 14:26:37 - [MESSAGE][PASSED] - Delayed 3 second(s)&#xD;
&#xD;
2020-01-10 14:26:37 - [TEST_STEP][PASSED] - setText(findTestObject("Object Repository/katalonIBE/Page_Home  Audi Long Stay/input_Register_email"), username): Text 'katalon@acomodeo.com' is set on object 'Object Repository/katalonIBE/Page_Home  Audi Long Stay/input_Register_email'&#xD;
&#xD;
2020-01-10 14:26:37 - [MESSAGE][PASSED] - Text 'katalon@acomodeo.com' is set on object 'Object Repository/katalonIBE/Page_Home  Audi Long Stay/input_Register_email'&#xD;
&#xD;
2020-01-10 14:26:37 - [TEST_STEP][PASSED] - setEncryptedText(findTestObject("Object Repository/katalonIBE/Page_Home  Audi Long Stay/input_Register_password"), password): Text ****** has been set on object 'Object Repository/katalonIBE/Page_Home  Audi Long Stay/input_Register_password'&#xD;
&#xD;
2020-01-10 14:26:38 - [MESSAGE][PASSED] - Text ****** has been set on object 'Object Repository/katalonIBE/Page_Home  Audi Long Stay/input_Register_password'&#xD;
&#xD;
2020-01-10 14:26:38 - [TEST_STEP][PASSED] - delay(3): Delayed 3 second(s)&#xD;
&#xD;
2020-01-10 14:26:41 - [MESSAGE][PASSED] - Delayed 3 second(s)&#xD;
&#xD;
2020-01-10 14:26:41 - [TEST_STEP][PASSED] - click(findTestObject("Object Repository/katalonIBE/Page_Home  Audi Long Stay/span_Log in")): Object: 'Object Repository/katalonIBE/Page_Home  Audi Long Stay/span_Log in' is clicked on&#xD;
&#xD;
2020-01-10 14:26:41 - [MESSAGE][PASSED] - Object: 'Object Repository/katalonIBE/Page_Home  Audi Long Stay/span_Log in' is clicked on&#xD;
&#xD;
2020-01-10 14:26:41 - [TEST_STEP][PASSED] - delay(8): Delayed 8 second(s)&#xD;
&#xD;
2020-01-10 14:26:49 - [MESSAGE][PASSED] - Delayed 8 second(s)&#xD;
&#xD;
2020-01-10 14:26:49 - [TEST_STEP][PASSED] - click(findTestObject("Object Repository/katalonIBE/Page_Home  Audi Long Stay/button_Profile")): Object: 'Object Repository/katalonIBE/Page_Home  Audi Long Stay/button_Profile' is clicked on&#xD;
&#xD;
2020-01-10 14:26:49 - [MESSAGE][PASSED] - Object: 'Object Repository/katalonIBE/Page_Home  Audi Long Stay/button_Profile' is clicked on&#xD;
&#xD;
2020-01-10 14:26:49 - [TEST_STEP][PASSED] - delay(3): Delayed 3 second(s)&#xD;
&#xD;
2020-01-10 14:26:52 - [MESSAGE][PASSED] - Delayed 3 second(s)&#xD;
&#xD;
2020-01-10 14:26:52 - [TEST_STEP][PASSED] - click(findTestObject("Object Repository/katalonIBE/Page_Home  Audi Long Stay/h4_Hello Katalon Acomodeo")): Object: 'Object Repository/katalonIBE/Page_Home  Audi Long Stay/h4_Hello Katalon Acomodeo' is clicked on&#xD;
&#xD;
2020-01-10 14:26:52 - [MESSAGE][PASSED] - Object: 'Object Repository/katalonIBE/Page_Home  Audi Long Stay/h4_Hello Katalon Acomodeo' is clicked on&#xD;
&#xD;
2020-01-10 14:26:52 - [TEST_STEP][PASSED] - hello = getText(findTestObject("Object Repository/katalonIBE/Page_Home  Audi Long Stay/h4_Hello Katalon Acomodeo")): Text of object 'Object Repository/katalonIBE/Page_Home  Audi Long Stay/h4_Hello Katalon Acomodeo' is: 'Hello, Katalon Acomodeo'&#xD;
&#xD;
2020-01-10 14:26:52 - [MESSAGE][PASSED] - Text of object 'Object Repository/katalonIBE/Page_Home  Audi Long Stay/h4_Hello Katalon Acomodeo' is: 'Hello, Katalon Acomodeo'&#xD;
&#xD;
2020-01-10 14:26:52 - [TEST_STEP][PASSED] - verifyEqual("Hello, Katalon Acomodeo", hello): Actual object 'Hello, Katalon Acomodeo' and expected object 'Hello, Katalon Acomodeo' are equal&#xD;
&#xD;
2020-01-10 14:26:52 - [MESSAGE][PASSED] - Actual object 'Hello, Katalon Acomodeo' and expected object 'Hello, Katalon Acomodeo' are equal&#xD;
&#xD;
2020-01-10 14:26:52 - [TEST_STEP][PASSED] - closeBrowser(): Browser is closed&#xD;
&#xD;
2020-01-10 14:27:01 - [MESSAGE][PASSED] - Browser is closed</system-out>
            <system-err></system-err>
        </testcase>
        <testcase name="Test Cases/roomit" classname="Test Cases/roomit" status="FAILED">
            <failure type="FAILED" message="Test Cases/roomit FAILED.&#xA;Reason:&#xA;com.kms.katalon.core.exception.StepFailedException: Unable to click on object 'Object Repository/katalonIBE/Page_Home  Audi Long Stay/button_Profile'&#xD;&#xA;&#x9;at com.kms.katalon.core.webui.keyword.internal.WebUIKeywordMain.stepFailed(WebUIKeywordMain.groovy:64)&#xD;&#xA;&#x9;at com.kms.katalon.core.webui.keyword.internal.WebUIKeywordMain.runKeyword(WebUIKeywordMain.groovy:26)&#xD;&#xA;&#x9;at com.kms.katalon.core.webui.keyword.builtin.ClickKeyword.click(ClickKeyword.groovy:86)&#xD;&#xA;&#x9;at com.kms.katalon.core.webui.keyword.builtin.ClickKeyword.execute(ClickKeyword.groovy:67)&#xD;&#xA;&#x9;at com.kms.katalon.core.keyword.internal.KeywordExecutor.executeKeywordForPlatform(KeywordExecutor.groovy:56)&#xD;&#xA;&#x9;at com.kms.katalon.core.webui.keyword.WebUiBuiltInKeywords.click(WebUiBuiltInKeywords.groovy:616)&#xD;&#xA;&#x9;at com.kms.katalon.core.webui.keyword.WebUiBuiltInKeywords$click$1.call(Unknown Source)&#xD;&#xA;&#x9;at roomit.run(roomit:30)&#xD;&#xA;&#x9;at com.kms.katalon.core.main.ScriptEngine.run(ScriptEngine.java:194)&#xD;&#xA;&#x9;at com.kms.katalon.core.main.ScriptEngine.runScriptAsRawText(ScriptEngine.java:119)&#xD;&#xA;&#x9;at com.kms.katalon.core.main.TestCaseExecutor.runScript(TestCaseExecutor.java:337)&#xD;&#xA;&#x9;at com.kms.katalon.core.main.TestCaseExecutor.doExecute(TestCaseExecutor.java:328)&#xD;&#xA;&#x9;at com.kms.katalon.core.main.TestCaseExecutor.processExecutionPhase(TestCaseExecutor.java:307)&#xD;&#xA;&#x9;at com.kms.katalon.core.main.TestCaseExecutor.accessMainPhase(TestCaseExecutor.java:299)&#xD;&#xA;&#x9;at com.kms.katalon.core.main.TestCaseExecutor.execute(TestCaseExecutor.java:233)&#xD;&#xA;&#x9;at com.kms.katalon.core.main.TestSuiteExecutor.accessTestCaseMainPhase(TestSuiteExecutor.java:133)&#xD;&#xA;&#x9;at com.kms.katalon.core.main.TestSuiteExecutor.accessTestSuiteMainPhase(TestSuiteExecutor.java:116)&#xD;&#xA;&#x9;at com.kms.katalon.core.main.TestSuiteExecutor.execute(TestSuiteExecutor.java:83)&#xD;&#xA;&#x9;at com.kms.katalon.core.main.TestCaseMain.startTestSuite(TestCaseMain.java:157)&#xD;&#xA;&#x9;at com.kms.katalon.core.main.TestCaseMain$startTestSuite$0.call(Unknown Source)&#xD;&#xA;&#x9;at TempTestSuite1578662348649.run(TempTestSuite1578662348649.groovy:35)&#xD;&#xA;Caused by: com.kms.katalon.core.webui.exception.WebElementNotFoundException: Web element with id: 'Object Repository/katalonIBE/Page_Home  Audi Long Stay/button_Profile' located by 'By.xpath: (.//*[normalize-space(text()) and normalize-space(.)='Individual enquiry'])[1]/following::button[1]' not found&#xD;&#xA;&#x9;at com.kms.katalon.core.webui.common.WebUiCommonHelper.findWebElement(WebUiCommonHelper.java:1097)&#xD;&#xA;&#x9;at com.kms.katalon.core.webui.keyword.internal.WebUIAbstractKeyword.findWebElement(WebUIAbstractKeyword.groovy:27)&#xD;&#xA;&#x9;at com.kms.katalon.core.webui.keyword.internal.WebUIAbstractKeyword.findWebElement(WebUIAbstractKeyword.groovy:26)&#xD;&#xA;&#x9;at com.kms.katalon.core.webui.keyword.builtin.ClickKeyword$_click_closure1.doCall(ClickKeyword.groovy:77)&#xD;&#xA;&#x9;at com.kms.katalon.core.webui.keyword.builtin.ClickKeyword$_click_closure1.call(ClickKeyword.groovy)&#xD;&#xA;&#x9;at com.kms.katalon.core.webui.keyword.internal.WebUIKeywordMain.runKeyword(WebUIKeywordMain.groovy:20)&#xD;&#xA;&#x9;... 19 more&#xD;&#xA;"/>
            <system-out>2020-01-10 14:27:01 - [TEST_CASE][FAILED] - Test Cases/roomit: Test Cases/roomit FAILED.
Reason:
com.kms.katalon.core.exception.StepFailedException: Unable to click on object 'Object Repository/katalonIBE/Page_Home  Audi Long Stay/button_Profile'&#xD;
	at com.kms.katalon.core.webui.keyword.internal.WebUIKeywordMain.stepFailed(WebUIKeywordMain.groovy:64)&#xD;
	at com.kms.katalon.core.webui.keyword.internal.WebUIKeywordMain.runKeyword(WebUIKeywordMain.groovy:26)&#xD;
	at com.kms.katalon.core.webui.keyword.builtin.ClickKeyword.click(ClickKeyword.groovy:86)&#xD;
	at com.kms.katalon.core.webui.keyword.builtin.ClickKeyword.execute(ClickKeyword.groovy:67)&#xD;
	at com.kms.katalon.core.keyword.internal.KeywordExecutor.executeKeywordForPlatform(KeywordExecutor.groovy:56)&#xD;
	at com.kms.katalon.core.webui.keyword.WebUiBuiltInKeywords.click(WebUiBuiltInKeywords.groovy:616)&#xD;
	at com.kms.katalon.core.webui.keyword.WebUiBuiltInKeywords$click$1.call(Unknown Source)&#xD;
	at roomit.run(roomit:30)&#xD;
	at com.kms.katalon.core.main.ScriptEngine.run(ScriptEngine.java:194)&#xD;
	at com.kms.katalon.core.main.ScriptEngine.runScriptAsRawText(ScriptEngine.java:119)&#xD;
	at com.kms.katalon.core.main.TestCaseExecutor.runScript(TestCaseExecutor.java:337)&#xD;
	at com.kms.katalon.core.main.TestCaseExecutor.doExecute(TestCaseExecutor.java:328)&#xD;
	at com.kms.katalon.core.main.TestCaseExecutor.processExecutionPhase(TestCaseExecutor.java:307)&#xD;
	at com.kms.katalon.core.main.TestCaseExecutor.accessMainPhase(TestCaseExecutor.java:299)&#xD;
	at com.kms.katalon.core.main.TestCaseExecutor.execute(TestCaseExecutor.java:233)&#xD;
	at com.kms.katalon.core.main.TestSuiteExecutor.accessTestCaseMainPhase(TestSuiteExecutor.java:133)&#xD;
	at com.kms.katalon.core.main.TestSuiteExecutor.accessTestSuiteMainPhase(TestSuiteExecutor.java:116)&#xD;
	at com.kms.katalon.core.main.TestSuiteExecutor.execute(TestSuiteExecutor.java:83)&#xD;
	at com.kms.katalon.core.main.TestCaseMain.startTestSuite(TestCaseMain.java:157)&#xD;
	at com.kms.katalon.core.main.TestCaseMain$startTestSuite$0.call(Unknown Source)&#xD;
	at TempTestSuite1578662348649.run(TempTestSuite1578662348649.groovy:35)&#xD;
Caused by: com.kms.katalon.core.webui.exception.WebElementNotFoundException: Web element with id: 'Object Repository/katalonIBE/Page_Home  Audi Long Stay/button_Profile' located by 'By.xpath: (.//*[normalize-space(text()) and normalize-space(.)='Individual enquiry'])[1]/following::button[1]' not found&#xD;
	at com.kms.katalon.core.webui.common.WebUiCommonHelper.findWebElement(WebUiCommonHelper.java:1097)&#xD;
	at com.kms.katalon.core.webui.keyword.internal.WebUIAbstractKeyword.findWebElement(WebUIAbstractKeyword.groovy:27)&#xD;
	at com.kms.katalon.core.webui.keyword.internal.WebUIAbstractKeyword.findWebElement(WebUIAbstractKeyword.groovy:26)&#xD;
	at com.kms.katalon.core.webui.keyword.builtin.ClickKeyword$_click_closure1.doCall(ClickKeyword.groovy:77)&#xD;
	at com.kms.katalon.core.webui.keyword.builtin.ClickKeyword$_click_closure1.call(ClickKeyword.groovy)&#xD;
	at com.kms.katalon.core.webui.keyword.internal.WebUIKeywordMain.runKeyword(WebUIKeywordMain.groovy:20)&#xD;
	... 19 more&#xD;
&#xD;
&#xD;
2020-01-10 14:27:01 - [TEST_STEP][PASSED] - openBrowser(""): Browser is opened with url: ''&#xD;
&#xD;
2020-01-10 14:27:01 - [MESSAGE][INFO] - Starting 'Firefox' driver&#xD;
&#xD;
2020-01-10 14:27:06 - [MESSAGE][PASSED] - Browser is opened with url: ''&#xD;
&#xD;
2020-01-10 14:27:06 - [TEST_STEP][PASSED] - navigateToUrl("https://roomit.acomodeo.com/en/"): Navigate to 'https://roomit.acomodeo.com/en/' successfully&#xD;
&#xD;
2020-01-10 14:27:08 - [MESSAGE][PASSED] - Navigate to 'https://roomit.acomodeo.com/en/' successfully&#xD;
&#xD;
2020-01-10 14:27:08 - [TEST_STEP][PASSED] - delay(10): Delayed 10 second(s)&#xD;
&#xD;
2020-01-10 14:27:18 - [MESSAGE][PASSED] - Delayed 10 second(s)&#xD;
&#xD;
2020-01-10 14:27:18 - [TEST_STEP][PASSED] - click(findTestObject("Object Repository/katalonIBE/Page_Home  Audi Long Stay/button_Log in")): Object: 'Object Repository/katalonIBE/Page_Home  Audi Long Stay/button_Log in' is clicked on&#xD;
&#xD;
2020-01-10 14:27:19 - [MESSAGE][PASSED] - Object: 'Object Repository/katalonIBE/Page_Home  Audi Long Stay/button_Log in' is clicked on&#xD;
&#xD;
2020-01-10 14:27:19 - [TEST_STEP][PASSED] - delay(3): Delayed 3 second(s)&#xD;
&#xD;
2020-01-10 14:27:22 - [MESSAGE][PASSED] - Delayed 3 second(s)&#xD;
&#xD;
2020-01-10 14:27:22 - [TEST_STEP][PASSED] - setText(findTestObject("Object Repository/katalonIBE/Page_Home  Audi Long Stay/input_Register_email"), username): Text 'katalon@acomodeo.com' is set on object 'Object Repository/katalonIBE/Page_Home  Audi Long Stay/input_Register_email'&#xD;
&#xD;
2020-01-10 14:27:22 - [MESSAGE][PASSED] - Text 'katalon@acomodeo.com' is set on object 'Object Repository/katalonIBE/Page_Home  Audi Long Stay/input_Register_email'&#xD;
&#xD;
2020-01-10 14:27:22 - [TEST_STEP][PASSED] - setEncryptedText(findTestObject("Object Repository/katalonIBE/Page_Home  Audi Long Stay/input_Register_password"), password): Text ****** has been set on object 'Object Repository/katalonIBE/Page_Home  Audi Long Stay/input_Register_password'&#xD;
&#xD;
2020-01-10 14:27:22 - [MESSAGE][PASSED] - Text ****** has been set on object 'Object Repository/katalonIBE/Page_Home  Audi Long Stay/input_Register_password'&#xD;
&#xD;
2020-01-10 14:27:22 - [TEST_STEP][PASSED] - delay(3): Delayed 3 second(s)&#xD;
&#xD;
2020-01-10 14:27:25 - [MESSAGE][PASSED] - Delayed 3 second(s)&#xD;
&#xD;
2020-01-10 14:27:25 - [TEST_STEP][PASSED] - click(findTestObject("Object Repository/katalonIBE/Page_Home  Audi Long Stay/span_Log in")): Object: 'Object Repository/katalonIBE/Page_Home  Audi Long Stay/span_Log in' is clicked on&#xD;
&#xD;
2020-01-10 14:27:26 - [MESSAGE][PASSED] - Object: 'Object Repository/katalonIBE/Page_Home  Audi Long Stay/span_Log in' is clicked on&#xD;
&#xD;
2020-01-10 14:27:26 - [TEST_STEP][PASSED] - delay(8): Delayed 8 second(s)&#xD;
&#xD;
2020-01-10 14:27:34 - [MESSAGE][PASSED] - Delayed 8 second(s)&#xD;
&#xD;
2020-01-10 14:27:34 - [TEST_STEP][FAILED] - click(findTestObject("Object Repository/katalonIBE/Page_Home  Audi Long Stay/button_Profile")): Unable to click on object 'Object Repository/katalonIBE/Page_Home  Audi Long Stay/button_Profile' (Root cause: com.kms.katalon.core.exception.StepFailedException: Unable to click on object 'Object Repository/katalonIBE/Page_Home  Audi Long Stay/button_Profile'&#xD;
	at com.kms.katalon.core.webui.keyword.internal.WebUIKeywordMain.stepFailed(WebUIKeywordMain.groovy:64)&#xD;
	at com.kms.katalon.core.webui.keyword.internal.WebUIKeywordMain.runKeyword(WebUIKeywordMain.groovy:26)&#xD;
	at com.kms.katalon.core.webui.keyword.builtin.ClickKeyword.click(ClickKeyword.groovy:86)&#xD;
	at com.kms.katalon.core.webui.keyword.builtin.ClickKeyword.execute(ClickKeyword.groovy:67)&#xD;
	at com.kms.katalon.core.keyword.internal.KeywordExecutor.executeKeywordForPlatform(KeywordExecutor.groovy:56)&#xD;
	at com.kms.katalon.core.webui.keyword.WebUiBuiltInKeywords.click(WebUiBuiltInKeywords.groovy:616)&#xD;
	at com.kms.katalon.core.webui.keyword.WebUiBuiltInKeywords$click$1.call(Unknown Source)&#xD;
	at roomit.run(roomit:30)&#xD;
	at com.kms.katalon.core.main.ScriptEngine.run(ScriptEngine.java:194)&#xD;
	at com.kms.katalon.core.main.ScriptEngine.runScriptAsRawText(ScriptEngine.java:119)&#xD;
	at com.kms.katalon.core.main.TestCaseExecutor.runScript(TestCaseExecutor.java:337)&#xD;
	at com.kms.katalon.core.main.TestCaseExecutor.doExecute(TestCaseExecutor.java:328)&#xD;
	at com.kms.katalon.core.main.TestCaseExecutor.processExecutionPhase(TestCaseExecutor.java:307)&#xD;
	at com.kms.katalon.core.main.TestCaseExecutor.accessMainPhase(TestCaseExecutor.java:299)&#xD;
	at com.kms.katalon.core.main.TestCaseExecutor.execute(TestCaseExecutor.java:233)&#xD;
	at com.kms.katalon.core.main.TestSuiteExecutor.accessTestCaseMainPhase(TestSuiteExecutor.java:133)&#xD;
	at com.kms.katalon.core.main.TestSuiteExecutor.accessTestSuiteMainPhase(TestSuiteExecutor.java:116)&#xD;
	at com.kms.katalon.core.main.TestSuiteExecutor.execute(TestSuiteExecutor.java:83)&#xD;
	at com.kms.katalon.core.main.TestCaseMain.startTestSuite(TestCaseMain.java:157)&#xD;
	at com.kms.katalon.core.main.TestCaseMain$startTestSuite$0.call(Unknown Source)&#xD;
	at TempTestSuite1578662348649.run(TempTestSuite1578662348649.groovy:35)&#xD;
Caused by: com.kms.katalon.core.webui.exception.WebElementNotFoundException: Web element with id: 'Object Repository/katalonIBE/Page_Home  Audi Long Stay/button_Profile' located by 'By.xpath: (.//*[normalize-space(text()) and normalize-space(.)='Individual enquiry'])[1]/following::button[1]' not found&#xD;
	at com.kms.katalon.core.webui.common.WebUiCommonHelper.findWebElement(WebUiCommonHelper.java:1097)&#xD;
	at com.kms.katalon.core.webui.keyword.internal.WebUIAbstractKeyword.findWebElement(WebUIAbstractKeyword.groovy:27)&#xD;
	at com.kms.katalon.core.webui.keyword.internal.WebUIAbstractKeyword.findWebElement(WebUIAbstractKeyword.groovy:26)&#xD;
	at com.kms.katalon.core.webui.keyword.builtin.ClickKeyword$_click_closure1.doCall(ClickKeyword.groovy:77)&#xD;
	at com.kms.katalon.core.webui.keyword.builtin.ClickKeyword$_click_closure1.call(ClickKeyword.groovy)&#xD;
	at com.kms.katalon.core.webui.keyword.internal.WebUIKeywordMain.runKeyword(WebUIKeywordMain.groovy:20)&#xD;
	at com.kms.katalon.core.webui.keyword.builtin.ClickKeyword.click(ClickKeyword.groovy:86)&#xD;
	at com.kms.katalon.core.webui.keyword.builtin.ClickKeyword.execute(ClickKeyword.groovy:67)&#xD;
	at com.kms.katalon.core.keyword.internal.KeywordExecutor.executeKeywordForPlatform(KeywordExecutor.groovy:56)&#xD;
	at com.kms.katalon.core.webui.keyword.WebUiBuiltInKeywords.click(WebUiBuiltInKeywords.groovy:616)&#xD;
	at com.kms.katalon.core.webui.keyword.WebUiBuiltInKeywords$click$1.call(Unknown Source)&#xD;
	at Script1564043137330.run(Script1564043137330.groovy:30)&#xD;
	... 13 more&#xD;
)&#xD;
&#xD;
2020-01-10 14:28:05 - [MESSAGE][INFO] - Unable to find the element located by 'By.xpath: (.//*[normalize-space(text()) and normalize-space(.)='Individual enquiry'])[1]/following::button[1]'. Please recheck the objects properties to make sure the desired element is located. &#xD;
&#xD;
2020-01-10 14:28:05 - [MESSAGE][FAILED] - Unable to click on object 'Object Repository/katalonIBE/Page_Home  Audi Long Stay/button_Profile' (Root cause: com.kms.katalon.core.exception.StepFailedException: Unable to click on object 'Object Repository/katalonIBE/Page_Home  Audi Long Stay/button_Profile'&#xD;
	at com.kms.katalon.core.webui.keyword.internal.WebUIKeywordMain.stepFailed(WebUIKeywordMain.groovy:64)&#xD;
	at com.kms.katalon.core.webui.keyword.internal.WebUIKeywordMain.runKeyword(WebUIKeywordMain.groovy:26)&#xD;
	at com.kms.katalon.core.webui.keyword.builtin.ClickKeyword.click(ClickKeyword.groovy:86)&#xD;
	at com.kms.katalon.core.webui.keyword.builtin.ClickKeyword.execute(ClickKeyword.groovy:67)&#xD;
	at com.kms.katalon.core.keyword.internal.KeywordExecutor.executeKeywordForPlatform(KeywordExecutor.groovy:56)&#xD;
	at com.kms.katalon.core.webui.keyword.WebUiBuiltInKeywords.click(WebUiBuiltInKeywords.groovy:616)&#xD;
	at com.kms.katalon.core.webui.keyword.WebUiBuiltInKeywords$click$1.call(Unknown Source)&#xD;
	at roomit.run(roomit:30)&#xD;
	at com.kms.katalon.core.main.ScriptEngine.run(ScriptEngine.java:194)&#xD;
	at com.kms.katalon.core.main.ScriptEngine.runScriptAsRawText(ScriptEngine.java:119)&#xD;
	at com.kms.katalon.core.main.TestCaseExecutor.runScript(TestCaseExecutor.java:337)&#xD;
	at com.kms.katalon.core.main.TestCaseExecutor.doExecute(TestCaseExecutor.java:328)&#xD;
	at com.kms.katalon.core.main.TestCaseExecutor.processExecutionPhase(TestCaseExecutor.java:307)&#xD;
	at com.kms.katalon.core.main.TestCaseExecutor.accessMainPhase(TestCaseExecutor.java:299)&#xD;
	at com.kms.katalon.core.main.TestCaseExecutor.execute(TestCaseExecutor.java:233)&#xD;
	at com.kms.katalon.core.main.TestSuiteExecutor.accessTestCaseMainPhase(TestSuiteExecutor.java:133)&#xD;
	at com.kms.katalon.core.main.TestSuiteExecutor.accessTestSuiteMainPhase(TestSuiteExecutor.java:116)&#xD;
	at com.kms.katalon.core.main.TestSuiteExecutor.execute(TestSuiteExecutor.java:83)&#xD;
	at com.kms.katalon.core.main.TestCaseMain.startTestSuite(TestCaseMain.java:157)&#xD;
	at com.kms.katalon.core.main.TestCaseMain$startTestSuite$0.call(Unknown Source)&#xD;
	at TempTestSuite1578662348649.run(TempTestSuite1578662348649.groovy:35)&#xD;
Caused by: com.kms.katalon.core.webui.exception.WebElementNotFoundException: Web element with id: 'Object Repository/katalonIBE/Page_Home  Audi Long Stay/button_Profile' located by 'By.xpath: (.//*[normalize-space(text()) and normalize-space(.)='Individual enquiry'])[1]/following::button[1]' not found&#xD;
	at com.kms.katalon.core.webui.common.WebUiCommonHelper.findWebElement(WebUiCommonHelper.java:1097)&#xD;
	at com.kms.katalon.core.webui.keyword.internal.WebUIAbstractKeyword.findWebElement(WebUIAbstractKeyword.groovy:27)&#xD;
	at com.kms.katalon.core.webui.keyword.internal.WebUIAbstractKeyword.findWebElement(WebUIAbstractKeyword.groovy:26)&#xD;
	at com.kms.katalon.core.webui.keyword.builtin.ClickKeyword$_click_closure1.doCall(ClickKeyword.groovy:77)&#xD;
	at com.kms.katalon.core.webui.keyword.builtin.ClickKeyword$_click_closure1.call(ClickKeyword.groovy)&#xD;
	at com.kms.katalon.core.webui.keyword.internal.WebUIKeywordMain.runKeyword(WebUIKeywordMain.groovy:20)&#xD;
	at com.kms.katalon.core.webui.keyword.builtin.ClickKeyword.click(ClickKeyword.groovy:86)&#xD;
	at com.kms.katalon.core.webui.keyword.builtin.ClickKeyword.execute(ClickKeyword.groovy:67)&#xD;
	at com.kms.katalon.core.keyword.internal.KeywordExecutor.executeKeywordForPlatform(KeywordExecutor.groovy:56)&#xD;
	at com.kms.katalon.core.webui.keyword.WebUiBuiltInKeywords.click(WebUiBuiltInKeywords.groovy:616)&#xD;
	at com.kms.katalon.core.webui.keyword.WebUiBuiltInKeywords$click$1.call(Unknown Source)&#xD;
	at Script1564043137330.run(Script1564043137330.groovy:30)&#xD;
	... 13 more&#xD;
)&#xD;
[[ATTACHMENT|C:\\Users\\Antonio\\Katalon Studio\\TestingIBE\\Reports\\TestEveryIBE\\20200110_141904\\1578662885015.png]]</system-out>
            <system-err>2020-01-10 14:27:01 - [TEST_CASE][FAILED] - Test Cases/roomit: Test Cases/roomit FAILED.
Reason:
com.kms.katalon.core.exception.StepFailedException: Unable to click on object 'Object Repository/katalonIBE/Page_Home  Audi Long Stay/button_Profile'&#xD;
	at com.kms.katalon.core.webui.keyword.internal.WebUIKeywordMain.stepFailed(WebUIKeywordMain.groovy:64)&#xD;
	at com.kms.katalon.core.webui.keyword.internal.WebUIKeywordMain.runKeyword(WebUIKeywordMain.groovy:26)&#xD;
	at com.kms.katalon.core.webui.keyword.builtin.ClickKeyword.click(ClickKeyword.groovy:86)&#xD;
	at com.kms.katalon.core.webui.keyword.builtin.ClickKeyword.execute(ClickKeyword.groovy:67)&#xD;
	at com.kms.katalon.core.keyword.internal.KeywordExecutor.executeKeywordForPlatform(KeywordExecutor.groovy:56)&#xD;
	at com.kms.katalon.core.webui.keyword.WebUiBuiltInKeywords.click(WebUiBuiltInKeywords.groovy:616)&#xD;
	at com.kms.katalon.core.webui.keyword.WebUiBuiltInKeywords$click$1.call(Unknown Source)&#xD;
	at roomit.run(roomit:30)&#xD;
	at com.kms.katalon.core.main.ScriptEngine.run(ScriptEngine.java:194)&#xD;
	at com.kms.katalon.core.main.ScriptEngine.runScriptAsRawText(ScriptEngine.java:119)&#xD;
	at com.kms.katalon.core.main.TestCaseExecutor.runScript(TestCaseExecutor.java:337)&#xD;
	at com.kms.katalon.core.main.TestCaseExecutor.doExecute(TestCaseExecutor.java:328)&#xD;
	at com.kms.katalon.core.main.TestCaseExecutor.processExecutionPhase(TestCaseExecutor.java:307)&#xD;
	at com.kms.katalon.core.main.TestCaseExecutor.accessMainPhase(TestCaseExecutor.java:299)&#xD;
	at com.kms.katalon.core.main.TestCaseExecutor.execute(TestCaseExecutor.java:233)&#xD;
	at com.kms.katalon.core.main.TestSuiteExecutor.accessTestCaseMainPhase(TestSuiteExecutor.java:133)&#xD;
	at com.kms.katalon.core.main.TestSuiteExecutor.accessTestSuiteMainPhase(TestSuiteExecutor.java:116)&#xD;
	at com.kms.katalon.core.main.TestSuiteExecutor.execute(TestSuiteExecutor.java:83)&#xD;
	at com.kms.katalon.core.main.TestCaseMain.startTestSuite(TestCaseMain.java:157)&#xD;
	at com.kms.katalon.core.main.TestCaseMain$startTestSuite$0.call(Unknown Source)&#xD;
	at TempTestSuite1578662348649.run(TempTestSuite1578662348649.groovy:35)&#xD;
Caused by: com.kms.katalon.core.webui.exception.WebElementNotFoundException: Web element with id: 'Object Repository/katalonIBE/Page_Home  Audi Long Stay/button_Profile' located by 'By.xpath: (.//*[normalize-space(text()) and normalize-space(.)='Individual enquiry'])[1]/following::button[1]' not found&#xD;
	at com.kms.katalon.core.webui.common.WebUiCommonHelper.findWebElement(WebUiCommonHelper.java:1097)&#xD;
	at com.kms.katalon.core.webui.keyword.internal.WebUIAbstractKeyword.findWebElement(WebUIAbstractKeyword.groovy:27)&#xD;
	at com.kms.katalon.core.webui.keyword.internal.WebUIAbstractKeyword.findWebElement(WebUIAbstractKeyword.groovy:26)&#xD;
	at com.kms.katalon.core.webui.keyword.builtin.ClickKeyword$_click_closure1.doCall(ClickKeyword.groovy:77)&#xD;
	at com.kms.katalon.core.webui.keyword.builtin.ClickKeyword$_click_closure1.call(ClickKeyword.groovy)&#xD;
	at com.kms.katalon.core.webui.keyword.internal.WebUIKeywordMain.runKeyword(WebUIKeywordMain.groovy:20)&#xD;
	... 19 more</system-err>
        </testcase>
        <testcase name="Test Cases/tmdfirction" classname="Test Cases/tmdfirction" status="FAILED">
            <failure type="FAILED" message="Test Cases/tmdfirction FAILED.&#xA;Reason:&#xA;com.kms.katalon.core.exception.StepFailedException: Unable to click on object 'Object Repository/katalonIBE/Page_Home  Audi Long Stay/button_Log in'&#xD;&#xA;&#x9;at com.kms.katalon.core.webui.keyword.internal.WebUIKeywordMain.stepFailed(WebUIKeywordMain.groovy:64)&#xD;&#xA;&#x9;at com.kms.katalon.core.webui.keyword.internal.WebUIKeywordMain.runKeyword(WebUIKeywordMain.groovy:26)&#xD;&#xA;&#x9;at com.kms.katalon.core.webui.keyword.builtin.ClickKeyword.click(ClickKeyword.groovy:86)&#xD;&#xA;&#x9;at com.kms.katalon.core.webui.keyword.builtin.ClickKeyword.execute(ClickKeyword.groovy:67)&#xD;&#xA;&#x9;at com.kms.katalon.core.keyword.internal.KeywordExecutor.executeKeywordForPlatform(KeywordExecutor.groovy:56)&#xD;&#xA;&#x9;at com.kms.katalon.core.webui.keyword.WebUiBuiltInKeywords.click(WebUiBuiltInKeywords.groovy:616)&#xD;&#xA;&#x9;at com.kms.katalon.core.webui.keyword.WebUiBuiltInKeywords$click$1.call(Unknown Source)&#xD;&#xA;&#x9;at tmdfirction.run(tmdfirction:21)&#xD;&#xA;&#x9;at com.kms.katalon.core.main.ScriptEngine.run(ScriptEngine.java:194)&#xD;&#xA;&#x9;at com.kms.katalon.core.main.ScriptEngine.runScriptAsRawText(ScriptEngine.java:119)&#xD;&#xA;&#x9;at com.kms.katalon.core.main.TestCaseExecutor.runScript(TestCaseExecutor.java:337)&#xD;&#xA;&#x9;at com.kms.katalon.core.main.TestCaseExecutor.doExecute(TestCaseExecutor.java:328)&#xD;&#xA;&#x9;at com.kms.katalon.core.main.TestCaseExecutor.processExecutionPhase(TestCaseExecutor.java:307)&#xD;&#xA;&#x9;at com.kms.katalon.core.main.TestCaseExecutor.accessMainPhase(TestCaseExecutor.java:299)&#xD;&#xA;&#x9;at com.kms.katalon.core.main.TestCaseExecutor.execute(TestCaseExecutor.java:233)&#xD;&#xA;&#x9;at com.kms.katalon.core.main.TestSuiteExecutor.accessTestCaseMainPhase(TestSuiteExecutor.java:133)&#xD;&#xA;&#x9;at com.kms.katalon.core.main.TestSuiteExecutor.accessTestSuiteMainPhase(TestSuiteExecutor.java:116)&#xD;&#xA;&#x9;at com.kms.katalon.core.main.TestSuiteExecutor.execute(TestSuiteExecutor.java:83)&#xD;&#xA;&#x9;at com.kms.katalon.core.main.TestCaseMain.startTestSuite(TestCaseMain.java:157)&#xD;&#xA;&#x9;at com.kms.katalon.core.main.TestCaseMain$startTestSuite$0.call(Unknown Source)&#xD;&#xA;&#x9;at TempTestSuite1578662348649.run(TempTestSuite1578662348649.groovy:35)&#xD;&#xA;Caused by: org.openqa.selenium.NoSuchWindowException: Browsing context has been discarded&#xA;Build info: version: '3.141.59', revision: 'e82be7d358', time: '2018-11-14T08:25:53'&#xA;System info: host: 'ANTONIO', ip: '169.254.42.39', os.name: 'Windows 10', os.arch: 'amd64', os.version: '10.0', java.version: '1.8.0_181'&#xA;Driver info: com.kms.katalon.core.webui.driver.firefox.CGeckoDriver&#xA;Capabilities {acceptInsecureCerts: true, browserName: firefox, browserVersion: 72.0.1, javascriptEnabled: true, moz:accessibilityChecks: false, moz:buildID: 20200107212822, moz:geckodriverVersion: 0.26.0, moz:headless: false, moz:processID: 16472, moz:profile: C:\Users\Antonio\AppData\Lo..., moz:shutdownTimeout: 60000, moz:useNonSpecCompliantPointerOrigin: false, moz:webdriverClick: true, pageLoadStrategy: normal, platform: WINDOWS, platformName: WINDOWS, platformVersion: 10.0, proxy: Proxy(direct), rotatable: false, setWindowRect: true, strictFileInteractability: false, timeouts: {implicit: 0, pageLoad: 300000, script: 30000}, unhandledPromptBehavior: dismiss and notify}&#xA;Session ID: 5a5921f5-57f1-4f94-8ec5-d365fae4e062&#xA;*** Element info: {Using=xpath, value=(.//*[normalize-space(text()) and normalize-space(.)='€'])[1]/following::button[1]}&#xD;&#xA;&#x9;at org.openqa.selenium.remote.http.W3CHttpResponseCodec.createException(W3CHttpResponseCodec.java:187)&#xD;&#xA;&#x9;at org.openqa.selenium.remote.http.W3CHttpResponseCodec.decode(W3CHttpResponseCodec.java:122)&#xD;&#xA;&#x9;at org.openqa.selenium.remote.http.W3CHttpResponseCodec.decode(W3CHttpResponseCodec.java:49)&#xD;&#xA;&#x9;at org.openqa.selenium.remote.HttpCommandExecutor.execute(HttpCommandExecutor.java:158)&#xD;&#xA;&#x9;at org.openqa.selenium.remote.service.DriverCommandExecutor.execute(DriverCommandExecutor.java:83)&#xD;&#xA;&#x9;at org.openqa.selenium.remote.RemoteWebDriver.execute(RemoteWebDriver.java:552)&#xD;&#xA;&#x9;at com.kms.katalon.selenium.driver.CFirefoxDriver.execute(CFirefoxDriver.java:28)&#xD;&#xA;&#x9;at org.openqa.selenium.remote.RemoteWebDriver.findElements(RemoteWebDriver.java:353)&#xD;&#xA;&#x9;at org.openqa.selenium.remote.RemoteWebDriver.findElementsByXPath(RemoteWebDriver.java:432)&#xD;&#xA;&#x9;at org.openqa.selenium.By$ByXPath.findElements(By.java:348)&#xD;&#xA;&#x9;at org.openqa.selenium.remote.RemoteWebDriver.findElements(RemoteWebDriver.java:311)&#xD;&#xA;&#x9;at com.kms.katalon.core.webui.common.WebUiCommonHelper.findWebElements(WebUiCommonHelper.java:761)&#xD;&#xA;&#x9;at com.kms.katalon.core.webui.common.WebUiCommonHelper.findWebElement(WebUiCommonHelper.java:1093)&#xD;&#xA;&#x9;at com.kms.katalon.core.webui.keyword.internal.WebUIAbstractKeyword.findWebElement(WebUIAbstractKeyword.groovy:27)&#xD;&#xA;&#x9;at com.kms.katalon.core.webui.keyword.internal.WebUIAbstractKeyword.findWebElement(WebUIAbstractKeyword.groovy:26)&#xD;&#xA;&#x9;at com.kms.katalon.core.webui.keyword.builtin.ClickKeyword$_click_closure1.doCall(ClickKeyword.groovy:77)&#xD;&#xA;&#x9;at com.kms.katalon.core.webui.keyword.builtin.ClickKeyword$_click_closure1.call(ClickKeyword.groovy)&#xD;&#xA;&#x9;at com.kms.katalon.core.webui.keyword.internal.WebUIKeywordMain.runKeyword(WebUIKeywordMain.groovy:20)&#xD;&#xA;&#x9;... 19 more&#xD;&#xA;"/>
            <system-out>2020-01-10 14:28:05 - [TEST_CASE][FAILED] - Test Cases/tmdfirction: Test Cases/tmdfirction FAILED.
Reason:
com.kms.katalon.core.exception.StepFailedException: Unable to click on object 'Object Repository/katalonIBE/Page_Home  Audi Long Stay/button_Log in'&#xD;
	at com.kms.katalon.core.webui.keyword.internal.WebUIKeywordMain.stepFailed(WebUIKeywordMain.groovy:64)&#xD;
	at com.kms.katalon.core.webui.keyword.internal.WebUIKeywordMain.runKeyword(WebUIKeywordMain.groovy:26)&#xD;
	at com.kms.katalon.core.webui.keyword.builtin.ClickKeyword.click(ClickKeyword.groovy:86)&#xD;
	at com.kms.katalon.core.webui.keyword.builtin.ClickKeyword.execute(ClickKeyword.groovy:67)&#xD;
	at com.kms.katalon.core.keyword.internal.KeywordExecutor.executeKeywordForPlatform(KeywordExecutor.groovy:56)&#xD;
	at com.kms.katalon.core.webui.keyword.WebUiBuiltInKeywords.click(WebUiBuiltInKeywords.groovy:616)&#xD;
	at com.kms.katalon.core.webui.keyword.WebUiBuiltInKeywords$click$1.call(Unknown Source)&#xD;
	at tmdfirction.run(tmdfirction:21)&#xD;
	at com.kms.katalon.core.main.ScriptEngine.run(ScriptEngine.java:194)&#xD;
	at com.kms.katalon.core.main.ScriptEngine.runScriptAsRawText(ScriptEngine.java:119)&#xD;
	at com.kms.katalon.core.main.TestCaseExecutor.runScript(TestCaseExecutor.java:337)&#xD;
	at com.kms.katalon.core.main.TestCaseExecutor.doExecute(TestCaseExecutor.java:328)&#xD;
	at com.kms.katalon.core.main.TestCaseExecutor.processExecutionPhase(TestCaseExecutor.java:307)&#xD;
	at com.kms.katalon.core.main.TestCaseExecutor.accessMainPhase(TestCaseExecutor.java:299)&#xD;
	at com.kms.katalon.core.main.TestCaseExecutor.execute(TestCaseExecutor.java:233)&#xD;
	at com.kms.katalon.core.main.TestSuiteExecutor.accessTestCaseMainPhase(TestSuiteExecutor.java:133)&#xD;
	at com.kms.katalon.core.main.TestSuiteExecutor.accessTestSuiteMainPhase(TestSuiteExecutor.java:116)&#xD;
	at com.kms.katalon.core.main.TestSuiteExecutor.execute(TestSuiteExecutor.java:83)&#xD;
	at com.kms.katalon.core.main.TestCaseMain.startTestSuite(TestCaseMain.java:157)&#xD;
	at com.kms.katalon.core.main.TestCaseMain$startTestSuite$0.call(Unknown Source)&#xD;
	at TempTestSuite1578662348649.run(TempTestSuite1578662348649.groovy:35)&#xD;
Caused by: org.openqa.selenium.NoSuchWindowException: Browsing context has been discarded
Build info: version: '3.141.59', revision: 'e82be7d358', time: '2018-11-14T08:25:53'
System info: host: 'ANTONIO', ip: '169.254.42.39', os.name: 'Windows 10', os.arch: 'amd64', os.version: '10.0', java.version: '1.8.0_181'
Driver info: com.kms.katalon.core.webui.driver.firefox.CGeckoDriver
Capabilities {acceptInsecureCerts: true, browserName: firefox, browserVersion: 72.0.1, javascriptEnabled: true, moz:accessibilityChecks: false, moz:buildID: 20200107212822, moz:geckodriverVersion: 0.26.0, moz:headless: false, moz:processID: 16472, moz:profile: C:\Users\Antonio\AppData\Lo..., moz:shutdownTimeout: 60000, moz:useNonSpecCompliantPointerOrigin: false, moz:webdriverClick: true, pageLoadStrategy: normal, platform: WINDOWS, platformName: WINDOWS, platformVersion: 10.0, proxy: Proxy(direct), rotatable: false, setWindowRect: true, strictFileInteractability: false, timeouts: {implicit: 0, pageLoad: 300000, script: 30000}, unhandledPromptBehavior: dismiss and notify}
Session ID: 5a5921f5-57f1-4f94-8ec5-d365fae4e062
*** Element info: {Using=xpath, value=(.//*[normalize-space(text()) and normalize-space(.)='€'])[1]/following::button[1]}&#xD;
	at org.openqa.selenium.remote.http.W3CHttpResponseCodec.createException(W3CHttpResponseCodec.java:187)&#xD;
	at org.openqa.selenium.remote.http.W3CHttpResponseCodec.decode(W3CHttpResponseCodec.java:122)&#xD;
	at org.openqa.selenium.remote.http.W3CHttpResponseCodec.decode(W3CHttpResponseCodec.java:49)&#xD;
	at org.openqa.selenium.remote.HttpCommandExecutor.execute(HttpCommandExecutor.java:158)&#xD;
	at org.openqa.selenium.remote.service.DriverCommandExecutor.execute(DriverCommandExecutor.java:83)&#xD;
	at org.openqa.selenium.remote.RemoteWebDriver.execute(RemoteWebDriver.java:552)&#xD;
	at com.kms.katalon.selenium.driver.CFirefoxDriver.execute(CFirefoxDriver.java:28)&#xD;
	at org.openqa.selenium.remote.RemoteWebDriver.findElements(RemoteWebDriver.java:353)&#xD;
	at org.openqa.selenium.remote.RemoteWebDriver.findElementsByXPath(RemoteWebDriver.java:432)&#xD;
	at org.openqa.selenium.By$ByXPath.findElements(By.java:348)&#xD;
	at org.openqa.selenium.remote.RemoteWebDriver.findElements(RemoteWebDriver.java:311)&#xD;
	at com.kms.katalon.core.webui.common.WebUiCommonHelper.findWebElements(WebUiCommonHelper.java:761)&#xD;
	at com.kms.katalon.core.webui.common.WebUiCommonHelper.findWebElement(WebUiCommonHelper.java:1093)&#xD;
	at com.kms.katalon.core.webui.keyword.internal.WebUIAbstractKeyword.findWebElement(WebUIAbstractKeyword.groovy:27)&#xD;
	at com.kms.katalon.core.webui.keyword.internal.WebUIAbstractKeyword.findWebElement(WebUIAbstractKeyword.groovy:26)&#xD;
	at com.kms.katalon.core.webui.keyword.builtin.ClickKeyword$_click_closure1.doCall(ClickKeyword.groovy:77)&#xD;
	at com.kms.katalon.core.webui.keyword.builtin.ClickKeyword$_click_closure1.call(ClickKeyword.groovy)&#xD;
	at com.kms.katalon.core.webui.keyword.internal.WebUIKeywordMain.runKeyword(WebUIKeywordMain.groovy:20)&#xD;
	... 19 more&#xD;
&#xD;
&#xD;
2020-01-10 14:28:05 - [TEST_STEP][PASSED] - openBrowser(""): Browser is opened with url: ''&#xD;
&#xD;
2020-01-10 14:28:05 - [MESSAGE][WARNING] - A browser is already opened. Closing browser and opening a new one&#xD;
&#xD;
2020-01-10 14:28:07 - [MESSAGE][INFO] - Starting 'Firefox' driver&#xD;
&#xD;
2020-01-10 14:28:12 - [MESSAGE][PASSED] - Browser is opened with url: ''&#xD;
&#xD;
2020-01-10 14:28:12 - [TEST_STEP][PASSED] - navigateToUrl("https://tmdfirction.acomodeo.com/en/"): Navigate to 'https://tmdfirction.acomodeo.com/en/' successfully&#xD;
&#xD;
2020-01-10 14:28:13 - [MESSAGE][PASSED] - Navigate to 'https://tmdfirction.acomodeo.com/en/' successfully&#xD;
&#xD;
2020-01-10 14:28:13 - [TEST_STEP][PASSED] - delay(10): Delayed 10 second(s)&#xD;
&#xD;
2020-01-10 14:28:23 - [MESSAGE][PASSED] - Delayed 10 second(s)&#xD;
&#xD;
2020-01-10 14:28:23 - [TEST_STEP][FAILED] - click(findTestObject("Object Repository/katalonIBE/Page_Home  Audi Long Stay/button_Log in")): Unable to click on object 'Object Repository/katalonIBE/Page_Home  Audi Long Stay/button_Log in' (Root cause: com.kms.katalon.core.exception.StepFailedException: Unable to click on object 'Object Repository/katalonIBE/Page_Home  Audi Long Stay/button_Log in'&#xD;
	at com.kms.katalon.core.webui.keyword.internal.WebUIKeywordMain.stepFailed(WebUIKeywordMain.groovy:64)&#xD;
	at com.kms.katalon.core.webui.keyword.internal.WebUIKeywordMain.runKeyword(WebUIKeywordMain.groovy:26)&#xD;
	at com.kms.katalon.core.webui.keyword.builtin.ClickKeyword.click(ClickKeyword.groovy:86)&#xD;
	at com.kms.katalon.core.webui.keyword.builtin.ClickKeyword.execute(ClickKeyword.groovy:67)&#xD;
	at com.kms.katalon.core.keyword.internal.KeywordExecutor.executeKeywordForPlatform(KeywordExecutor.groovy:56)&#xD;
	at com.kms.katalon.core.webui.keyword.WebUiBuiltInKeywords.click(WebUiBuiltInKeywords.groovy:616)&#xD;
	at com.kms.katalon.core.webui.keyword.WebUiBuiltInKeywords$click$1.call(Unknown Source)&#xD;
	at tmdfirction.run(tmdfirction:21)&#xD;
	at com.kms.katalon.core.main.ScriptEngine.run(ScriptEngine.java:194)&#xD;
	at com.kms.katalon.core.main.ScriptEngine.runScriptAsRawText(ScriptEngine.java:119)&#xD;
	at com.kms.katalon.core.main.TestCaseExecutor.runScript(TestCaseExecutor.java:337)&#xD;
	at com.kms.katalon.core.main.TestCaseExecutor.doExecute(TestCaseExecutor.java:328)&#xD;
	at com.kms.katalon.core.main.TestCaseExecutor.processExecutionPhase(TestCaseExecutor.java:307)&#xD;
	at com.kms.katalon.core.main.TestCaseExecutor.accessMainPhase(TestCaseExecutor.java:299)&#xD;
	at com.kms.katalon.core.main.TestCaseExecutor.execute(TestCaseExecutor.java:233)&#xD;
	at com.kms.katalon.core.main.TestSuiteExecutor.accessTestCaseMainPhase(TestSuiteExecutor.java:133)&#xD;
	at com.kms.katalon.core.main.TestSuiteExecutor.accessTestSuiteMainPhase(TestSuiteExecutor.java:116)&#xD;
	at com.kms.katalon.core.main.TestSuiteExecutor.execute(TestSuiteExecutor.java:83)&#xD;
	at com.kms.katalon.core.main.TestCaseMain.startTestSuite(TestCaseMain.java:157)&#xD;
	at com.kms.katalon.core.main.TestCaseMain$startTestSuite$0.call(Unknown Source)&#xD;
	at TempTestSuite1578662348649.run(TempTestSuite1578662348649.groovy:35)&#xD;
Caused by: org.openqa.selenium.NoSuchWindowException: Browsing context has been discarded
Build info: version: '3.141.59', revision: 'e82be7d358', time: '2018-11-14T08:25:53'
System info: host: 'ANTONIO', ip: '169.254.42.39', os.name: 'Windows 10', os.arch: 'amd64', os.version: '10.0', java.version: '1.8.0_181'
Driver info: com.kms.katalon.core.webui.driver.firefox.CGeckoDriver
Capabilities {acceptInsecureCerts: true, browserName: firefox, browserVersion: 72.0.1, javascriptEnabled: true, moz:accessibilityChecks: false, moz:buildID: 20200107212822, moz:geckodriverVersion: 0.26.0, moz:headless: false, moz:processID: 16472, moz:profile: C:\Users\Antonio\AppData\Lo..., moz:shutdownTimeout: 60000, moz:useNonSpecCompliantPointerOrigin: false, moz:webdriverClick: true, pageLoadStrategy: normal, platform: WINDOWS, platformName: WINDOWS, platformVersion: 10.0, proxy: Proxy(direct), rotatable: false, setWindowRect: true, strictFileInteractability: false, timeouts: {implicit: 0, pageLoad: 300000, script: 30000}, unhandledPromptBehavior: dismiss and notify}
Session ID: 5a5921f5-57f1-4f94-8ec5-d365fae4e062
*** Element info: {Using=xpath, value=(.//*[normalize-space(text()) and normalize-space(.)='€'])[1]/following::button[1]}&#xD;
	at org.openqa.selenium.remote.http.W3CHttpResponseCodec.createException(W3CHttpResponseCodec.java:187)&#xD;
	at org.openqa.selenium.remote.http.W3CHttpResponseCodec.decode(W3CHttpResponseCodec.java:122)&#xD;
	at org.openqa.selenium.remote.http.W3CHttpResponseCodec.decode(W3CHttpResponseCodec.java:49)&#xD;
	at org.openqa.selenium.remote.HttpCommandExecutor.execute(HttpCommandExecutor.java:158)&#xD;
	at org.openqa.selenium.remote.service.DriverCommandExecutor.execute(DriverCommandExecutor.java:83)&#xD;
	at org.openqa.selenium.remote.RemoteWebDriver.execute(RemoteWebDriver.java:552)&#xD;
	at com.kms.katalon.selenium.driver.CFirefoxDriver.execute(CFirefoxDriver.java:28)&#xD;
	at org.openqa.selenium.remote.RemoteWebDriver.findElements(RemoteWebDriver.java:353)&#xD;
	at org.openqa.selenium.remote.RemoteWebDriver.findElementsByXPath(RemoteWebDriver.java:432)&#xD;
	at org.openqa.selenium.By$ByXPath.findElements(By.java:348)&#xD;
	at org.openqa.selenium.remote.RemoteWebDriver.findElements(RemoteWebDriver.java:311)&#xD;
	at com.kms.katalon.core.webui.common.WebUiCommonHelper.findWebElements(WebUiCommonHelper.java:761)&#xD;
	at com.kms.katalon.core.webui.common.WebUiCommonHelper.findWebElement(WebUiCommonHelper.java:1093)&#xD;
	at com.kms.katalon.core.webui.keyword.internal.WebUIAbstractKeyword.findWebElement(WebUIAbstractKeyword.groovy:27)&#xD;
	at com.kms.katalon.core.webui.keyword.internal.WebUIAbstractKeyword.findWebElement(WebUIAbstractKeyword.groovy:26)&#xD;
	at com.kms.katalon.core.webui.keyword.builtin.ClickKeyword$_click_closure1.doCall(ClickKeyword.groovy:77)&#xD;
	at com.kms.katalon.core.webui.keyword.builtin.ClickKeyword$_click_closure1.call(ClickKeyword.groovy)&#xD;
	at com.kms.katalon.core.webui.keyword.internal.WebUIKeywordMain.runKeyword(WebUIKeywordMain.groovy:20)&#xD;
	at com.kms.katalon.core.webui.keyword.builtin.ClickKeyword.click(ClickKeyword.groovy:86)&#xD;
	at com.kms.katalon.core.webui.keyword.builtin.ClickKeyword.execute(ClickKeyword.groovy:67)&#xD;
	at com.kms.katalon.core.keyword.internal.KeywordExecutor.executeKeywordForPlatform(KeywordExecutor.groovy:56)&#xD;
	at com.kms.katalon.core.webui.keyword.WebUiBuiltInKeywords.click(WebUiBuiltInKeywords.groovy:616)&#xD;
	at com.kms.katalon.core.webui.keyword.WebUiBuiltInKeywords$click$1.call(Unknown Source)&#xD;
	at Script1564043187630.run(Script1564043187630.groovy:21)&#xD;
	... 13 more&#xD;
)&#xD;
&#xD;
2020-01-10 14:28:37 - [MESSAGE][WARNING] - Cannot take screenshot&#xD;
&#xD;
2020-01-10 14:28:37 - [MESSAGE][FAILED] - Unable to click on object 'Object Repository/katalonIBE/Page_Home  Audi Long Stay/button_Log in' (Root cause: com.kms.katalon.core.exception.StepFailedException: Unable to click on object 'Object Repository/katalonIBE/Page_Home  Audi Long Stay/button_Log in'&#xD;
	at com.kms.katalon.core.webui.keyword.internal.WebUIKeywordMain.stepFailed(WebUIKeywordMain.groovy:64)&#xD;
	at com.kms.katalon.core.webui.keyword.internal.WebUIKeywordMain.runKeyword(WebUIKeywordMain.groovy:26)&#xD;
	at com.kms.katalon.core.webui.keyword.builtin.ClickKeyword.click(ClickKeyword.groovy:86)&#xD;
	at com.kms.katalon.core.webui.keyword.builtin.ClickKeyword.execute(ClickKeyword.groovy:67)&#xD;
	at com.kms.katalon.core.keyword.internal.KeywordExecutor.executeKeywordForPlatform(KeywordExecutor.groovy:56)&#xD;
	at com.kms.katalon.core.webui.keyword.WebUiBuiltInKeywords.click(WebUiBuiltInKeywords.groovy:616)&#xD;
	at com.kms.katalon.core.webui.keyword.WebUiBuiltInKeywords$click$1.call(Unknown Source)&#xD;
	at tmdfirction.run(tmdfirction:21)&#xD;
	at com.kms.katalon.core.main.ScriptEngine.run(ScriptEngine.java:194)&#xD;
	at com.kms.katalon.core.main.ScriptEngine.runScriptAsRawText(ScriptEngine.java:119)&#xD;
	at com.kms.katalon.core.main.TestCaseExecutor.runScript(TestCaseExecutor.java:337)&#xD;
	at com.kms.katalon.core.main.TestCaseExecutor.doExecute(TestCaseExecutor.java:328)&#xD;
	at com.kms.katalon.core.main.TestCaseExecutor.processExecutionPhase(TestCaseExecutor.java:307)&#xD;
	at com.kms.katalon.core.main.TestCaseExecutor.accessMainPhase(TestCaseExecutor.java:299)&#xD;
	at com.kms.katalon.core.main.TestCaseExecutor.execute(TestCaseExecutor.java:233)&#xD;
	at com.kms.katalon.core.main.TestSuiteExecutor.accessTestCaseMainPhase(TestSuiteExecutor.java:133)&#xD;
	at com.kms.katalon.core.main.TestSuiteExecutor.accessTestSuiteMainPhase(TestSuiteExecutor.java:116)&#xD;
	at com.kms.katalon.core.main.TestSuiteExecutor.execute(TestSuiteExecutor.java:83)&#xD;
	at com.kms.katalon.core.main.TestCaseMain.startTestSuite(TestCaseMain.java:157)&#xD;
	at com.kms.katalon.core.main.TestCaseMain$startTestSuite$0.call(Unknown Source)&#xD;
	at TempTestSuite1578662348649.run(TempTestSuite1578662348649.groovy:35)&#xD;
Caused by: org.openqa.selenium.NoSuchWindowException: Browsing context has been discarded
Build info: version: '3.141.59', revision: 'e82be7d358', time: '2018-11-14T08:25:53'
System info: host: 'ANTONIO', ip: '169.254.42.39', os.name: 'Windows 10', os.arch: 'amd64', os.version: '10.0', java.version: '1.8.0_181'
Driver info: com.kms.katalon.core.webui.driver.firefox.CGeckoDriver
Capabilities {acceptInsecureCerts: true, browserName: firefox, browserVersion: 72.0.1, javascriptEnabled: true, moz:accessibilityChecks: false, moz:buildID: 20200107212822, moz:geckodriverVersion: 0.26.0, moz:headless: false, moz:processID: 16472, moz:profile: C:\Users\Antonio\AppData\Lo..., moz:shutdownTimeout: 60000, moz:useNonSpecCompliantPointerOrigin: false, moz:webdriverClick: true, pageLoadStrategy: normal, platform: WINDOWS, platformName: WINDOWS, platformVersion: 10.0, proxy: Proxy(direct), rotatable: false, setWindowRect: true, strictFileInteractability: false, timeouts: {implicit: 0, pageLoad: 300000, script: 30000}, unhandledPromptBehavior: dismiss and notify}
Session ID: 5a5921f5-57f1-4f94-8ec5-d365fae4e062
*** Element info: {Using=xpath, value=(.//*[normalize-space(text()) and normalize-space(.)='€'])[1]/following::button[1]}&#xD;
	at org.openqa.selenium.remote.http.W3CHttpResponseCodec.createException(W3CHttpResponseCodec.java:187)&#xD;
	at org.openqa.selenium.remote.http.W3CHttpResponseCodec.decode(W3CHttpResponseCodec.java:122)&#xD;
	at org.openqa.selenium.remote.http.W3CHttpResponseCodec.decode(W3CHttpResponseCodec.java:49)&#xD;
	at org.openqa.selenium.remote.HttpCommandExecutor.execute(HttpCommandExecutor.java:158)&#xD;
	at org.openqa.selenium.remote.service.DriverCommandExecutor.execute(DriverCommandExecutor.java:83)&#xD;
	at org.openqa.selenium.remote.RemoteWebDriver.execute(RemoteWebDriver.java:552)&#xD;
	at com.kms.katalon.selenium.driver.CFirefoxDriver.execute(CFirefoxDriver.java:28)&#xD;
	at org.openqa.selenium.remote.RemoteWebDriver.findElements(RemoteWebDriver.java:353)&#xD;
	at org.openqa.selenium.remote.RemoteWebDriver.findElementsByXPath(RemoteWebDriver.java:432)&#xD;
	at org.openqa.selenium.By$ByXPath.findElements(By.java:348)&#xD;
	at org.openqa.selenium.remote.RemoteWebDriver.findElements(RemoteWebDriver.java:311)&#xD;
	at com.kms.katalon.core.webui.common.WebUiCommonHelper.findWebElements(WebUiCommonHelper.java:761)&#xD;
	at com.kms.katalon.core.webui.common.WebUiCommonHelper.findWebElement(WebUiCommonHelper.java:1093)&#xD;
	at com.kms.katalon.core.webui.keyword.internal.WebUIAbstractKeyword.findWebElement(WebUIAbstractKeyword.groovy:27)&#xD;
	at com.kms.katalon.core.webui.keyword.internal.WebUIAbstractKeyword.findWebElement(WebUIAbstractKeyword.groovy:26)&#xD;
	at com.kms.katalon.core.webui.keyword.builtin.ClickKeyword$_click_closure1.doCall(ClickKeyword.groovy:77)&#xD;
	at com.kms.katalon.core.webui.keyword.builtin.ClickKeyword$_click_closure1.call(ClickKeyword.groovy)&#xD;
	at com.kms.katalon.core.webui.keyword.internal.WebUIKeywordMain.runKeyword(WebUIKeywordMain.groovy:20)&#xD;
	at com.kms.katalon.core.webui.keyword.builtin.ClickKeyword.click(ClickKeyword.groovy:86)&#xD;
	at com.kms.katalon.core.webui.keyword.builtin.ClickKeyword.execute(ClickKeyword.groovy:67)&#xD;
	at com.kms.katalon.core.keyword.internal.KeywordExecutor.executeKeywordForPlatform(KeywordExecutor.groovy:56)&#xD;
	at com.kms.katalon.core.webui.keyword.WebUiBuiltInKeywords.click(WebUiBuiltInKeywords.groovy:616)&#xD;
	at com.kms.katalon.core.webui.keyword.WebUiBuiltInKeywords$click$1.call(Unknown Source)&#xD;
	at Script1564043187630.run(Script1564043187630.groovy:21)&#xD;
	... 13 more&#xD;
)</system-out>
            <system-err>2020-01-10 14:28:05 - [TEST_CASE][FAILED] - Test Cases/tmdfirction: Test Cases/tmdfirction FAILED.
Reason:
com.kms.katalon.core.exception.StepFailedException: Unable to click on object 'Object Repository/katalonIBE/Page_Home  Audi Long Stay/button_Log in'&#xD;
	at com.kms.katalon.core.webui.keyword.internal.WebUIKeywordMain.stepFailed(WebUIKeywordMain.groovy:64)&#xD;
	at com.kms.katalon.core.webui.keyword.internal.WebUIKeywordMain.runKeyword(WebUIKeywordMain.groovy:26)&#xD;
	at com.kms.katalon.core.webui.keyword.builtin.ClickKeyword.click(ClickKeyword.groovy:86)&#xD;
	at com.kms.katalon.core.webui.keyword.builtin.ClickKeyword.execute(ClickKeyword.groovy:67)&#xD;
	at com.kms.katalon.core.keyword.internal.KeywordExecutor.executeKeywordForPlatform(KeywordExecutor.groovy:56)&#xD;
	at com.kms.katalon.core.webui.keyword.WebUiBuiltInKeywords.click(WebUiBuiltInKeywords.groovy:616)&#xD;
	at com.kms.katalon.core.webui.keyword.WebUiBuiltInKeywords$click$1.call(Unknown Source)&#xD;
	at tmdfirction.run(tmdfirction:21)&#xD;
	at com.kms.katalon.core.main.ScriptEngine.run(ScriptEngine.java:194)&#xD;
	at com.kms.katalon.core.main.ScriptEngine.runScriptAsRawText(ScriptEngine.java:119)&#xD;
	at com.kms.katalon.core.main.TestCaseExecutor.runScript(TestCaseExecutor.java:337)&#xD;
	at com.kms.katalon.core.main.TestCaseExecutor.doExecute(TestCaseExecutor.java:328)&#xD;
	at com.kms.katalon.core.main.TestCaseExecutor.processExecutionPhase(TestCaseExecutor.java:307)&#xD;
	at com.kms.katalon.core.main.TestCaseExecutor.accessMainPhase(TestCaseExecutor.java:299)&#xD;
	at com.kms.katalon.core.main.TestCaseExecutor.execute(TestCaseExecutor.java:233)&#xD;
	at com.kms.katalon.core.main.TestSuiteExecutor.accessTestCaseMainPhase(TestSuiteExecutor.java:133)&#xD;
	at com.kms.katalon.core.main.TestSuiteExecutor.accessTestSuiteMainPhase(TestSuiteExecutor.java:116)&#xD;
	at com.kms.katalon.core.main.TestSuiteExecutor.execute(TestSuiteExecutor.java:83)&#xD;
	at com.kms.katalon.core.main.TestCaseMain.startTestSuite(TestCaseMain.java:157)&#xD;
	at com.kms.katalon.core.main.TestCaseMain$startTestSuite$0.call(Unknown Source)&#xD;
	at TempTestSuite1578662348649.run(TempTestSuite1578662348649.groovy:35)&#xD;
Caused by: org.openqa.selenium.NoSuchWindowException: Browsing context has been discarded
Build info: version: '3.141.59', revision: 'e82be7d358', time: '2018-11-14T08:25:53'
System info: host: 'ANTONIO', ip: '169.254.42.39', os.name: 'Windows 10', os.arch: 'amd64', os.version: '10.0', java.version: '1.8.0_181'
Driver info: com.kms.katalon.core.webui.driver.firefox.CGeckoDriver
Capabilities {acceptInsecureCerts: true, browserName: firefox, browserVersion: 72.0.1, javascriptEnabled: true, moz:accessibilityChecks: false, moz:buildID: 20200107212822, moz:geckodriverVersion: 0.26.0, moz:headless: false, moz:processID: 16472, moz:profile: C:\Users\Antonio\AppData\Lo..., moz:shutdownTimeout: 60000, moz:useNonSpecCompliantPointerOrigin: false, moz:webdriverClick: true, pageLoadStrategy: normal, platform: WINDOWS, platformName: WINDOWS, platformVersion: 10.0, proxy: Proxy(direct), rotatable: false, setWindowRect: true, strictFileInteractability: false, timeouts: {implicit: 0, pageLoad: 300000, script: 30000}, unhandledPromptBehavior: dismiss and notify}
Session ID: 5a5921f5-57f1-4f94-8ec5-d365fae4e062
*** Element info: {Using=xpath, value=(.//*[normalize-space(text()) and normalize-space(.)='€'])[1]/following::button[1]}&#xD;
	at org.openqa.selenium.remote.http.W3CHttpResponseCodec.createException(W3CHttpResponseCodec.java:187)&#xD;
	at org.openqa.selenium.remote.http.W3CHttpResponseCodec.decode(W3CHttpResponseCodec.java:122)&#xD;
	at org.openqa.selenium.remote.http.W3CHttpResponseCodec.decode(W3CHttpResponseCodec.java:49)&#xD;
	at org.openqa.selenium.remote.HttpCommandExecutor.execute(HttpCommandExecutor.java:158)&#xD;
	at org.openqa.selenium.remote.service.DriverCommandExecutor.execute(DriverCommandExecutor.java:83)&#xD;
	at org.openqa.selenium.remote.RemoteWebDriver.execute(RemoteWebDriver.java:552)&#xD;
	at com.kms.katalon.selenium.driver.CFirefoxDriver.execute(CFirefoxDriver.java:28)&#xD;
	at org.openqa.selenium.remote.RemoteWebDriver.findElements(RemoteWebDriver.java:353)&#xD;
	at org.openqa.selenium.remote.RemoteWebDriver.findElementsByXPath(RemoteWebDriver.java:432)&#xD;
	at org.openqa.selenium.By$ByXPath.findElements(By.java:348)&#xD;
	at org.openqa.selenium.remote.RemoteWebDriver.findElements(RemoteWebDriver.java:311)&#xD;
	at com.kms.katalon.core.webui.common.WebUiCommonHelper.findWebElements(WebUiCommonHelper.java:761)&#xD;
	at com.kms.katalon.core.webui.common.WebUiCommonHelper.findWebElement(WebUiCommonHelper.java:1093)&#xD;
	at com.kms.katalon.core.webui.keyword.internal.WebUIAbstractKeyword.findWebElement(WebUIAbstractKeyword.groovy:27)&#xD;
	at com.kms.katalon.core.webui.keyword.internal.WebUIAbstractKeyword.findWebElement(WebUIAbstractKeyword.groovy:26)&#xD;
	at com.kms.katalon.core.webui.keyword.builtin.ClickKeyword$_click_closure1.doCall(ClickKeyword.groovy:77)&#xD;
	at com.kms.katalon.core.webui.keyword.builtin.ClickKeyword$_click_closure1.call(ClickKeyword.groovy)&#xD;
	at com.kms.katalon.core.webui.keyword.internal.WebUIKeywordMain.runKeyword(WebUIKeywordMain.groovy:20)&#xD;
	... 19 more</system-err>
        </testcase>
        <testcase name="Test Cases/zeb" classname="Test Cases/zeb" status="FAILED">
            <failure type="FAILED" message="Test Cases/zeb FAILED.&#xA;Reason:&#xA;com.kms.katalon.core.exception.StepFailedException: Unable to open browser with url: ''&#xD;&#xA;&#x9;at com.kms.katalon.core.webui.keyword.internal.WebUIKeywordMain.stepFailed(WebUIKeywordMain.groovy:64)&#xD;&#xA;&#x9;at com.kms.katalon.core.webui.keyword.internal.WebUIKeywordMain.runKeyword(WebUIKeywordMain.groovy:26)&#xD;&#xA;&#x9;at com.kms.katalon.core.webui.keyword.builtin.OpenBrowserKeyword.openBrowser(OpenBrowserKeyword.groovy:81)&#xD;&#xA;&#x9;at com.kms.katalon.core.webui.keyword.builtin.OpenBrowserKeyword.execute(OpenBrowserKeyword.groovy:67)&#xD;&#xA;&#x9;at com.kms.katalon.core.keyword.internal.KeywordExecutor.executeKeywordForPlatform(KeywordExecutor.groovy:56)&#xD;&#xA;&#x9;at com.kms.katalon.core.webui.keyword.WebUiBuiltInKeywords.openBrowser(WebUiBuiltInKeywords.groovy:60)&#xD;&#xA;&#x9;at com.kms.katalon.core.webui.keyword.WebUiBuiltInKeywords$openBrowser.call(Unknown Source)&#xD;&#xA;&#x9;at zeb.run(zeb:17)&#xD;&#xA;&#x9;at com.kms.katalon.core.main.ScriptEngine.run(ScriptEngine.java:194)&#xD;&#xA;&#x9;at com.kms.katalon.core.main.ScriptEngine.runScriptAsRawText(ScriptEngine.java:119)&#xD;&#xA;&#x9;at com.kms.katalon.core.main.TestCaseExecutor.runScript(TestCaseExecutor.java:337)&#xD;&#xA;&#x9;at com.kms.katalon.core.main.TestCaseExecutor.doExecute(TestCaseExecutor.java:328)&#xD;&#xA;&#x9;at com.kms.katalon.core.main.TestCaseExecutor.processExecutionPhase(TestCaseExecutor.java:307)&#xD;&#xA;&#x9;at com.kms.katalon.core.main.TestCaseExecutor.accessMainPhase(TestCaseExecutor.java:299)&#xD;&#xA;&#x9;at com.kms.katalon.core.main.TestCaseExecutor.execute(TestCaseExecutor.java:233)&#xD;&#xA;&#x9;at com.kms.katalon.core.main.TestSuiteExecutor.accessTestCaseMainPhase(TestSuiteExecutor.java:133)&#xD;&#xA;&#x9;at com.kms.katalon.core.main.TestSuiteExecutor.accessTestSuiteMainPhase(TestSuiteExecutor.java:116)&#xD;&#xA;&#x9;at com.kms.katalon.core.main.TestSuiteExecutor.execute(TestSuiteExecutor.java:83)&#xD;&#xA;&#x9;at com.kms.katalon.core.main.TestCaseMain.startTestSuite(TestCaseMain.java:157)&#xD;&#xA;&#x9;at com.kms.katalon.core.main.TestCaseMain$startTestSuite$0.call(Unknown Source)&#xD;&#xA;&#x9;at TempTestSuite1578662348649.run(TempTestSuite1578662348649.groovy:35)&#xD;&#xA;Caused by: org.openqa.selenium.NoSuchSessionException: Tried to run command without establishing a connection&#xA;Build info: version: '3.141.59', revision: 'e82be7d358', time: '2018-11-14T08:25:53'&#xA;System info: host: 'ANTONIO', ip: '169.254.42.39', os.name: 'Windows 10', os.arch: 'amd64', os.version: '10.0', java.version: '1.8.0_181'&#xA;Driver info: com.kms.katalon.core.webui.driver.firefox.CGeckoDriver&#xA;Capabilities {acceptInsecureCerts: true, browserName: firefox, browserVersion: 72.0.1, javascriptEnabled: true, moz:accessibilityChecks: false, moz:buildID: 20200107212822, moz:geckodriverVersion: 0.26.0, moz:headless: false, moz:processID: 16472, moz:profile: C:\Users\Antonio\AppData\Lo..., moz:shutdownTimeout: 60000, moz:useNonSpecCompliantPointerOrigin: false, moz:webdriverClick: true, pageLoadStrategy: normal, platform: WINDOWS, platformName: WINDOWS, platformVersion: 10.0, proxy: Proxy(direct), rotatable: false, setWindowRect: true, strictFileInteractability: false, timeouts: {implicit: 0, pageLoad: 300000, script: 30000}, unhandledPromptBehavior: dismiss and notify}&#xA;Session ID: 5a5921f5-57f1-4f94-8ec5-d365fae4e062&#xD;&#xA;&#x9;at org.openqa.selenium.remote.http.W3CHttpResponseCodec.createException(W3CHttpResponseCodec.java:187)&#xD;&#xA;&#x9;at org.openqa.selenium.remote.http.W3CHttpResponseCodec.decode(W3CHttpResponseCodec.java:122)&#xD;&#xA;&#x9;at org.openqa.selenium.remote.http.W3CHttpResponseCodec.decode(W3CHttpResponseCodec.java:49)&#xD;&#xA;&#x9;at org.openqa.selenium.remote.HttpCommandExecutor.execute(HttpCommandExecutor.java:158)&#xD;&#xA;&#x9;at org.openqa.selenium.remote.service.DriverCommandExecutor.execute(DriverCommandExecutor.java:83)&#xD;&#xA;&#x9;at org.openqa.selenium.remote.RemoteWebDriver.execute(RemoteWebDriver.java:552)&#xD;&#xA;&#x9;at com.kms.katalon.selenium.driver.CFirefoxDriver.execute(CFirefoxDriver.java:28)&#xD;&#xA;&#x9;at org.openqa.selenium.remote.RemoteWebDriver.execute(RemoteWebDriver.java:609)&#xD;&#xA;&#x9;at org.openqa.selenium.remote.RemoteWebDriver.quit(RemoteWebDriver.java:452)&#xD;&#xA;&#x9;at com.kms.katalon.core.webui.driver.DriverFactory.closeWebDriver(DriverFactory.java:1136)&#xD;&#xA;&#x9;at com.kms.katalon.core.webui.driver.DriverFactory.startNewBrowser(DriverFactory.java:222)&#xD;&#xA;&#x9;at com.kms.katalon.core.webui.driver.DriverFactory.openWebDriver(DriverFactory.java:191)&#xD;&#xA;&#x9;at com.kms.katalon.core.webui.keyword.builtin.OpenBrowserKeyword$_openBrowser_closure1.doCall(OpenBrowserKeyword.groovy:74)&#xD;&#xA;&#x9;at com.kms.katalon.core.webui.keyword.builtin.OpenBrowserKeyword$_openBrowser_closure1.call(OpenBrowserKeyword.groovy)&#xD;&#xA;&#x9;at com.kms.katalon.core.webui.keyword.internal.WebUIKeywordMain.runKeyword(WebUIKeywordMain.groovy:20)&#xD;&#xA;&#x9;... 19 more&#xD;&#xA;"/>
            <system-out>2020-01-10 14:28:37 - [TEST_CASE][FAILED] - Test Cases/zeb: Test Cases/zeb FAILED.
Reason:
com.kms.katalon.core.exception.StepFailedException: Unable to open browser with url: ''&#xD;
	at com.kms.katalon.core.webui.keyword.internal.WebUIKeywordMain.stepFailed(WebUIKeywordMain.groovy:64)&#xD;
	at com.kms.katalon.core.webui.keyword.internal.WebUIKeywordMain.runKeyword(WebUIKeywordMain.groovy:26)&#xD;
	at com.kms.katalon.core.webui.keyword.builtin.OpenBrowserKeyword.openBrowser(OpenBrowserKeyword.groovy:81)&#xD;
	at com.kms.katalon.core.webui.keyword.builtin.OpenBrowserKeyword.execute(OpenBrowserKeyword.groovy:67)&#xD;
	at com.kms.katalon.core.keyword.internal.KeywordExecutor.executeKeywordForPlatform(KeywordExecutor.groovy:56)&#xD;
	at com.kms.katalon.core.webui.keyword.WebUiBuiltInKeywords.openBrowser(WebUiBuiltInKeywords.groovy:60)&#xD;
	at com.kms.katalon.core.webui.keyword.WebUiBuiltInKeywords$openBrowser.call(Unknown Source)&#xD;
	at zeb.run(zeb:17)&#xD;
	at com.kms.katalon.core.main.ScriptEngine.run(ScriptEngine.java:194)&#xD;
	at com.kms.katalon.core.main.ScriptEngine.runScriptAsRawText(ScriptEngine.java:119)&#xD;
	at com.kms.katalon.core.main.TestCaseExecutor.runScript(TestCaseExecutor.java:337)&#xD;
	at com.kms.katalon.core.main.TestCaseExecutor.doExecute(TestCaseExecutor.java:328)&#xD;
	at com.kms.katalon.core.main.TestCaseExecutor.processExecutionPhase(TestCaseExecutor.java:307)&#xD;
	at com.kms.katalon.core.main.TestCaseExecutor.accessMainPhase(TestCaseExecutor.java:299)&#xD;
	at com.kms.katalon.core.main.TestCaseExecutor.execute(TestCaseExecutor.java:233)&#xD;
	at com.kms.katalon.core.main.TestSuiteExecutor.accessTestCaseMainPhase(TestSuiteExecutor.java:133)&#xD;
	at com.kms.katalon.core.main.TestSuiteExecutor.accessTestSuiteMainPhase(TestSuiteExecutor.java:116)&#xD;
	at com.kms.katalon.core.main.TestSuiteExecutor.execute(TestSuiteExecutor.java:83)&#xD;
	at com.kms.katalon.core.main.TestCaseMain.startTestSuite(TestCaseMain.java:157)&#xD;
	at com.kms.katalon.core.main.TestCaseMain$startTestSuite$0.call(Unknown Source)&#xD;
	at TempTestSuite1578662348649.run(TempTestSuite1578662348649.groovy:35)&#xD;
Caused by: org.openqa.selenium.NoSuchSessionException: Tried to run command without establishing a connection
Build info: version: '3.141.59', revision: 'e82be7d358', time: '2018-11-14T08:25:53'
System info: host: 'ANTONIO', ip: '169.254.42.39', os.name: 'Windows 10', os.arch: 'amd64', os.version: '10.0', java.version: '1.8.0_181'
Driver info: com.kms.katalon.core.webui.driver.firefox.CGeckoDriver
Capabilities {acceptInsecureCerts: true, browserName: firefox, browserVersion: 72.0.1, javascriptEnabled: true, moz:accessibilityChecks: false, moz:buildID: 20200107212822, moz:geckodriverVersion: 0.26.0, moz:headless: false, moz:processID: 16472, moz:profile: C:\Users\Antonio\AppData\Lo..., moz:shutdownTimeout: 60000, moz:useNonSpecCompliantPointerOrigin: false, moz:webdriverClick: true, pageLoadStrategy: normal, platform: WINDOWS, platformName: WINDOWS, platformVersion: 10.0, proxy: Proxy(direct), rotatable: false, setWindowRect: true, strictFileInteractability: false, timeouts: {implicit: 0, pageLoad: 300000, script: 30000}, unhandledPromptBehavior: dismiss and notify}
Session ID: 5a5921f5-57f1-4f94-8ec5-d365fae4e062&#xD;
	at org.openqa.selenium.remote.http.W3CHttpResponseCodec.createException(W3CHttpResponseCodec.java:187)&#xD;
	at org.openqa.selenium.remote.http.W3CHttpResponseCodec.decode(W3CHttpResponseCodec.java:122)&#xD;
	at org.openqa.selenium.remote.http.W3CHttpResponseCodec.decode(W3CHttpResponseCodec.java:49)&#xD;
	at org.openqa.selenium.remote.HttpCommandExecutor.execute(HttpCommandExecutor.java:158)&#xD;
	at org.openqa.selenium.remote.service.DriverCommandExecutor.execute(DriverCommandExecutor.java:83)&#xD;
	at org.openqa.selenium.remote.RemoteWebDriver.execute(RemoteWebDriver.java:552)&#xD;
	at com.kms.katalon.selenium.driver.CFirefoxDriver.execute(CFirefoxDriver.java:28)&#xD;
	at org.openqa.selenium.remote.RemoteWebDriver.execute(RemoteWebDriver.java:609)&#xD;
	at org.openqa.selenium.remote.RemoteWebDriver.quit(RemoteWebDriver.java:452)&#xD;
	at com.kms.katalon.core.webui.driver.DriverFactory.closeWebDriver(DriverFactory.java:1136)&#xD;
	at com.kms.katalon.core.webui.driver.DriverFactory.startNewBrowser(DriverFactory.java:222)&#xD;
	at com.kms.katalon.core.webui.driver.DriverFactory.openWebDriver(DriverFactory.java:191)&#xD;
	at com.kms.katalon.core.webui.keyword.builtin.OpenBrowserKeyword$_openBrowser_closure1.doCall(OpenBrowserKeyword.groovy:74)&#xD;
	at com.kms.katalon.core.webui.keyword.builtin.OpenBrowserKeyword$_openBrowser_closure1.call(OpenBrowserKeyword.groovy)&#xD;
	at com.kms.katalon.core.webui.keyword.internal.WebUIKeywordMain.runKeyword(WebUIKeywordMain.groovy:20)&#xD;
	... 19 more&#xD;
&#xD;
&#xD;
2020-01-10 14:28:37 - [TEST_STEP][FAILED] - openBrowser(""): Unable to open browser with url: '' (Root cause: com.kms.katalon.core.exception.StepFailedException: Unable to open browser with url: ''&#xD;
	at com.kms.katalon.core.webui.keyword.internal.WebUIKeywordMain.stepFailed(WebUIKeywordMain.groovy:64)&#xD;
	at com.kms.katalon.core.webui.keyword.internal.WebUIKeywordMain.runKeyword(WebUIKeywordMain.groovy:26)&#xD;
	at com.kms.katalon.core.webui.keyword.builtin.OpenBrowserKeyword.openBrowser(OpenBrowserKeyword.groovy:81)&#xD;
	at com.kms.katalon.core.webui.keyword.builtin.OpenBrowserKeyword.execute(OpenBrowserKeyword.groovy:67)&#xD;
	at com.kms.katalon.core.keyword.internal.KeywordExecutor.executeKeywordForPlatform(KeywordExecutor.groovy:56)&#xD;
	at com.kms.katalon.core.webui.keyword.WebUiBuiltInKeywords.openBrowser(WebUiBuiltInKeywords.groovy:60)&#xD;
	at com.kms.katalon.core.webui.keyword.WebUiBuiltInKeywords$openBrowser.call(Unknown Source)&#xD;
	at zeb.run(zeb:17)&#xD;
	at com.kms.katalon.core.main.ScriptEngine.run(ScriptEngine.java:194)&#xD;
	at com.kms.katalon.core.main.ScriptEngine.runScriptAsRawText(ScriptEngine.java:119)&#xD;
	at com.kms.katalon.core.main.TestCaseExecutor.runScript(TestCaseExecutor.java:337)&#xD;
	at com.kms.katalon.core.main.TestCaseExecutor.doExecute(TestCaseExecutor.java:328)&#xD;
	at com.kms.katalon.core.main.TestCaseExecutor.processExecutionPhase(TestCaseExecutor.java:307)&#xD;
	at com.kms.katalon.core.main.TestCaseExecutor.accessMainPhase(TestCaseExecutor.java:299)&#xD;
	at com.kms.katalon.core.main.TestCaseExecutor.execute(TestCaseExecutor.java:233)&#xD;
	at com.kms.katalon.core.main.TestSuiteExecutor.accessTestCaseMainPhase(TestSuiteExecutor.java:133)&#xD;
	at com.kms.katalon.core.main.TestSuiteExecutor.accessTestSuiteMainPhase(TestSuiteExecutor.java:116)&#xD;
	at com.kms.katalon.core.main.TestSuiteExecutor.execute(TestSuiteExecutor.java:83)&#xD;
	at com.kms.katalon.core.main.TestCaseMain.startTestSuite(TestCaseMain.java:157)&#xD;
	at com.kms.katalon.core.main.TestCaseMain$startTestSuite$0.call(Unknown Source)&#xD;
	at TempTestSuite1578662348649.run(TempTestSuite1578662348649.groovy:35)&#xD;
Caused by: org.openqa.selenium.NoSuchSessionException: Tried to run command without establishing a connection
Build info: version: '3.141.59', revision: 'e82be7d358', time: '2018-11-14T08:25:53'
System info: host: 'ANTONIO', ip: '169.254.42.39', os.name: 'Windows 10', os.arch: 'amd64', os.version: '10.0', java.version: '1.8.0_181'
Driver info: com.kms.katalon.core.webui.driver.firefox.CGeckoDriver
Capabilities {acceptInsecureCerts: true, browserName: firefox, browserVersion: 72.0.1, javascriptEnabled: true, moz:accessibilityChecks: false, moz:buildID: 20200107212822, moz:geckodriverVersion: 0.26.0, moz:headless: false, moz:processID: 16472, moz:profile: C:\Users\Antonio\AppData\Lo..., moz:shutdownTimeout: 60000, moz:useNonSpecCompliantPointerOrigin: false, moz:webdriverClick: true, pageLoadStrategy: normal, platform: WINDOWS, platformName: WINDOWS, platformVersion: 10.0, proxy: Proxy(direct), rotatable: false, setWindowRect: true, strictFileInteractability: false, timeouts: {implicit: 0, pageLoad: 300000, script: 30000}, unhandledPromptBehavior: dismiss and notify}
Session ID: 5a5921f5-57f1-4f94-8ec5-d365fae4e062&#xD;
	at org.openqa.selenium.remote.http.W3CHttpResponseCodec.createException(W3CHttpResponseCodec.java:187)&#xD;
	at org.openqa.selenium.remote.http.W3CHttpResponseCodec.decode(W3CHttpResponseCodec.java:122)&#xD;
	at org.openqa.selenium.remote.http.W3CHttpResponseCodec.decode(W3CHttpResponseCodec.java:49)&#xD;
	at org.openqa.selenium.remote.HttpCommandExecutor.execute(HttpCommandExecutor.java:158)&#xD;
	at org.openqa.selenium.remote.service.DriverCommandExecutor.execute(DriverCommandExecutor.java:83)&#xD;
	at org.openqa.selenium.remote.RemoteWebDriver.execute(RemoteWebDriver.java:552)&#xD;
	at com.kms.katalon.selenium.driver.CFirefoxDriver.execute(CFirefoxDriver.java:28)&#xD;
	at org.openqa.selenium.remote.RemoteWebDriver.execute(RemoteWebDriver.java:609)&#xD;
	at org.openqa.selenium.remote.RemoteWebDriver.quit(RemoteWebDriver.java:452)&#xD;
	at com.kms.katalon.core.webui.driver.DriverFactory.closeWebDriver(DriverFactory.java:1136)&#xD;
	at com.kms.katalon.core.webui.driver.DriverFactory.startNewBrowser(DriverFactory.java:222)&#xD;
	at com.kms.katalon.core.webui.driver.DriverFactory.openWebDriver(DriverFactory.java:191)&#xD;
	at com.kms.katalon.core.webui.keyword.builtin.OpenBrowserKeyword$_openBrowser_closure1.doCall(OpenBrowserKeyword.groovy:74)&#xD;
	at com.kms.katalon.core.webui.keyword.builtin.OpenBrowserKeyword$_openBrowser_closure1.call(OpenBrowserKeyword.groovy)&#xD;
	at com.kms.katalon.core.webui.keyword.internal.WebUIKeywordMain.runKeyword(WebUIKeywordMain.groovy:20)&#xD;
	at com.kms.katalon.core.webui.keyword.builtin.OpenBrowserKeyword.openBrowser(OpenBrowserKeyword.groovy:81)&#xD;
	at com.kms.katalon.core.webui.keyword.builtin.OpenBrowserKeyword.execute(OpenBrowserKeyword.groovy:67)&#xD;
	at com.kms.katalon.core.keyword.internal.KeywordExecutor.executeKeywordForPlatform(KeywordExecutor.groovy:56)&#xD;
	at com.kms.katalon.core.webui.keyword.WebUiBuiltInKeywords.openBrowser(WebUiBuiltInKeywords.groovy:60)&#xD;
	at com.kms.katalon.core.webui.keyword.WebUiBuiltInKeywords$openBrowser.call(Unknown Source)&#xD;
	at Script1564043157832.run(Script1564043157832.groovy:17)&#xD;
	... 13 more&#xD;
)&#xD;
&#xD;
2020-01-10 14:28:37 - [MESSAGE][WARNING] - A browser is already opened. Closing browser and opening a new one&#xD;
&#xD;
2020-01-10 14:28:37 - [MESSAGE][FAILED] - Unable to open browser with url: '' (Root cause: com.kms.katalon.core.exception.StepFailedException: Unable to open browser with url: ''&#xD;
	at com.kms.katalon.core.webui.keyword.internal.WebUIKeywordMain.stepFailed(WebUIKeywordMain.groovy:64)&#xD;
	at com.kms.katalon.core.webui.keyword.internal.WebUIKeywordMain.runKeyword(WebUIKeywordMain.groovy:26)&#xD;
	at com.kms.katalon.core.webui.keyword.builtin.OpenBrowserKeyword.openBrowser(OpenBrowserKeyword.groovy:81)&#xD;
	at com.kms.katalon.core.webui.keyword.builtin.OpenBrowserKeyword.execute(OpenBrowserKeyword.groovy:67)&#xD;
	at com.kms.katalon.core.keyword.internal.KeywordExecutor.executeKeywordForPlatform(KeywordExecutor.groovy:56)&#xD;
	at com.kms.katalon.core.webui.keyword.WebUiBuiltInKeywords.openBrowser(WebUiBuiltInKeywords.groovy:60)&#xD;
	at com.kms.katalon.core.webui.keyword.WebUiBuiltInKeywords$openBrowser.call(Unknown Source)&#xD;
	at zeb.run(zeb:17)&#xD;
	at com.kms.katalon.core.main.ScriptEngine.run(ScriptEngine.java:194)&#xD;
	at com.kms.katalon.core.main.ScriptEngine.runScriptAsRawText(ScriptEngine.java:119)&#xD;
	at com.kms.katalon.core.main.TestCaseExecutor.runScript(TestCaseExecutor.java:337)&#xD;
	at com.kms.katalon.core.main.TestCaseExecutor.doExecute(TestCaseExecutor.java:328)&#xD;
	at com.kms.katalon.core.main.TestCaseExecutor.processExecutionPhase(TestCaseExecutor.java:307)&#xD;
	at com.kms.katalon.core.main.TestCaseExecutor.accessMainPhase(TestCaseExecutor.java:299)&#xD;
	at com.kms.katalon.core.main.TestCaseExecutor.execute(TestCaseExecutor.java:233)&#xD;
	at com.kms.katalon.core.main.TestSuiteExecutor.accessTestCaseMainPhase(TestSuiteExecutor.java:133)&#xD;
	at com.kms.katalon.core.main.TestSuiteExecutor.accessTestSuiteMainPhase(TestSuiteExecutor.java:116)&#xD;
	at com.kms.katalon.core.main.TestSuiteExecutor.execute(TestSuiteExecutor.java:83)&#xD;
	at com.kms.katalon.core.main.TestCaseMain.startTestSuite(TestCaseMain.java:157)&#xD;
	at com.kms.katalon.core.main.TestCaseMain$startTestSuite$0.call(Unknown Source)&#xD;
	at TempTestSuite1578662348649.run(TempTestSuite1578662348649.groovy:35)&#xD;
Caused by: org.openqa.selenium.NoSuchSessionException: Tried to run command without establishing a connection
Build info: version: '3.141.59', revision: 'e82be7d358', time: '2018-11-14T08:25:53'
System info: host: 'ANTONIO', ip: '169.254.42.39', os.name: 'Windows 10', os.arch: 'amd64', os.version: '10.0', java.version: '1.8.0_181'
Driver info: com.kms.katalon.core.webui.driver.firefox.CGeckoDriver
Capabilities {acceptInsecureCerts: true, browserName: firefox, browserVersion: 72.0.1, javascriptEnabled: true, moz:accessibilityChecks: false, moz:buildID: 20200107212822, moz:geckodriverVersion: 0.26.0, moz:headless: false, moz:processID: 16472, moz:profile: C:\Users\Antonio\AppData\Lo..., moz:shutdownTimeout: 60000, moz:useNonSpecCompliantPointerOrigin: false, moz:webdriverClick: true, pageLoadStrategy: normal, platform: WINDOWS, platformName: WINDOWS, platformVersion: 10.0, proxy: Proxy(direct), rotatable: false, setWindowRect: true, strictFileInteractability: false, timeouts: {implicit: 0, pageLoad: 300000, script: 30000}, unhandledPromptBehavior: dismiss and notify}
Session ID: 5a5921f5-57f1-4f94-8ec5-d365fae4e062&#xD;
	at org.openqa.selenium.remote.http.W3CHttpResponseCodec.createException(W3CHttpResponseCodec.java:187)&#xD;
	at org.openqa.selenium.remote.http.W3CHttpResponseCodec.decode(W3CHttpResponseCodec.java:122)&#xD;
	at org.openqa.selenium.remote.http.W3CHttpResponseCodec.decode(W3CHttpResponseCodec.java:49)&#xD;
	at org.openqa.selenium.remote.HttpCommandExecutor.execute(HttpCommandExecutor.java:158)&#xD;
	at org.openqa.selenium.remote.service.DriverCommandExecutor.execute(DriverCommandExecutor.java:83)&#xD;
	at org.openqa.selenium.remote.RemoteWebDriver.execute(RemoteWebDriver.java:552)&#xD;
	at com.kms.katalon.selenium.driver.CFirefoxDriver.execute(CFirefoxDriver.java:28)&#xD;
	at org.openqa.selenium.remote.RemoteWebDriver.execute(RemoteWebDriver.java:609)&#xD;
	at org.openqa.selenium.remote.RemoteWebDriver.quit(RemoteWebDriver.java:452)&#xD;
	at com.kms.katalon.core.webui.driver.DriverFactory.closeWebDriver(DriverFactory.java:1136)&#xD;
	at com.kms.katalon.core.webui.driver.DriverFactory.startNewBrowser(DriverFactory.java:222)&#xD;
	at com.kms.katalon.core.webui.driver.DriverFactory.openWebDriver(DriverFactory.java:191)&#xD;
	at com.kms.katalon.core.webui.keyword.builtin.OpenBrowserKeyword$_openBrowser_closure1.doCall(OpenBrowserKeyword.groovy:74)&#xD;
	at com.kms.katalon.core.webui.keyword.builtin.OpenBrowserKeyword$_openBrowser_closure1.call(OpenBrowserKeyword.groovy)&#xD;
	at com.kms.katalon.core.webui.keyword.internal.WebUIKeywordMain.runKeyword(WebUIKeywordMain.groovy:20)&#xD;
	at com.kms.katalon.core.webui.keyword.builtin.OpenBrowserKeyword.openBrowser(OpenBrowserKeyword.groovy:81)&#xD;
	at com.kms.katalon.core.webui.keyword.builtin.OpenBrowserKeyword.execute(OpenBrowserKeyword.groovy:67)&#xD;
	at com.kms.katalon.core.keyword.internal.KeywordExecutor.executeKeywordForPlatform(KeywordExecutor.groovy:56)&#xD;
	at com.kms.katalon.core.webui.keyword.WebUiBuiltInKeywords.openBrowser(WebUiBuiltInKeywords.groovy:60)&#xD;
	at com.kms.katalon.core.webui.keyword.WebUiBuiltInKeywords$openBrowser.call(Unknown Source)&#xD;
	at Script1564043157832.run(Script1564043157832.groovy:17)&#xD;
	... 13 more&#xD;
)</system-out>
            <system-err>2020-01-10 14:28:37 - [TEST_CASE][FAILED] - Test Cases/zeb: Test Cases/zeb FAILED.
Reason:
com.kms.katalon.core.exception.StepFailedException: Unable to open browser with url: ''&#xD;
	at com.kms.katalon.core.webui.keyword.internal.WebUIKeywordMain.stepFailed(WebUIKeywordMain.groovy:64)&#xD;
	at com.kms.katalon.core.webui.keyword.internal.WebUIKeywordMain.runKeyword(WebUIKeywordMain.groovy:26)&#xD;
	at com.kms.katalon.core.webui.keyword.builtin.OpenBrowserKeyword.openBrowser(OpenBrowserKeyword.groovy:81)&#xD;
	at com.kms.katalon.core.webui.keyword.builtin.OpenBrowserKeyword.execute(OpenBrowserKeyword.groovy:67)&#xD;
	at com.kms.katalon.core.keyword.internal.KeywordExecutor.executeKeywordForPlatform(KeywordExecutor.groovy:56)&#xD;
	at com.kms.katalon.core.webui.keyword.WebUiBuiltInKeywords.openBrowser(WebUiBuiltInKeywords.groovy:60)&#xD;
	at com.kms.katalon.core.webui.keyword.WebUiBuiltInKeywords$openBrowser.call(Unknown Source)&#xD;
	at zeb.run(zeb:17)&#xD;
	at com.kms.katalon.core.main.ScriptEngine.run(ScriptEngine.java:194)&#xD;
	at com.kms.katalon.core.main.ScriptEngine.runScriptAsRawText(ScriptEngine.java:119)&#xD;
	at com.kms.katalon.core.main.TestCaseExecutor.runScript(TestCaseExecutor.java:337)&#xD;
	at com.kms.katalon.core.main.TestCaseExecutor.doExecute(TestCaseExecutor.java:328)&#xD;
	at com.kms.katalon.core.main.TestCaseExecutor.processExecutionPhase(TestCaseExecutor.java:307)&#xD;
	at com.kms.katalon.core.main.TestCaseExecutor.accessMainPhase(TestCaseExecutor.java:299)&#xD;
	at com.kms.katalon.core.main.TestCaseExecutor.execute(TestCaseExecutor.java:233)&#xD;
	at com.kms.katalon.core.main.TestSuiteExecutor.accessTestCaseMainPhase(TestSuiteExecutor.java:133)&#xD;
	at com.kms.katalon.core.main.TestSuiteExecutor.accessTestSuiteMainPhase(TestSuiteExecutor.java:116)&#xD;
	at com.kms.katalon.core.main.TestSuiteExecutor.execute(TestSuiteExecutor.java:83)&#xD;
	at com.kms.katalon.core.main.TestCaseMain.startTestSuite(TestCaseMain.java:157)&#xD;
	at com.kms.katalon.core.main.TestCaseMain$startTestSuite$0.call(Unknown Source)&#xD;
	at TempTestSuite1578662348649.run(TempTestSuite1578662348649.groovy:35)&#xD;
Caused by: org.openqa.selenium.NoSuchSessionException: Tried to run command without establishing a connection
Build info: version: '3.141.59', revision: 'e82be7d358', time: '2018-11-14T08:25:53'
System info: host: 'ANTONIO', ip: '169.254.42.39', os.name: 'Windows 10', os.arch: 'amd64', os.version: '10.0', java.version: '1.8.0_181'
Driver info: com.kms.katalon.core.webui.driver.firefox.CGeckoDriver
Capabilities {acceptInsecureCerts: true, browserName: firefox, browserVersion: 72.0.1, javascriptEnabled: true, moz:accessibilityChecks: false, moz:buildID: 20200107212822, moz:geckodriverVersion: 0.26.0, moz:headless: false, moz:processID: 16472, moz:profile: C:\Users\Antonio\AppData\Lo..., moz:shutdownTimeout: 60000, moz:useNonSpecCompliantPointerOrigin: false, moz:webdriverClick: true, pageLoadStrategy: normal, platform: WINDOWS, platformName: WINDOWS, platformVersion: 10.0, proxy: Proxy(direct), rotatable: false, setWindowRect: true, strictFileInteractability: false, timeouts: {implicit: 0, pageLoad: 300000, script: 30000}, unhandledPromptBehavior: dismiss and notify}
Session ID: 5a5921f5-57f1-4f94-8ec5-d365fae4e062&#xD;
	at org.openqa.selenium.remote.http.W3CHttpResponseCodec.createException(W3CHttpResponseCodec.java:187)&#xD;
	at org.openqa.selenium.remote.http.W3CHttpResponseCodec.decode(W3CHttpResponseCodec.java:122)&#xD;
	at org.openqa.selenium.remote.http.W3CHttpResponseCodec.decode(W3CHttpResponseCodec.java:49)&#xD;
	at org.openqa.selenium.remote.HttpCommandExecutor.execute(HttpCommandExecutor.java:158)&#xD;
	at org.openqa.selenium.remote.service.DriverCommandExecutor.execute(DriverCommandExecutor.java:83)&#xD;
	at org.openqa.selenium.remote.RemoteWebDriver.execute(RemoteWebDriver.java:552)&#xD;
	at com.kms.katalon.selenium.driver.CFirefoxDriver.execute(CFirefoxDriver.java:28)&#xD;
	at org.openqa.selenium.remote.RemoteWebDriver.execute(RemoteWebDriver.java:609)&#xD;
	at org.openqa.selenium.remote.RemoteWebDriver.quit(RemoteWebDriver.java:452)&#xD;
	at com.kms.katalon.core.webui.driver.DriverFactory.closeWebDriver(DriverFactory.java:1136)&#xD;
	at com.kms.katalon.core.webui.driver.DriverFactory.startNewBrowser(DriverFactory.java:222)&#xD;
	at com.kms.katalon.core.webui.driver.DriverFactory.openWebDriver(DriverFactory.java:191)&#xD;
	at com.kms.katalon.core.webui.keyword.builtin.OpenBrowserKeyword$_openBrowser_closure1.doCall(OpenBrowserKeyword.groovy:74)&#xD;
	at com.kms.katalon.core.webui.keyword.builtin.OpenBrowserKeyword$_openBrowser_closure1.call(OpenBrowserKeyword.groovy)&#xD;
	at com.kms.katalon.core.webui.keyword.internal.WebUIKeywordMain.runKeyword(WebUIKeywordMain.groovy:20)&#xD;
	... 19 more</system-err>
        </testcase>
        <system-out>2020-01-10 14:19:10 - [TEST_SUITE][INCOMPLETE] - TestEveryIBE: null</system-out>
        <system-err>2020-01-10 14:19:10 - [TEST_SUITE][INCOMPLETE] - TestEveryIBE: null</system-err>
    </testsuite>
</testsuites>
