<?xml version="1.0" encoding="UTF-8" standalone="yes"?>
<testsuites name="TestEveryIBE" time="424" tests="13" failures="1" errors="0">
    <testsuite name="TestEveryIBE" tests="13" failures="1" errors="0" time="424" timestamp="2019-07-25 10:53:36" hostname="Antonio - Antonio" id="Test Suites/TestEveryIBE">
        <properties>
            <property name="deviceName" value=""/>
            <property name="devicePlatform" value=""/>
            <property name="logFolder" value="C:\\Users\\Antonio\\Katalon Studio\\TestingIBE\\Reports\\TestEveryIBE\\20190725_105322"/>
            <property name="logFiles" value="C:\\Users\\Antonio\\Katalon Studio\\TestingIBE\\Reports\\TestEveryIBE\\20190725_105322\\execution0.log"/>
            <property name="attachments" value="C:\\Users\\Antonio\\Katalon Studio\\TestingIBE\\Reports\\TestEveryIBE\\20190725_105322\\1564044850781.png"/>
            <property name="hostName" value="Antonio - Antonio"/>
            <property name="os" value="Windows 10 64bit"/>
            <property name="katalonVersion" value="6.2.1.2"/>
            <property name="browser" value="Chrome 75.0.3770.142"/>
            <property name="hostAddress" value="169.254.42.39"/>
            <property name="sessionId" value="8569f3f3b8453845f3657835f9dbbda7"/>
            <property name="seleniumVersion" value="3.141.59"/>
            <property name="proxyInformation" value="ProxyInformation{proxyOption=NO_PROXY, proxyServerType=HTTP, password=, proxyServerAddress=, proxyServerPort=0}"/>
            <property name="platform" value="Windows 10"/>
        </properties>
        <testcase name="Test Cases/audi" classname="Test Cases/audi" status="FAILED">
            <failure type="FAILED" message="Test Cases/audi FAILED.&#xA;Reason:&#xA;com.kms.katalon.core.exception.StepFailedException: Unable to click on object 'Object Repository/Page_Booking engine for serviced apartments/button_Profile'&#xD;&#xA;&#x9;at com.kms.katalon.core.webui.keyword.internal.WebUIKeywordMain.stepFailed(WebUIKeywordMain.groovy:64)&#xD;&#xA;&#x9;at com.kms.katalon.core.webui.keyword.internal.WebUIKeywordMain.runKeyword(WebUIKeywordMain.groovy:26)&#xD;&#xA;&#x9;at com.kms.katalon.core.webui.keyword.builtin.ClickKeyword.click(ClickKeyword.groovy:86)&#xD;&#xA;&#x9;at com.kms.katalon.core.webui.keyword.builtin.ClickKeyword.execute(ClickKeyword.groovy:67)&#xD;&#xA;&#x9;at com.kms.katalon.core.keyword.internal.KeywordExecutor.executeKeywordForPlatform(KeywordExecutor.groovy:56)&#xD;&#xA;&#x9;at com.kms.katalon.core.webui.keyword.WebUiBuiltInKeywords.click(WebUiBuiltInKeywords.groovy:616)&#xD;&#xA;&#x9;at com.kms.katalon.core.webui.keyword.WebUiBuiltInKeywords$click$3.call(Unknown Source)&#xD;&#xA;&#x9;at audi.run(audi:30)&#xD;&#xA;&#x9;at com.kms.katalon.core.main.ScriptEngine.run(ScriptEngine.java:194)&#xD;&#xA;&#x9;at com.kms.katalon.core.main.ScriptEngine.runScriptAsRawText(ScriptEngine.java:119)&#xD;&#xA;&#x9;at com.kms.katalon.core.main.TestCaseExecutor.runScript(TestCaseExecutor.java:337)&#xD;&#xA;&#x9;at com.kms.katalon.core.main.TestCaseExecutor.doExecute(TestCaseExecutor.java:328)&#xD;&#xA;&#x9;at com.kms.katalon.core.main.TestCaseExecutor.processExecutionPhase(TestCaseExecutor.java:307)&#xD;&#xA;&#x9;at com.kms.katalon.core.main.TestCaseExecutor.accessMainPhase(TestCaseExecutor.java:299)&#xD;&#xA;&#x9;at com.kms.katalon.core.main.TestCaseExecutor.execute(TestCaseExecutor.java:233)&#xD;&#xA;&#x9;at com.kms.katalon.core.main.TestSuiteExecutor.accessTestCaseMainPhase(TestSuiteExecutor.java:133)&#xD;&#xA;&#x9;at com.kms.katalon.core.main.TestSuiteExecutor.accessTestSuiteMainPhase(TestSuiteExecutor.java:116)&#xD;&#xA;&#x9;at com.kms.katalon.core.main.TestSuiteExecutor.execute(TestSuiteExecutor.java:83)&#xD;&#xA;&#x9;at com.kms.katalon.core.main.TestCaseMain.startTestSuite(TestCaseMain.java:157)&#xD;&#xA;&#x9;at com.kms.katalon.core.main.TestCaseMain$startTestSuite$0.call(Unknown Source)&#xD;&#xA;&#x9;at TempTestSuite1564044807272.run(TempTestSuite1564044807272.groovy:35)&#xD;&#xA;Caused by: org.openqa.selenium.ElementClickInterceptedException: element click intercepted: Element &lt;button ng-click=&quot;header.onHeaderMenuToggle()&quot; ng-class=&quot;{&#xA;                                'is-active': header.displayHeaderMenu&#xA;                            }&quot; class=&quot;site-header__profile btn profile-btn icon-right no-animate&quot;&gt;...&lt;/button&gt; is not clickable at point (744, 45). Other element would receive the click: &lt;div uib-modal-backdrop=&quot;modal-backdrop&quot; class=&quot;modal-backdrop fade ng-scope&quot; ng-style=&quot;{'z-index': 1040 + (index &amp;amp;&amp;amp; 1 || 0) + index*10}&quot; uib-modal-animation-class=&quot;fade&quot; modal-in-class=&quot;in&quot; modal-animation=&quot;true&quot; style=&quot;z-index: 1040;&quot;&gt;&lt;/div&gt;&#xA;  (Session info: chrome=75.0.3770.142)&#xA;  (Driver info: chromedriver=74.0.3729.6 (255758eccf3d244491b8a1317aa76e1ce10d57e9-refs/branch-heads/3729@{#29}),platform=Windows NT 10.0.17763 x86_64) (WARNING: The server did not provide any stacktrace information)&#xA;Command duration or timeout: 0 milliseconds&#xA;Build info: version: '3.141.59', revision: 'e82be7d358', time: '2018-11-14T08:25:53'&#xA;System info: host: 'ANTONIO', ip: '169.254.42.39', os.name: 'Windows 10', os.arch: 'amd64', os.version: '10.0', java.version: '1.8.0_181'&#xA;Driver info: com.kms.katalon.selenium.driver.CChromeDriver&#xA;Capabilities {acceptInsecureCerts: false, acceptSslCerts: false, applicationCacheEnabled: false, browserConnectionEnabled: false, browserName: chrome, chrome: {chromedriverVersion: 74.0.3729.6 (255758eccf3d24..., userDataDir: C:\Users\Antonio\AppData\Lo...}, cssSelectorsEnabled: true, databaseEnabled: false, goog:chromeOptions: {debuggerAddress: localhost:26273}, handlesAlerts: true, hasTouchScreen: false, javascriptEnabled: true, locationContextEnabled: true, mobileEmulationEnabled: false, nativeEvents: true, networkConnectionEnabled: false, pageLoadStrategy: normal, platform: XP, platformName: XP, proxy: Proxy(), rotatable: false, setWindowRect: true, strictFileInteractability: false, takesHeapSnapshot: true, takesScreenshot: true, timeouts: {implicit: 0, pageLoad: 300000, script: 30000}, unexpectedAlertBehaviour: ignore, unhandledPromptBehavior: ignore, version: 75.0.3770.142, webStorageEnabled: true}&#xA;Session ID: c577b63b3e837da7b17718d21e4abcbe&#xD;&#xA;&#x9;at org.openqa.selenium.remote.ErrorHandler.createThrowable(ErrorHandler.java:214)&#xD;&#xA;&#x9;at org.openqa.selenium.remote.ErrorHandler.throwIfResponseFailed(ErrorHandler.java:166)&#xD;&#xA;&#x9;at org.openqa.selenium.remote.http.JsonHttpResponseCodec.reconstructValue(JsonHttpResponseCodec.java:40)&#xD;&#xA;&#x9;at org.openqa.selenium.remote.http.AbstractHttpResponseCodec.decode(AbstractHttpResponseCodec.java:80)&#xD;&#xA;&#x9;at org.openqa.selenium.remote.http.AbstractHttpResponseCodec.decode(AbstractHttpResponseCodec.java:44)&#xD;&#xA;&#x9;at org.openqa.selenium.remote.HttpCommandExecutor.execute(HttpCommandExecutor.java:158)&#xD;&#xA;&#x9;at org.openqa.selenium.remote.service.DriverCommandExecutor.execute(DriverCommandExecutor.java:83)&#xD;&#xA;&#x9;at org.openqa.selenium.remote.RemoteWebDriver.execute(RemoteWebDriver.java:552)&#xD;&#xA;&#x9;at com.kms.katalon.selenium.driver.CChromeDriver.execute(CChromeDriver.java:20)&#xD;&#xA;&#x9;at org.openqa.selenium.remote.RemoteWebElement.execute(RemoteWebElement.java:285)&#xD;&#xA;&#x9;at org.openqa.selenium.remote.RemoteWebElement.click(RemoteWebElement.java:84)&#xD;&#xA;&#x9;at com.kms.katalon.core.webui.keyword.builtin.ClickKeyword$_click_closure1.doCall(ClickKeyword.groovy:79)&#xD;&#xA;&#x9;at com.kms.katalon.core.webui.keyword.builtin.ClickKeyword$_click_closure1.call(ClickKeyword.groovy)&#xD;&#xA;&#x9;at com.kms.katalon.core.webui.keyword.internal.WebUIKeywordMain.runKeyword(WebUIKeywordMain.groovy:20)&#xD;&#xA;&#x9;... 19 more&#xD;&#xA;"/>
            <system-out>2019-07-25 10:53:36 - [TEST_CASE][FAILED] - Test Cases/audi: Test Cases/audi FAILED.
Reason:
com.kms.katalon.core.exception.StepFailedException: Unable to click on object 'Object Repository/Page_Booking engine for serviced apartments/button_Profile'&#xD;
	at com.kms.katalon.core.webui.keyword.internal.WebUIKeywordMain.stepFailed(WebUIKeywordMain.groovy:64)&#xD;
	at com.kms.katalon.core.webui.keyword.internal.WebUIKeywordMain.runKeyword(WebUIKeywordMain.groovy:26)&#xD;
	at com.kms.katalon.core.webui.keyword.builtin.ClickKeyword.click(ClickKeyword.groovy:86)&#xD;
	at com.kms.katalon.core.webui.keyword.builtin.ClickKeyword.execute(ClickKeyword.groovy:67)&#xD;
	at com.kms.katalon.core.keyword.internal.KeywordExecutor.executeKeywordForPlatform(KeywordExecutor.groovy:56)&#xD;
	at com.kms.katalon.core.webui.keyword.WebUiBuiltInKeywords.click(WebUiBuiltInKeywords.groovy:616)&#xD;
	at com.kms.katalon.core.webui.keyword.WebUiBuiltInKeywords$click$3.call(Unknown Source)&#xD;
	at audi.run(audi:30)&#xD;
	at com.kms.katalon.core.main.ScriptEngine.run(ScriptEngine.java:194)&#xD;
	at com.kms.katalon.core.main.ScriptEngine.runScriptAsRawText(ScriptEngine.java:119)&#xD;
	at com.kms.katalon.core.main.TestCaseExecutor.runScript(TestCaseExecutor.java:337)&#xD;
	at com.kms.katalon.core.main.TestCaseExecutor.doExecute(TestCaseExecutor.java:328)&#xD;
	at com.kms.katalon.core.main.TestCaseExecutor.processExecutionPhase(TestCaseExecutor.java:307)&#xD;
	at com.kms.katalon.core.main.TestCaseExecutor.accessMainPhase(TestCaseExecutor.java:299)&#xD;
	at com.kms.katalon.core.main.TestCaseExecutor.execute(TestCaseExecutor.java:233)&#xD;
	at com.kms.katalon.core.main.TestSuiteExecutor.accessTestCaseMainPhase(TestSuiteExecutor.java:133)&#xD;
	at com.kms.katalon.core.main.TestSuiteExecutor.accessTestSuiteMainPhase(TestSuiteExecutor.java:116)&#xD;
	at com.kms.katalon.core.main.TestSuiteExecutor.execute(TestSuiteExecutor.java:83)&#xD;
	at com.kms.katalon.core.main.TestCaseMain.startTestSuite(TestCaseMain.java:157)&#xD;
	at com.kms.katalon.core.main.TestCaseMain$startTestSuite$0.call(Unknown Source)&#xD;
	at TempTestSuite1564044807272.run(TempTestSuite1564044807272.groovy:35)&#xD;
Caused by: org.openqa.selenium.ElementClickInterceptedException: element click intercepted: Element &lt;button ng-click="header.onHeaderMenuToggle()" ng-class="{
                                'is-active': header.displayHeaderMenu
                            }" class="site-header__profile btn profile-btn icon-right no-animate"&gt;...&lt;/button&gt; is not clickable at point (744, 45). Other element would receive the click: &lt;div uib-modal-backdrop="modal-backdrop" class="modal-backdrop fade ng-scope" ng-style="{'z-index': 1040 + (index &amp;amp;&amp;amp; 1 || 0) + index*10}" uib-modal-animation-class="fade" modal-in-class="in" modal-animation="true" style="z-index: 1040;"&gt;&lt;/div&gt;
  (Session info: chrome=75.0.3770.142)
  (Driver info: chromedriver=74.0.3729.6 (255758eccf3d244491b8a1317aa76e1ce10d57e9-refs/branch-heads/3729@{#29}),platform=Windows NT 10.0.17763 x86_64) (WARNING: The server did not provide any stacktrace information)
Command duration or timeout: 0 milliseconds
Build info: version: '3.141.59', revision: 'e82be7d358', time: '2018-11-14T08:25:53'
System info: host: 'ANTONIO', ip: '169.254.42.39', os.name: 'Windows 10', os.arch: 'amd64', os.version: '10.0', java.version: '1.8.0_181'
Driver info: com.kms.katalon.selenium.driver.CChromeDriver
Capabilities {acceptInsecureCerts: false, acceptSslCerts: false, applicationCacheEnabled: false, browserConnectionEnabled: false, browserName: chrome, chrome: {chromedriverVersion: 74.0.3729.6 (255758eccf3d24..., userDataDir: C:\Users\Antonio\AppData\Lo...}, cssSelectorsEnabled: true, databaseEnabled: false, goog:chromeOptions: {debuggerAddress: localhost:26273}, handlesAlerts: true, hasTouchScreen: false, javascriptEnabled: true, locationContextEnabled: true, mobileEmulationEnabled: false, nativeEvents: true, networkConnectionEnabled: false, pageLoadStrategy: normal, platform: XP, platformName: XP, proxy: Proxy(), rotatable: false, setWindowRect: true, strictFileInteractability: false, takesHeapSnapshot: true, takesScreenshot: true, timeouts: {implicit: 0, pageLoad: 300000, script: 30000}, unexpectedAlertBehaviour: ignore, unhandledPromptBehavior: ignore, version: 75.0.3770.142, webStorageEnabled: true}
Session ID: c577b63b3e837da7b17718d21e4abcbe&#xD;
	at org.openqa.selenium.remote.ErrorHandler.createThrowable(ErrorHandler.java:214)&#xD;
	at org.openqa.selenium.remote.ErrorHandler.throwIfResponseFailed(ErrorHandler.java:166)&#xD;
	at org.openqa.selenium.remote.http.JsonHttpResponseCodec.reconstructValue(JsonHttpResponseCodec.java:40)&#xD;
	at org.openqa.selenium.remote.http.AbstractHttpResponseCodec.decode(AbstractHttpResponseCodec.java:80)&#xD;
	at org.openqa.selenium.remote.http.AbstractHttpResponseCodec.decode(AbstractHttpResponseCodec.java:44)&#xD;
	at org.openqa.selenium.remote.HttpCommandExecutor.execute(HttpCommandExecutor.java:158)&#xD;
	at org.openqa.selenium.remote.service.DriverCommandExecutor.execute(DriverCommandExecutor.java:83)&#xD;
	at org.openqa.selenium.remote.RemoteWebDriver.execute(RemoteWebDriver.java:552)&#xD;
	at com.kms.katalon.selenium.driver.CChromeDriver.execute(CChromeDriver.java:20)&#xD;
	at org.openqa.selenium.remote.RemoteWebElement.execute(RemoteWebElement.java:285)&#xD;
	at org.openqa.selenium.remote.RemoteWebElement.click(RemoteWebElement.java:84)&#xD;
	at com.kms.katalon.core.webui.keyword.builtin.ClickKeyword$_click_closure1.doCall(ClickKeyword.groovy:79)&#xD;
	at com.kms.katalon.core.webui.keyword.builtin.ClickKeyword$_click_closure1.call(ClickKeyword.groovy)&#xD;
	at com.kms.katalon.core.webui.keyword.internal.WebUIKeywordMain.runKeyword(WebUIKeywordMain.groovy:20)&#xD;
	... 19 more&#xD;
&#xD;
&#xD;
2019-07-25 10:53:37 - [TEST_STEP][PASSED] - openBrowser(""): Browser is opened with url: ''&#xD;
&#xD;
2019-07-25 10:53:37 - [MESSAGE][INFO] - Starting 'Chrome' driver&#xD;
&#xD;
2019-07-25 10:53:37 - [MESSAGE][INFO] - Action delay is set to 0 seconds&#xD;
&#xD;
2019-07-25 10:53:42 - [MESSAGE][PASSED] - Browser is opened with url: ''&#xD;
&#xD;
2019-07-25 10:53:42 - [TEST_STEP][PASSED] - navigateToUrl("https://audi.acomodeo.com/en/"): Navigate to 'https://audi.acomodeo.com/en/' successfully&#xD;
&#xD;
2019-07-25 10:53:44 - [MESSAGE][PASSED] - Navigate to 'https://audi.acomodeo.com/en/' successfully&#xD;
&#xD;
2019-07-25 10:53:44 - [TEST_STEP][PASSED] - delay(11): Delayed 11 second(s)&#xD;
&#xD;
2019-07-25 10:53:55 - [MESSAGE][PASSED] - Delayed 11 second(s)&#xD;
&#xD;
2019-07-25 10:53:55 - [TEST_STEP][PASSED] - setText(findTestObject("Object Repository/Page_Account Login IBE/input_Register_email"), username): Text 'katalon@acomodeo.com' is set on object 'Object Repository/Page_Account Login IBE/input_Register_email'&#xD;
&#xD;
2019-07-25 10:53:55 - [MESSAGE][PASSED] - Text 'katalon@acomodeo.com' is set on object 'Object Repository/Page_Account Login IBE/input_Register_email'&#xD;
&#xD;
2019-07-25 10:53:55 - [TEST_STEP][PASSED] - delay(3): Delayed 3 second(s)&#xD;
&#xD;
2019-07-25 10:53:58 - [MESSAGE][PASSED] - Delayed 3 second(s)&#xD;
&#xD;
2019-07-25 10:53:58 - [TEST_STEP][PASSED] - setEncryptedText(findTestObject("Object Repository/Page_Account Login IBE/input_Register_password"), password): Text ****** has been set on object 'Object Repository/Page_Account Login IBE/input_Register_password'&#xD;
&#xD;
2019-07-25 10:53:59 - [MESSAGE][PASSED] - Text ****** has been set on object 'Object Repository/Page_Account Login IBE/input_Register_password'&#xD;
&#xD;
2019-07-25 10:53:59 - [TEST_STEP][PASSED] - click(findTestObject("Object Repository/Page_Account Login IBE/button_Log in")): Object: 'Object Repository/Page_Account Login IBE/button_Log in' is clicked on&#xD;
&#xD;
2019-07-25 10:54:04 - [MESSAGE][PASSED] - Object: 'Object Repository/Page_Account Login IBE/button_Log in' is clicked on&#xD;
&#xD;
2019-07-25 10:54:04 - [TEST_STEP][PASSED] - delay(6): Delayed 6 second(s)&#xD;
&#xD;
2019-07-25 10:54:10 - [MESSAGE][PASSED] - Delayed 6 second(s)&#xD;
&#xD;
2019-07-25 10:54:10 - [TEST_STEP][FAILED] - click(findTestObject("Object Repository/Page_Booking engine for serviced apartments/button_Profile")): Unable to click on object 'Object Repository/Page_Booking engine for serviced apartments/button_Profile' (Root cause: com.kms.katalon.core.exception.StepFailedException: Unable to click on object 'Object Repository/Page_Booking engine for serviced apartments/button_Profile'&#xD;
	at com.kms.katalon.core.webui.keyword.internal.WebUIKeywordMain.stepFailed(WebUIKeywordMain.groovy:64)&#xD;
	at com.kms.katalon.core.webui.keyword.internal.WebUIKeywordMain.runKeyword(WebUIKeywordMain.groovy:26)&#xD;
	at com.kms.katalon.core.webui.keyword.builtin.ClickKeyword.click(ClickKeyword.groovy:86)&#xD;
	at com.kms.katalon.core.webui.keyword.builtin.ClickKeyword.execute(ClickKeyword.groovy:67)&#xD;
	at com.kms.katalon.core.keyword.internal.KeywordExecutor.executeKeywordForPlatform(KeywordExecutor.groovy:56)&#xD;
	at com.kms.katalon.core.webui.keyword.WebUiBuiltInKeywords.click(WebUiBuiltInKeywords.groovy:616)&#xD;
	at com.kms.katalon.core.webui.keyword.WebUiBuiltInKeywords$click$3.call(Unknown Source)&#xD;
	at audi.run(audi:30)&#xD;
	at com.kms.katalon.core.main.ScriptEngine.run(ScriptEngine.java:194)&#xD;
	at com.kms.katalon.core.main.ScriptEngine.runScriptAsRawText(ScriptEngine.java:119)&#xD;
	at com.kms.katalon.core.main.TestCaseExecutor.runScript(TestCaseExecutor.java:337)&#xD;
	at com.kms.katalon.core.main.TestCaseExecutor.doExecute(TestCaseExecutor.java:328)&#xD;
	at com.kms.katalon.core.main.TestCaseExecutor.processExecutionPhase(TestCaseExecutor.java:307)&#xD;
	at com.kms.katalon.core.main.TestCaseExecutor.accessMainPhase(TestCaseExecutor.java:299)&#xD;
	at com.kms.katalon.core.main.TestCaseExecutor.execute(TestCaseExecutor.java:233)&#xD;
	at com.kms.katalon.core.main.TestSuiteExecutor.accessTestCaseMainPhase(TestSuiteExecutor.java:133)&#xD;
	at com.kms.katalon.core.main.TestSuiteExecutor.accessTestSuiteMainPhase(TestSuiteExecutor.java:116)&#xD;
	at com.kms.katalon.core.main.TestSuiteExecutor.execute(TestSuiteExecutor.java:83)&#xD;
	at com.kms.katalon.core.main.TestCaseMain.startTestSuite(TestCaseMain.java:157)&#xD;
	at com.kms.katalon.core.main.TestCaseMain$startTestSuite$0.call(Unknown Source)&#xD;
	at TempTestSuite1564044807272.run(TempTestSuite1564044807272.groovy:35)&#xD;
Caused by: org.openqa.selenium.ElementClickInterceptedException: element click intercepted: Element &lt;button ng-click="header.onHeaderMenuToggle()" ng-class="{
                                'is-active': header.displayHeaderMenu
                            }" class="site-header__profile btn profile-btn icon-right no-animate"&gt;...&lt;/button&gt; is not clickable at point (744, 45). Other element would receive the click: &lt;div uib-modal-backdrop="modal-backdrop" class="modal-backdrop fade ng-scope" ng-style="{'z-index': 1040 + (index &amp;amp;&amp;amp; 1 || 0) + index*10}" uib-modal-animation-class="fade" modal-in-class="in" modal-animation="true" style="z-index: 1040;"&gt;&lt;/div&gt;
  (Session info: chrome=75.0.3770.142)
  (Driver info: chromedriver=74.0.3729.6 (255758eccf3d244491b8a1317aa76e1ce10d57e9-refs/branch-heads/3729@{#29}),platform=Windows NT 10.0.17763 x86_64) (WARNING: The server did not provide any stacktrace information)
Command duration or timeout: 0 milliseconds
Build info: version: '3.141.59', revision: 'e82be7d358', time: '2018-11-14T08:25:53'
System info: host: 'ANTONIO', ip: '169.254.42.39', os.name: 'Windows 10', os.arch: 'amd64', os.version: '10.0', java.version: '1.8.0_181'
Driver info: com.kms.katalon.selenium.driver.CChromeDriver
Capabilities {acceptInsecureCerts: false, acceptSslCerts: false, applicationCacheEnabled: false, browserConnectionEnabled: false, browserName: chrome, chrome: {chromedriverVersion: 74.0.3729.6 (255758eccf3d24..., userDataDir: C:\Users\Antonio\AppData\Lo...}, cssSelectorsEnabled: true, databaseEnabled: false, goog:chromeOptions: {debuggerAddress: localhost:26273}, handlesAlerts: true, hasTouchScreen: false, javascriptEnabled: true, locationContextEnabled: true, mobileEmulationEnabled: false, nativeEvents: true, networkConnectionEnabled: false, pageLoadStrategy: normal, platform: XP, platformName: XP, proxy: Proxy(), rotatable: false, setWindowRect: true, strictFileInteractability: false, takesHeapSnapshot: true, takesScreenshot: true, timeouts: {implicit: 0, pageLoad: 300000, script: 30000}, unexpectedAlertBehaviour: ignore, unhandledPromptBehavior: ignore, version: 75.0.3770.142, webStorageEnabled: true}
Session ID: c577b63b3e837da7b17718d21e4abcbe&#xD;
	at org.openqa.selenium.remote.ErrorHandler.createThrowable(ErrorHandler.java:214)&#xD;
	at org.openqa.selenium.remote.ErrorHandler.throwIfResponseFailed(ErrorHandler.java:166)&#xD;
	at org.openqa.selenium.remote.http.JsonHttpResponseCodec.reconstructValue(JsonHttpResponseCodec.java:40)&#xD;
	at org.openqa.selenium.remote.http.AbstractHttpResponseCodec.decode(AbstractHttpResponseCodec.java:80)&#xD;
	at org.openqa.selenium.remote.http.AbstractHttpResponseCodec.decode(AbstractHttpResponseCodec.java:44)&#xD;
	at org.openqa.selenium.remote.HttpCommandExecutor.execute(HttpCommandExecutor.java:158)&#xD;
	at org.openqa.selenium.remote.service.DriverCommandExecutor.execute(DriverCommandExecutor.java:83)&#xD;
	at org.openqa.selenium.remote.RemoteWebDriver.execute(RemoteWebDriver.java:552)&#xD;
	at com.kms.katalon.selenium.driver.CChromeDriver.execute(CChromeDriver.java:20)&#xD;
	at org.openqa.selenium.remote.RemoteWebElement.execute(RemoteWebElement.java:285)&#xD;
	at org.openqa.selenium.remote.RemoteWebElement.click(RemoteWebElement.java:84)&#xD;
	at com.kms.katalon.core.webui.keyword.builtin.ClickKeyword$_click_closure1.doCall(ClickKeyword.groovy:79)&#xD;
	at com.kms.katalon.core.webui.keyword.builtin.ClickKeyword$_click_closure1.call(ClickKeyword.groovy)&#xD;
	at com.kms.katalon.core.webui.keyword.internal.WebUIKeywordMain.runKeyword(WebUIKeywordMain.groovy:20)&#xD;
	at com.kms.katalon.core.webui.keyword.builtin.ClickKeyword.click(ClickKeyword.groovy:86)&#xD;
	at com.kms.katalon.core.webui.keyword.builtin.ClickKeyword.execute(ClickKeyword.groovy:67)&#xD;
	at com.kms.katalon.core.keyword.internal.KeywordExecutor.executeKeywordForPlatform(KeywordExecutor.groovy:56)&#xD;
	at com.kms.katalon.core.webui.keyword.WebUiBuiltInKeywords.click(WebUiBuiltInKeywords.groovy:616)&#xD;
	at com.kms.katalon.core.webui.keyword.WebUiBuiltInKeywords$click$3.call(Unknown Source)&#xD;
	at Script1564041871909.run(Script1564041871909.groovy:30)&#xD;
	... 13 more&#xD;
)&#xD;
&#xD;
2019-07-25 10:54:11 - [MESSAGE][FAILED] - Unable to click on object 'Object Repository/Page_Booking engine for serviced apartments/button_Profile' (Root cause: com.kms.katalon.core.exception.StepFailedException: Unable to click on object 'Object Repository/Page_Booking engine for serviced apartments/button_Profile'&#xD;
	at com.kms.katalon.core.webui.keyword.internal.WebUIKeywordMain.stepFailed(WebUIKeywordMain.groovy:64)&#xD;
	at com.kms.katalon.core.webui.keyword.internal.WebUIKeywordMain.runKeyword(WebUIKeywordMain.groovy:26)&#xD;
	at com.kms.katalon.core.webui.keyword.builtin.ClickKeyword.click(ClickKeyword.groovy:86)&#xD;
	at com.kms.katalon.core.webui.keyword.builtin.ClickKeyword.execute(ClickKeyword.groovy:67)&#xD;
	at com.kms.katalon.core.keyword.internal.KeywordExecutor.executeKeywordForPlatform(KeywordExecutor.groovy:56)&#xD;
	at com.kms.katalon.core.webui.keyword.WebUiBuiltInKeywords.click(WebUiBuiltInKeywords.groovy:616)&#xD;
	at com.kms.katalon.core.webui.keyword.WebUiBuiltInKeywords$click$3.call(Unknown Source)&#xD;
	at audi.run(audi:30)&#xD;
	at com.kms.katalon.core.main.ScriptEngine.run(ScriptEngine.java:194)&#xD;
	at com.kms.katalon.core.main.ScriptEngine.runScriptAsRawText(ScriptEngine.java:119)&#xD;
	at com.kms.katalon.core.main.TestCaseExecutor.runScript(TestCaseExecutor.java:337)&#xD;
	at com.kms.katalon.core.main.TestCaseExecutor.doExecute(TestCaseExecutor.java:328)&#xD;
	at com.kms.katalon.core.main.TestCaseExecutor.processExecutionPhase(TestCaseExecutor.java:307)&#xD;
	at com.kms.katalon.core.main.TestCaseExecutor.accessMainPhase(TestCaseExecutor.java:299)&#xD;
	at com.kms.katalon.core.main.TestCaseExecutor.execute(TestCaseExecutor.java:233)&#xD;
	at com.kms.katalon.core.main.TestSuiteExecutor.accessTestCaseMainPhase(TestSuiteExecutor.java:133)&#xD;
	at com.kms.katalon.core.main.TestSuiteExecutor.accessTestSuiteMainPhase(TestSuiteExecutor.java:116)&#xD;
	at com.kms.katalon.core.main.TestSuiteExecutor.execute(TestSuiteExecutor.java:83)&#xD;
	at com.kms.katalon.core.main.TestCaseMain.startTestSuite(TestCaseMain.java:157)&#xD;
	at com.kms.katalon.core.main.TestCaseMain$startTestSuite$0.call(Unknown Source)&#xD;
	at TempTestSuite1564044807272.run(TempTestSuite1564044807272.groovy:35)&#xD;
Caused by: org.openqa.selenium.ElementClickInterceptedException: element click intercepted: Element &lt;button ng-click="header.onHeaderMenuToggle()" ng-class="{
                                'is-active': header.displayHeaderMenu
                            }" class="site-header__profile btn profile-btn icon-right no-animate"&gt;...&lt;/button&gt; is not clickable at point (744, 45). Other element would receive the click: &lt;div uib-modal-backdrop="modal-backdrop" class="modal-backdrop fade ng-scope" ng-style="{'z-index': 1040 + (index &amp;amp;&amp;amp; 1 || 0) + index*10}" uib-modal-animation-class="fade" modal-in-class="in" modal-animation="true" style="z-index: 1040;"&gt;&lt;/div&gt;
  (Session info: chrome=75.0.3770.142)
  (Driver info: chromedriver=74.0.3729.6 (255758eccf3d244491b8a1317aa76e1ce10d57e9-refs/branch-heads/3729@{#29}),platform=Windows NT 10.0.17763 x86_64) (WARNING: The server did not provide any stacktrace information)
Command duration or timeout: 0 milliseconds
Build info: version: '3.141.59', revision: 'e82be7d358', time: '2018-11-14T08:25:53'
System info: host: 'ANTONIO', ip: '169.254.42.39', os.name: 'Windows 10', os.arch: 'amd64', os.version: '10.0', java.version: '1.8.0_181'
Driver info: com.kms.katalon.selenium.driver.CChromeDriver
Capabilities {acceptInsecureCerts: false, acceptSslCerts: false, applicationCacheEnabled: false, browserConnectionEnabled: false, browserName: chrome, chrome: {chromedriverVersion: 74.0.3729.6 (255758eccf3d24..., userDataDir: C:\Users\Antonio\AppData\Lo...}, cssSelectorsEnabled: true, databaseEnabled: false, goog:chromeOptions: {debuggerAddress: localhost:26273}, handlesAlerts: true, hasTouchScreen: false, javascriptEnabled: true, locationContextEnabled: true, mobileEmulationEnabled: false, nativeEvents: true, networkConnectionEnabled: false, pageLoadStrategy: normal, platform: XP, platformName: XP, proxy: Proxy(), rotatable: false, setWindowRect: true, strictFileInteractability: false, takesHeapSnapshot: true, takesScreenshot: true, timeouts: {implicit: 0, pageLoad: 300000, script: 30000}, unexpectedAlertBehaviour: ignore, unhandledPromptBehavior: ignore, version: 75.0.3770.142, webStorageEnabled: true}
Session ID: c577b63b3e837da7b17718d21e4abcbe&#xD;
	at org.openqa.selenium.remote.ErrorHandler.createThrowable(ErrorHandler.java:214)&#xD;
	at org.openqa.selenium.remote.ErrorHandler.throwIfResponseFailed(ErrorHandler.java:166)&#xD;
	at org.openqa.selenium.remote.http.JsonHttpResponseCodec.reconstructValue(JsonHttpResponseCodec.java:40)&#xD;
	at org.openqa.selenium.remote.http.AbstractHttpResponseCodec.decode(AbstractHttpResponseCodec.java:80)&#xD;
	at org.openqa.selenium.remote.http.AbstractHttpResponseCodec.decode(AbstractHttpResponseCodec.java:44)&#xD;
	at org.openqa.selenium.remote.HttpCommandExecutor.execute(HttpCommandExecutor.java:158)&#xD;
	at org.openqa.selenium.remote.service.DriverCommandExecutor.execute(DriverCommandExecutor.java:83)&#xD;
	at org.openqa.selenium.remote.RemoteWebDriver.execute(RemoteWebDriver.java:552)&#xD;
	at com.kms.katalon.selenium.driver.CChromeDriver.execute(CChromeDriver.java:20)&#xD;
	at org.openqa.selenium.remote.RemoteWebElement.execute(RemoteWebElement.java:285)&#xD;
	at org.openqa.selenium.remote.RemoteWebElement.click(RemoteWebElement.java:84)&#xD;
	at com.kms.katalon.core.webui.keyword.builtin.ClickKeyword$_click_closure1.doCall(ClickKeyword.groovy:79)&#xD;
	at com.kms.katalon.core.webui.keyword.builtin.ClickKeyword$_click_closure1.call(ClickKeyword.groovy)&#xD;
	at com.kms.katalon.core.webui.keyword.internal.WebUIKeywordMain.runKeyword(WebUIKeywordMain.groovy:20)&#xD;
	at com.kms.katalon.core.webui.keyword.builtin.ClickKeyword.click(ClickKeyword.groovy:86)&#xD;
	at com.kms.katalon.core.webui.keyword.builtin.ClickKeyword.execute(ClickKeyword.groovy:67)&#xD;
	at com.kms.katalon.core.keyword.internal.KeywordExecutor.executeKeywordForPlatform(KeywordExecutor.groovy:56)&#xD;
	at com.kms.katalon.core.webui.keyword.WebUiBuiltInKeywords.click(WebUiBuiltInKeywords.groovy:616)&#xD;
	at com.kms.katalon.core.webui.keyword.WebUiBuiltInKeywords$click$3.call(Unknown Source)&#xD;
	at Script1564041871909.run(Script1564041871909.groovy:30)&#xD;
	... 13 more&#xD;
)&#xD;
[[ATTACHMENT|C:\\Users\\Antonio\\Katalon Studio\\TestingIBE\\Reports\\TestEveryIBE\\20190725_105322\\1564044850781.png]]</system-out>
            <system-err>2019-07-25 10:53:36 - [TEST_CASE][FAILED] - Test Cases/audi: Test Cases/audi FAILED.
Reason:
com.kms.katalon.core.exception.StepFailedException: Unable to click on object 'Object Repository/Page_Booking engine for serviced apartments/button_Profile'&#xD;
	at com.kms.katalon.core.webui.keyword.internal.WebUIKeywordMain.stepFailed(WebUIKeywordMain.groovy:64)&#xD;
	at com.kms.katalon.core.webui.keyword.internal.WebUIKeywordMain.runKeyword(WebUIKeywordMain.groovy:26)&#xD;
	at com.kms.katalon.core.webui.keyword.builtin.ClickKeyword.click(ClickKeyword.groovy:86)&#xD;
	at com.kms.katalon.core.webui.keyword.builtin.ClickKeyword.execute(ClickKeyword.groovy:67)&#xD;
	at com.kms.katalon.core.keyword.internal.KeywordExecutor.executeKeywordForPlatform(KeywordExecutor.groovy:56)&#xD;
	at com.kms.katalon.core.webui.keyword.WebUiBuiltInKeywords.click(WebUiBuiltInKeywords.groovy:616)&#xD;
	at com.kms.katalon.core.webui.keyword.WebUiBuiltInKeywords$click$3.call(Unknown Source)&#xD;
	at audi.run(audi:30)&#xD;
	at com.kms.katalon.core.main.ScriptEngine.run(ScriptEngine.java:194)&#xD;
	at com.kms.katalon.core.main.ScriptEngine.runScriptAsRawText(ScriptEngine.java:119)&#xD;
	at com.kms.katalon.core.main.TestCaseExecutor.runScript(TestCaseExecutor.java:337)&#xD;
	at com.kms.katalon.core.main.TestCaseExecutor.doExecute(TestCaseExecutor.java:328)&#xD;
	at com.kms.katalon.core.main.TestCaseExecutor.processExecutionPhase(TestCaseExecutor.java:307)&#xD;
	at com.kms.katalon.core.main.TestCaseExecutor.accessMainPhase(TestCaseExecutor.java:299)&#xD;
	at com.kms.katalon.core.main.TestCaseExecutor.execute(TestCaseExecutor.java:233)&#xD;
	at com.kms.katalon.core.main.TestSuiteExecutor.accessTestCaseMainPhase(TestSuiteExecutor.java:133)&#xD;
	at com.kms.katalon.core.main.TestSuiteExecutor.accessTestSuiteMainPhase(TestSuiteExecutor.java:116)&#xD;
	at com.kms.katalon.core.main.TestSuiteExecutor.execute(TestSuiteExecutor.java:83)&#xD;
	at com.kms.katalon.core.main.TestCaseMain.startTestSuite(TestCaseMain.java:157)&#xD;
	at com.kms.katalon.core.main.TestCaseMain$startTestSuite$0.call(Unknown Source)&#xD;
	at TempTestSuite1564044807272.run(TempTestSuite1564044807272.groovy:35)&#xD;
Caused by: org.openqa.selenium.ElementClickInterceptedException: element click intercepted: Element &lt;button ng-click="header.onHeaderMenuToggle()" ng-class="{
                                'is-active': header.displayHeaderMenu
                            }" class="site-header__profile btn profile-btn icon-right no-animate"&gt;...&lt;/button&gt; is not clickable at point (744, 45). Other element would receive the click: &lt;div uib-modal-backdrop="modal-backdrop" class="modal-backdrop fade ng-scope" ng-style="{'z-index': 1040 + (index &amp;amp;&amp;amp; 1 || 0) + index*10}" uib-modal-animation-class="fade" modal-in-class="in" modal-animation="true" style="z-index: 1040;"&gt;&lt;/div&gt;
  (Session info: chrome=75.0.3770.142)
  (Driver info: chromedriver=74.0.3729.6 (255758eccf3d244491b8a1317aa76e1ce10d57e9-refs/branch-heads/3729@{#29}),platform=Windows NT 10.0.17763 x86_64) (WARNING: The server did not provide any stacktrace information)
Command duration or timeout: 0 milliseconds
Build info: version: '3.141.59', revision: 'e82be7d358', time: '2018-11-14T08:25:53'
System info: host: 'ANTONIO', ip: '169.254.42.39', os.name: 'Windows 10', os.arch: 'amd64', os.version: '10.0', java.version: '1.8.0_181'
Driver info: com.kms.katalon.selenium.driver.CChromeDriver
Capabilities {acceptInsecureCerts: false, acceptSslCerts: false, applicationCacheEnabled: false, browserConnectionEnabled: false, browserName: chrome, chrome: {chromedriverVersion: 74.0.3729.6 (255758eccf3d24..., userDataDir: C:\Users\Antonio\AppData\Lo...}, cssSelectorsEnabled: true, databaseEnabled: false, goog:chromeOptions: {debuggerAddress: localhost:26273}, handlesAlerts: true, hasTouchScreen: false, javascriptEnabled: true, locationContextEnabled: true, mobileEmulationEnabled: false, nativeEvents: true, networkConnectionEnabled: false, pageLoadStrategy: normal, platform: XP, platformName: XP, proxy: Proxy(), rotatable: false, setWindowRect: true, strictFileInteractability: false, takesHeapSnapshot: true, takesScreenshot: true, timeouts: {implicit: 0, pageLoad: 300000, script: 30000}, unexpectedAlertBehaviour: ignore, unhandledPromptBehavior: ignore, version: 75.0.3770.142, webStorageEnabled: true}
Session ID: c577b63b3e837da7b17718d21e4abcbe&#xD;
	at org.openqa.selenium.remote.ErrorHandler.createThrowable(ErrorHandler.java:214)&#xD;
	at org.openqa.selenium.remote.ErrorHandler.throwIfResponseFailed(ErrorHandler.java:166)&#xD;
	at org.openqa.selenium.remote.http.JsonHttpResponseCodec.reconstructValue(JsonHttpResponseCodec.java:40)&#xD;
	at org.openqa.selenium.remote.http.AbstractHttpResponseCodec.decode(AbstractHttpResponseCodec.java:80)&#xD;
	at org.openqa.selenium.remote.http.AbstractHttpResponseCodec.decode(AbstractHttpResponseCodec.java:44)&#xD;
	at org.openqa.selenium.remote.HttpCommandExecutor.execute(HttpCommandExecutor.java:158)&#xD;
	at org.openqa.selenium.remote.service.DriverCommandExecutor.execute(DriverCommandExecutor.java:83)&#xD;
	at org.openqa.selenium.remote.RemoteWebDriver.execute(RemoteWebDriver.java:552)&#xD;
	at com.kms.katalon.selenium.driver.CChromeDriver.execute(CChromeDriver.java:20)&#xD;
	at org.openqa.selenium.remote.RemoteWebElement.execute(RemoteWebElement.java:285)&#xD;
	at org.openqa.selenium.remote.RemoteWebElement.click(RemoteWebElement.java:84)&#xD;
	at com.kms.katalon.core.webui.keyword.builtin.ClickKeyword$_click_closure1.doCall(ClickKeyword.groovy:79)&#xD;
	at com.kms.katalon.core.webui.keyword.builtin.ClickKeyword$_click_closure1.call(ClickKeyword.groovy)&#xD;
	at com.kms.katalon.core.webui.keyword.internal.WebUIKeywordMain.runKeyword(WebUIKeywordMain.groovy:20)&#xD;
	... 19 more</system-err>
        </testcase>
        <testcase name="Test Cases/baldaja" classname="Test Cases/baldaja" status="PASSED">
            <system-out>2019-07-25 10:54:11 - [TEST_CASE][PASSED] - Test Cases/baldaja: Test Cases/baldaja&#xD;
&#xD;
2019-07-25 10:54:11 - [TEST_STEP][PASSED] - openBrowser(""): Browser is opened with url: ''&#xD;
&#xD;
2019-07-25 10:54:11 - [MESSAGE][WARNING] - A browser is already opened. Closing browser and opening a new one&#xD;
&#xD;
2019-07-25 10:54:12 - [MESSAGE][INFO] - Starting 'Chrome' driver&#xD;
&#xD;
2019-07-25 10:54:15 - [MESSAGE][PASSED] - Browser is opened with url: ''&#xD;
&#xD;
2019-07-25 10:54:15 - [TEST_STEP][PASSED] - navigateToUrl("https://baldaja.acomodeo.com"): Navigate to 'https://baldaja.acomodeo.com' successfully&#xD;
&#xD;
2019-07-25 10:54:17 - [MESSAGE][PASSED] - Navigate to 'https://baldaja.acomodeo.com' successfully&#xD;
&#xD;
2019-07-25 10:54:17 - [TEST_STEP][PASSED] - delay(11): Delayed 11 second(s)&#xD;
&#xD;
2019-07-25 10:54:28 - [MESSAGE][PASSED] - Delayed 11 second(s)&#xD;
&#xD;
2019-07-25 10:54:28 - [TEST_STEP][PASSED] - setText(findTestObject("Object Repository/Page_Account Login IBE/input_Register_email"), username): Text 'katalon@acomodeo.com' is set on object 'Object Repository/Page_Account Login IBE/input_Register_email'&#xD;
&#xD;
2019-07-25 10:54:29 - [MESSAGE][PASSED] - Text 'katalon@acomodeo.com' is set on object 'Object Repository/Page_Account Login IBE/input_Register_email'&#xD;
&#xD;
2019-07-25 10:54:29 - [TEST_STEP][PASSED] - delay(3): Delayed 3 second(s)&#xD;
&#xD;
2019-07-25 10:54:32 - [MESSAGE][PASSED] - Delayed 3 second(s)&#xD;
&#xD;
2019-07-25 10:54:32 - [TEST_STEP][PASSED] - setEncryptedText(findTestObject("Object Repository/Page_Account Login IBE/input_Register_password"), password): Text ****** has been set on object 'Object Repository/Page_Account Login IBE/input_Register_password'&#xD;
&#xD;
2019-07-25 10:54:32 - [MESSAGE][PASSED] - Text ****** has been set on object 'Object Repository/Page_Account Login IBE/input_Register_password'&#xD;
&#xD;
2019-07-25 10:54:32 - [TEST_STEP][PASSED] - click(findTestObject("Object Repository/Page_Account Login IBE/button_Log in")): Object: 'Object Repository/Page_Account Login IBE/button_Log in' is clicked on&#xD;
&#xD;
2019-07-25 10:54:32 - [MESSAGE][PASSED] - Object: 'Object Repository/Page_Account Login IBE/button_Log in' is clicked on&#xD;
&#xD;
2019-07-25 10:54:32 - [TEST_STEP][PASSED] - delay(6): Delayed 6 second(s)&#xD;
&#xD;
2019-07-25 10:54:38 - [MESSAGE][PASSED] - Delayed 6 second(s)&#xD;
&#xD;
2019-07-25 10:54:38 - [TEST_STEP][PASSED] - click(findTestObject("Object Repository/Page_Booking engine for serviced apartments/button_Profile")): Object: 'Object Repository/Page_Booking engine for serviced apartments/button_Profile' is clicked on&#xD;
&#xD;
2019-07-25 10:54:38 - [MESSAGE][PASSED] - Object: 'Object Repository/Page_Booking engine for serviced apartments/button_Profile' is clicked on&#xD;
&#xD;
2019-07-25 10:54:38 - [TEST_STEP][PASSED] - delay(2): Delayed 2 second(s)&#xD;
&#xD;
2019-07-25 10:54:40 - [MESSAGE][PASSED] - Delayed 2 second(s)&#xD;
&#xD;
2019-07-25 10:54:40 - [TEST_STEP][PASSED] - hello = getText(findTestObject("Object Repository/Page_Booking engine for serviced apartments/h4_Hello Katalon Acomodeo")): Text of object 'Object Repository/Page_Booking engine for serviced apartments/h4_Hello Katalon Acomodeo' is: 'Hello, Katalon Acomodeo'&#xD;
&#xD;
2019-07-25 10:54:40 - [MESSAGE][PASSED] - Text of object 'Object Repository/Page_Booking engine for serviced apartments/h4_Hello Katalon Acomodeo' is: 'Hello, Katalon Acomodeo'&#xD;
&#xD;
2019-07-25 10:54:40 - [TEST_STEP][PASSED] - verifyEqual("Hello, Katalon Acomodeo", hello): Actual object 'Hello, Katalon Acomodeo' and expected object 'Hello, Katalon Acomodeo' are equal&#xD;
&#xD;
2019-07-25 10:54:40 - [MESSAGE][PASSED] - Actual object 'Hello, Katalon Acomodeo' and expected object 'Hello, Katalon Acomodeo' are equal&#xD;
&#xD;
2019-07-25 10:54:40 - [TEST_STEP][PASSED] - closeBrowser(): Browser is closed&#xD;
&#xD;
2019-07-25 10:54:41 - [MESSAGE][PASSED] - Browser is closed</system-out>
            <system-err></system-err>
        </testcase>
        <testcase name="Test Cases/barmer" classname="Test Cases/barmer" status="PASSED">
            <system-out>2019-07-25 10:54:41 - [TEST_CASE][PASSED] - Test Cases/barmer: Test Cases/barmer&#xD;
&#xD;
2019-07-25 10:54:41 - [TEST_STEP][PASSED] - openBrowser(""): Browser is opened with url: ''&#xD;
&#xD;
2019-07-25 10:54:41 - [MESSAGE][INFO] - Starting 'Chrome' driver&#xD;
&#xD;
2019-07-25 10:54:44 - [MESSAGE][PASSED] - Browser is opened with url: ''&#xD;
&#xD;
2019-07-25 10:54:44 - [TEST_STEP][PASSED] - navigateToUrl("https://barmer.acomodeo.com"): Navigate to 'https://barmer.acomodeo.com' successfully&#xD;
&#xD;
2019-07-25 10:54:47 - [MESSAGE][PASSED] - Navigate to 'https://barmer.acomodeo.com' successfully&#xD;
&#xD;
2019-07-25 10:54:47 - [TEST_STEP][PASSED] - delay(11): Delayed 11 second(s)&#xD;
&#xD;
2019-07-25 10:54:58 - [MESSAGE][PASSED] - Delayed 11 second(s)&#xD;
&#xD;
2019-07-25 10:54:58 - [TEST_STEP][PASSED] - setText(findTestObject("Object Repository/Page_Account Login IBE/input_Register_email"), username): Text 'katalon@acomodeo.com' is set on object 'Object Repository/Page_Account Login IBE/input_Register_email'&#xD;
&#xD;
2019-07-25 10:54:58 - [MESSAGE][PASSED] - Text 'katalon@acomodeo.com' is set on object 'Object Repository/Page_Account Login IBE/input_Register_email'&#xD;
&#xD;
2019-07-25 10:54:58 - [TEST_STEP][PASSED] - delay(3): Delayed 3 second(s)&#xD;
&#xD;
2019-07-25 10:55:01 - [MESSAGE][PASSED] - Delayed 3 second(s)&#xD;
&#xD;
2019-07-25 10:55:01 - [TEST_STEP][PASSED] - setEncryptedText(findTestObject("Object Repository/Page_Account Login IBE/input_Register_password"), password): Text ****** has been set on object 'Object Repository/Page_Account Login IBE/input_Register_password'&#xD;
&#xD;
2019-07-25 10:55:02 - [MESSAGE][PASSED] - Text ****** has been set on object 'Object Repository/Page_Account Login IBE/input_Register_password'&#xD;
&#xD;
2019-07-25 10:55:02 - [TEST_STEP][PASSED] - click(findTestObject("Object Repository/Page_Account Login IBE/button_Log in")): Object: 'Object Repository/Page_Account Login IBE/button_Log in' is clicked on&#xD;
&#xD;
2019-07-25 10:55:02 - [MESSAGE][PASSED] - Object: 'Object Repository/Page_Account Login IBE/button_Log in' is clicked on&#xD;
&#xD;
2019-07-25 10:55:02 - [TEST_STEP][PASSED] - delay(6): Delayed 6 second(s)&#xD;
&#xD;
2019-07-25 10:55:08 - [MESSAGE][PASSED] - Delayed 6 second(s)&#xD;
&#xD;
2019-07-25 10:55:08 - [TEST_STEP][PASSED] - click(findTestObject("Object Repository/Page_Booking engine for serviced apartments/button_Profile")): Object: 'Object Repository/Page_Booking engine for serviced apartments/button_Profile' is clicked on&#xD;
&#xD;
2019-07-25 10:55:08 - [MESSAGE][PASSED] - Object: 'Object Repository/Page_Booking engine for serviced apartments/button_Profile' is clicked on&#xD;
&#xD;
2019-07-25 10:55:08 - [TEST_STEP][PASSED] - delay(2): Delayed 2 second(s)&#xD;
&#xD;
2019-07-25 10:55:10 - [MESSAGE][PASSED] - Delayed 2 second(s)&#xD;
&#xD;
2019-07-25 10:55:10 - [TEST_STEP][PASSED] - hello = getText(findTestObject("Object Repository/Page_Booking engine for serviced apartments/h4_Hello Katalon Acomodeo")): Text of object 'Object Repository/Page_Booking engine for serviced apartments/h4_Hello Katalon Acomodeo' is: 'Hello, Katalon Acomodeo'&#xD;
&#xD;
2019-07-25 10:55:10 - [MESSAGE][PASSED] - Text of object 'Object Repository/Page_Booking engine for serviced apartments/h4_Hello Katalon Acomodeo' is: 'Hello, Katalon Acomodeo'&#xD;
&#xD;
2019-07-25 10:55:10 - [TEST_STEP][PASSED] - verifyEqual("Hello, Katalon Acomodeo", hello): Actual object 'Hello, Katalon Acomodeo' and expected object 'Hello, Katalon Acomodeo' are equal&#xD;
&#xD;
2019-07-25 10:55:10 - [MESSAGE][PASSED] - Actual object 'Hello, Katalon Acomodeo' and expected object 'Hello, Katalon Acomodeo' are equal&#xD;
&#xD;
2019-07-25 10:55:10 - [TEST_STEP][PASSED] - closeBrowser(): Browser is closed&#xD;
&#xD;
2019-07-25 10:55:11 - [MESSAGE][PASSED] - Browser is closed</system-out>
            <system-err></system-err>
        </testcase>
        <testcase name="Test Cases/bearingpoing" classname="Test Cases/bearingpoing" status="PASSED">
            <system-out>2019-07-25 10:55:11 - [TEST_CASE][PASSED] - Test Cases/bearingpoing: Test Cases/bearingpoing&#xD;
&#xD;
2019-07-25 10:55:11 - [TEST_STEP][PASSED] - openBrowser(""): Browser is opened with url: ''&#xD;
&#xD;
2019-07-25 10:55:11 - [MESSAGE][INFO] - Starting 'Chrome' driver&#xD;
&#xD;
2019-07-25 10:55:13 - [MESSAGE][PASSED] - Browser is opened with url: ''&#xD;
&#xD;
2019-07-25 10:55:13 - [TEST_STEP][PASSED] - navigateToUrl("https://bearingpoint.acomodeo.com"): Navigate to 'https://bearingpoint.acomodeo.com' successfully&#xD;
&#xD;
2019-07-25 10:55:16 - [MESSAGE][PASSED] - Navigate to 'https://bearingpoint.acomodeo.com' successfully&#xD;
&#xD;
2019-07-25 10:55:16 - [TEST_STEP][PASSED] - delay(11): Delayed 11 second(s)&#xD;
&#xD;
2019-07-25 10:55:27 - [MESSAGE][PASSED] - Delayed 11 second(s)&#xD;
&#xD;
2019-07-25 10:55:27 - [TEST_STEP][PASSED] - setText(findTestObject("Object Repository/Page_Account Login IBE/input_Register_email"), username): Text 'katalon@acomodeo.com' is set on object 'Object Repository/Page_Account Login IBE/input_Register_email'&#xD;
&#xD;
2019-07-25 10:55:27 - [MESSAGE][PASSED] - Text 'katalon@acomodeo.com' is set on object 'Object Repository/Page_Account Login IBE/input_Register_email'&#xD;
&#xD;
2019-07-25 10:55:27 - [TEST_STEP][PASSED] - delay(3): Delayed 3 second(s)&#xD;
&#xD;
2019-07-25 10:55:30 - [MESSAGE][PASSED] - Delayed 3 second(s)&#xD;
&#xD;
2019-07-25 10:55:30 - [TEST_STEP][PASSED] - setEncryptedText(findTestObject("Object Repository/Page_Account Login IBE/input_Register_password"), password): Text ****** has been set on object 'Object Repository/Page_Account Login IBE/input_Register_password'&#xD;
&#xD;
2019-07-25 10:55:30 - [MESSAGE][PASSED] - Text ****** has been set on object 'Object Repository/Page_Account Login IBE/input_Register_password'&#xD;
&#xD;
2019-07-25 10:55:30 - [TEST_STEP][PASSED] - click(findTestObject("Object Repository/Page_Account Login IBE/button_Log in")): Object: 'Object Repository/Page_Account Login IBE/button_Log in' is clicked on&#xD;
&#xD;
2019-07-25 10:55:31 - [MESSAGE][PASSED] - Object: 'Object Repository/Page_Account Login IBE/button_Log in' is clicked on&#xD;
&#xD;
2019-07-25 10:55:31 - [TEST_STEP][PASSED] - delay(6): Delayed 6 second(s)&#xD;
&#xD;
2019-07-25 10:55:37 - [MESSAGE][PASSED] - Delayed 6 second(s)&#xD;
&#xD;
2019-07-25 10:55:37 - [TEST_STEP][PASSED] - click(findTestObject("Object Repository/Page_Booking engine for serviced apartments/button_Profile")): Object: 'Object Repository/Page_Booking engine for serviced apartments/button_Profile' is clicked on&#xD;
&#xD;
2019-07-25 10:55:37 - [MESSAGE][PASSED] - Object: 'Object Repository/Page_Booking engine for serviced apartments/button_Profile' is clicked on&#xD;
&#xD;
2019-07-25 10:55:37 - [TEST_STEP][PASSED] - delay(2): Delayed 2 second(s)&#xD;
&#xD;
2019-07-25 10:55:39 - [MESSAGE][PASSED] - Delayed 2 second(s)&#xD;
&#xD;
2019-07-25 10:55:39 - [TEST_STEP][PASSED] - hello = getText(findTestObject("Object Repository/Page_Booking engine for serviced apartments/h4_Hello Katalon Acomodeo")): Text of object 'Object Repository/Page_Booking engine for serviced apartments/h4_Hello Katalon Acomodeo' is: 'Hello, Katalon Acomodeo'&#xD;
&#xD;
2019-07-25 10:55:39 - [MESSAGE][PASSED] - Text of object 'Object Repository/Page_Booking engine for serviced apartments/h4_Hello Katalon Acomodeo' is: 'Hello, Katalon Acomodeo'&#xD;
&#xD;
2019-07-25 10:55:39 - [TEST_STEP][PASSED] - verifyEqual("Hello, Katalon Acomodeo", hello): Actual object 'Hello, Katalon Acomodeo' and expected object 'Hello, Katalon Acomodeo' are equal&#xD;
&#xD;
2019-07-25 10:55:39 - [MESSAGE][PASSED] - Actual object 'Hello, Katalon Acomodeo' and expected object 'Hello, Katalon Acomodeo' are equal&#xD;
&#xD;
2019-07-25 10:55:39 - [TEST_STEP][PASSED] - closeBrowser(): Browser is closed&#xD;
&#xD;
2019-07-25 10:55:40 - [MESSAGE][PASSED] - Browser is closed</system-out>
            <system-err></system-err>
        </testcase>
        <testcase name="Test Cases/commerbank" classname="Test Cases/commerbank" status="PASSED">
            <system-out>2019-07-25 10:55:40 - [TEST_CASE][PASSED] - Test Cases/commerbank: Test Cases/commerbank&#xD;
&#xD;
2019-07-25 10:55:40 - [TEST_STEP][PASSED] - openBrowser(""): Browser is opened with url: ''&#xD;
&#xD;
2019-07-25 10:55:40 - [MESSAGE][INFO] - Starting 'Chrome' driver&#xD;
&#xD;
2019-07-25 10:55:43 - [MESSAGE][PASSED] - Browser is opened with url: ''&#xD;
&#xD;
2019-07-25 10:55:43 - [TEST_STEP][PASSED] - navigateToUrl("https://commerzbank.acomodeo.com"): Navigate to 'https://commerzbank.acomodeo.com' successfully&#xD;
&#xD;
2019-07-25 10:55:46 - [MESSAGE][PASSED] - Navigate to 'https://commerzbank.acomodeo.com' successfully&#xD;
&#xD;
2019-07-25 10:55:46 - [TEST_STEP][PASSED] - delay(11): Delayed 11 second(s)&#xD;
&#xD;
2019-07-25 10:55:57 - [MESSAGE][PASSED] - Delayed 11 second(s)&#xD;
&#xD;
2019-07-25 10:55:57 - [TEST_STEP][PASSED] - setText(findTestObject("Object Repository/Page_Account Login IBE/input_Register_email"), username): Text 'katalon@acomodeo.com' is set on object 'Object Repository/Page_Account Login IBE/input_Register_email'&#xD;
&#xD;
2019-07-25 10:55:57 - [MESSAGE][PASSED] - Text 'katalon@acomodeo.com' is set on object 'Object Repository/Page_Account Login IBE/input_Register_email'&#xD;
&#xD;
2019-07-25 10:55:57 - [TEST_STEP][PASSED] - delay(3): Delayed 3 second(s)&#xD;
&#xD;
2019-07-25 10:56:00 - [MESSAGE][PASSED] - Delayed 3 second(s)&#xD;
&#xD;
2019-07-25 10:56:00 - [TEST_STEP][PASSED] - setEncryptedText(findTestObject("Object Repository/Page_Account Login IBE/input_Register_password"), password): Text ****** has been set on object 'Object Repository/Page_Account Login IBE/input_Register_password'&#xD;
&#xD;
2019-07-25 10:56:01 - [MESSAGE][PASSED] - Text ****** has been set on object 'Object Repository/Page_Account Login IBE/input_Register_password'&#xD;
&#xD;
2019-07-25 10:56:01 - [TEST_STEP][PASSED] - click(findTestObject("Object Repository/Page_Account Login IBE/button_Log in")): Object: 'Object Repository/Page_Account Login IBE/button_Log in' is clicked on&#xD;
&#xD;
2019-07-25 10:56:01 - [MESSAGE][PASSED] - Object: 'Object Repository/Page_Account Login IBE/button_Log in' is clicked on&#xD;
&#xD;
2019-07-25 10:56:01 - [TEST_STEP][PASSED] - delay(6): Delayed 6 second(s)&#xD;
&#xD;
2019-07-25 10:56:07 - [MESSAGE][PASSED] - Delayed 6 second(s)&#xD;
&#xD;
2019-07-25 10:56:07 - [TEST_STEP][PASSED] - click(findTestObject("Object Repository/Page_Booking engine for serviced apartments/button_Profile")): Object: 'Object Repository/Page_Booking engine for serviced apartments/button_Profile' is clicked on&#xD;
&#xD;
2019-07-25 10:56:07 - [MESSAGE][PASSED] - Object: 'Object Repository/Page_Booking engine for serviced apartments/button_Profile' is clicked on&#xD;
&#xD;
2019-07-25 10:56:07 - [TEST_STEP][PASSED] - delay(2): Delayed 2 second(s)&#xD;
&#xD;
2019-07-25 10:56:09 - [MESSAGE][PASSED] - Delayed 2 second(s)&#xD;
&#xD;
2019-07-25 10:56:09 - [TEST_STEP][PASSED] - hello = getText(findTestObject("Object Repository/Page_Booking engine for serviced apartments/h4_Hello Katalon Acomodeo")): Text of object 'Object Repository/Page_Booking engine for serviced apartments/h4_Hello Katalon Acomodeo' is: 'Hello, Katalon Acomodeo'&#xD;
&#xD;
2019-07-25 10:56:09 - [MESSAGE][PASSED] - Text of object 'Object Repository/Page_Booking engine for serviced apartments/h4_Hello Katalon Acomodeo' is: 'Hello, Katalon Acomodeo'&#xD;
&#xD;
2019-07-25 10:56:09 - [TEST_STEP][PASSED] - verifyEqual("Hello, Katalon Acomodeo", hello): Actual object 'Hello, Katalon Acomodeo' and expected object 'Hello, Katalon Acomodeo' are equal&#xD;
&#xD;
2019-07-25 10:56:09 - [MESSAGE][PASSED] - Actual object 'Hello, Katalon Acomodeo' and expected object 'Hello, Katalon Acomodeo' are equal&#xD;
&#xD;
2019-07-25 10:56:09 - [TEST_STEP][PASSED] - closeBrowser(): Browser is closed&#xD;
&#xD;
2019-07-25 10:56:10 - [MESSAGE][PASSED] - Browser is closed</system-out>
            <system-err></system-err>
        </testcase>
        <testcase name="Test Cases/covestro" classname="Test Cases/covestro" status="PASSED">
            <system-out>2019-07-25 10:56:10 - [TEST_CASE][PASSED] - Test Cases/covestro: Test Cases/covestro&#xD;
&#xD;
2019-07-25 10:56:10 - [TEST_STEP][PASSED] - openBrowser(""): Browser is opened with url: ''&#xD;
&#xD;
2019-07-25 10:56:10 - [MESSAGE][INFO] - Starting 'Chrome' driver&#xD;
&#xD;
2019-07-25 10:56:13 - [MESSAGE][PASSED] - Browser is opened with url: ''&#xD;
&#xD;
2019-07-25 10:56:13 - [TEST_STEP][PASSED] - navigateToUrl("https://covestro.acomodeo.com"): Navigate to 'https://covestro.acomodeo.com' successfully&#xD;
&#xD;
2019-07-25 10:56:16 - [MESSAGE][PASSED] - Navigate to 'https://covestro.acomodeo.com' successfully&#xD;
&#xD;
2019-07-25 10:56:16 - [TEST_STEP][PASSED] - delay(11): Delayed 11 second(s)&#xD;
&#xD;
2019-07-25 10:56:27 - [MESSAGE][PASSED] - Delayed 11 second(s)&#xD;
&#xD;
2019-07-25 10:56:27 - [TEST_STEP][PASSED] - setText(findTestObject("Object Repository/Page_Account Login IBE/input_Register_email"), username): Text 'katalon@acomodeo.com' is set on object 'Object Repository/Page_Account Login IBE/input_Register_email'&#xD;
&#xD;
2019-07-25 10:56:27 - [MESSAGE][PASSED] - Text 'katalon@acomodeo.com' is set on object 'Object Repository/Page_Account Login IBE/input_Register_email'&#xD;
&#xD;
2019-07-25 10:56:27 - [TEST_STEP][PASSED] - delay(3): Delayed 3 second(s)&#xD;
&#xD;
2019-07-25 10:56:30 - [MESSAGE][PASSED] - Delayed 3 second(s)&#xD;
&#xD;
2019-07-25 10:56:30 - [TEST_STEP][PASSED] - setEncryptedText(findTestObject("Object Repository/Page_Account Login IBE/input_Register_password"), password): Text ****** has been set on object 'Object Repository/Page_Account Login IBE/input_Register_password'&#xD;
&#xD;
2019-07-25 10:56:31 - [MESSAGE][PASSED] - Text ****** has been set on object 'Object Repository/Page_Account Login IBE/input_Register_password'&#xD;
&#xD;
2019-07-25 10:56:31 - [TEST_STEP][PASSED] - click(findTestObject("Object Repository/Page_Account Login IBE/button_Log in")): Object: 'Object Repository/Page_Account Login IBE/button_Log in' is clicked on&#xD;
&#xD;
2019-07-25 10:56:31 - [MESSAGE][PASSED] - Object: 'Object Repository/Page_Account Login IBE/button_Log in' is clicked on&#xD;
&#xD;
2019-07-25 10:56:31 - [TEST_STEP][PASSED] - delay(6): Delayed 6 second(s)&#xD;
&#xD;
2019-07-25 10:56:37 - [MESSAGE][PASSED] - Delayed 6 second(s)&#xD;
&#xD;
2019-07-25 10:56:37 - [TEST_STEP][PASSED] - click(findTestObject("Object Repository/Page_Booking engine for serviced apartments/button_Profile")): Object: 'Object Repository/Page_Booking engine for serviced apartments/button_Profile' is clicked on&#xD;
&#xD;
2019-07-25 10:56:37 - [MESSAGE][PASSED] - Object: 'Object Repository/Page_Booking engine for serviced apartments/button_Profile' is clicked on&#xD;
&#xD;
2019-07-25 10:56:37 - [TEST_STEP][PASSED] - delay(2): Delayed 2 second(s)&#xD;
&#xD;
2019-07-25 10:56:39 - [MESSAGE][PASSED] - Delayed 2 second(s)&#xD;
&#xD;
2019-07-25 10:56:39 - [TEST_STEP][PASSED] - hello = getText(findTestObject("Object Repository/Page_Booking engine for serviced apartments/h4_Hello Katalon Acomodeo")): Text of object 'Object Repository/Page_Booking engine for serviced apartments/h4_Hello Katalon Acomodeo' is: 'Hello, Katalon Acomodeo'&#xD;
&#xD;
2019-07-25 10:56:39 - [MESSAGE][PASSED] - Text of object 'Object Repository/Page_Booking engine for serviced apartments/h4_Hello Katalon Acomodeo' is: 'Hello, Katalon Acomodeo'&#xD;
&#xD;
2019-07-25 10:56:39 - [TEST_STEP][PASSED] - verifyEqual("Hello, Katalon Acomodeo", hello): Actual object 'Hello, Katalon Acomodeo' and expected object 'Hello, Katalon Acomodeo' are equal&#xD;
&#xD;
2019-07-25 10:56:39 - [MESSAGE][PASSED] - Actual object 'Hello, Katalon Acomodeo' and expected object 'Hello, Katalon Acomodeo' are equal&#xD;
&#xD;
2019-07-25 10:56:39 - [TEST_STEP][PASSED] - closeBrowser(): Browser is closed&#xD;
&#xD;
2019-07-25 10:56:40 - [MESSAGE][PASSED] - Browser is closed</system-out>
            <system-err></system-err>
        </testcase>
        <testcase name="Test Cases/freshfields" classname="Test Cases/freshfields" status="PASSED">
            <system-out>2019-07-25 10:56:40 - [TEST_CASE][PASSED] - Test Cases/freshfields: Test Cases/freshfields&#xD;
&#xD;
2019-07-25 10:56:40 - [TEST_STEP][PASSED] - openBrowser(""): Browser is opened with url: ''&#xD;
&#xD;
2019-07-25 10:56:40 - [MESSAGE][INFO] - Starting 'Chrome' driver&#xD;
&#xD;
2019-07-25 10:56:43 - [MESSAGE][PASSED] - Browser is opened with url: ''&#xD;
&#xD;
2019-07-25 10:56:43 - [TEST_STEP][PASSED] - navigateToUrl("https://freshfields.acomodeo.com"): Navigate to 'https://freshfields.acomodeo.com' successfully&#xD;
&#xD;
2019-07-25 10:56:47 - [MESSAGE][PASSED] - Navigate to 'https://freshfields.acomodeo.com' successfully&#xD;
&#xD;
2019-07-25 10:56:47 - [TEST_STEP][PASSED] - delay(11): Delayed 11 second(s)&#xD;
&#xD;
2019-07-25 10:56:58 - [MESSAGE][PASSED] - Delayed 11 second(s)&#xD;
&#xD;
2019-07-25 10:56:58 - [TEST_STEP][PASSED] - setText(findTestObject("Object Repository/Page_Account Login IBE/input_Register_email"), username): Text 'katalon@acomodeo.com' is set on object 'Object Repository/Page_Account Login IBE/input_Register_email'&#xD;
&#xD;
2019-07-25 10:56:58 - [MESSAGE][PASSED] - Text 'katalon@acomodeo.com' is set on object 'Object Repository/Page_Account Login IBE/input_Register_email'&#xD;
&#xD;
2019-07-25 10:56:58 - [TEST_STEP][PASSED] - delay(3): Delayed 3 second(s)&#xD;
&#xD;
2019-07-25 10:57:01 - [MESSAGE][PASSED] - Delayed 3 second(s)&#xD;
&#xD;
2019-07-25 10:57:01 - [TEST_STEP][PASSED] - setEncryptedText(findTestObject("Object Repository/Page_Account Login IBE/input_Register_password"), password): Text ****** has been set on object 'Object Repository/Page_Account Login IBE/input_Register_password'&#xD;
&#xD;
2019-07-25 10:57:02 - [MESSAGE][PASSED] - Text ****** has been set on object 'Object Repository/Page_Account Login IBE/input_Register_password'&#xD;
&#xD;
2019-07-25 10:57:02 - [TEST_STEP][PASSED] - click(findTestObject("Object Repository/Page_Account Login IBE/button_Log in")): Object: 'Object Repository/Page_Account Login IBE/button_Log in' is clicked on&#xD;
&#xD;
2019-07-25 10:57:02 - [MESSAGE][PASSED] - Object: 'Object Repository/Page_Account Login IBE/button_Log in' is clicked on&#xD;
&#xD;
2019-07-25 10:57:02 - [TEST_STEP][PASSED] - delay(6): Delayed 6 second(s)&#xD;
&#xD;
2019-07-25 10:57:08 - [MESSAGE][PASSED] - Delayed 6 second(s)&#xD;
&#xD;
2019-07-25 10:57:08 - [TEST_STEP][PASSED] - click(findTestObject("Object Repository/Page_Booking engine for serviced apartments/button_Profile")): Object: 'Object Repository/Page_Booking engine for serviced apartments/button_Profile' is clicked on&#xD;
&#xD;
2019-07-25 10:57:08 - [MESSAGE][PASSED] - Object: 'Object Repository/Page_Booking engine for serviced apartments/button_Profile' is clicked on&#xD;
&#xD;
2019-07-25 10:57:08 - [TEST_STEP][PASSED] - delay(2): Delayed 2 second(s)&#xD;
&#xD;
2019-07-25 10:57:10 - [MESSAGE][PASSED] - Delayed 2 second(s)&#xD;
&#xD;
2019-07-25 10:57:10 - [TEST_STEP][PASSED] - hello = getText(findTestObject("Object Repository/Page_Booking engine for serviced apartments/h4_Hello Katalon Acomodeo")): Text of object 'Object Repository/Page_Booking engine for serviced apartments/h4_Hello Katalon Acomodeo' is: 'Hello, Katalon Acomodeo'&#xD;
&#xD;
2019-07-25 10:57:10 - [MESSAGE][PASSED] - Text of object 'Object Repository/Page_Booking engine for serviced apartments/h4_Hello Katalon Acomodeo' is: 'Hello, Katalon Acomodeo'&#xD;
&#xD;
2019-07-25 10:57:10 - [TEST_STEP][PASSED] - verifyEqual("Hello, Katalon Acomodeo", hello): Actual object 'Hello, Katalon Acomodeo' and expected object 'Hello, Katalon Acomodeo' are equal&#xD;
&#xD;
2019-07-25 10:57:10 - [MESSAGE][PASSED] - Actual object 'Hello, Katalon Acomodeo' and expected object 'Hello, Katalon Acomodeo' are equal&#xD;
&#xD;
2019-07-25 10:57:10 - [TEST_STEP][PASSED] - closeBrowser(): Browser is closed&#xD;
&#xD;
2019-07-25 10:57:11 - [MESSAGE][PASSED] - Browser is closed</system-out>
            <system-err></system-err>
        </testcase>
        <testcase name="Test Cases/goomo" classname="Test Cases/goomo" status="PASSED">
            <system-out>2019-07-25 10:57:11 - [TEST_CASE][PASSED] - Test Cases/goomo: Test Cases/goomo&#xD;
&#xD;
2019-07-25 10:57:11 - [TEST_STEP][PASSED] - openBrowser(""): Browser is opened with url: ''&#xD;
&#xD;
2019-07-25 10:57:11 - [MESSAGE][INFO] - Starting 'Chrome' driver&#xD;
&#xD;
2019-07-25 10:57:14 - [MESSAGE][PASSED] - Browser is opened with url: ''&#xD;
&#xD;
2019-07-25 10:57:14 - [TEST_STEP][PASSED] - navigateToUrl("https://goomo.acomodeo.com"): Navigate to 'https://goomo.acomodeo.com' successfully&#xD;
&#xD;
2019-07-25 10:57:18 - [MESSAGE][PASSED] - Navigate to 'https://goomo.acomodeo.com' successfully&#xD;
&#xD;
2019-07-25 10:57:18 - [TEST_STEP][PASSED] - delay(11): Delayed 11 second(s)&#xD;
&#xD;
2019-07-25 10:57:29 - [MESSAGE][PASSED] - Delayed 11 second(s)&#xD;
&#xD;
2019-07-25 10:57:29 - [TEST_STEP][PASSED] - setText(findTestObject("Object Repository/Page_Account Login IBE/input_Register_email"), username): Text 'katalon@acomodeo.com' is set on object 'Object Repository/Page_Account Login IBE/input_Register_email'&#xD;
&#xD;
2019-07-25 10:57:29 - [MESSAGE][PASSED] - Text 'katalon@acomodeo.com' is set on object 'Object Repository/Page_Account Login IBE/input_Register_email'&#xD;
&#xD;
2019-07-25 10:57:29 - [TEST_STEP][PASSED] - delay(3): Delayed 3 second(s)&#xD;
&#xD;
2019-07-25 10:57:32 - [MESSAGE][PASSED] - Delayed 3 second(s)&#xD;
&#xD;
2019-07-25 10:57:32 - [TEST_STEP][PASSED] - setEncryptedText(findTestObject("Object Repository/Page_Account Login IBE/input_Register_password"), password): Text ****** has been set on object 'Object Repository/Page_Account Login IBE/input_Register_password'&#xD;
&#xD;
2019-07-25 10:57:33 - [MESSAGE][PASSED] - Text ****** has been set on object 'Object Repository/Page_Account Login IBE/input_Register_password'&#xD;
&#xD;
2019-07-25 10:57:33 - [TEST_STEP][PASSED] - click(findTestObject("Object Repository/Page_Account Login IBE/button_Log in")): Object: 'Object Repository/Page_Account Login IBE/button_Log in' is clicked on&#xD;
&#xD;
2019-07-25 10:57:33 - [MESSAGE][PASSED] - Object: 'Object Repository/Page_Account Login IBE/button_Log in' is clicked on&#xD;
&#xD;
2019-07-25 10:57:33 - [TEST_STEP][PASSED] - delay(6): Delayed 6 second(s)&#xD;
&#xD;
2019-07-25 10:57:39 - [MESSAGE][PASSED] - Delayed 6 second(s)&#xD;
&#xD;
2019-07-25 10:57:39 - [TEST_STEP][PASSED] - click(findTestObject("Object Repository/Page_Booking engine for serviced apartments/button_Profile")): Object: 'Object Repository/Page_Booking engine for serviced apartments/button_Profile' is clicked on&#xD;
&#xD;
2019-07-25 10:57:39 - [MESSAGE][PASSED] - Object: 'Object Repository/Page_Booking engine for serviced apartments/button_Profile' is clicked on&#xD;
&#xD;
2019-07-25 10:57:39 - [TEST_STEP][PASSED] - delay(2): Delayed 2 second(s)&#xD;
&#xD;
2019-07-25 10:57:41 - [MESSAGE][PASSED] - Delayed 2 second(s)&#xD;
&#xD;
2019-07-25 10:57:41 - [TEST_STEP][PASSED] - hello = getText(findTestObject("Object Repository/Page_Booking engine for serviced apartments/h4_Hello Katalon Acomodeo")): Text of object 'Object Repository/Page_Booking engine for serviced apartments/h4_Hello Katalon Acomodeo' is: 'Hello, Katalon Acomodeo'&#xD;
&#xD;
2019-07-25 10:57:41 - [MESSAGE][PASSED] - Text of object 'Object Repository/Page_Booking engine for serviced apartments/h4_Hello Katalon Acomodeo' is: 'Hello, Katalon Acomodeo'&#xD;
&#xD;
2019-07-25 10:57:41 - [TEST_STEP][PASSED] - verifyEqual("Hello, Katalon Acomodeo", hello): Actual object 'Hello, Katalon Acomodeo' and expected object 'Hello, Katalon Acomodeo' are equal&#xD;
&#xD;
2019-07-25 10:57:41 - [MESSAGE][PASSED] - Actual object 'Hello, Katalon Acomodeo' and expected object 'Hello, Katalon Acomodeo' are equal&#xD;
&#xD;
2019-07-25 10:57:41 - [TEST_STEP][PASSED] - closeBrowser(): Browser is closed&#xD;
&#xD;
2019-07-25 10:57:42 - [MESSAGE][PASSED] - Browser is closed</system-out>
            <system-err></system-err>
        </testcase>
        <testcase name="Test Cases/ibe" classname="Test Cases/ibe" status="PASSED">
            <system-out>2019-07-25 10:57:42 - [TEST_CASE][PASSED] - Test Cases/ibe: Test Cases/ibe&#xD;
&#xD;
2019-07-25 10:57:42 - [TEST_STEP][PASSED] - openBrowser(""): Browser is opened with url: ''&#xD;
&#xD;
2019-07-25 10:57:42 - [MESSAGE][INFO] - Starting 'Chrome' driver&#xD;
&#xD;
2019-07-25 10:57:45 - [MESSAGE][PASSED] - Browser is opened with url: ''&#xD;
&#xD;
2019-07-25 10:57:45 - [TEST_STEP][PASSED] - navigateToUrl("https://ibe.acomodeo.com"): Navigate to 'https://ibe.acomodeo.com' successfully&#xD;
&#xD;
2019-07-25 10:57:48 - [MESSAGE][PASSED] - Navigate to 'https://ibe.acomodeo.com' successfully&#xD;
&#xD;
2019-07-25 10:57:48 - [TEST_STEP][PASSED] - delay(11): Delayed 11 second(s)&#xD;
&#xD;
2019-07-25 10:57:59 - [MESSAGE][PASSED] - Delayed 11 second(s)&#xD;
&#xD;
2019-07-25 10:57:59 - [TEST_STEP][PASSED] - setText(findTestObject("Object Repository/Page_Account Login IBE/input_Register_email"), username): Text 'katalon@acomodeo.com' is set on object 'Object Repository/Page_Account Login IBE/input_Register_email'&#xD;
&#xD;
2019-07-25 10:58:00 - [MESSAGE][PASSED] - Text 'katalon@acomodeo.com' is set on object 'Object Repository/Page_Account Login IBE/input_Register_email'&#xD;
&#xD;
2019-07-25 10:58:00 - [TEST_STEP][PASSED] - delay(3): Delayed 3 second(s)&#xD;
&#xD;
2019-07-25 10:58:03 - [MESSAGE][PASSED] - Delayed 3 second(s)&#xD;
&#xD;
2019-07-25 10:58:03 - [TEST_STEP][PASSED] - setEncryptedText(findTestObject("Object Repository/Page_Account Login IBE/input_Register_password"), password): Text ****** has been set on object 'Object Repository/Page_Account Login IBE/input_Register_password'&#xD;
&#xD;
2019-07-25 10:58:03 - [MESSAGE][PASSED] - Text ****** has been set on object 'Object Repository/Page_Account Login IBE/input_Register_password'&#xD;
&#xD;
2019-07-25 10:58:03 - [TEST_STEP][PASSED] - click(findTestObject("Object Repository/Page_Account Login IBE/button_Log in")): Object: 'Object Repository/Page_Account Login IBE/button_Log in' is clicked on&#xD;
&#xD;
2019-07-25 10:58:03 - [MESSAGE][PASSED] - Object: 'Object Repository/Page_Account Login IBE/button_Log in' is clicked on&#xD;
&#xD;
2019-07-25 10:58:03 - [TEST_STEP][PASSED] - delay(6): Delayed 6 second(s)&#xD;
&#xD;
2019-07-25 10:58:09 - [MESSAGE][PASSED] - Delayed 6 second(s)&#xD;
&#xD;
2019-07-25 10:58:09 - [TEST_STEP][PASSED] - click(findTestObject("Object Repository/Page_Booking engine for serviced apartments/button_Profile")): Object: 'Object Repository/Page_Booking engine for serviced apartments/button_Profile' is clicked on&#xD;
&#xD;
2019-07-25 10:58:09 - [MESSAGE][PASSED] - Object: 'Object Repository/Page_Booking engine for serviced apartments/button_Profile' is clicked on&#xD;
&#xD;
2019-07-25 10:58:09 - [TEST_STEP][PASSED] - delay(2): Delayed 2 second(s)&#xD;
&#xD;
2019-07-25 10:58:11 - [MESSAGE][PASSED] - Delayed 2 second(s)&#xD;
&#xD;
2019-07-25 10:58:11 - [TEST_STEP][PASSED] - hello = getText(findTestObject("Object Repository/Page_Booking engine for serviced apartments/h4_Hello Katalon Acomodeo")): Text of object 'Object Repository/Page_Booking engine for serviced apartments/h4_Hello Katalon Acomodeo' is: 'Hello, Katalon Acomodeo'&#xD;
&#xD;
2019-07-25 10:58:11 - [MESSAGE][PASSED] - Text of object 'Object Repository/Page_Booking engine for serviced apartments/h4_Hello Katalon Acomodeo' is: 'Hello, Katalon Acomodeo'&#xD;
&#xD;
2019-07-25 10:58:11 - [TEST_STEP][PASSED] - verifyEqual("Hello, Katalon Acomodeo", hello): Actual object 'Hello, Katalon Acomodeo' and expected object 'Hello, Katalon Acomodeo' are equal&#xD;
&#xD;
2019-07-25 10:58:11 - [MESSAGE][PASSED] - Actual object 'Hello, Katalon Acomodeo' and expected object 'Hello, Katalon Acomodeo' are equal&#xD;
&#xD;
2019-07-25 10:58:11 - [TEST_STEP][PASSED] - closeBrowser(): Browser is closed&#xD;
&#xD;
2019-07-25 10:58:12 - [MESSAGE][PASSED] - Browser is closed</system-out>
            <system-err></system-err>
        </testcase>
        <testcase name="Test Cases/microfuzzy" classname="Test Cases/microfuzzy" status="PASSED">
            <system-out>2019-07-25 10:58:12 - [TEST_CASE][PASSED] - Test Cases/microfuzzy: Test Cases/microfuzzy&#xD;
&#xD;
2019-07-25 10:58:12 - [TEST_STEP][PASSED] - openBrowser(""): Browser is opened with url: ''&#xD;
&#xD;
2019-07-25 10:58:12 - [MESSAGE][INFO] - Starting 'Chrome' driver&#xD;
&#xD;
2019-07-25 10:58:15 - [MESSAGE][PASSED] - Browser is opened with url: ''&#xD;
&#xD;
2019-07-25 10:58:15 - [TEST_STEP][PASSED] - navigateToUrl("https://microfuzzy.acomodeo.com"): Navigate to 'https://microfuzzy.acomodeo.com' successfully&#xD;
&#xD;
2019-07-25 10:58:19 - [MESSAGE][PASSED] - Navigate to 'https://microfuzzy.acomodeo.com' successfully&#xD;
&#xD;
2019-07-25 10:58:19 - [TEST_STEP][PASSED] - delay(11): Delayed 11 second(s)&#xD;
&#xD;
2019-07-25 10:58:30 - [MESSAGE][PASSED] - Delayed 11 second(s)&#xD;
&#xD;
2019-07-25 10:58:30 - [TEST_STEP][PASSED] - setText(findTestObject("Object Repository/Page_Account Login IBE/input_Register_email"), username): Text 'katalon@acomodeo.com' is set on object 'Object Repository/Page_Account Login IBE/input_Register_email'&#xD;
&#xD;
2019-07-25 10:58:31 - [MESSAGE][PASSED] - Text 'katalon@acomodeo.com' is set on object 'Object Repository/Page_Account Login IBE/input_Register_email'&#xD;
&#xD;
2019-07-25 10:58:31 - [TEST_STEP][PASSED] - delay(3): Delayed 3 second(s)&#xD;
&#xD;
2019-07-25 10:58:34 - [MESSAGE][PASSED] - Delayed 3 second(s)&#xD;
&#xD;
2019-07-25 10:58:34 - [TEST_STEP][PASSED] - setEncryptedText(findTestObject("Object Repository/Page_Account Login IBE/input_Register_password"), password): Text ****** has been set on object 'Object Repository/Page_Account Login IBE/input_Register_password'&#xD;
&#xD;
2019-07-25 10:58:34 - [MESSAGE][PASSED] - Text ****** has been set on object 'Object Repository/Page_Account Login IBE/input_Register_password'&#xD;
&#xD;
2019-07-25 10:58:34 - [TEST_STEP][PASSED] - click(findTestObject("Object Repository/Page_Account Login IBE/button_Log in")): Object: 'Object Repository/Page_Account Login IBE/button_Log in' is clicked on&#xD;
&#xD;
2019-07-25 10:58:34 - [MESSAGE][PASSED] - Object: 'Object Repository/Page_Account Login IBE/button_Log in' is clicked on&#xD;
&#xD;
2019-07-25 10:58:34 - [TEST_STEP][PASSED] - delay(6): Delayed 6 second(s)&#xD;
&#xD;
2019-07-25 10:58:40 - [MESSAGE][PASSED] - Delayed 6 second(s)&#xD;
&#xD;
2019-07-25 10:58:40 - [TEST_STEP][PASSED] - click(findTestObject("Object Repository/Page_Booking engine for serviced apartments/button_Profile")): Object: 'Object Repository/Page_Booking engine for serviced apartments/button_Profile' is clicked on&#xD;
&#xD;
2019-07-25 10:58:40 - [MESSAGE][PASSED] - Object: 'Object Repository/Page_Booking engine for serviced apartments/button_Profile' is clicked on&#xD;
&#xD;
2019-07-25 10:58:40 - [TEST_STEP][PASSED] - delay(2): Delayed 2 second(s)&#xD;
&#xD;
2019-07-25 10:58:42 - [MESSAGE][PASSED] - Delayed 2 second(s)&#xD;
&#xD;
2019-07-25 10:58:42 - [TEST_STEP][PASSED] - hello = getText(findTestObject("Object Repository/Page_Booking engine for serviced apartments/h4_Hello Katalon Acomodeo")): Text of object 'Object Repository/Page_Booking engine for serviced apartments/h4_Hello Katalon Acomodeo' is: 'Hello, Katalon Acomodeo'&#xD;
&#xD;
2019-07-25 10:58:42 - [MESSAGE][PASSED] - Text of object 'Object Repository/Page_Booking engine for serviced apartments/h4_Hello Katalon Acomodeo' is: 'Hello, Katalon Acomodeo'&#xD;
&#xD;
2019-07-25 10:58:42 - [TEST_STEP][PASSED] - verifyEqual("Hello, Katalon Acomodeo", hello): Actual object 'Hello, Katalon Acomodeo' and expected object 'Hello, Katalon Acomodeo' are equal&#xD;
&#xD;
2019-07-25 10:58:42 - [MESSAGE][PASSED] - Actual object 'Hello, Katalon Acomodeo' and expected object 'Hello, Katalon Acomodeo' are equal&#xD;
&#xD;
2019-07-25 10:58:42 - [TEST_STEP][PASSED] - closeBrowser(): Browser is closed&#xD;
&#xD;
2019-07-25 10:58:43 - [MESSAGE][PASSED] - Browser is closed</system-out>
            <system-err></system-err>
        </testcase>
        <testcase name="Test Cases/roche" classname="Test Cases/roche" status="PASSED">
            <system-out>2019-07-25 10:58:43 - [TEST_CASE][PASSED] - Test Cases/roche: Test Cases/roche&#xD;
&#xD;
2019-07-25 10:58:44 - [TEST_STEP][PASSED] - openBrowser(""): Browser is opened with url: ''&#xD;
&#xD;
2019-07-25 10:58:44 - [MESSAGE][INFO] - Starting 'Chrome' driver&#xD;
&#xD;
2019-07-25 10:58:46 - [MESSAGE][PASSED] - Browser is opened with url: ''&#xD;
&#xD;
2019-07-25 10:58:46 - [TEST_STEP][PASSED] - navigateToUrl("https://roche.acomodeo.com"): Navigate to 'https://roche.acomodeo.com' successfully&#xD;
&#xD;
2019-07-25 10:58:49 - [MESSAGE][PASSED] - Navigate to 'https://roche.acomodeo.com' successfully&#xD;
&#xD;
2019-07-25 10:58:49 - [TEST_STEP][PASSED] - delay(11): Delayed 11 second(s)&#xD;
&#xD;
2019-07-25 10:59:00 - [MESSAGE][PASSED] - Delayed 11 second(s)&#xD;
&#xD;
2019-07-25 10:59:00 - [TEST_STEP][PASSED] - setText(findTestObject("Object Repository/Page_Account Login IBE/input_Register_email"), username): Text 'katalon@acomodeo.com' is set on object 'Object Repository/Page_Account Login IBE/input_Register_email'&#xD;
&#xD;
2019-07-25 10:59:00 - [MESSAGE][PASSED] - Text 'katalon@acomodeo.com' is set on object 'Object Repository/Page_Account Login IBE/input_Register_email'&#xD;
&#xD;
2019-07-25 10:59:00 - [TEST_STEP][PASSED] - delay(3): Delayed 3 second(s)&#xD;
&#xD;
2019-07-25 10:59:03 - [MESSAGE][PASSED] - Delayed 3 second(s)&#xD;
&#xD;
2019-07-25 10:59:03 - [TEST_STEP][PASSED] - setEncryptedText(findTestObject("Object Repository/Page_Account Login IBE/input_Register_password"), password): Text ****** has been set on object 'Object Repository/Page_Account Login IBE/input_Register_password'&#xD;
&#xD;
2019-07-25 10:59:03 - [MESSAGE][PASSED] - Text ****** has been set on object 'Object Repository/Page_Account Login IBE/input_Register_password'&#xD;
&#xD;
2019-07-25 10:59:03 - [TEST_STEP][PASSED] - click(findTestObject("Object Repository/Page_Account Login IBE/button_Log in")): Object: 'Object Repository/Page_Account Login IBE/button_Log in' is clicked on&#xD;
&#xD;
2019-07-25 10:59:03 - [MESSAGE][PASSED] - Object: 'Object Repository/Page_Account Login IBE/button_Log in' is clicked on&#xD;
&#xD;
2019-07-25 10:59:03 - [TEST_STEP][PASSED] - delay(6): Delayed 6 second(s)&#xD;
&#xD;
2019-07-25 10:59:09 - [MESSAGE][PASSED] - Delayed 6 second(s)&#xD;
&#xD;
2019-07-25 10:59:09 - [TEST_STEP][PASSED] - click(findTestObject("Object Repository/Page_Booking engine for serviced apartments/button_Profile")): Object: 'Object Repository/Page_Booking engine for serviced apartments/button_Profile' is clicked on&#xD;
&#xD;
2019-07-25 10:59:10 - [MESSAGE][PASSED] - Object: 'Object Repository/Page_Booking engine for serviced apartments/button_Profile' is clicked on&#xD;
&#xD;
2019-07-25 10:59:10 - [TEST_STEP][PASSED] - delay(2): Delayed 2 second(s)&#xD;
&#xD;
2019-07-25 10:59:12 - [MESSAGE][PASSED] - Delayed 2 second(s)&#xD;
&#xD;
2019-07-25 10:59:12 - [TEST_STEP][PASSED] - hello = getText(findTestObject("Object Repository/Page_Booking engine for serviced apartments/h4_Hello Katalon Acomodeo")): Text of object 'Object Repository/Page_Booking engine for serviced apartments/h4_Hello Katalon Acomodeo' is: 'Hello, Katalon Acomodeo'&#xD;
&#xD;
2019-07-25 10:59:12 - [MESSAGE][PASSED] - Text of object 'Object Repository/Page_Booking engine for serviced apartments/h4_Hello Katalon Acomodeo' is: 'Hello, Katalon Acomodeo'&#xD;
&#xD;
2019-07-25 10:59:12 - [TEST_STEP][PASSED] - verifyEqual("Hello, Katalon Acomodeo", hello): Actual object 'Hello, Katalon Acomodeo' and expected object 'Hello, Katalon Acomodeo' are equal&#xD;
&#xD;
2019-07-25 10:59:12 - [MESSAGE][PASSED] - Actual object 'Hello, Katalon Acomodeo' and expected object 'Hello, Katalon Acomodeo' are equal&#xD;
&#xD;
2019-07-25 10:59:12 - [TEST_STEP][PASSED] - closeBrowser(): Browser is closed&#xD;
&#xD;
2019-07-25 10:59:12 - [MESSAGE][PASSED] - Browser is closed</system-out>
            <system-err></system-err>
        </testcase>
        <testcase name="Test Cases/roomit" classname="Test Cases/roomit" status="PASSED">
            <system-out>2019-07-25 10:59:12 - [TEST_CASE][PASSED] - Test Cases/roomit: Test Cases/roomit&#xD;
&#xD;
2019-07-25 10:59:13 - [TEST_STEP][PASSED] - openBrowser(""): Browser is opened with url: ''&#xD;
&#xD;
2019-07-25 10:59:13 - [MESSAGE][INFO] - Starting 'Chrome' driver&#xD;
&#xD;
2019-07-25 10:59:15 - [MESSAGE][PASSED] - Browser is opened with url: ''&#xD;
&#xD;
2019-07-25 10:59:15 - [TEST_STEP][PASSED] - navigateToUrl("https://roomit.acomodeo.com"): Navigate to 'https://roomit.acomodeo.com' successfully&#xD;
&#xD;
2019-07-25 10:59:18 - [MESSAGE][PASSED] - Navigate to 'https://roomit.acomodeo.com' successfully&#xD;
&#xD;
2019-07-25 10:59:18 - [TEST_STEP][PASSED] - delay(11): Delayed 11 second(s)&#xD;
&#xD;
2019-07-25 10:59:29 - [MESSAGE][PASSED] - Delayed 11 second(s)&#xD;
&#xD;
2019-07-25 10:59:29 - [TEST_STEP][PASSED] - setText(findTestObject("Object Repository/Page_Account Login IBE/input_Register_email"), username): Text 'katalon@acomodeo.com' is set on object 'Object Repository/Page_Account Login IBE/input_Register_email'&#xD;
&#xD;
2019-07-25 10:59:29 - [MESSAGE][PASSED] - Text 'katalon@acomodeo.com' is set on object 'Object Repository/Page_Account Login IBE/input_Register_email'&#xD;
&#xD;
2019-07-25 10:59:29 - [TEST_STEP][PASSED] - delay(3): Delayed 3 second(s)&#xD;
&#xD;
2019-07-25 10:59:32 - [MESSAGE][PASSED] - Delayed 3 second(s)&#xD;
&#xD;
2019-07-25 10:59:32 - [TEST_STEP][PASSED] - setEncryptedText(findTestObject("Object Repository/Page_Account Login IBE/input_Register_password"), password): Text ****** has been set on object 'Object Repository/Page_Account Login IBE/input_Register_password'&#xD;
&#xD;
2019-07-25 10:59:33 - [MESSAGE][PASSED] - Text ****** has been set on object 'Object Repository/Page_Account Login IBE/input_Register_password'&#xD;
&#xD;
2019-07-25 10:59:33 - [TEST_STEP][PASSED] - click(findTestObject("Object Repository/Page_Account Login IBE/button_Log in")): Object: 'Object Repository/Page_Account Login IBE/button_Log in' is clicked on&#xD;
&#xD;
2019-07-25 10:59:33 - [MESSAGE][PASSED] - Object: 'Object Repository/Page_Account Login IBE/button_Log in' is clicked on&#xD;
&#xD;
2019-07-25 10:59:33 - [TEST_STEP][PASSED] - delay(6): Delayed 6 second(s)&#xD;
&#xD;
2019-07-25 10:59:39 - [MESSAGE][PASSED] - Delayed 6 second(s)&#xD;
&#xD;
2019-07-25 10:59:39 - [TEST_STEP][PASSED] - click(findTestObject("Object Repository/Page_Booking engine for serviced apartments/button_Profile")): Object: 'Object Repository/Page_Booking engine for serviced apartments/button_Profile' is clicked on&#xD;
&#xD;
2019-07-25 10:59:39 - [MESSAGE][PASSED] - Object: 'Object Repository/Page_Booking engine for serviced apartments/button_Profile' is clicked on&#xD;
&#xD;
2019-07-25 10:59:39 - [TEST_STEP][PASSED] - delay(2): Delayed 2 second(s)&#xD;
&#xD;
2019-07-25 10:59:41 - [MESSAGE][PASSED] - Delayed 2 second(s)&#xD;
&#xD;
2019-07-25 10:59:41 - [TEST_STEP][PASSED] - hello = getText(findTestObject("Object Repository/Page_Booking engine for serviced apartments/h4_Hello Katalon Acomodeo")): Text of object 'Object Repository/Page_Booking engine for serviced apartments/h4_Hello Katalon Acomodeo' is: 'Hello, Katalon Acomodeo'&#xD;
&#xD;
2019-07-25 10:59:41 - [MESSAGE][PASSED] - Text of object 'Object Repository/Page_Booking engine for serviced apartments/h4_Hello Katalon Acomodeo' is: 'Hello, Katalon Acomodeo'&#xD;
&#xD;
2019-07-25 10:59:41 - [TEST_STEP][PASSED] - verifyEqual("Hello, Katalon Acomodeo", hello): Actual object 'Hello, Katalon Acomodeo' and expected object 'Hello, Katalon Acomodeo' are equal&#xD;
&#xD;
2019-07-25 10:59:41 - [MESSAGE][PASSED] - Actual object 'Hello, Katalon Acomodeo' and expected object 'Hello, Katalon Acomodeo' are equal&#xD;
&#xD;
2019-07-25 10:59:41 - [TEST_STEP][PASSED] - closeBrowser(): Browser is closed&#xD;
&#xD;
2019-07-25 10:59:42 - [MESSAGE][PASSED] - Browser is closed</system-out>
            <system-err></system-err>
        </testcase>
        <testcase name="Test Cases/tmdfirction" classname="Test Cases/tmdfirction" status="PASSED">
            <system-out>2019-07-25 10:59:42 - [TEST_CASE][PASSED] - Test Cases/tmdfirction: Test Cases/tmdfirction&#xD;
&#xD;
2019-07-25 10:59:42 - [TEST_STEP][PASSED] - openBrowser(""): Browser is opened with url: ''&#xD;
&#xD;
2019-07-25 10:59:42 - [MESSAGE][INFO] - Starting 'Chrome' driver&#xD;
&#xD;
2019-07-25 10:59:44 - [MESSAGE][PASSED] - Browser is opened with url: ''&#xD;
&#xD;
2019-07-25 10:59:44 - [TEST_STEP][PASSED] - navigateToUrl("https://tmdfriction.acomodeo.com"): Navigate to 'https://tmdfriction.acomodeo.com' successfully&#xD;
&#xD;
2019-07-25 10:59:47 - [MESSAGE][PASSED] - Navigate to 'https://tmdfriction.acomodeo.com' successfully&#xD;
&#xD;
2019-07-25 10:59:47 - [TEST_STEP][PASSED] - delay(11): Delayed 11 second(s)&#xD;
&#xD;
2019-07-25 10:59:58 - [MESSAGE][PASSED] - Delayed 11 second(s)&#xD;
&#xD;
2019-07-25 10:59:58 - [TEST_STEP][PASSED] - setText(findTestObject("Object Repository/Page_Account Login IBE/input_Register_email"), username): Text 'katalon@acomodeo.com' is set on object 'Object Repository/Page_Account Login IBE/input_Register_email'&#xD;
&#xD;
2019-07-25 10:59:58 - [MESSAGE][PASSED] - Text 'katalon@acomodeo.com' is set on object 'Object Repository/Page_Account Login IBE/input_Register_email'&#xD;
&#xD;
2019-07-25 10:59:58 - [TEST_STEP][PASSED] - delay(3): Delayed 3 second(s)&#xD;
&#xD;
2019-07-25 11:00:01 - [MESSAGE][PASSED] - Delayed 3 second(s)&#xD;
&#xD;
2019-07-25 11:00:01 - [TEST_STEP][PASSED] - setEncryptedText(findTestObject("Object Repository/Page_Account Login IBE/input_Register_password"), password): Text ****** has been set on object 'Object Repository/Page_Account Login IBE/input_Register_password'&#xD;
&#xD;
2019-07-25 11:00:02 - [MESSAGE][PASSED] - Text ****** has been set on object 'Object Repository/Page_Account Login IBE/input_Register_password'&#xD;
&#xD;
2019-07-25 11:00:02 - [TEST_STEP][PASSED] - click(findTestObject("Object Repository/Page_Account Login IBE/button_Log in")): Object: 'Object Repository/Page_Account Login IBE/button_Log in' is clicked on&#xD;
&#xD;
2019-07-25 11:00:02 - [MESSAGE][PASSED] - Object: 'Object Repository/Page_Account Login IBE/button_Log in' is clicked on&#xD;
&#xD;
2019-07-25 11:00:02 - [TEST_STEP][PASSED] - delay(6): Delayed 6 second(s)&#xD;
&#xD;
2019-07-25 11:00:08 - [MESSAGE][PASSED] - Delayed 6 second(s)&#xD;
&#xD;
2019-07-25 11:00:08 - [TEST_STEP][PASSED] - click(findTestObject("Object Repository/Page_Booking engine for serviced apartments/button_Profile")): Object: 'Object Repository/Page_Booking engine for serviced apartments/button_Profile' is clicked on&#xD;
&#xD;
2019-07-25 11:00:08 - [MESSAGE][PASSED] - Object: 'Object Repository/Page_Booking engine for serviced apartments/button_Profile' is clicked on&#xD;
&#xD;
2019-07-25 11:00:08 - [TEST_STEP][PASSED] - delay(2): Delayed 2 second(s)&#xD;
&#xD;
2019-07-25 11:00:10 - [MESSAGE][PASSED] - Delayed 2 second(s)&#xD;
&#xD;
2019-07-25 11:00:10 - [TEST_STEP][PASSED] - hello = getText(findTestObject("Object Repository/Page_Booking engine for serviced apartments/h4_Hello Katalon Acomodeo")): Text of object 'Object Repository/Page_Booking engine for serviced apartments/h4_Hello Katalon Acomodeo' is: 'Hello, Katalon Acomodeo'&#xD;
&#xD;
2019-07-25 11:00:10 - [MESSAGE][PASSED] - Text of object 'Object Repository/Page_Booking engine for serviced apartments/h4_Hello Katalon Acomodeo' is: 'Hello, Katalon Acomodeo'&#xD;
&#xD;
2019-07-25 11:00:10 - [TEST_STEP][PASSED] - verifyEqual("Hello, Katalon Acomodeo", hello): Actual object 'Hello, Katalon Acomodeo' and expected object 'Hello, Katalon Acomodeo' are equal&#xD;
&#xD;
2019-07-25 11:00:10 - [MESSAGE][PASSED] - Actual object 'Hello, Katalon Acomodeo' and expected object 'Hello, Katalon Acomodeo' are equal&#xD;
&#xD;
2019-07-25 11:00:10 - [TEST_STEP][PASSED] - closeBrowser(): Browser is closed&#xD;
&#xD;
2019-07-25 11:00:11 - [MESSAGE][PASSED] - Browser is closed</system-out>
            <system-err></system-err>
        </testcase>
        <testcase name="Test Cases/zeb" classname="Test Cases/zeb" status="PASSED">
            <system-out>2019-07-25 11:00:11 - [TEST_CASE][PASSED] - Test Cases/zeb: Test Cases/zeb&#xD;
&#xD;
2019-07-25 11:00:11 - [TEST_STEP][PASSED] - openBrowser(""): Browser is opened with url: ''&#xD;
&#xD;
2019-07-25 11:00:11 - [MESSAGE][INFO] - Starting 'Chrome' driver&#xD;
&#xD;
2019-07-25 11:00:13 - [MESSAGE][PASSED] - Browser is opened with url: ''&#xD;
&#xD;
2019-07-25 11:00:13 - [TEST_STEP][PASSED] - navigateToUrl("https://zeb.acomodeo.com"): Navigate to 'https://zeb.acomodeo.com' successfully&#xD;
&#xD;
2019-07-25 11:00:16 - [MESSAGE][PASSED] - Navigate to 'https://zeb.acomodeo.com' successfully&#xD;
&#xD;
2019-07-25 11:00:16 - [TEST_STEP][PASSED] - delay(11): Delayed 11 second(s)&#xD;
&#xD;
2019-07-25 11:00:27 - [MESSAGE][PASSED] - Delayed 11 second(s)&#xD;
&#xD;
2019-07-25 11:00:27 - [TEST_STEP][PASSED] - setText(findTestObject("Object Repository/Page_Account Login IBE/input_Register_email"), username): Text 'katalon@acomodeo.com' is set on object 'Object Repository/Page_Account Login IBE/input_Register_email'&#xD;
&#xD;
2019-07-25 11:00:27 - [MESSAGE][PASSED] - Text 'katalon@acomodeo.com' is set on object 'Object Repository/Page_Account Login IBE/input_Register_email'&#xD;
&#xD;
2019-07-25 11:00:27 - [TEST_STEP][PASSED] - delay(3): Delayed 3 second(s)&#xD;
&#xD;
2019-07-25 11:00:30 - [MESSAGE][PASSED] - Delayed 3 second(s)&#xD;
&#xD;
2019-07-25 11:00:30 - [TEST_STEP][PASSED] - setEncryptedText(findTestObject("Object Repository/Page_Account Login IBE/input_Register_password"), password): Text ****** has been set on object 'Object Repository/Page_Account Login IBE/input_Register_password'&#xD;
&#xD;
2019-07-25 11:00:31 - [MESSAGE][PASSED] - Text ****** has been set on object 'Object Repository/Page_Account Login IBE/input_Register_password'&#xD;
&#xD;
2019-07-25 11:00:31 - [TEST_STEP][PASSED] - click(findTestObject("Object Repository/Page_Account Login IBE/button_Log in")): Object: 'Object Repository/Page_Account Login IBE/button_Log in' is clicked on&#xD;
&#xD;
2019-07-25 11:00:31 - [MESSAGE][PASSED] - Object: 'Object Repository/Page_Account Login IBE/button_Log in' is clicked on&#xD;
&#xD;
2019-07-25 11:00:31 - [TEST_STEP][PASSED] - delay(6): Delayed 6 second(s)&#xD;
&#xD;
2019-07-25 11:00:37 - [MESSAGE][PASSED] - Delayed 6 second(s)&#xD;
&#xD;
2019-07-25 11:00:37 - [TEST_STEP][PASSED] - click(findTestObject("Object Repository/Page_Booking engine for serviced apartments/button_Profile")): Object: 'Object Repository/Page_Booking engine for serviced apartments/button_Profile' is clicked on&#xD;
&#xD;
2019-07-25 11:00:37 - [MESSAGE][PASSED] - Object: 'Object Repository/Page_Booking engine for serviced apartments/button_Profile' is clicked on&#xD;
&#xD;
2019-07-25 11:00:37 - [TEST_STEP][PASSED] - delay(2): Delayed 2 second(s)&#xD;
&#xD;
2019-07-25 11:00:39 - [MESSAGE][PASSED] - Delayed 2 second(s)&#xD;
&#xD;
2019-07-25 11:00:39 - [TEST_STEP][PASSED] - hello = getText(findTestObject("Object Repository/Page_Booking engine for serviced apartments/h4_Hello Katalon Acomodeo")): Text of object 'Object Repository/Page_Booking engine for serviced apartments/h4_Hello Katalon Acomodeo' is: 'Hello, Katalon Acomodeo'&#xD;
&#xD;
2019-07-25 11:00:39 - [MESSAGE][PASSED] - Text of object 'Object Repository/Page_Booking engine for serviced apartments/h4_Hello Katalon Acomodeo' is: 'Hello, Katalon Acomodeo'&#xD;
&#xD;
2019-07-25 11:00:39 - [TEST_STEP][PASSED] - verifyEqual("Hello, Katalon Acomodeo", hello): Actual object 'Hello, Katalon Acomodeo' and expected object 'Hello, Katalon Acomodeo' are equal&#xD;
&#xD;
2019-07-25 11:00:39 - [MESSAGE][PASSED] - Actual object 'Hello, Katalon Acomodeo' and expected object 'Hello, Katalon Acomodeo' are equal&#xD;
&#xD;
2019-07-25 11:00:39 - [TEST_STEP][PASSED] - closeBrowser(): Browser is closed&#xD;
&#xD;
2019-07-25 11:00:40 - [MESSAGE][PASSED] - Browser is closed</system-out>
            <system-err></system-err>
        </testcase>
        <system-out>2019-07-25 10:53:36 - [TEST_SUITE][INCOMPLETE] - TestEveryIBE: null</system-out>
        <system-err>2019-07-25 10:53:36 - [TEST_SUITE][INCOMPLETE] - TestEveryIBE: null</system-err>
    </testsuite>
</testsuites>
