<?xml version="1.0" encoding="UTF-8" standalone="yes"?>
<testsuites name="TestEveryIBE" time="482" tests="12" failures="2" errors="0">
    <testsuite name="TestEveryIBE" tests="12" failures="2" errors="0" time="482" timestamp="2019-07-25 11:00:45" hostname="Antonio - Antonio" id="Test Suites/TestEveryIBE">
        <properties>
            <property name="deviceName" value=""/>
            <property name="devicePlatform" value=""/>
            <property name="logFolder" value="C:\\Users\\Antonio\\Katalon Studio\\TestingIBE\\Reports\\TestEveryIBE\\20190725_105327"/>
            <property name="logFiles" value="C:\\Users\\Antonio\\Katalon Studio\\TestingIBE\\Reports\\TestEveryIBE\\20190725_105327\\execution0.log"/>
            <property name="attachments" value="C:\\Users\\Antonio\\Katalon Studio\\TestingIBE\\Reports\\TestEveryIBE\\20190725_105327\\1564045393873.png, C:\\Users\\Antonio\\Katalon Studio\\TestingIBE\\Reports\\TestEveryIBE\\20190725_105327\\1564045428354.png"/>
            <property name="hostName" value="Antonio - Antonio"/>
            <property name="os" value="Windows 10 64bit"/>
            <property name="katalonVersion" value="6.2.1.2"/>
            <property name="browser" value="Firefox 67.0"/>
            <property name="hostAddress" value="169.254.42.39"/>
            <property name="sessionId" value="05799e29-d4fa-4df2-b63d-15c48fd0c57e"/>
            <property name="seleniumVersion" value="3.141.59"/>
            <property name="proxyInformation" value="ProxyInformation{proxyOption=NO_PROXY, proxyServerType=HTTP, password=, proxyServerAddress=, proxyServerPort=0}"/>
            <property name="platform" value="Windows 10"/>
        </properties>
        <testcase name="Test Cases/audi" classname="Test Cases/audi" status="PASSED">
            <system-out>2019-07-25 11:00:46 - [TEST_CASE][PASSED] - Test Cases/audi: Test Cases/audi&#xD;
&#xD;
2019-07-25 11:00:46 - [TEST_STEP][PASSED] - openBrowser(""): Browser is opened with url: ''&#xD;
&#xD;
2019-07-25 11:00:47 - [MESSAGE][INFO] - Starting 'Firefox' driver&#xD;
&#xD;
2019-07-25 11:00:47 - [MESSAGE][INFO] - Action delay is set to 0 seconds&#xD;
&#xD;
2019-07-25 11:00:54 - [MESSAGE][PASSED] - Browser is opened with url: ''&#xD;
&#xD;
2019-07-25 11:00:54 - [TEST_STEP][PASSED] - navigateToUrl("https://audi.acomodeo.com/en/"): Navigate to 'https://audi.acomodeo.com/en/' successfully&#xD;
&#xD;
2019-07-25 11:00:58 - [MESSAGE][PASSED] - Navigate to 'https://audi.acomodeo.com/en/' successfully&#xD;
&#xD;
2019-07-25 11:00:58 - [TEST_STEP][PASSED] - delay(11): Delayed 11 second(s)&#xD;
&#xD;
2019-07-25 11:01:09 - [MESSAGE][PASSED] - Delayed 11 second(s)&#xD;
&#xD;
2019-07-25 11:01:09 - [TEST_STEP][PASSED] - setText(findTestObject("Object Repository/Page_Account Login IBE/input_Register_email"), username): Text 'katalon@acomodeo.com' is set on object 'Object Repository/Page_Account Login IBE/input_Register_email'&#xD;
&#xD;
2019-07-25 11:01:09 - [MESSAGE][PASSED] - Text 'katalon@acomodeo.com' is set on object 'Object Repository/Page_Account Login IBE/input_Register_email'&#xD;
&#xD;
2019-07-25 11:01:09 - [TEST_STEP][PASSED] - delay(3): Delayed 3 second(s)&#xD;
&#xD;
2019-07-25 11:01:12 - [MESSAGE][PASSED] - Delayed 3 second(s)&#xD;
&#xD;
2019-07-25 11:01:12 - [TEST_STEP][PASSED] - setEncryptedText(findTestObject("Object Repository/Page_Account Login IBE/input_Register_password"), password): Text ****** has been set on object 'Object Repository/Page_Account Login IBE/input_Register_password'&#xD;
&#xD;
2019-07-25 11:01:12 - [MESSAGE][PASSED] - Text ****** has been set on object 'Object Repository/Page_Account Login IBE/input_Register_password'&#xD;
&#xD;
2019-07-25 11:01:12 - [TEST_STEP][PASSED] - click(findTestObject("Object Repository/Page_Account Login IBE/button_Log in")): Object: 'Object Repository/Page_Account Login IBE/button_Log in' is clicked on&#xD;
&#xD;
2019-07-25 11:01:13 - [MESSAGE][PASSED] - Object: 'Object Repository/Page_Account Login IBE/button_Log in' is clicked on&#xD;
&#xD;
2019-07-25 11:01:13 - [TEST_STEP][PASSED] - delay(6): Delayed 6 second(s)&#xD;
&#xD;
2019-07-25 11:01:19 - [MESSAGE][PASSED] - Delayed 6 second(s)&#xD;
&#xD;
2019-07-25 11:01:19 - [TEST_STEP][PASSED] - click(findTestObject("Object Repository/Page_Booking engine for serviced apartments/button_Profile")): Object: 'Object Repository/Page_Booking engine for serviced apartments/button_Profile' is clicked on&#xD;
&#xD;
2019-07-25 11:01:19 - [MESSAGE][PASSED] - Object: 'Object Repository/Page_Booking engine for serviced apartments/button_Profile' is clicked on&#xD;
&#xD;
2019-07-25 11:01:19 - [TEST_STEP][PASSED] - delay(2): Delayed 2 second(s)&#xD;
&#xD;
2019-07-25 11:01:21 - [MESSAGE][PASSED] - Delayed 2 second(s)&#xD;
&#xD;
2019-07-25 11:01:21 - [TEST_STEP][PASSED] - hello = getText(findTestObject("Object Repository/Page_Booking engine for serviced apartments/h4_Hello Katalon Acomodeo")): Text of object 'Object Repository/Page_Booking engine for serviced apartments/h4_Hello Katalon Acomodeo' is: 'Hello, Katalon Acomodeo'&#xD;
&#xD;
2019-07-25 11:01:21 - [MESSAGE][PASSED] - Text of object 'Object Repository/Page_Booking engine for serviced apartments/h4_Hello Katalon Acomodeo' is: 'Hello, Katalon Acomodeo'&#xD;
&#xD;
2019-07-25 11:01:21 - [TEST_STEP][PASSED] - verifyEqual("Hello, Katalon Acomodeo", hello): Actual object 'Hello, Katalon Acomodeo' and expected object 'Hello, Katalon Acomodeo' are equal&#xD;
&#xD;
2019-07-25 11:01:21 - [MESSAGE][PASSED] - Actual object 'Hello, Katalon Acomodeo' and expected object 'Hello, Katalon Acomodeo' are equal&#xD;
&#xD;
2019-07-25 11:01:21 - [TEST_STEP][PASSED] - closeBrowser(): Browser is closed&#xD;
&#xD;
2019-07-25 11:01:23 - [MESSAGE][PASSED] - Browser is closed</system-out>
            <system-err></system-err>
        </testcase>
        <testcase name="Test Cases/baldaja" classname="Test Cases/baldaja" status="PASSED">
            <system-out>2019-07-25 11:01:23 - [TEST_CASE][PASSED] - Test Cases/baldaja: Test Cases/baldaja&#xD;
&#xD;
2019-07-25 11:01:23 - [TEST_STEP][PASSED] - openBrowser(""): Browser is opened with url: ''&#xD;
&#xD;
2019-07-25 11:01:23 - [MESSAGE][INFO] - Starting 'Firefox' driver&#xD;
&#xD;
2019-07-25 11:01:28 - [MESSAGE][PASSED] - Browser is opened with url: ''&#xD;
&#xD;
2019-07-25 11:01:28 - [TEST_STEP][PASSED] - navigateToUrl("https://baldaja.acomodeo.com"): Navigate to 'https://baldaja.acomodeo.com' successfully&#xD;
&#xD;
2019-07-25 11:01:31 - [MESSAGE][PASSED] - Navigate to 'https://baldaja.acomodeo.com' successfully&#xD;
&#xD;
2019-07-25 11:01:31 - [TEST_STEP][PASSED] - delay(11): Delayed 11 second(s)&#xD;
&#xD;
2019-07-25 11:01:42 - [MESSAGE][PASSED] - Delayed 11 second(s)&#xD;
&#xD;
2019-07-25 11:01:42 - [TEST_STEP][PASSED] - setText(findTestObject("Object Repository/Page_Account Login IBE/input_Register_email"), username): Text 'katalon@acomodeo.com' is set on object 'Object Repository/Page_Account Login IBE/input_Register_email'&#xD;
&#xD;
2019-07-25 11:01:42 - [MESSAGE][PASSED] - Text 'katalon@acomodeo.com' is set on object 'Object Repository/Page_Account Login IBE/input_Register_email'&#xD;
&#xD;
2019-07-25 11:01:42 - [TEST_STEP][PASSED] - delay(3): Delayed 3 second(s)&#xD;
&#xD;
2019-07-25 11:01:45 - [MESSAGE][PASSED] - Delayed 3 second(s)&#xD;
&#xD;
2019-07-25 11:01:45 - [TEST_STEP][PASSED] - setEncryptedText(findTestObject("Object Repository/Page_Account Login IBE/input_Register_password"), password): Text ****** has been set on object 'Object Repository/Page_Account Login IBE/input_Register_password'&#xD;
&#xD;
2019-07-25 11:01:45 - [MESSAGE][PASSED] - Text ****** has been set on object 'Object Repository/Page_Account Login IBE/input_Register_password'&#xD;
&#xD;
2019-07-25 11:01:45 - [TEST_STEP][PASSED] - click(findTestObject("Object Repository/Page_Account Login IBE/button_Log in")): Object: 'Object Repository/Page_Account Login IBE/button_Log in' is clicked on&#xD;
&#xD;
2019-07-25 11:01:46 - [MESSAGE][PASSED] - Object: 'Object Repository/Page_Account Login IBE/button_Log in' is clicked on&#xD;
&#xD;
2019-07-25 11:01:46 - [TEST_STEP][PASSED] - delay(6): Delayed 6 second(s)&#xD;
&#xD;
2019-07-25 11:01:52 - [MESSAGE][PASSED] - Delayed 6 second(s)&#xD;
&#xD;
2019-07-25 11:01:52 - [TEST_STEP][PASSED] - click(findTestObject("Object Repository/Page_Booking engine for serviced apartments/button_Profile")): Object: 'Object Repository/Page_Booking engine for serviced apartments/button_Profile' is clicked on&#xD;
&#xD;
2019-07-25 11:01:52 - [MESSAGE][PASSED] - Object: 'Object Repository/Page_Booking engine for serviced apartments/button_Profile' is clicked on&#xD;
&#xD;
2019-07-25 11:01:52 - [TEST_STEP][PASSED] - delay(2): Delayed 2 second(s)&#xD;
&#xD;
2019-07-25 11:01:54 - [MESSAGE][PASSED] - Delayed 2 second(s)&#xD;
&#xD;
2019-07-25 11:01:54 - [TEST_STEP][PASSED] - hello = getText(findTestObject("Object Repository/Page_Booking engine for serviced apartments/h4_Hello Katalon Acomodeo")): Text of object 'Object Repository/Page_Booking engine for serviced apartments/h4_Hello Katalon Acomodeo' is: 'Hello, Katalon Acomodeo'&#xD;
&#xD;
2019-07-25 11:01:54 - [MESSAGE][PASSED] - Text of object 'Object Repository/Page_Booking engine for serviced apartments/h4_Hello Katalon Acomodeo' is: 'Hello, Katalon Acomodeo'&#xD;
&#xD;
2019-07-25 11:01:54 - [TEST_STEP][PASSED] - verifyEqual("Hello, Katalon Acomodeo", hello): Actual object 'Hello, Katalon Acomodeo' and expected object 'Hello, Katalon Acomodeo' are equal&#xD;
&#xD;
2019-07-25 11:01:54 - [MESSAGE][PASSED] - Actual object 'Hello, Katalon Acomodeo' and expected object 'Hello, Katalon Acomodeo' are equal&#xD;
&#xD;
2019-07-25 11:01:54 - [TEST_STEP][PASSED] - closeBrowser(): Browser is closed&#xD;
&#xD;
2019-07-25 11:01:56 - [MESSAGE][PASSED] - Browser is closed</system-out>
            <system-err></system-err>
        </testcase>
        <testcase name="Test Cases/barmer" classname="Test Cases/barmer" status="PASSED">
            <system-out>2019-07-25 11:01:56 - [TEST_CASE][PASSED] - Test Cases/barmer: Test Cases/barmer&#xD;
&#xD;
2019-07-25 11:01:56 - [TEST_STEP][PASSED] - openBrowser(""): Browser is opened with url: ''&#xD;
&#xD;
2019-07-25 11:01:56 - [MESSAGE][INFO] - Starting 'Firefox' driver&#xD;
&#xD;
2019-07-25 11:02:02 - [MESSAGE][PASSED] - Browser is opened with url: ''&#xD;
&#xD;
2019-07-25 11:02:02 - [TEST_STEP][PASSED] - navigateToUrl("https://barmer.acomodeo.com"): Navigate to 'https://barmer.acomodeo.com' successfully&#xD;
&#xD;
2019-07-25 11:02:05 - [MESSAGE][PASSED] - Navigate to 'https://barmer.acomodeo.com' successfully&#xD;
&#xD;
2019-07-25 11:02:05 - [TEST_STEP][PASSED] - delay(11): Delayed 11 second(s)&#xD;
&#xD;
2019-07-25 11:02:16 - [MESSAGE][PASSED] - Delayed 11 second(s)&#xD;
&#xD;
2019-07-25 11:02:16 - [TEST_STEP][PASSED] - setText(findTestObject("Object Repository/Page_Account Login IBE/input_Register_email"), username): Text 'katalon@acomodeo.com' is set on object 'Object Repository/Page_Account Login IBE/input_Register_email'&#xD;
&#xD;
2019-07-25 11:02:16 - [MESSAGE][PASSED] - Text 'katalon@acomodeo.com' is set on object 'Object Repository/Page_Account Login IBE/input_Register_email'&#xD;
&#xD;
2019-07-25 11:02:16 - [TEST_STEP][PASSED] - delay(3): Delayed 3 second(s)&#xD;
&#xD;
2019-07-25 11:02:19 - [MESSAGE][PASSED] - Delayed 3 second(s)&#xD;
&#xD;
2019-07-25 11:02:19 - [TEST_STEP][PASSED] - setEncryptedText(findTestObject("Object Repository/Page_Account Login IBE/input_Register_password"), password): Text ****** has been set on object 'Object Repository/Page_Account Login IBE/input_Register_password'&#xD;
&#xD;
2019-07-25 11:02:19 - [MESSAGE][PASSED] - Text ****** has been set on object 'Object Repository/Page_Account Login IBE/input_Register_password'&#xD;
&#xD;
2019-07-25 11:02:19 - [TEST_STEP][PASSED] - click(findTestObject("Object Repository/Page_Account Login IBE/button_Log in")): Object: 'Object Repository/Page_Account Login IBE/button_Log in' is clicked on&#xD;
&#xD;
2019-07-25 11:02:22 - [MESSAGE][PASSED] - Object: 'Object Repository/Page_Account Login IBE/button_Log in' is clicked on&#xD;
&#xD;
2019-07-25 11:02:22 - [TEST_STEP][PASSED] - delay(6): Delayed 6 second(s)&#xD;
&#xD;
2019-07-25 11:02:28 - [MESSAGE][PASSED] - Delayed 6 second(s)&#xD;
&#xD;
2019-07-25 11:02:28 - [TEST_STEP][PASSED] - click(findTestObject("Object Repository/Page_Booking engine for serviced apartments/button_Profile")): Object: 'Object Repository/Page_Booking engine for serviced apartments/button_Profile' is clicked on&#xD;
&#xD;
2019-07-25 11:02:28 - [MESSAGE][PASSED] - Object: 'Object Repository/Page_Booking engine for serviced apartments/button_Profile' is clicked on&#xD;
&#xD;
2019-07-25 11:02:28 - [TEST_STEP][PASSED] - delay(2): Delayed 2 second(s)&#xD;
&#xD;
2019-07-25 11:02:30 - [MESSAGE][PASSED] - Delayed 2 second(s)&#xD;
&#xD;
2019-07-25 11:02:30 - [TEST_STEP][PASSED] - hello = getText(findTestObject("Object Repository/Page_Booking engine for serviced apartments/h4_Hello Katalon Acomodeo")): Text of object 'Object Repository/Page_Booking engine for serviced apartments/h4_Hello Katalon Acomodeo' is: 'Hello, Katalon Acomodeo'&#xD;
&#xD;
2019-07-25 11:02:30 - [MESSAGE][PASSED] - Text of object 'Object Repository/Page_Booking engine for serviced apartments/h4_Hello Katalon Acomodeo' is: 'Hello, Katalon Acomodeo'&#xD;
&#xD;
2019-07-25 11:02:30 - [TEST_STEP][PASSED] - verifyEqual("Hello, Katalon Acomodeo", hello): Actual object 'Hello, Katalon Acomodeo' and expected object 'Hello, Katalon Acomodeo' are equal&#xD;
&#xD;
2019-07-25 11:02:30 - [MESSAGE][PASSED] - Actual object 'Hello, Katalon Acomodeo' and expected object 'Hello, Katalon Acomodeo' are equal&#xD;
&#xD;
2019-07-25 11:02:30 - [TEST_STEP][PASSED] - closeBrowser(): Browser is closed&#xD;
&#xD;
2019-07-25 11:02:35 - [MESSAGE][PASSED] - Browser is closed</system-out>
            <system-err></system-err>
        </testcase>
        <testcase name="Test Cases/bearingpoing" classname="Test Cases/bearingpoing" status="FAILED">
            <failure type="FAILED" message="Test Cases/bearingpoing FAILED.&#xA;Reason:&#xA;com.kms.katalon.core.exception.StepFailedException: Unable to click on object 'Object Repository/Page_Booking engine for serviced apartments/button_Profile'&#xD;&#xA;&#x9;at com.kms.katalon.core.webui.keyword.internal.WebUIKeywordMain.stepFailed(WebUIKeywordMain.groovy:64)&#xD;&#xA;&#x9;at com.kms.katalon.core.webui.keyword.internal.WebUIKeywordMain.runKeyword(WebUIKeywordMain.groovy:26)&#xD;&#xA;&#x9;at com.kms.katalon.core.webui.keyword.builtin.ClickKeyword.click(ClickKeyword.groovy:86)&#xD;&#xA;&#x9;at com.kms.katalon.core.webui.keyword.builtin.ClickKeyword.execute(ClickKeyword.groovy:67)&#xD;&#xA;&#x9;at com.kms.katalon.core.keyword.internal.KeywordExecutor.executeKeywordForPlatform(KeywordExecutor.groovy:56)&#xD;&#xA;&#x9;at com.kms.katalon.core.webui.keyword.WebUiBuiltInKeywords.click(WebUiBuiltInKeywords.groovy:616)&#xD;&#xA;&#x9;at com.kms.katalon.core.webui.keyword.WebUiBuiltInKeywords$click$3.call(Unknown Source)&#xD;&#xA;&#x9;at bearingpoing.run(bearingpoing:30)&#xD;&#xA;&#x9;at com.kms.katalon.core.main.ScriptEngine.run(ScriptEngine.java:194)&#xD;&#xA;&#x9;at com.kms.katalon.core.main.ScriptEngine.runScriptAsRawText(ScriptEngine.java:119)&#xD;&#xA;&#x9;at com.kms.katalon.core.main.TestCaseExecutor.runScript(TestCaseExecutor.java:337)&#xD;&#xA;&#x9;at com.kms.katalon.core.main.TestCaseExecutor.doExecute(TestCaseExecutor.java:328)&#xD;&#xA;&#x9;at com.kms.katalon.core.main.TestCaseExecutor.processExecutionPhase(TestCaseExecutor.java:307)&#xD;&#xA;&#x9;at com.kms.katalon.core.main.TestCaseExecutor.accessMainPhase(TestCaseExecutor.java:299)&#xD;&#xA;&#x9;at com.kms.katalon.core.main.TestCaseExecutor.execute(TestCaseExecutor.java:233)&#xD;&#xA;&#x9;at com.kms.katalon.core.main.TestSuiteExecutor.accessTestCaseMainPhase(TestSuiteExecutor.java:133)&#xD;&#xA;&#x9;at com.kms.katalon.core.main.TestSuiteExecutor.accessTestSuiteMainPhase(TestSuiteExecutor.java:116)&#xD;&#xA;&#x9;at com.kms.katalon.core.main.TestSuiteExecutor.execute(TestSuiteExecutor.java:83)&#xD;&#xA;&#x9;at com.kms.katalon.core.main.TestCaseMain.startTestSuite(TestCaseMain.java:157)&#xD;&#xA;&#x9;at com.kms.katalon.core.main.TestCaseMain$startTestSuite$0.call(Unknown Source)&#xD;&#xA;&#x9;at TempTestSuite1564044807335.run(TempTestSuite1564044807335.groovy:35)&#xD;&#xA;Caused by: org.openqa.selenium.ElementClickInterceptedException: Element &lt;button class=&quot;site-header__profile btn profile-btn icon-right no-animate&quot;&gt; is not clickable at point (1066,45) because another element &lt;div class=&quot;modal-backdrop fade ng-scope in-remove ng-animate ng-enter ng-in-remove ng-enter-active ng-in-remove-active in-remove-active&quot;&gt; obscures it&#xA;Build info: version: '3.141.59', revision: 'e82be7d358', time: '2018-11-14T08:25:53'&#xA;System info: host: 'ANTONIO', ip: '169.254.42.39', os.name: 'Windows 10', os.arch: 'amd64', os.version: '10.0', java.version: '1.8.0_181'&#xA;Driver info: com.kms.katalon.core.webui.driver.firefox.CGeckoDriver&#xA;Capabilities {acceptInsecureCerts: true, browserName: firefox, browserVersion: 67.0.2, javascriptEnabled: true, moz:accessibilityChecks: false, moz:buildID: 20190607204818, moz:geckodriverVersion: 0.23.0, moz:headless: false, moz:processID: 14636, moz:profile: C:\Users\Antonio\AppData\Lo..., moz:shutdownTimeout: 60000, moz:useNonSpecCompliantPointerOrigin: false, moz:webdriverClick: true, pageLoadStrategy: normal, platform: WINDOWS, platformName: WINDOWS, platformVersion: 10.0, proxy: Proxy(direct), rotatable: false, setWindowRect: true, strictFileInteractability: false, timeouts: {implicit: 0, pageLoad: 300000, script: 30000}, unhandledPromptBehavior: dismiss and notify}&#xA;Session ID: a5600271-6060-4943-946d-f217cca8d8d2&#xD;&#xA;&#x9;at org.openqa.selenium.remote.http.W3CHttpResponseCodec.createException(W3CHttpResponseCodec.java:187)&#xD;&#xA;&#x9;at org.openqa.selenium.remote.http.W3CHttpResponseCodec.decode(W3CHttpResponseCodec.java:122)&#xD;&#xA;&#x9;at org.openqa.selenium.remote.http.W3CHttpResponseCodec.decode(W3CHttpResponseCodec.java:49)&#xD;&#xA;&#x9;at org.openqa.selenium.remote.HttpCommandExecutor.execute(HttpCommandExecutor.java:158)&#xD;&#xA;&#x9;at org.openqa.selenium.remote.service.DriverCommandExecutor.execute(DriverCommandExecutor.java:83)&#xD;&#xA;&#x9;at org.openqa.selenium.remote.RemoteWebDriver.execute(RemoteWebDriver.java:552)&#xD;&#xA;&#x9;at com.kms.katalon.selenium.driver.CFirefoxDriver.execute(CFirefoxDriver.java:28)&#xD;&#xA;&#x9;at org.openqa.selenium.remote.RemoteWebElement.execute(RemoteWebElement.java:285)&#xD;&#xA;&#x9;at org.openqa.selenium.remote.RemoteWebElement.click(RemoteWebElement.java:84)&#xD;&#xA;&#x9;at com.kms.katalon.core.webui.keyword.builtin.ClickKeyword$_click_closure1.doCall(ClickKeyword.groovy:79)&#xD;&#xA;&#x9;at com.kms.katalon.core.webui.keyword.builtin.ClickKeyword$_click_closure1.call(ClickKeyword.groovy)&#xD;&#xA;&#x9;at com.kms.katalon.core.webui.keyword.internal.WebUIKeywordMain.runKeyword(WebUIKeywordMain.groovy:20)&#xD;&#xA;&#x9;... 19 more&#xD;&#xA;"/>
            <system-out>2019-07-25 11:02:35 - [TEST_CASE][FAILED] - Test Cases/bearingpoing: Test Cases/bearingpoing FAILED.
Reason:
com.kms.katalon.core.exception.StepFailedException: Unable to click on object 'Object Repository/Page_Booking engine for serviced apartments/button_Profile'&#xD;
	at com.kms.katalon.core.webui.keyword.internal.WebUIKeywordMain.stepFailed(WebUIKeywordMain.groovy:64)&#xD;
	at com.kms.katalon.core.webui.keyword.internal.WebUIKeywordMain.runKeyword(WebUIKeywordMain.groovy:26)&#xD;
	at com.kms.katalon.core.webui.keyword.builtin.ClickKeyword.click(ClickKeyword.groovy:86)&#xD;
	at com.kms.katalon.core.webui.keyword.builtin.ClickKeyword.execute(ClickKeyword.groovy:67)&#xD;
	at com.kms.katalon.core.keyword.internal.KeywordExecutor.executeKeywordForPlatform(KeywordExecutor.groovy:56)&#xD;
	at com.kms.katalon.core.webui.keyword.WebUiBuiltInKeywords.click(WebUiBuiltInKeywords.groovy:616)&#xD;
	at com.kms.katalon.core.webui.keyword.WebUiBuiltInKeywords$click$3.call(Unknown Source)&#xD;
	at bearingpoing.run(bearingpoing:30)&#xD;
	at com.kms.katalon.core.main.ScriptEngine.run(ScriptEngine.java:194)&#xD;
	at com.kms.katalon.core.main.ScriptEngine.runScriptAsRawText(ScriptEngine.java:119)&#xD;
	at com.kms.katalon.core.main.TestCaseExecutor.runScript(TestCaseExecutor.java:337)&#xD;
	at com.kms.katalon.core.main.TestCaseExecutor.doExecute(TestCaseExecutor.java:328)&#xD;
	at com.kms.katalon.core.main.TestCaseExecutor.processExecutionPhase(TestCaseExecutor.java:307)&#xD;
	at com.kms.katalon.core.main.TestCaseExecutor.accessMainPhase(TestCaseExecutor.java:299)&#xD;
	at com.kms.katalon.core.main.TestCaseExecutor.execute(TestCaseExecutor.java:233)&#xD;
	at com.kms.katalon.core.main.TestSuiteExecutor.accessTestCaseMainPhase(TestSuiteExecutor.java:133)&#xD;
	at com.kms.katalon.core.main.TestSuiteExecutor.accessTestSuiteMainPhase(TestSuiteExecutor.java:116)&#xD;
	at com.kms.katalon.core.main.TestSuiteExecutor.execute(TestSuiteExecutor.java:83)&#xD;
	at com.kms.katalon.core.main.TestCaseMain.startTestSuite(TestCaseMain.java:157)&#xD;
	at com.kms.katalon.core.main.TestCaseMain$startTestSuite$0.call(Unknown Source)&#xD;
	at TempTestSuite1564044807335.run(TempTestSuite1564044807335.groovy:35)&#xD;
Caused by: org.openqa.selenium.ElementClickInterceptedException: Element &lt;button class="site-header__profile btn profile-btn icon-right no-animate"&gt; is not clickable at point (1066,45) because another element &lt;div class="modal-backdrop fade ng-scope in-remove ng-animate ng-enter ng-in-remove ng-enter-active ng-in-remove-active in-remove-active"&gt; obscures it
Build info: version: '3.141.59', revision: 'e82be7d358', time: '2018-11-14T08:25:53'
System info: host: 'ANTONIO', ip: '169.254.42.39', os.name: 'Windows 10', os.arch: 'amd64', os.version: '10.0', java.version: '1.8.0_181'
Driver info: com.kms.katalon.core.webui.driver.firefox.CGeckoDriver
Capabilities {acceptInsecureCerts: true, browserName: firefox, browserVersion: 67.0.2, javascriptEnabled: true, moz:accessibilityChecks: false, moz:buildID: 20190607204818, moz:geckodriverVersion: 0.23.0, moz:headless: false, moz:processID: 14636, moz:profile: C:\Users\Antonio\AppData\Lo..., moz:shutdownTimeout: 60000, moz:useNonSpecCompliantPointerOrigin: false, moz:webdriverClick: true, pageLoadStrategy: normal, platform: WINDOWS, platformName: WINDOWS, platformVersion: 10.0, proxy: Proxy(direct), rotatable: false, setWindowRect: true, strictFileInteractability: false, timeouts: {implicit: 0, pageLoad: 300000, script: 30000}, unhandledPromptBehavior: dismiss and notify}
Session ID: a5600271-6060-4943-946d-f217cca8d8d2&#xD;
	at org.openqa.selenium.remote.http.W3CHttpResponseCodec.createException(W3CHttpResponseCodec.java:187)&#xD;
	at org.openqa.selenium.remote.http.W3CHttpResponseCodec.decode(W3CHttpResponseCodec.java:122)&#xD;
	at org.openqa.selenium.remote.http.W3CHttpResponseCodec.decode(W3CHttpResponseCodec.java:49)&#xD;
	at org.openqa.selenium.remote.HttpCommandExecutor.execute(HttpCommandExecutor.java:158)&#xD;
	at org.openqa.selenium.remote.service.DriverCommandExecutor.execute(DriverCommandExecutor.java:83)&#xD;
	at org.openqa.selenium.remote.RemoteWebDriver.execute(RemoteWebDriver.java:552)&#xD;
	at com.kms.katalon.selenium.driver.CFirefoxDriver.execute(CFirefoxDriver.java:28)&#xD;
	at org.openqa.selenium.remote.RemoteWebElement.execute(RemoteWebElement.java:285)&#xD;
	at org.openqa.selenium.remote.RemoteWebElement.click(RemoteWebElement.java:84)&#xD;
	at com.kms.katalon.core.webui.keyword.builtin.ClickKeyword$_click_closure1.doCall(ClickKeyword.groovy:79)&#xD;
	at com.kms.katalon.core.webui.keyword.builtin.ClickKeyword$_click_closure1.call(ClickKeyword.groovy)&#xD;
	at com.kms.katalon.core.webui.keyword.internal.WebUIKeywordMain.runKeyword(WebUIKeywordMain.groovy:20)&#xD;
	... 19 more&#xD;
&#xD;
&#xD;
2019-07-25 11:02:35 - [TEST_STEP][PASSED] - openBrowser(""): Browser is opened with url: ''&#xD;
&#xD;
2019-07-25 11:02:35 - [MESSAGE][INFO] - Starting 'Firefox' driver&#xD;
&#xD;
2019-07-25 11:02:46 - [MESSAGE][PASSED] - Browser is opened with url: ''&#xD;
&#xD;
2019-07-25 11:02:46 - [TEST_STEP][PASSED] - navigateToUrl("https://bearingpoint.acomodeo.com"): Navigate to 'https://bearingpoint.acomodeo.com' successfully&#xD;
&#xD;
2019-07-25 11:02:50 - [MESSAGE][PASSED] - Navigate to 'https://bearingpoint.acomodeo.com' successfully&#xD;
&#xD;
2019-07-25 11:02:50 - [TEST_STEP][PASSED] - delay(11): Delayed 11 second(s)&#xD;
&#xD;
2019-07-25 11:03:01 - [MESSAGE][PASSED] - Delayed 11 second(s)&#xD;
&#xD;
2019-07-25 11:03:01 - [TEST_STEP][PASSED] - setText(findTestObject("Object Repository/Page_Account Login IBE/input_Register_email"), username): Text 'katalon@acomodeo.com' is set on object 'Object Repository/Page_Account Login IBE/input_Register_email'&#xD;
&#xD;
2019-07-25 11:03:01 - [MESSAGE][PASSED] - Text 'katalon@acomodeo.com' is set on object 'Object Repository/Page_Account Login IBE/input_Register_email'&#xD;
&#xD;
2019-07-25 11:03:01 - [TEST_STEP][PASSED] - delay(3): Delayed 3 second(s)&#xD;
&#xD;
2019-07-25 11:03:04 - [MESSAGE][PASSED] - Delayed 3 second(s)&#xD;
&#xD;
2019-07-25 11:03:04 - [TEST_STEP][PASSED] - setEncryptedText(findTestObject("Object Repository/Page_Account Login IBE/input_Register_password"), password): Text ****** has been set on object 'Object Repository/Page_Account Login IBE/input_Register_password'&#xD;
&#xD;
2019-07-25 11:03:05 - [MESSAGE][PASSED] - Text ****** has been set on object 'Object Repository/Page_Account Login IBE/input_Register_password'&#xD;
&#xD;
2019-07-25 11:03:05 - [TEST_STEP][PASSED] - click(findTestObject("Object Repository/Page_Account Login IBE/button_Log in")): Object: 'Object Repository/Page_Account Login IBE/button_Log in' is clicked on&#xD;
&#xD;
2019-07-25 11:03:05 - [MESSAGE][PASSED] - Object: 'Object Repository/Page_Account Login IBE/button_Log in' is clicked on&#xD;
&#xD;
2019-07-25 11:03:05 - [TEST_STEP][PASSED] - delay(6): Delayed 6 second(s)&#xD;
&#xD;
2019-07-25 11:03:11 - [MESSAGE][PASSED] - Delayed 6 second(s)&#xD;
&#xD;
2019-07-25 11:03:11 - [TEST_STEP][FAILED] - click(findTestObject("Object Repository/Page_Booking engine for serviced apartments/button_Profile")): Unable to click on object 'Object Repository/Page_Booking engine for serviced apartments/button_Profile' (Root cause: com.kms.katalon.core.exception.StepFailedException: Unable to click on object 'Object Repository/Page_Booking engine for serviced apartments/button_Profile'&#xD;
	at com.kms.katalon.core.webui.keyword.internal.WebUIKeywordMain.stepFailed(WebUIKeywordMain.groovy:64)&#xD;
	at com.kms.katalon.core.webui.keyword.internal.WebUIKeywordMain.runKeyword(WebUIKeywordMain.groovy:26)&#xD;
	at com.kms.katalon.core.webui.keyword.builtin.ClickKeyword.click(ClickKeyword.groovy:86)&#xD;
	at com.kms.katalon.core.webui.keyword.builtin.ClickKeyword.execute(ClickKeyword.groovy:67)&#xD;
	at com.kms.katalon.core.keyword.internal.KeywordExecutor.executeKeywordForPlatform(KeywordExecutor.groovy:56)&#xD;
	at com.kms.katalon.core.webui.keyword.WebUiBuiltInKeywords.click(WebUiBuiltInKeywords.groovy:616)&#xD;
	at com.kms.katalon.core.webui.keyword.WebUiBuiltInKeywords$click$3.call(Unknown Source)&#xD;
	at bearingpoing.run(bearingpoing:30)&#xD;
	at com.kms.katalon.core.main.ScriptEngine.run(ScriptEngine.java:194)&#xD;
	at com.kms.katalon.core.main.ScriptEngine.runScriptAsRawText(ScriptEngine.java:119)&#xD;
	at com.kms.katalon.core.main.TestCaseExecutor.runScript(TestCaseExecutor.java:337)&#xD;
	at com.kms.katalon.core.main.TestCaseExecutor.doExecute(TestCaseExecutor.java:328)&#xD;
	at com.kms.katalon.core.main.TestCaseExecutor.processExecutionPhase(TestCaseExecutor.java:307)&#xD;
	at com.kms.katalon.core.main.TestCaseExecutor.accessMainPhase(TestCaseExecutor.java:299)&#xD;
	at com.kms.katalon.core.main.TestCaseExecutor.execute(TestCaseExecutor.java:233)&#xD;
	at com.kms.katalon.core.main.TestSuiteExecutor.accessTestCaseMainPhase(TestSuiteExecutor.java:133)&#xD;
	at com.kms.katalon.core.main.TestSuiteExecutor.accessTestSuiteMainPhase(TestSuiteExecutor.java:116)&#xD;
	at com.kms.katalon.core.main.TestSuiteExecutor.execute(TestSuiteExecutor.java:83)&#xD;
	at com.kms.katalon.core.main.TestCaseMain.startTestSuite(TestCaseMain.java:157)&#xD;
	at com.kms.katalon.core.main.TestCaseMain$startTestSuite$0.call(Unknown Source)&#xD;
	at TempTestSuite1564044807335.run(TempTestSuite1564044807335.groovy:35)&#xD;
Caused by: org.openqa.selenium.ElementClickInterceptedException: Element &lt;button class="site-header__profile btn profile-btn icon-right no-animate"&gt; is not clickable at point (1066,45) because another element &lt;div class="modal-backdrop fade ng-scope in-remove ng-animate ng-enter ng-in-remove ng-enter-active ng-in-remove-active in-remove-active"&gt; obscures it
Build info: version: '3.141.59', revision: 'e82be7d358', time: '2018-11-14T08:25:53'
System info: host: 'ANTONIO', ip: '169.254.42.39', os.name: 'Windows 10', os.arch: 'amd64', os.version: '10.0', java.version: '1.8.0_181'
Driver info: com.kms.katalon.core.webui.driver.firefox.CGeckoDriver
Capabilities {acceptInsecureCerts: true, browserName: firefox, browserVersion: 67.0.2, javascriptEnabled: true, moz:accessibilityChecks: false, moz:buildID: 20190607204818, moz:geckodriverVersion: 0.23.0, moz:headless: false, moz:processID: 14636, moz:profile: C:\Users\Antonio\AppData\Lo..., moz:shutdownTimeout: 60000, moz:useNonSpecCompliantPointerOrigin: false, moz:webdriverClick: true, pageLoadStrategy: normal, platform: WINDOWS, platformName: WINDOWS, platformVersion: 10.0, proxy: Proxy(direct), rotatable: false, setWindowRect: true, strictFileInteractability: false, timeouts: {implicit: 0, pageLoad: 300000, script: 30000}, unhandledPromptBehavior: dismiss and notify}
Session ID: a5600271-6060-4943-946d-f217cca8d8d2&#xD;
	at org.openqa.selenium.remote.http.W3CHttpResponseCodec.createException(W3CHttpResponseCodec.java:187)&#xD;
	at org.openqa.selenium.remote.http.W3CHttpResponseCodec.decode(W3CHttpResponseCodec.java:122)&#xD;
	at org.openqa.selenium.remote.http.W3CHttpResponseCodec.decode(W3CHttpResponseCodec.java:49)&#xD;
	at org.openqa.selenium.remote.HttpCommandExecutor.execute(HttpCommandExecutor.java:158)&#xD;
	at org.openqa.selenium.remote.service.DriverCommandExecutor.execute(DriverCommandExecutor.java:83)&#xD;
	at org.openqa.selenium.remote.RemoteWebDriver.execute(RemoteWebDriver.java:552)&#xD;
	at com.kms.katalon.selenium.driver.CFirefoxDriver.execute(CFirefoxDriver.java:28)&#xD;
	at org.openqa.selenium.remote.RemoteWebElement.execute(RemoteWebElement.java:285)&#xD;
	at org.openqa.selenium.remote.RemoteWebElement.click(RemoteWebElement.java:84)&#xD;
	at com.kms.katalon.core.webui.keyword.builtin.ClickKeyword$_click_closure1.doCall(ClickKeyword.groovy:79)&#xD;
	at com.kms.katalon.core.webui.keyword.builtin.ClickKeyword$_click_closure1.call(ClickKeyword.groovy)&#xD;
	at com.kms.katalon.core.webui.keyword.internal.WebUIKeywordMain.runKeyword(WebUIKeywordMain.groovy:20)&#xD;
	at com.kms.katalon.core.webui.keyword.builtin.ClickKeyword.click(ClickKeyword.groovy:86)&#xD;
	at com.kms.katalon.core.webui.keyword.builtin.ClickKeyword.execute(ClickKeyword.groovy:67)&#xD;
	at com.kms.katalon.core.keyword.internal.KeywordExecutor.executeKeywordForPlatform(KeywordExecutor.groovy:56)&#xD;
	at com.kms.katalon.core.webui.keyword.WebUiBuiltInKeywords.click(WebUiBuiltInKeywords.groovy:616)&#xD;
	at com.kms.katalon.core.webui.keyword.WebUiBuiltInKeywords$click$3.call(Unknown Source)&#xD;
	at Script1564042938091.run(Script1564042938091.groovy:30)&#xD;
	... 13 more&#xD;
)&#xD;
&#xD;
2019-07-25 11:03:14 - [MESSAGE][FAILED] - Unable to click on object 'Object Repository/Page_Booking engine for serviced apartments/button_Profile' (Root cause: com.kms.katalon.core.exception.StepFailedException: Unable to click on object 'Object Repository/Page_Booking engine for serviced apartments/button_Profile'&#xD;
	at com.kms.katalon.core.webui.keyword.internal.WebUIKeywordMain.stepFailed(WebUIKeywordMain.groovy:64)&#xD;
	at com.kms.katalon.core.webui.keyword.internal.WebUIKeywordMain.runKeyword(WebUIKeywordMain.groovy:26)&#xD;
	at com.kms.katalon.core.webui.keyword.builtin.ClickKeyword.click(ClickKeyword.groovy:86)&#xD;
	at com.kms.katalon.core.webui.keyword.builtin.ClickKeyword.execute(ClickKeyword.groovy:67)&#xD;
	at com.kms.katalon.core.keyword.internal.KeywordExecutor.executeKeywordForPlatform(KeywordExecutor.groovy:56)&#xD;
	at com.kms.katalon.core.webui.keyword.WebUiBuiltInKeywords.click(WebUiBuiltInKeywords.groovy:616)&#xD;
	at com.kms.katalon.core.webui.keyword.WebUiBuiltInKeywords$click$3.call(Unknown Source)&#xD;
	at bearingpoing.run(bearingpoing:30)&#xD;
	at com.kms.katalon.core.main.ScriptEngine.run(ScriptEngine.java:194)&#xD;
	at com.kms.katalon.core.main.ScriptEngine.runScriptAsRawText(ScriptEngine.java:119)&#xD;
	at com.kms.katalon.core.main.TestCaseExecutor.runScript(TestCaseExecutor.java:337)&#xD;
	at com.kms.katalon.core.main.TestCaseExecutor.doExecute(TestCaseExecutor.java:328)&#xD;
	at com.kms.katalon.core.main.TestCaseExecutor.processExecutionPhase(TestCaseExecutor.java:307)&#xD;
	at com.kms.katalon.core.main.TestCaseExecutor.accessMainPhase(TestCaseExecutor.java:299)&#xD;
	at com.kms.katalon.core.main.TestCaseExecutor.execute(TestCaseExecutor.java:233)&#xD;
	at com.kms.katalon.core.main.TestSuiteExecutor.accessTestCaseMainPhase(TestSuiteExecutor.java:133)&#xD;
	at com.kms.katalon.core.main.TestSuiteExecutor.accessTestSuiteMainPhase(TestSuiteExecutor.java:116)&#xD;
	at com.kms.katalon.core.main.TestSuiteExecutor.execute(TestSuiteExecutor.java:83)&#xD;
	at com.kms.katalon.core.main.TestCaseMain.startTestSuite(TestCaseMain.java:157)&#xD;
	at com.kms.katalon.core.main.TestCaseMain$startTestSuite$0.call(Unknown Source)&#xD;
	at TempTestSuite1564044807335.run(TempTestSuite1564044807335.groovy:35)&#xD;
Caused by: org.openqa.selenium.ElementClickInterceptedException: Element &lt;button class="site-header__profile btn profile-btn icon-right no-animate"&gt; is not clickable at point (1066,45) because another element &lt;div class="modal-backdrop fade ng-scope in-remove ng-animate ng-enter ng-in-remove ng-enter-active ng-in-remove-active in-remove-active"&gt; obscures it
Build info: version: '3.141.59', revision: 'e82be7d358', time: '2018-11-14T08:25:53'
System info: host: 'ANTONIO', ip: '169.254.42.39', os.name: 'Windows 10', os.arch: 'amd64', os.version: '10.0', java.version: '1.8.0_181'
Driver info: com.kms.katalon.core.webui.driver.firefox.CGeckoDriver
Capabilities {acceptInsecureCerts: true, browserName: firefox, browserVersion: 67.0.2, javascriptEnabled: true, moz:accessibilityChecks: false, moz:buildID: 20190607204818, moz:geckodriverVersion: 0.23.0, moz:headless: false, moz:processID: 14636, moz:profile: C:\Users\Antonio\AppData\Lo..., moz:shutdownTimeout: 60000, moz:useNonSpecCompliantPointerOrigin: false, moz:webdriverClick: true, pageLoadStrategy: normal, platform: WINDOWS, platformName: WINDOWS, platformVersion: 10.0, proxy: Proxy(direct), rotatable: false, setWindowRect: true, strictFileInteractability: false, timeouts: {implicit: 0, pageLoad: 300000, script: 30000}, unhandledPromptBehavior: dismiss and notify}
Session ID: a5600271-6060-4943-946d-f217cca8d8d2&#xD;
	at org.openqa.selenium.remote.http.W3CHttpResponseCodec.createException(W3CHttpResponseCodec.java:187)&#xD;
	at org.openqa.selenium.remote.http.W3CHttpResponseCodec.decode(W3CHttpResponseCodec.java:122)&#xD;
	at org.openqa.selenium.remote.http.W3CHttpResponseCodec.decode(W3CHttpResponseCodec.java:49)&#xD;
	at org.openqa.selenium.remote.HttpCommandExecutor.execute(HttpCommandExecutor.java:158)&#xD;
	at org.openqa.selenium.remote.service.DriverCommandExecutor.execute(DriverCommandExecutor.java:83)&#xD;
	at org.openqa.selenium.remote.RemoteWebDriver.execute(RemoteWebDriver.java:552)&#xD;
	at com.kms.katalon.selenium.driver.CFirefoxDriver.execute(CFirefoxDriver.java:28)&#xD;
	at org.openqa.selenium.remote.RemoteWebElement.execute(RemoteWebElement.java:285)&#xD;
	at org.openqa.selenium.remote.RemoteWebElement.click(RemoteWebElement.java:84)&#xD;
	at com.kms.katalon.core.webui.keyword.builtin.ClickKeyword$_click_closure1.doCall(ClickKeyword.groovy:79)&#xD;
	at com.kms.katalon.core.webui.keyword.builtin.ClickKeyword$_click_closure1.call(ClickKeyword.groovy)&#xD;
	at com.kms.katalon.core.webui.keyword.internal.WebUIKeywordMain.runKeyword(WebUIKeywordMain.groovy:20)&#xD;
	at com.kms.katalon.core.webui.keyword.builtin.ClickKeyword.click(ClickKeyword.groovy:86)&#xD;
	at com.kms.katalon.core.webui.keyword.builtin.ClickKeyword.execute(ClickKeyword.groovy:67)&#xD;
	at com.kms.katalon.core.keyword.internal.KeywordExecutor.executeKeywordForPlatform(KeywordExecutor.groovy:56)&#xD;
	at com.kms.katalon.core.webui.keyword.WebUiBuiltInKeywords.click(WebUiBuiltInKeywords.groovy:616)&#xD;
	at com.kms.katalon.core.webui.keyword.WebUiBuiltInKeywords$click$3.call(Unknown Source)&#xD;
	at Script1564042938091.run(Script1564042938091.groovy:30)&#xD;
	... 13 more&#xD;
)&#xD;
[[ATTACHMENT|C:\\Users\\Antonio\\Katalon Studio\\TestingIBE\\Reports\\TestEveryIBE\\20190725_105327\\1564045393873.png]]</system-out>
            <system-err>2019-07-25 11:02:35 - [TEST_CASE][FAILED] - Test Cases/bearingpoing: Test Cases/bearingpoing FAILED.
Reason:
com.kms.katalon.core.exception.StepFailedException: Unable to click on object 'Object Repository/Page_Booking engine for serviced apartments/button_Profile'&#xD;
	at com.kms.katalon.core.webui.keyword.internal.WebUIKeywordMain.stepFailed(WebUIKeywordMain.groovy:64)&#xD;
	at com.kms.katalon.core.webui.keyword.internal.WebUIKeywordMain.runKeyword(WebUIKeywordMain.groovy:26)&#xD;
	at com.kms.katalon.core.webui.keyword.builtin.ClickKeyword.click(ClickKeyword.groovy:86)&#xD;
	at com.kms.katalon.core.webui.keyword.builtin.ClickKeyword.execute(ClickKeyword.groovy:67)&#xD;
	at com.kms.katalon.core.keyword.internal.KeywordExecutor.executeKeywordForPlatform(KeywordExecutor.groovy:56)&#xD;
	at com.kms.katalon.core.webui.keyword.WebUiBuiltInKeywords.click(WebUiBuiltInKeywords.groovy:616)&#xD;
	at com.kms.katalon.core.webui.keyword.WebUiBuiltInKeywords$click$3.call(Unknown Source)&#xD;
	at bearingpoing.run(bearingpoing:30)&#xD;
	at com.kms.katalon.core.main.ScriptEngine.run(ScriptEngine.java:194)&#xD;
	at com.kms.katalon.core.main.ScriptEngine.runScriptAsRawText(ScriptEngine.java:119)&#xD;
	at com.kms.katalon.core.main.TestCaseExecutor.runScript(TestCaseExecutor.java:337)&#xD;
	at com.kms.katalon.core.main.TestCaseExecutor.doExecute(TestCaseExecutor.java:328)&#xD;
	at com.kms.katalon.core.main.TestCaseExecutor.processExecutionPhase(TestCaseExecutor.java:307)&#xD;
	at com.kms.katalon.core.main.TestCaseExecutor.accessMainPhase(TestCaseExecutor.java:299)&#xD;
	at com.kms.katalon.core.main.TestCaseExecutor.execute(TestCaseExecutor.java:233)&#xD;
	at com.kms.katalon.core.main.TestSuiteExecutor.accessTestCaseMainPhase(TestSuiteExecutor.java:133)&#xD;
	at com.kms.katalon.core.main.TestSuiteExecutor.accessTestSuiteMainPhase(TestSuiteExecutor.java:116)&#xD;
	at com.kms.katalon.core.main.TestSuiteExecutor.execute(TestSuiteExecutor.java:83)&#xD;
	at com.kms.katalon.core.main.TestCaseMain.startTestSuite(TestCaseMain.java:157)&#xD;
	at com.kms.katalon.core.main.TestCaseMain$startTestSuite$0.call(Unknown Source)&#xD;
	at TempTestSuite1564044807335.run(TempTestSuite1564044807335.groovy:35)&#xD;
Caused by: org.openqa.selenium.ElementClickInterceptedException: Element &lt;button class="site-header__profile btn profile-btn icon-right no-animate"&gt; is not clickable at point (1066,45) because another element &lt;div class="modal-backdrop fade ng-scope in-remove ng-animate ng-enter ng-in-remove ng-enter-active ng-in-remove-active in-remove-active"&gt; obscures it
Build info: version: '3.141.59', revision: 'e82be7d358', time: '2018-11-14T08:25:53'
System info: host: 'ANTONIO', ip: '169.254.42.39', os.name: 'Windows 10', os.arch: 'amd64', os.version: '10.0', java.version: '1.8.0_181'
Driver info: com.kms.katalon.core.webui.driver.firefox.CGeckoDriver
Capabilities {acceptInsecureCerts: true, browserName: firefox, browserVersion: 67.0.2, javascriptEnabled: true, moz:accessibilityChecks: false, moz:buildID: 20190607204818, moz:geckodriverVersion: 0.23.0, moz:headless: false, moz:processID: 14636, moz:profile: C:\Users\Antonio\AppData\Lo..., moz:shutdownTimeout: 60000, moz:useNonSpecCompliantPointerOrigin: false, moz:webdriverClick: true, pageLoadStrategy: normal, platform: WINDOWS, platformName: WINDOWS, platformVersion: 10.0, proxy: Proxy(direct), rotatable: false, setWindowRect: true, strictFileInteractability: false, timeouts: {implicit: 0, pageLoad: 300000, script: 30000}, unhandledPromptBehavior: dismiss and notify}
Session ID: a5600271-6060-4943-946d-f217cca8d8d2&#xD;
	at org.openqa.selenium.remote.http.W3CHttpResponseCodec.createException(W3CHttpResponseCodec.java:187)&#xD;
	at org.openqa.selenium.remote.http.W3CHttpResponseCodec.decode(W3CHttpResponseCodec.java:122)&#xD;
	at org.openqa.selenium.remote.http.W3CHttpResponseCodec.decode(W3CHttpResponseCodec.java:49)&#xD;
	at org.openqa.selenium.remote.HttpCommandExecutor.execute(HttpCommandExecutor.java:158)&#xD;
	at org.openqa.selenium.remote.service.DriverCommandExecutor.execute(DriverCommandExecutor.java:83)&#xD;
	at org.openqa.selenium.remote.RemoteWebDriver.execute(RemoteWebDriver.java:552)&#xD;
	at com.kms.katalon.selenium.driver.CFirefoxDriver.execute(CFirefoxDriver.java:28)&#xD;
	at org.openqa.selenium.remote.RemoteWebElement.execute(RemoteWebElement.java:285)&#xD;
	at org.openqa.selenium.remote.RemoteWebElement.click(RemoteWebElement.java:84)&#xD;
	at com.kms.katalon.core.webui.keyword.builtin.ClickKeyword$_click_closure1.doCall(ClickKeyword.groovy:79)&#xD;
	at com.kms.katalon.core.webui.keyword.builtin.ClickKeyword$_click_closure1.call(ClickKeyword.groovy)&#xD;
	at com.kms.katalon.core.webui.keyword.internal.WebUIKeywordMain.runKeyword(WebUIKeywordMain.groovy:20)&#xD;
	... 19 more</system-err>
        </testcase>
        <testcase name="Test Cases/commerbank" classname="Test Cases/commerbank" status="FAILED">
            <failure type="FAILED" message="Test Cases/commerbank FAILED.&#xA;Reason:&#xA;com.kms.katalon.core.exception.StepFailedException: Unable to click on object 'Object Repository/Page_Booking engine for serviced apartments/button_Profile'&#xD;&#xA;&#x9;at com.kms.katalon.core.webui.keyword.internal.WebUIKeywordMain.stepFailed(WebUIKeywordMain.groovy:64)&#xD;&#xA;&#x9;at com.kms.katalon.core.webui.keyword.internal.WebUIKeywordMain.runKeyword(WebUIKeywordMain.groovy:26)&#xD;&#xA;&#x9;at com.kms.katalon.core.webui.keyword.builtin.ClickKeyword.click(ClickKeyword.groovy:86)&#xD;&#xA;&#x9;at com.kms.katalon.core.webui.keyword.builtin.ClickKeyword.execute(ClickKeyword.groovy:67)&#xD;&#xA;&#x9;at com.kms.katalon.core.keyword.internal.KeywordExecutor.executeKeywordForPlatform(KeywordExecutor.groovy:56)&#xD;&#xA;&#x9;at com.kms.katalon.core.webui.keyword.WebUiBuiltInKeywords.click(WebUiBuiltInKeywords.groovy:616)&#xD;&#xA;&#x9;at com.kms.katalon.core.webui.keyword.WebUiBuiltInKeywords$click$3.call(Unknown Source)&#xD;&#xA;&#x9;at commerbank.run(commerbank:30)&#xD;&#xA;&#x9;at com.kms.katalon.core.main.ScriptEngine.run(ScriptEngine.java:194)&#xD;&#xA;&#x9;at com.kms.katalon.core.main.ScriptEngine.runScriptAsRawText(ScriptEngine.java:119)&#xD;&#xA;&#x9;at com.kms.katalon.core.main.TestCaseExecutor.runScript(TestCaseExecutor.java:337)&#xD;&#xA;&#x9;at com.kms.katalon.core.main.TestCaseExecutor.doExecute(TestCaseExecutor.java:328)&#xD;&#xA;&#x9;at com.kms.katalon.core.main.TestCaseExecutor.processExecutionPhase(TestCaseExecutor.java:307)&#xD;&#xA;&#x9;at com.kms.katalon.core.main.TestCaseExecutor.accessMainPhase(TestCaseExecutor.java:299)&#xD;&#xA;&#x9;at com.kms.katalon.core.main.TestCaseExecutor.execute(TestCaseExecutor.java:233)&#xD;&#xA;&#x9;at com.kms.katalon.core.main.TestSuiteExecutor.accessTestCaseMainPhase(TestSuiteExecutor.java:133)&#xD;&#xA;&#x9;at com.kms.katalon.core.main.TestSuiteExecutor.accessTestSuiteMainPhase(TestSuiteExecutor.java:116)&#xD;&#xA;&#x9;at com.kms.katalon.core.main.TestSuiteExecutor.execute(TestSuiteExecutor.java:83)&#xD;&#xA;&#x9;at com.kms.katalon.core.main.TestCaseMain.startTestSuite(TestCaseMain.java:157)&#xD;&#xA;&#x9;at com.kms.katalon.core.main.TestCaseMain$startTestSuite$0.call(Unknown Source)&#xD;&#xA;&#x9;at TempTestSuite1564044807335.run(TempTestSuite1564044807335.groovy:35)&#xD;&#xA;Caused by: org.openqa.selenium.ElementClickInterceptedException: Element &lt;button class=&quot;site-header__profile btn profile-btn icon-right no-animate&quot;&gt; is not clickable at point (1066,45) because another element &lt;div class=&quot;modal-backdrop fade ng-scope&quot;&gt; obscures it&#xA;Build info: version: '3.141.59', revision: 'e82be7d358', time: '2018-11-14T08:25:53'&#xA;System info: host: 'ANTONIO', ip: '169.254.42.39', os.name: 'Windows 10', os.arch: 'amd64', os.version: '10.0', java.version: '1.8.0_181'&#xA;Driver info: com.kms.katalon.core.webui.driver.firefox.CGeckoDriver&#xA;Capabilities {acceptInsecureCerts: true, browserName: firefox, browserVersion: 67.0.2, javascriptEnabled: true, moz:accessibilityChecks: false, moz:buildID: 20190607204818, moz:geckodriverVersion: 0.23.0, moz:headless: false, moz:processID: 27792, moz:profile: C:\Users\Antonio\AppData\Lo..., moz:shutdownTimeout: 60000, moz:useNonSpecCompliantPointerOrigin: false, moz:webdriverClick: true, pageLoadStrategy: normal, platform: WINDOWS, platformName: WINDOWS, platformVersion: 10.0, proxy: Proxy(direct), rotatable: false, setWindowRect: true, strictFileInteractability: false, timeouts: {implicit: 0, pageLoad: 300000, script: 30000}, unhandledPromptBehavior: dismiss and notify}&#xA;Session ID: 46152ff2-7667-44e5-bec2-10eaca8e81eb&#xD;&#xA;&#x9;at org.openqa.selenium.remote.http.W3CHttpResponseCodec.createException(W3CHttpResponseCodec.java:187)&#xD;&#xA;&#x9;at org.openqa.selenium.remote.http.W3CHttpResponseCodec.decode(W3CHttpResponseCodec.java:122)&#xD;&#xA;&#x9;at org.openqa.selenium.remote.http.W3CHttpResponseCodec.decode(W3CHttpResponseCodec.java:49)&#xD;&#xA;&#x9;at org.openqa.selenium.remote.HttpCommandExecutor.execute(HttpCommandExecutor.java:158)&#xD;&#xA;&#x9;at org.openqa.selenium.remote.service.DriverCommandExecutor.execute(DriverCommandExecutor.java:83)&#xD;&#xA;&#x9;at org.openqa.selenium.remote.RemoteWebDriver.execute(RemoteWebDriver.java:552)&#xD;&#xA;&#x9;at com.kms.katalon.selenium.driver.CFirefoxDriver.execute(CFirefoxDriver.java:28)&#xD;&#xA;&#x9;at org.openqa.selenium.remote.RemoteWebElement.execute(RemoteWebElement.java:285)&#xD;&#xA;&#x9;at org.openqa.selenium.remote.RemoteWebElement.click(RemoteWebElement.java:84)&#xD;&#xA;&#x9;at com.kms.katalon.core.webui.keyword.builtin.ClickKeyword$_click_closure1.doCall(ClickKeyword.groovy:79)&#xD;&#xA;&#x9;at com.kms.katalon.core.webui.keyword.builtin.ClickKeyword$_click_closure1.call(ClickKeyword.groovy)&#xD;&#xA;&#x9;at com.kms.katalon.core.webui.keyword.internal.WebUIKeywordMain.runKeyword(WebUIKeywordMain.groovy:20)&#xD;&#xA;&#x9;... 19 more&#xD;&#xA;"/>
            <system-out>2019-07-25 11:03:14 - [TEST_CASE][FAILED] - Test Cases/commerbank: Test Cases/commerbank FAILED.
Reason:
com.kms.katalon.core.exception.StepFailedException: Unable to click on object 'Object Repository/Page_Booking engine for serviced apartments/button_Profile'&#xD;
	at com.kms.katalon.core.webui.keyword.internal.WebUIKeywordMain.stepFailed(WebUIKeywordMain.groovy:64)&#xD;
	at com.kms.katalon.core.webui.keyword.internal.WebUIKeywordMain.runKeyword(WebUIKeywordMain.groovy:26)&#xD;
	at com.kms.katalon.core.webui.keyword.builtin.ClickKeyword.click(ClickKeyword.groovy:86)&#xD;
	at com.kms.katalon.core.webui.keyword.builtin.ClickKeyword.execute(ClickKeyword.groovy:67)&#xD;
	at com.kms.katalon.core.keyword.internal.KeywordExecutor.executeKeywordForPlatform(KeywordExecutor.groovy:56)&#xD;
	at com.kms.katalon.core.webui.keyword.WebUiBuiltInKeywords.click(WebUiBuiltInKeywords.groovy:616)&#xD;
	at com.kms.katalon.core.webui.keyword.WebUiBuiltInKeywords$click$3.call(Unknown Source)&#xD;
	at commerbank.run(commerbank:30)&#xD;
	at com.kms.katalon.core.main.ScriptEngine.run(ScriptEngine.java:194)&#xD;
	at com.kms.katalon.core.main.ScriptEngine.runScriptAsRawText(ScriptEngine.java:119)&#xD;
	at com.kms.katalon.core.main.TestCaseExecutor.runScript(TestCaseExecutor.java:337)&#xD;
	at com.kms.katalon.core.main.TestCaseExecutor.doExecute(TestCaseExecutor.java:328)&#xD;
	at com.kms.katalon.core.main.TestCaseExecutor.processExecutionPhase(TestCaseExecutor.java:307)&#xD;
	at com.kms.katalon.core.main.TestCaseExecutor.accessMainPhase(TestCaseExecutor.java:299)&#xD;
	at com.kms.katalon.core.main.TestCaseExecutor.execute(TestCaseExecutor.java:233)&#xD;
	at com.kms.katalon.core.main.TestSuiteExecutor.accessTestCaseMainPhase(TestSuiteExecutor.java:133)&#xD;
	at com.kms.katalon.core.main.TestSuiteExecutor.accessTestSuiteMainPhase(TestSuiteExecutor.java:116)&#xD;
	at com.kms.katalon.core.main.TestSuiteExecutor.execute(TestSuiteExecutor.java:83)&#xD;
	at com.kms.katalon.core.main.TestCaseMain.startTestSuite(TestCaseMain.java:157)&#xD;
	at com.kms.katalon.core.main.TestCaseMain$startTestSuite$0.call(Unknown Source)&#xD;
	at TempTestSuite1564044807335.run(TempTestSuite1564044807335.groovy:35)&#xD;
Caused by: org.openqa.selenium.ElementClickInterceptedException: Element &lt;button class="site-header__profile btn profile-btn icon-right no-animate"&gt; is not clickable at point (1066,45) because another element &lt;div class="modal-backdrop fade ng-scope"&gt; obscures it
Build info: version: '3.141.59', revision: 'e82be7d358', time: '2018-11-14T08:25:53'
System info: host: 'ANTONIO', ip: '169.254.42.39', os.name: 'Windows 10', os.arch: 'amd64', os.version: '10.0', java.version: '1.8.0_181'
Driver info: com.kms.katalon.core.webui.driver.firefox.CGeckoDriver
Capabilities {acceptInsecureCerts: true, browserName: firefox, browserVersion: 67.0.2, javascriptEnabled: true, moz:accessibilityChecks: false, moz:buildID: 20190607204818, moz:geckodriverVersion: 0.23.0, moz:headless: false, moz:processID: 27792, moz:profile: C:\Users\Antonio\AppData\Lo..., moz:shutdownTimeout: 60000, moz:useNonSpecCompliantPointerOrigin: false, moz:webdriverClick: true, pageLoadStrategy: normal, platform: WINDOWS, platformName: WINDOWS, platformVersion: 10.0, proxy: Proxy(direct), rotatable: false, setWindowRect: true, strictFileInteractability: false, timeouts: {implicit: 0, pageLoad: 300000, script: 30000}, unhandledPromptBehavior: dismiss and notify}
Session ID: 46152ff2-7667-44e5-bec2-10eaca8e81eb&#xD;
	at org.openqa.selenium.remote.http.W3CHttpResponseCodec.createException(W3CHttpResponseCodec.java:187)&#xD;
	at org.openqa.selenium.remote.http.W3CHttpResponseCodec.decode(W3CHttpResponseCodec.java:122)&#xD;
	at org.openqa.selenium.remote.http.W3CHttpResponseCodec.decode(W3CHttpResponseCodec.java:49)&#xD;
	at org.openqa.selenium.remote.HttpCommandExecutor.execute(HttpCommandExecutor.java:158)&#xD;
	at org.openqa.selenium.remote.service.DriverCommandExecutor.execute(DriverCommandExecutor.java:83)&#xD;
	at org.openqa.selenium.remote.RemoteWebDriver.execute(RemoteWebDriver.java:552)&#xD;
	at com.kms.katalon.selenium.driver.CFirefoxDriver.execute(CFirefoxDriver.java:28)&#xD;
	at org.openqa.selenium.remote.RemoteWebElement.execute(RemoteWebElement.java:285)&#xD;
	at org.openqa.selenium.remote.RemoteWebElement.click(RemoteWebElement.java:84)&#xD;
	at com.kms.katalon.core.webui.keyword.builtin.ClickKeyword$_click_closure1.doCall(ClickKeyword.groovy:79)&#xD;
	at com.kms.katalon.core.webui.keyword.builtin.ClickKeyword$_click_closure1.call(ClickKeyword.groovy)&#xD;
	at com.kms.katalon.core.webui.keyword.internal.WebUIKeywordMain.runKeyword(WebUIKeywordMain.groovy:20)&#xD;
	... 19 more&#xD;
&#xD;
&#xD;
2019-07-25 11:03:14 - [TEST_STEP][PASSED] - openBrowser(""): Browser is opened with url: ''&#xD;
&#xD;
2019-07-25 11:03:14 - [MESSAGE][WARNING] - A browser is already opened. Closing browser and opening a new one&#xD;
&#xD;
2019-07-25 11:03:17 - [MESSAGE][INFO] - Starting 'Firefox' driver&#xD;
&#xD;
2019-07-25 11:03:22 - [MESSAGE][PASSED] - Browser is opened with url: ''&#xD;
&#xD;
2019-07-25 11:03:22 - [TEST_STEP][PASSED] - navigateToUrl("https://commerzbank.acomodeo.com"): Navigate to 'https://commerzbank.acomodeo.com' successfully&#xD;
&#xD;
2019-07-25 11:03:25 - [MESSAGE][PASSED] - Navigate to 'https://commerzbank.acomodeo.com' successfully&#xD;
&#xD;
2019-07-25 11:03:25 - [TEST_STEP][PASSED] - delay(11): Delayed 11 second(s)&#xD;
&#xD;
2019-07-25 11:03:36 - [MESSAGE][PASSED] - Delayed 11 second(s)&#xD;
&#xD;
2019-07-25 11:03:36 - [TEST_STEP][PASSED] - setText(findTestObject("Object Repository/Page_Account Login IBE/input_Register_email"), username): Text 'katalon@acomodeo.com' is set on object 'Object Repository/Page_Account Login IBE/input_Register_email'&#xD;
&#xD;
2019-07-25 11:03:37 - [MESSAGE][PASSED] - Text 'katalon@acomodeo.com' is set on object 'Object Repository/Page_Account Login IBE/input_Register_email'&#xD;
&#xD;
2019-07-25 11:03:37 - [TEST_STEP][PASSED] - delay(3): Delayed 3 second(s)&#xD;
&#xD;
2019-07-25 11:03:40 - [MESSAGE][PASSED] - Delayed 3 second(s)&#xD;
&#xD;
2019-07-25 11:03:40 - [TEST_STEP][PASSED] - setEncryptedText(findTestObject("Object Repository/Page_Account Login IBE/input_Register_password"), password): Text ****** has been set on object 'Object Repository/Page_Account Login IBE/input_Register_password'&#xD;
&#xD;
2019-07-25 11:03:40 - [MESSAGE][PASSED] - Text ****** has been set on object 'Object Repository/Page_Account Login IBE/input_Register_password'&#xD;
&#xD;
2019-07-25 11:03:40 - [TEST_STEP][PASSED] - click(findTestObject("Object Repository/Page_Account Login IBE/button_Log in")): Object: 'Object Repository/Page_Account Login IBE/button_Log in' is clicked on&#xD;
&#xD;
2019-07-25 11:03:42 - [MESSAGE][PASSED] - Object: 'Object Repository/Page_Account Login IBE/button_Log in' is clicked on&#xD;
&#xD;
2019-07-25 11:03:42 - [TEST_STEP][PASSED] - delay(6): Delayed 6 second(s)&#xD;
&#xD;
2019-07-25 11:03:48 - [MESSAGE][PASSED] - Delayed 6 second(s)&#xD;
&#xD;
2019-07-25 11:03:48 - [TEST_STEP][FAILED] - click(findTestObject("Object Repository/Page_Booking engine for serviced apartments/button_Profile")): Unable to click on object 'Object Repository/Page_Booking engine for serviced apartments/button_Profile' (Root cause: com.kms.katalon.core.exception.StepFailedException: Unable to click on object 'Object Repository/Page_Booking engine for serviced apartments/button_Profile'&#xD;
	at com.kms.katalon.core.webui.keyword.internal.WebUIKeywordMain.stepFailed(WebUIKeywordMain.groovy:64)&#xD;
	at com.kms.katalon.core.webui.keyword.internal.WebUIKeywordMain.runKeyword(WebUIKeywordMain.groovy:26)&#xD;
	at com.kms.katalon.core.webui.keyword.builtin.ClickKeyword.click(ClickKeyword.groovy:86)&#xD;
	at com.kms.katalon.core.webui.keyword.builtin.ClickKeyword.execute(ClickKeyword.groovy:67)&#xD;
	at com.kms.katalon.core.keyword.internal.KeywordExecutor.executeKeywordForPlatform(KeywordExecutor.groovy:56)&#xD;
	at com.kms.katalon.core.webui.keyword.WebUiBuiltInKeywords.click(WebUiBuiltInKeywords.groovy:616)&#xD;
	at com.kms.katalon.core.webui.keyword.WebUiBuiltInKeywords$click$3.call(Unknown Source)&#xD;
	at commerbank.run(commerbank:30)&#xD;
	at com.kms.katalon.core.main.ScriptEngine.run(ScriptEngine.java:194)&#xD;
	at com.kms.katalon.core.main.ScriptEngine.runScriptAsRawText(ScriptEngine.java:119)&#xD;
	at com.kms.katalon.core.main.TestCaseExecutor.runScript(TestCaseExecutor.java:337)&#xD;
	at com.kms.katalon.core.main.TestCaseExecutor.doExecute(TestCaseExecutor.java:328)&#xD;
	at com.kms.katalon.core.main.TestCaseExecutor.processExecutionPhase(TestCaseExecutor.java:307)&#xD;
	at com.kms.katalon.core.main.TestCaseExecutor.accessMainPhase(TestCaseExecutor.java:299)&#xD;
	at com.kms.katalon.core.main.TestCaseExecutor.execute(TestCaseExecutor.java:233)&#xD;
	at com.kms.katalon.core.main.TestSuiteExecutor.accessTestCaseMainPhase(TestSuiteExecutor.java:133)&#xD;
	at com.kms.katalon.core.main.TestSuiteExecutor.accessTestSuiteMainPhase(TestSuiteExecutor.java:116)&#xD;
	at com.kms.katalon.core.main.TestSuiteExecutor.execute(TestSuiteExecutor.java:83)&#xD;
	at com.kms.katalon.core.main.TestCaseMain.startTestSuite(TestCaseMain.java:157)&#xD;
	at com.kms.katalon.core.main.TestCaseMain$startTestSuite$0.call(Unknown Source)&#xD;
	at TempTestSuite1564044807335.run(TempTestSuite1564044807335.groovy:35)&#xD;
Caused by: org.openqa.selenium.ElementClickInterceptedException: Element &lt;button class="site-header__profile btn profile-btn icon-right no-animate"&gt; is not clickable at point (1066,45) because another element &lt;div class="modal-backdrop fade ng-scope"&gt; obscures it
Build info: version: '3.141.59', revision: 'e82be7d358', time: '2018-11-14T08:25:53'
System info: host: 'ANTONIO', ip: '169.254.42.39', os.name: 'Windows 10', os.arch: 'amd64', os.version: '10.0', java.version: '1.8.0_181'
Driver info: com.kms.katalon.core.webui.driver.firefox.CGeckoDriver
Capabilities {acceptInsecureCerts: true, browserName: firefox, browserVersion: 67.0.2, javascriptEnabled: true, moz:accessibilityChecks: false, moz:buildID: 20190607204818, moz:geckodriverVersion: 0.23.0, moz:headless: false, moz:processID: 27792, moz:profile: C:\Users\Antonio\AppData\Lo..., moz:shutdownTimeout: 60000, moz:useNonSpecCompliantPointerOrigin: false, moz:webdriverClick: true, pageLoadStrategy: normal, platform: WINDOWS, platformName: WINDOWS, platformVersion: 10.0, proxy: Proxy(direct), rotatable: false, setWindowRect: true, strictFileInteractability: false, timeouts: {implicit: 0, pageLoad: 300000, script: 30000}, unhandledPromptBehavior: dismiss and notify}
Session ID: 46152ff2-7667-44e5-bec2-10eaca8e81eb&#xD;
	at org.openqa.selenium.remote.http.W3CHttpResponseCodec.createException(W3CHttpResponseCodec.java:187)&#xD;
	at org.openqa.selenium.remote.http.W3CHttpResponseCodec.decode(W3CHttpResponseCodec.java:122)&#xD;
	at org.openqa.selenium.remote.http.W3CHttpResponseCodec.decode(W3CHttpResponseCodec.java:49)&#xD;
	at org.openqa.selenium.remote.HttpCommandExecutor.execute(HttpCommandExecutor.java:158)&#xD;
	at org.openqa.selenium.remote.service.DriverCommandExecutor.execute(DriverCommandExecutor.java:83)&#xD;
	at org.openqa.selenium.remote.RemoteWebDriver.execute(RemoteWebDriver.java:552)&#xD;
	at com.kms.katalon.selenium.driver.CFirefoxDriver.execute(CFirefoxDriver.java:28)&#xD;
	at org.openqa.selenium.remote.RemoteWebElement.execute(RemoteWebElement.java:285)&#xD;
	at org.openqa.selenium.remote.RemoteWebElement.click(RemoteWebElement.java:84)&#xD;
	at com.kms.katalon.core.webui.keyword.builtin.ClickKeyword$_click_closure1.doCall(ClickKeyword.groovy:79)&#xD;
	at com.kms.katalon.core.webui.keyword.builtin.ClickKeyword$_click_closure1.call(ClickKeyword.groovy)&#xD;
	at com.kms.katalon.core.webui.keyword.internal.WebUIKeywordMain.runKeyword(WebUIKeywordMain.groovy:20)&#xD;
	at com.kms.katalon.core.webui.keyword.builtin.ClickKeyword.click(ClickKeyword.groovy:86)&#xD;
	at com.kms.katalon.core.webui.keyword.builtin.ClickKeyword.execute(ClickKeyword.groovy:67)&#xD;
	at com.kms.katalon.core.keyword.internal.KeywordExecutor.executeKeywordForPlatform(KeywordExecutor.groovy:56)&#xD;
	at com.kms.katalon.core.webui.keyword.WebUiBuiltInKeywords.click(WebUiBuiltInKeywords.groovy:616)&#xD;
	at com.kms.katalon.core.webui.keyword.WebUiBuiltInKeywords$click$3.call(Unknown Source)&#xD;
	at Script1564042960878.run(Script1564042960878.groovy:30)&#xD;
	... 13 more&#xD;
)&#xD;
&#xD;
2019-07-25 11:03:48 - [MESSAGE][FAILED] - Unable to click on object 'Object Repository/Page_Booking engine for serviced apartments/button_Profile' (Root cause: com.kms.katalon.core.exception.StepFailedException: Unable to click on object 'Object Repository/Page_Booking engine for serviced apartments/button_Profile'&#xD;
	at com.kms.katalon.core.webui.keyword.internal.WebUIKeywordMain.stepFailed(WebUIKeywordMain.groovy:64)&#xD;
	at com.kms.katalon.core.webui.keyword.internal.WebUIKeywordMain.runKeyword(WebUIKeywordMain.groovy:26)&#xD;
	at com.kms.katalon.core.webui.keyword.builtin.ClickKeyword.click(ClickKeyword.groovy:86)&#xD;
	at com.kms.katalon.core.webui.keyword.builtin.ClickKeyword.execute(ClickKeyword.groovy:67)&#xD;
	at com.kms.katalon.core.keyword.internal.KeywordExecutor.executeKeywordForPlatform(KeywordExecutor.groovy:56)&#xD;
	at com.kms.katalon.core.webui.keyword.WebUiBuiltInKeywords.click(WebUiBuiltInKeywords.groovy:616)&#xD;
	at com.kms.katalon.core.webui.keyword.WebUiBuiltInKeywords$click$3.call(Unknown Source)&#xD;
	at commerbank.run(commerbank:30)&#xD;
	at com.kms.katalon.core.main.ScriptEngine.run(ScriptEngine.java:194)&#xD;
	at com.kms.katalon.core.main.ScriptEngine.runScriptAsRawText(ScriptEngine.java:119)&#xD;
	at com.kms.katalon.core.main.TestCaseExecutor.runScript(TestCaseExecutor.java:337)&#xD;
	at com.kms.katalon.core.main.TestCaseExecutor.doExecute(TestCaseExecutor.java:328)&#xD;
	at com.kms.katalon.core.main.TestCaseExecutor.processExecutionPhase(TestCaseExecutor.java:307)&#xD;
	at com.kms.katalon.core.main.TestCaseExecutor.accessMainPhase(TestCaseExecutor.java:299)&#xD;
	at com.kms.katalon.core.main.TestCaseExecutor.execute(TestCaseExecutor.java:233)&#xD;
	at com.kms.katalon.core.main.TestSuiteExecutor.accessTestCaseMainPhase(TestSuiteExecutor.java:133)&#xD;
	at com.kms.katalon.core.main.TestSuiteExecutor.accessTestSuiteMainPhase(TestSuiteExecutor.java:116)&#xD;
	at com.kms.katalon.core.main.TestSuiteExecutor.execute(TestSuiteExecutor.java:83)&#xD;
	at com.kms.katalon.core.main.TestCaseMain.startTestSuite(TestCaseMain.java:157)&#xD;
	at com.kms.katalon.core.main.TestCaseMain$startTestSuite$0.call(Unknown Source)&#xD;
	at TempTestSuite1564044807335.run(TempTestSuite1564044807335.groovy:35)&#xD;
Caused by: org.openqa.selenium.ElementClickInterceptedException: Element &lt;button class="site-header__profile btn profile-btn icon-right no-animate"&gt; is not clickable at point (1066,45) because another element &lt;div class="modal-backdrop fade ng-scope"&gt; obscures it
Build info: version: '3.141.59', revision: 'e82be7d358', time: '2018-11-14T08:25:53'
System info: host: 'ANTONIO', ip: '169.254.42.39', os.name: 'Windows 10', os.arch: 'amd64', os.version: '10.0', java.version: '1.8.0_181'
Driver info: com.kms.katalon.core.webui.driver.firefox.CGeckoDriver
Capabilities {acceptInsecureCerts: true, browserName: firefox, browserVersion: 67.0.2, javascriptEnabled: true, moz:accessibilityChecks: false, moz:buildID: 20190607204818, moz:geckodriverVersion: 0.23.0, moz:headless: false, moz:processID: 27792, moz:profile: C:\Users\Antonio\AppData\Lo..., moz:shutdownTimeout: 60000, moz:useNonSpecCompliantPointerOrigin: false, moz:webdriverClick: true, pageLoadStrategy: normal, platform: WINDOWS, platformName: WINDOWS, platformVersion: 10.0, proxy: Proxy(direct), rotatable: false, setWindowRect: true, strictFileInteractability: false, timeouts: {implicit: 0, pageLoad: 300000, script: 30000}, unhandledPromptBehavior: dismiss and notify}
Session ID: 46152ff2-7667-44e5-bec2-10eaca8e81eb&#xD;
	at org.openqa.selenium.remote.http.W3CHttpResponseCodec.createException(W3CHttpResponseCodec.java:187)&#xD;
	at org.openqa.selenium.remote.http.W3CHttpResponseCodec.decode(W3CHttpResponseCodec.java:122)&#xD;
	at org.openqa.selenium.remote.http.W3CHttpResponseCodec.decode(W3CHttpResponseCodec.java:49)&#xD;
	at org.openqa.selenium.remote.HttpCommandExecutor.execute(HttpCommandExecutor.java:158)&#xD;
	at org.openqa.selenium.remote.service.DriverCommandExecutor.execute(DriverCommandExecutor.java:83)&#xD;
	at org.openqa.selenium.remote.RemoteWebDriver.execute(RemoteWebDriver.java:552)&#xD;
	at com.kms.katalon.selenium.driver.CFirefoxDriver.execute(CFirefoxDriver.java:28)&#xD;
	at org.openqa.selenium.remote.RemoteWebElement.execute(RemoteWebElement.java:285)&#xD;
	at org.openqa.selenium.remote.RemoteWebElement.click(RemoteWebElement.java:84)&#xD;
	at com.kms.katalon.core.webui.keyword.builtin.ClickKeyword$_click_closure1.doCall(ClickKeyword.groovy:79)&#xD;
	at com.kms.katalon.core.webui.keyword.builtin.ClickKeyword$_click_closure1.call(ClickKeyword.groovy)&#xD;
	at com.kms.katalon.core.webui.keyword.internal.WebUIKeywordMain.runKeyword(WebUIKeywordMain.groovy:20)&#xD;
	at com.kms.katalon.core.webui.keyword.builtin.ClickKeyword.click(ClickKeyword.groovy:86)&#xD;
	at com.kms.katalon.core.webui.keyword.builtin.ClickKeyword.execute(ClickKeyword.groovy:67)&#xD;
	at com.kms.katalon.core.keyword.internal.KeywordExecutor.executeKeywordForPlatform(KeywordExecutor.groovy:56)&#xD;
	at com.kms.katalon.core.webui.keyword.WebUiBuiltInKeywords.click(WebUiBuiltInKeywords.groovy:616)&#xD;
	at com.kms.katalon.core.webui.keyword.WebUiBuiltInKeywords$click$3.call(Unknown Source)&#xD;
	at Script1564042960878.run(Script1564042960878.groovy:30)&#xD;
	... 13 more&#xD;
)&#xD;
[[ATTACHMENT|C:\\Users\\Antonio\\Katalon Studio\\TestingIBE\\Reports\\TestEveryIBE\\20190725_105327\\1564045428354.png]]</system-out>
            <system-err>2019-07-25 11:03:14 - [TEST_CASE][FAILED] - Test Cases/commerbank: Test Cases/commerbank FAILED.
Reason:
com.kms.katalon.core.exception.StepFailedException: Unable to click on object 'Object Repository/Page_Booking engine for serviced apartments/button_Profile'&#xD;
	at com.kms.katalon.core.webui.keyword.internal.WebUIKeywordMain.stepFailed(WebUIKeywordMain.groovy:64)&#xD;
	at com.kms.katalon.core.webui.keyword.internal.WebUIKeywordMain.runKeyword(WebUIKeywordMain.groovy:26)&#xD;
	at com.kms.katalon.core.webui.keyword.builtin.ClickKeyword.click(ClickKeyword.groovy:86)&#xD;
	at com.kms.katalon.core.webui.keyword.builtin.ClickKeyword.execute(ClickKeyword.groovy:67)&#xD;
	at com.kms.katalon.core.keyword.internal.KeywordExecutor.executeKeywordForPlatform(KeywordExecutor.groovy:56)&#xD;
	at com.kms.katalon.core.webui.keyword.WebUiBuiltInKeywords.click(WebUiBuiltInKeywords.groovy:616)&#xD;
	at com.kms.katalon.core.webui.keyword.WebUiBuiltInKeywords$click$3.call(Unknown Source)&#xD;
	at commerbank.run(commerbank:30)&#xD;
	at com.kms.katalon.core.main.ScriptEngine.run(ScriptEngine.java:194)&#xD;
	at com.kms.katalon.core.main.ScriptEngine.runScriptAsRawText(ScriptEngine.java:119)&#xD;
	at com.kms.katalon.core.main.TestCaseExecutor.runScript(TestCaseExecutor.java:337)&#xD;
	at com.kms.katalon.core.main.TestCaseExecutor.doExecute(TestCaseExecutor.java:328)&#xD;
	at com.kms.katalon.core.main.TestCaseExecutor.processExecutionPhase(TestCaseExecutor.java:307)&#xD;
	at com.kms.katalon.core.main.TestCaseExecutor.accessMainPhase(TestCaseExecutor.java:299)&#xD;
	at com.kms.katalon.core.main.TestCaseExecutor.execute(TestCaseExecutor.java:233)&#xD;
	at com.kms.katalon.core.main.TestSuiteExecutor.accessTestCaseMainPhase(TestSuiteExecutor.java:133)&#xD;
	at com.kms.katalon.core.main.TestSuiteExecutor.accessTestSuiteMainPhase(TestSuiteExecutor.java:116)&#xD;
	at com.kms.katalon.core.main.TestSuiteExecutor.execute(TestSuiteExecutor.java:83)&#xD;
	at com.kms.katalon.core.main.TestCaseMain.startTestSuite(TestCaseMain.java:157)&#xD;
	at com.kms.katalon.core.main.TestCaseMain$startTestSuite$0.call(Unknown Source)&#xD;
	at TempTestSuite1564044807335.run(TempTestSuite1564044807335.groovy:35)&#xD;
Caused by: org.openqa.selenium.ElementClickInterceptedException: Element &lt;button class="site-header__profile btn profile-btn icon-right no-animate"&gt; is not clickable at point (1066,45) because another element &lt;div class="modal-backdrop fade ng-scope"&gt; obscures it
Build info: version: '3.141.59', revision: 'e82be7d358', time: '2018-11-14T08:25:53'
System info: host: 'ANTONIO', ip: '169.254.42.39', os.name: 'Windows 10', os.arch: 'amd64', os.version: '10.0', java.version: '1.8.0_181'
Driver info: com.kms.katalon.core.webui.driver.firefox.CGeckoDriver
Capabilities {acceptInsecureCerts: true, browserName: firefox, browserVersion: 67.0.2, javascriptEnabled: true, moz:accessibilityChecks: false, moz:buildID: 20190607204818, moz:geckodriverVersion: 0.23.0, moz:headless: false, moz:processID: 27792, moz:profile: C:\Users\Antonio\AppData\Lo..., moz:shutdownTimeout: 60000, moz:useNonSpecCompliantPointerOrigin: false, moz:webdriverClick: true, pageLoadStrategy: normal, platform: WINDOWS, platformName: WINDOWS, platformVersion: 10.0, proxy: Proxy(direct), rotatable: false, setWindowRect: true, strictFileInteractability: false, timeouts: {implicit: 0, pageLoad: 300000, script: 30000}, unhandledPromptBehavior: dismiss and notify}
Session ID: 46152ff2-7667-44e5-bec2-10eaca8e81eb&#xD;
	at org.openqa.selenium.remote.http.W3CHttpResponseCodec.createException(W3CHttpResponseCodec.java:187)&#xD;
	at org.openqa.selenium.remote.http.W3CHttpResponseCodec.decode(W3CHttpResponseCodec.java:122)&#xD;
	at org.openqa.selenium.remote.http.W3CHttpResponseCodec.decode(W3CHttpResponseCodec.java:49)&#xD;
	at org.openqa.selenium.remote.HttpCommandExecutor.execute(HttpCommandExecutor.java:158)&#xD;
	at org.openqa.selenium.remote.service.DriverCommandExecutor.execute(DriverCommandExecutor.java:83)&#xD;
	at org.openqa.selenium.remote.RemoteWebDriver.execute(RemoteWebDriver.java:552)&#xD;
	at com.kms.katalon.selenium.driver.CFirefoxDriver.execute(CFirefoxDriver.java:28)&#xD;
	at org.openqa.selenium.remote.RemoteWebElement.execute(RemoteWebElement.java:285)&#xD;
	at org.openqa.selenium.remote.RemoteWebElement.click(RemoteWebElement.java:84)&#xD;
	at com.kms.katalon.core.webui.keyword.builtin.ClickKeyword$_click_closure1.doCall(ClickKeyword.groovy:79)&#xD;
	at com.kms.katalon.core.webui.keyword.builtin.ClickKeyword$_click_closure1.call(ClickKeyword.groovy)&#xD;
	at com.kms.katalon.core.webui.keyword.internal.WebUIKeywordMain.runKeyword(WebUIKeywordMain.groovy:20)&#xD;
	... 19 more</system-err>
        </testcase>
        <testcase name="Test Cases/covestro" classname="Test Cases/covestro" status="PASSED">
            <system-out>2019-07-25 11:03:48 - [TEST_CASE][PASSED] - Test Cases/covestro: Test Cases/covestro&#xD;
&#xD;
2019-07-25 11:03:49 - [TEST_STEP][PASSED] - openBrowser(""): Browser is opened with url: ''&#xD;
&#xD;
2019-07-25 11:03:49 - [MESSAGE][WARNING] - A browser is already opened. Closing browser and opening a new one&#xD;
&#xD;
2019-07-25 11:03:51 - [MESSAGE][INFO] - Starting 'Firefox' driver&#xD;
&#xD;
2019-07-25 11:03:56 - [MESSAGE][PASSED] - Browser is opened with url: ''&#xD;
&#xD;
2019-07-25 11:03:56 - [TEST_STEP][PASSED] - navigateToUrl("https://covestro.acomodeo.com"): Navigate to 'https://covestro.acomodeo.com' successfully&#xD;
&#xD;
2019-07-25 11:04:00 - [MESSAGE][PASSED] - Navigate to 'https://covestro.acomodeo.com' successfully&#xD;
&#xD;
2019-07-25 11:04:00 - [TEST_STEP][PASSED] - delay(11): Delayed 11 second(s)&#xD;
&#xD;
2019-07-25 11:04:11 - [MESSAGE][PASSED] - Delayed 11 second(s)&#xD;
&#xD;
2019-07-25 11:04:11 - [TEST_STEP][PASSED] - setText(findTestObject("Object Repository/Page_Account Login IBE/input_Register_email"), username): Text 'katalon@acomodeo.com' is set on object 'Object Repository/Page_Account Login IBE/input_Register_email'&#xD;
&#xD;
2019-07-25 11:04:11 - [MESSAGE][PASSED] - Text 'katalon@acomodeo.com' is set on object 'Object Repository/Page_Account Login IBE/input_Register_email'&#xD;
&#xD;
2019-07-25 11:04:11 - [TEST_STEP][PASSED] - delay(3): Delayed 3 second(s)&#xD;
&#xD;
2019-07-25 11:04:14 - [MESSAGE][PASSED] - Delayed 3 second(s)&#xD;
&#xD;
2019-07-25 11:04:14 - [TEST_STEP][PASSED] - setEncryptedText(findTestObject("Object Repository/Page_Account Login IBE/input_Register_password"), password): Text ****** has been set on object 'Object Repository/Page_Account Login IBE/input_Register_password'&#xD;
&#xD;
2019-07-25 11:04:14 - [MESSAGE][PASSED] - Text ****** has been set on object 'Object Repository/Page_Account Login IBE/input_Register_password'&#xD;
&#xD;
2019-07-25 11:04:14 - [TEST_STEP][PASSED] - click(findTestObject("Object Repository/Page_Account Login IBE/button_Log in")): Object: 'Object Repository/Page_Account Login IBE/button_Log in' is clicked on&#xD;
&#xD;
2019-07-25 11:04:14 - [MESSAGE][PASSED] - Object: 'Object Repository/Page_Account Login IBE/button_Log in' is clicked on&#xD;
&#xD;
2019-07-25 11:04:14 - [TEST_STEP][PASSED] - delay(6): Delayed 6 second(s)&#xD;
&#xD;
2019-07-25 11:04:20 - [MESSAGE][PASSED] - Delayed 6 second(s)&#xD;
&#xD;
2019-07-25 11:04:20 - [TEST_STEP][PASSED] - click(findTestObject("Object Repository/Page_Booking engine for serviced apartments/button_Profile")): Object: 'Object Repository/Page_Booking engine for serviced apartments/button_Profile' is clicked on&#xD;
&#xD;
2019-07-25 11:04:21 - [MESSAGE][PASSED] - Object: 'Object Repository/Page_Booking engine for serviced apartments/button_Profile' is clicked on&#xD;
&#xD;
2019-07-25 11:04:21 - [TEST_STEP][PASSED] - delay(2): Delayed 2 second(s)&#xD;
&#xD;
2019-07-25 11:04:23 - [MESSAGE][PASSED] - Delayed 2 second(s)&#xD;
&#xD;
2019-07-25 11:04:23 - [TEST_STEP][PASSED] - hello = getText(findTestObject("Object Repository/Page_Booking engine for serviced apartments/h4_Hello Katalon Acomodeo")): Text of object 'Object Repository/Page_Booking engine for serviced apartments/h4_Hello Katalon Acomodeo' is: 'Hello, Katalon Acomodeo'&#xD;
&#xD;
2019-07-25 11:04:23 - [MESSAGE][PASSED] - Text of object 'Object Repository/Page_Booking engine for serviced apartments/h4_Hello Katalon Acomodeo' is: 'Hello, Katalon Acomodeo'&#xD;
&#xD;
2019-07-25 11:04:23 - [TEST_STEP][PASSED] - verifyEqual("Hello, Katalon Acomodeo", hello): Actual object 'Hello, Katalon Acomodeo' and expected object 'Hello, Katalon Acomodeo' are equal&#xD;
&#xD;
2019-07-25 11:04:23 - [MESSAGE][PASSED] - Actual object 'Hello, Katalon Acomodeo' and expected object 'Hello, Katalon Acomodeo' are equal&#xD;
&#xD;
2019-07-25 11:04:23 - [TEST_STEP][PASSED] - closeBrowser(): Browser is closed&#xD;
&#xD;
2019-07-25 11:04:24 - [MESSAGE][PASSED] - Browser is closed</system-out>
            <system-err></system-err>
        </testcase>
        <testcase name="Test Cases/freshfields" classname="Test Cases/freshfields" status="PASSED">
            <system-out>2019-07-25 11:04:24 - [TEST_CASE][PASSED] - Test Cases/freshfields: Test Cases/freshfields&#xD;
&#xD;
2019-07-25 11:04:25 - [TEST_STEP][PASSED] - openBrowser(""): Browser is opened with url: ''&#xD;
&#xD;
2019-07-25 11:04:25 - [MESSAGE][INFO] - Starting 'Firefox' driver&#xD;
&#xD;
2019-07-25 11:04:29 - [MESSAGE][PASSED] - Browser is opened with url: ''&#xD;
&#xD;
2019-07-25 11:04:29 - [TEST_STEP][PASSED] - navigateToUrl("https://freshfields.acomodeo.com"): Navigate to 'https://freshfields.acomodeo.com' successfully&#xD;
&#xD;
2019-07-25 11:04:32 - [MESSAGE][PASSED] - Navigate to 'https://freshfields.acomodeo.com' successfully&#xD;
&#xD;
2019-07-25 11:04:32 - [TEST_STEP][PASSED] - delay(11): Delayed 11 second(s)&#xD;
&#xD;
2019-07-25 11:04:43 - [MESSAGE][PASSED] - Delayed 11 second(s)&#xD;
&#xD;
2019-07-25 11:04:43 - [TEST_STEP][PASSED] - setText(findTestObject("Object Repository/Page_Account Login IBE/input_Register_email"), username): Text 'katalon@acomodeo.com' is set on object 'Object Repository/Page_Account Login IBE/input_Register_email'&#xD;
&#xD;
2019-07-25 11:04:44 - [MESSAGE][PASSED] - Text 'katalon@acomodeo.com' is set on object 'Object Repository/Page_Account Login IBE/input_Register_email'&#xD;
&#xD;
2019-07-25 11:04:44 - [TEST_STEP][PASSED] - delay(3): Delayed 3 second(s)&#xD;
&#xD;
2019-07-25 11:04:47 - [MESSAGE][PASSED] - Delayed 3 second(s)&#xD;
&#xD;
2019-07-25 11:04:47 - [TEST_STEP][PASSED] - setEncryptedText(findTestObject("Object Repository/Page_Account Login IBE/input_Register_password"), password): Text ****** has been set on object 'Object Repository/Page_Account Login IBE/input_Register_password'&#xD;
&#xD;
2019-07-25 11:04:47 - [MESSAGE][PASSED] - Text ****** has been set on object 'Object Repository/Page_Account Login IBE/input_Register_password'&#xD;
&#xD;
2019-07-25 11:04:47 - [TEST_STEP][PASSED] - click(findTestObject("Object Repository/Page_Account Login IBE/button_Log in")): Object: 'Object Repository/Page_Account Login IBE/button_Log in' is clicked on&#xD;
&#xD;
2019-07-25 11:04:47 - [MESSAGE][PASSED] - Object: 'Object Repository/Page_Account Login IBE/button_Log in' is clicked on&#xD;
&#xD;
2019-07-25 11:04:47 - [TEST_STEP][PASSED] - delay(6): Delayed 6 second(s)&#xD;
&#xD;
2019-07-25 11:04:53 - [MESSAGE][PASSED] - Delayed 6 second(s)&#xD;
&#xD;
2019-07-25 11:04:53 - [TEST_STEP][PASSED] - click(findTestObject("Object Repository/Page_Booking engine for serviced apartments/button_Profile")): Object: 'Object Repository/Page_Booking engine for serviced apartments/button_Profile' is clicked on&#xD;
&#xD;
2019-07-25 11:04:53 - [MESSAGE][PASSED] - Object: 'Object Repository/Page_Booking engine for serviced apartments/button_Profile' is clicked on&#xD;
&#xD;
2019-07-25 11:04:53 - [TEST_STEP][PASSED] - delay(2): Delayed 2 second(s)&#xD;
&#xD;
2019-07-25 11:04:55 - [MESSAGE][PASSED] - Delayed 2 second(s)&#xD;
&#xD;
2019-07-25 11:04:55 - [TEST_STEP][PASSED] - hello = getText(findTestObject("Object Repository/Page_Booking engine for serviced apartments/h4_Hello Katalon Acomodeo")): Text of object 'Object Repository/Page_Booking engine for serviced apartments/h4_Hello Katalon Acomodeo' is: 'Hello, Katalon Acomodeo'&#xD;
&#xD;
2019-07-25 11:04:55 - [MESSAGE][PASSED] - Text of object 'Object Repository/Page_Booking engine for serviced apartments/h4_Hello Katalon Acomodeo' is: 'Hello, Katalon Acomodeo'&#xD;
&#xD;
2019-07-25 11:04:55 - [TEST_STEP][PASSED] - verifyEqual("Hello, Katalon Acomodeo", hello): Actual object 'Hello, Katalon Acomodeo' and expected object 'Hello, Katalon Acomodeo' are equal&#xD;
&#xD;
2019-07-25 11:04:55 - [MESSAGE][PASSED] - Actual object 'Hello, Katalon Acomodeo' and expected object 'Hello, Katalon Acomodeo' are equal&#xD;
&#xD;
2019-07-25 11:04:55 - [TEST_STEP][PASSED] - closeBrowser(): Browser is closed&#xD;
&#xD;
2019-07-25 11:04:57 - [MESSAGE][PASSED] - Browser is closed</system-out>
            <system-err></system-err>
        </testcase>
        <testcase name="Test Cases/goomo" classname="Test Cases/goomo" status="PASSED">
            <system-out>2019-07-25 11:04:57 - [TEST_CASE][PASSED] - Test Cases/goomo: Test Cases/goomo&#xD;
&#xD;
2019-07-25 11:04:57 - [TEST_STEP][PASSED] - openBrowser(""): Browser is opened with url: ''&#xD;
&#xD;
2019-07-25 11:04:57 - [MESSAGE][INFO] - Starting 'Firefox' driver&#xD;
&#xD;
2019-07-25 11:05:02 - [MESSAGE][PASSED] - Browser is opened with url: ''&#xD;
&#xD;
2019-07-25 11:05:02 - [TEST_STEP][PASSED] - navigateToUrl("https://goomo.acomodeo.com"): Navigate to 'https://goomo.acomodeo.com' successfully&#xD;
&#xD;
2019-07-25 11:05:05 - [MESSAGE][PASSED] - Navigate to 'https://goomo.acomodeo.com' successfully&#xD;
&#xD;
2019-07-25 11:05:05 - [TEST_STEP][PASSED] - delay(11): Delayed 11 second(s)&#xD;
&#xD;
2019-07-25 11:05:16 - [MESSAGE][PASSED] - Delayed 11 second(s)&#xD;
&#xD;
2019-07-25 11:05:16 - [TEST_STEP][PASSED] - setText(findTestObject("Object Repository/Page_Account Login IBE/input_Register_email"), username): Text 'katalon@acomodeo.com' is set on object 'Object Repository/Page_Account Login IBE/input_Register_email'&#xD;
&#xD;
2019-07-25 11:05:16 - [MESSAGE][PASSED] - Text 'katalon@acomodeo.com' is set on object 'Object Repository/Page_Account Login IBE/input_Register_email'&#xD;
&#xD;
2019-07-25 11:05:16 - [TEST_STEP][PASSED] - delay(3): Delayed 3 second(s)&#xD;
&#xD;
2019-07-25 11:05:19 - [MESSAGE][PASSED] - Delayed 3 second(s)&#xD;
&#xD;
2019-07-25 11:05:19 - [TEST_STEP][PASSED] - setEncryptedText(findTestObject("Object Repository/Page_Account Login IBE/input_Register_password"), password): Text ****** has been set on object 'Object Repository/Page_Account Login IBE/input_Register_password'&#xD;
&#xD;
2019-07-25 11:05:20 - [MESSAGE][PASSED] - Text ****** has been set on object 'Object Repository/Page_Account Login IBE/input_Register_password'&#xD;
&#xD;
2019-07-25 11:05:20 - [TEST_STEP][PASSED] - click(findTestObject("Object Repository/Page_Account Login IBE/button_Log in")): Object: 'Object Repository/Page_Account Login IBE/button_Log in' is clicked on&#xD;
&#xD;
2019-07-25 11:05:20 - [MESSAGE][PASSED] - Object: 'Object Repository/Page_Account Login IBE/button_Log in' is clicked on&#xD;
&#xD;
2019-07-25 11:05:20 - [TEST_STEP][PASSED] - delay(6): Delayed 6 second(s)&#xD;
&#xD;
2019-07-25 11:05:26 - [MESSAGE][PASSED] - Delayed 6 second(s)&#xD;
&#xD;
2019-07-25 11:05:26 - [TEST_STEP][PASSED] - click(findTestObject("Object Repository/Page_Booking engine for serviced apartments/button_Profile")): Object: 'Object Repository/Page_Booking engine for serviced apartments/button_Profile' is clicked on&#xD;
&#xD;
2019-07-25 11:05:26 - [MESSAGE][PASSED] - Object: 'Object Repository/Page_Booking engine for serviced apartments/button_Profile' is clicked on&#xD;
&#xD;
2019-07-25 11:05:26 - [TEST_STEP][PASSED] - delay(2): Delayed 2 second(s)&#xD;
&#xD;
2019-07-25 11:05:28 - [MESSAGE][PASSED] - Delayed 2 second(s)&#xD;
&#xD;
2019-07-25 11:05:28 - [TEST_STEP][PASSED] - hello = getText(findTestObject("Object Repository/Page_Booking engine for serviced apartments/h4_Hello Katalon Acomodeo")): Text of object 'Object Repository/Page_Booking engine for serviced apartments/h4_Hello Katalon Acomodeo' is: 'Hello, Katalon Acomodeo'&#xD;
&#xD;
2019-07-25 11:05:28 - [MESSAGE][PASSED] - Text of object 'Object Repository/Page_Booking engine for serviced apartments/h4_Hello Katalon Acomodeo' is: 'Hello, Katalon Acomodeo'&#xD;
&#xD;
2019-07-25 11:05:28 - [TEST_STEP][PASSED] - verifyEqual("Hello, Katalon Acomodeo", hello): Actual object 'Hello, Katalon Acomodeo' and expected object 'Hello, Katalon Acomodeo' are equal&#xD;
&#xD;
2019-07-25 11:05:28 - [MESSAGE][PASSED] - Actual object 'Hello, Katalon Acomodeo' and expected object 'Hello, Katalon Acomodeo' are equal&#xD;
&#xD;
2019-07-25 11:05:28 - [TEST_STEP][PASSED] - closeBrowser(): Browser is closed&#xD;
&#xD;
2019-07-25 11:05:30 - [MESSAGE][PASSED] - Browser is closed</system-out>
            <system-err></system-err>
        </testcase>
        <testcase name="Test Cases/ibe" classname="Test Cases/ibe" status="PASSED">
            <system-out>2019-07-25 11:05:30 - [TEST_CASE][PASSED] - Test Cases/ibe: Test Cases/ibe&#xD;
&#xD;
2019-07-25 11:05:30 - [TEST_STEP][PASSED] - openBrowser(""): Browser is opened with url: ''&#xD;
&#xD;
2019-07-25 11:05:30 - [MESSAGE][INFO] - Starting 'Firefox' driver&#xD;
&#xD;
2019-07-25 11:05:35 - [MESSAGE][PASSED] - Browser is opened with url: ''&#xD;
&#xD;
2019-07-25 11:05:35 - [TEST_STEP][PASSED] - navigateToUrl("https://ibe.acomodeo.com"): Navigate to 'https://ibe.acomodeo.com' successfully&#xD;
&#xD;
2019-07-25 11:05:38 - [MESSAGE][PASSED] - Navigate to 'https://ibe.acomodeo.com' successfully&#xD;
&#xD;
2019-07-25 11:05:38 - [TEST_STEP][PASSED] - delay(11): Delayed 11 second(s)&#xD;
&#xD;
2019-07-25 11:05:49 - [MESSAGE][PASSED] - Delayed 11 second(s)&#xD;
&#xD;
2019-07-25 11:05:49 - [TEST_STEP][PASSED] - setText(findTestObject("Object Repository/Page_Account Login IBE/input_Register_email"), username): Text 'katalon@acomodeo.com' is set on object 'Object Repository/Page_Account Login IBE/input_Register_email'&#xD;
&#xD;
2019-07-25 11:05:49 - [MESSAGE][PASSED] - Text 'katalon@acomodeo.com' is set on object 'Object Repository/Page_Account Login IBE/input_Register_email'&#xD;
&#xD;
2019-07-25 11:05:49 - [TEST_STEP][PASSED] - delay(3): Delayed 3 second(s)&#xD;
&#xD;
2019-07-25 11:05:52 - [MESSAGE][PASSED] - Delayed 3 second(s)&#xD;
&#xD;
2019-07-25 11:05:52 - [TEST_STEP][PASSED] - setEncryptedText(findTestObject("Object Repository/Page_Account Login IBE/input_Register_password"), password): Text ****** has been set on object 'Object Repository/Page_Account Login IBE/input_Register_password'&#xD;
&#xD;
2019-07-25 11:05:52 - [MESSAGE][PASSED] - Text ****** has been set on object 'Object Repository/Page_Account Login IBE/input_Register_password'&#xD;
&#xD;
2019-07-25 11:05:52 - [TEST_STEP][PASSED] - click(findTestObject("Object Repository/Page_Account Login IBE/button_Log in")): Object: 'Object Repository/Page_Account Login IBE/button_Log in' is clicked on&#xD;
&#xD;
2019-07-25 11:05:52 - [MESSAGE][PASSED] - Object: 'Object Repository/Page_Account Login IBE/button_Log in' is clicked on&#xD;
&#xD;
2019-07-25 11:05:52 - [TEST_STEP][PASSED] - delay(6): Delayed 6 second(s)&#xD;
&#xD;
2019-07-25 11:05:58 - [MESSAGE][PASSED] - Delayed 6 second(s)&#xD;
&#xD;
2019-07-25 11:05:58 - [TEST_STEP][PASSED] - click(findTestObject("Object Repository/Page_Booking engine for serviced apartments/button_Profile")): Object: 'Object Repository/Page_Booking engine for serviced apartments/button_Profile' is clicked on&#xD;
&#xD;
2019-07-25 11:05:59 - [MESSAGE][PASSED] - Object: 'Object Repository/Page_Booking engine for serviced apartments/button_Profile' is clicked on&#xD;
&#xD;
2019-07-25 11:05:59 - [TEST_STEP][PASSED] - delay(2): Delayed 2 second(s)&#xD;
&#xD;
2019-07-25 11:06:01 - [MESSAGE][PASSED] - Delayed 2 second(s)&#xD;
&#xD;
2019-07-25 11:06:01 - [TEST_STEP][PASSED] - hello = getText(findTestObject("Object Repository/Page_Booking engine for serviced apartments/h4_Hello Katalon Acomodeo")): Text of object 'Object Repository/Page_Booking engine for serviced apartments/h4_Hello Katalon Acomodeo' is: 'Hello, Katalon Acomodeo'&#xD;
&#xD;
2019-07-25 11:06:01 - [MESSAGE][PASSED] - Text of object 'Object Repository/Page_Booking engine for serviced apartments/h4_Hello Katalon Acomodeo' is: 'Hello, Katalon Acomodeo'&#xD;
&#xD;
2019-07-25 11:06:01 - [TEST_STEP][PASSED] - verifyEqual("Hello, Katalon Acomodeo", hello): Actual object 'Hello, Katalon Acomodeo' and expected object 'Hello, Katalon Acomodeo' are equal&#xD;
&#xD;
2019-07-25 11:06:01 - [MESSAGE][PASSED] - Actual object 'Hello, Katalon Acomodeo' and expected object 'Hello, Katalon Acomodeo' are equal&#xD;
&#xD;
2019-07-25 11:06:01 - [TEST_STEP][PASSED] - closeBrowser(): Browser is closed&#xD;
&#xD;
2019-07-25 11:06:03 - [MESSAGE][PASSED] - Browser is closed</system-out>
            <system-err></system-err>
        </testcase>
        <testcase name="Test Cases/microfuzzy" classname="Test Cases/microfuzzy" status="PASSED">
            <system-out>2019-07-25 11:06:03 - [TEST_CASE][PASSED] - Test Cases/microfuzzy: Test Cases/microfuzzy&#xD;
&#xD;
2019-07-25 11:06:03 - [TEST_STEP][PASSED] - openBrowser(""): Browser is opened with url: ''&#xD;
&#xD;
2019-07-25 11:06:03 - [MESSAGE][INFO] - Starting 'Firefox' driver&#xD;
&#xD;
2019-07-25 11:06:08 - [MESSAGE][PASSED] - Browser is opened with url: ''&#xD;
&#xD;
2019-07-25 11:06:08 - [TEST_STEP][PASSED] - navigateToUrl("https://microfuzzy.acomodeo.com"): Navigate to 'https://microfuzzy.acomodeo.com' successfully&#xD;
&#xD;
2019-07-25 11:06:10 - [MESSAGE][PASSED] - Navigate to 'https://microfuzzy.acomodeo.com' successfully&#xD;
&#xD;
2019-07-25 11:06:10 - [TEST_STEP][PASSED] - delay(11): Delayed 11 second(s)&#xD;
&#xD;
2019-07-25 11:06:21 - [MESSAGE][PASSED] - Delayed 11 second(s)&#xD;
&#xD;
2019-07-25 11:06:21 - [TEST_STEP][PASSED] - setText(findTestObject("Object Repository/Page_Account Login IBE/input_Register_email"), username): Text 'katalon@acomodeo.com' is set on object 'Object Repository/Page_Account Login IBE/input_Register_email'&#xD;
&#xD;
2019-07-25 11:06:22 - [MESSAGE][PASSED] - Text 'katalon@acomodeo.com' is set on object 'Object Repository/Page_Account Login IBE/input_Register_email'&#xD;
&#xD;
2019-07-25 11:06:22 - [TEST_STEP][PASSED] - delay(3): Delayed 3 second(s)&#xD;
&#xD;
2019-07-25 11:06:25 - [MESSAGE][PASSED] - Delayed 3 second(s)&#xD;
&#xD;
2019-07-25 11:06:25 - [TEST_STEP][PASSED] - setEncryptedText(findTestObject("Object Repository/Page_Account Login IBE/input_Register_password"), password): Text ****** has been set on object 'Object Repository/Page_Account Login IBE/input_Register_password'&#xD;
&#xD;
2019-07-25 11:06:25 - [MESSAGE][PASSED] - Text ****** has been set on object 'Object Repository/Page_Account Login IBE/input_Register_password'&#xD;
&#xD;
2019-07-25 11:06:25 - [TEST_STEP][PASSED] - click(findTestObject("Object Repository/Page_Account Login IBE/button_Log in")): Object: 'Object Repository/Page_Account Login IBE/button_Log in' is clicked on&#xD;
&#xD;
2019-07-25 11:06:25 - [MESSAGE][PASSED] - Object: 'Object Repository/Page_Account Login IBE/button_Log in' is clicked on&#xD;
&#xD;
2019-07-25 11:06:25 - [TEST_STEP][PASSED] - delay(6): Delayed 6 second(s)&#xD;
&#xD;
2019-07-25 11:06:31 - [MESSAGE][PASSED] - Delayed 6 second(s)&#xD;
&#xD;
2019-07-25 11:06:31 - [TEST_STEP][PASSED] - click(findTestObject("Object Repository/Page_Booking engine for serviced apartments/button_Profile")): Object: 'Object Repository/Page_Booking engine for serviced apartments/button_Profile' is clicked on&#xD;
&#xD;
2019-07-25 11:06:31 - [MESSAGE][PASSED] - Object: 'Object Repository/Page_Booking engine for serviced apartments/button_Profile' is clicked on&#xD;
&#xD;
2019-07-25 11:06:31 - [TEST_STEP][PASSED] - delay(2): Delayed 2 second(s)&#xD;
&#xD;
2019-07-25 11:06:33 - [MESSAGE][PASSED] - Delayed 2 second(s)&#xD;
&#xD;
2019-07-25 11:06:33 - [TEST_STEP][PASSED] - hello = getText(findTestObject("Object Repository/Page_Booking engine for serviced apartments/h4_Hello Katalon Acomodeo")): Text of object 'Object Repository/Page_Booking engine for serviced apartments/h4_Hello Katalon Acomodeo' is: 'Hello, Katalon Acomodeo'&#xD;
&#xD;
2019-07-25 11:06:33 - [MESSAGE][PASSED] - Text of object 'Object Repository/Page_Booking engine for serviced apartments/h4_Hello Katalon Acomodeo' is: 'Hello, Katalon Acomodeo'&#xD;
&#xD;
2019-07-25 11:06:33 - [TEST_STEP][PASSED] - verifyEqual("Hello, Katalon Acomodeo", hello): Actual object 'Hello, Katalon Acomodeo' and expected object 'Hello, Katalon Acomodeo' are equal&#xD;
&#xD;
2019-07-25 11:06:33 - [MESSAGE][PASSED] - Actual object 'Hello, Katalon Acomodeo' and expected object 'Hello, Katalon Acomodeo' are equal&#xD;
&#xD;
2019-07-25 11:06:34 - [TEST_STEP][PASSED] - closeBrowser(): Browser is closed&#xD;
&#xD;
2019-07-25 11:06:35 - [MESSAGE][PASSED] - Browser is closed</system-out>
            <system-err></system-err>
        </testcase>
        <testcase name="Test Cases/roche" classname="Test Cases/roche" status="PASSED">
            <system-out>2019-07-25 11:06:35 - [TEST_CASE][PASSED] - Test Cases/roche: Test Cases/roche&#xD;
&#xD;
2019-07-25 11:06:36 - [TEST_STEP][PASSED] - openBrowser(""): Browser is opened with url: ''&#xD;
&#xD;
2019-07-25 11:06:36 - [MESSAGE][INFO] - Starting 'Firefox' driver&#xD;
&#xD;
2019-07-25 11:06:40 - [MESSAGE][PASSED] - Browser is opened with url: ''&#xD;
&#xD;
2019-07-25 11:06:40 - [TEST_STEP][PASSED] - navigateToUrl("https://roche.acomodeo.com"): Navigate to 'https://roche.acomodeo.com' successfully&#xD;
&#xD;
2019-07-25 11:06:43 - [MESSAGE][PASSED] - Navigate to 'https://roche.acomodeo.com' successfully&#xD;
&#xD;
2019-07-25 11:06:43 - [TEST_STEP][PASSED] - delay(11): Delayed 11 second(s)&#xD;
&#xD;
2019-07-25 11:06:54 - [MESSAGE][PASSED] - Delayed 11 second(s)&#xD;
&#xD;
2019-07-25 11:06:54 - [TEST_STEP][PASSED] - setText(findTestObject("Object Repository/Page_Account Login IBE/input_Register_email"), username): Text 'katalon@acomodeo.com' is set on object 'Object Repository/Page_Account Login IBE/input_Register_email'&#xD;
&#xD;
2019-07-25 11:06:55 - [MESSAGE][PASSED] - Text 'katalon@acomodeo.com' is set on object 'Object Repository/Page_Account Login IBE/input_Register_email'&#xD;
&#xD;
2019-07-25 11:06:55 - [TEST_STEP][PASSED] - delay(3): Delayed 3 second(s)&#xD;
&#xD;
2019-07-25 11:06:58 - [MESSAGE][PASSED] - Delayed 3 second(s)&#xD;
&#xD;
2019-07-25 11:06:58 - [TEST_STEP][PASSED] - setEncryptedText(findTestObject("Object Repository/Page_Account Login IBE/input_Register_password"), password): Text ****** has been set on object 'Object Repository/Page_Account Login IBE/input_Register_password'&#xD;
&#xD;
2019-07-25 11:06:58 - [MESSAGE][PASSED] - Text ****** has been set on object 'Object Repository/Page_Account Login IBE/input_Register_password'&#xD;
&#xD;
2019-07-25 11:06:58 - [TEST_STEP][PASSED] - click(findTestObject("Object Repository/Page_Account Login IBE/button_Log in")): Object: 'Object Repository/Page_Account Login IBE/button_Log in' is clicked on&#xD;
&#xD;
2019-07-25 11:06:58 - [MESSAGE][PASSED] - Object: 'Object Repository/Page_Account Login IBE/button_Log in' is clicked on&#xD;
&#xD;
2019-07-25 11:06:58 - [TEST_STEP][PASSED] - delay(6): Delayed 6 second(s)&#xD;
&#xD;
2019-07-25 11:07:04 - [MESSAGE][PASSED] - Delayed 6 second(s)&#xD;
&#xD;
2019-07-25 11:07:04 - [TEST_STEP][PASSED] - click(findTestObject("Object Repository/Page_Booking engine for serviced apartments/button_Profile")): Object: 'Object Repository/Page_Booking engine for serviced apartments/button_Profile' is clicked on&#xD;
&#xD;
2019-07-25 11:07:04 - [MESSAGE][PASSED] - Object: 'Object Repository/Page_Booking engine for serviced apartments/button_Profile' is clicked on&#xD;
&#xD;
2019-07-25 11:07:04 - [TEST_STEP][PASSED] - delay(2): Delayed 2 second(s)&#xD;
&#xD;
2019-07-25 11:07:06 - [MESSAGE][PASSED] - Delayed 2 second(s)&#xD;
&#xD;
2019-07-25 11:07:06 - [TEST_STEP][PASSED] - hello = getText(findTestObject("Object Repository/Page_Booking engine for serviced apartments/h4_Hello Katalon Acomodeo")): Text of object 'Object Repository/Page_Booking engine for serviced apartments/h4_Hello Katalon Acomodeo' is: 'Hello, Katalon Acomodeo'&#xD;
&#xD;
2019-07-25 11:07:06 - [MESSAGE][PASSED] - Text of object 'Object Repository/Page_Booking engine for serviced apartments/h4_Hello Katalon Acomodeo' is: 'Hello, Katalon Acomodeo'&#xD;
&#xD;
2019-07-25 11:07:06 - [TEST_STEP][PASSED] - verifyEqual("Hello, Katalon Acomodeo", hello): Actual object 'Hello, Katalon Acomodeo' and expected object 'Hello, Katalon Acomodeo' are equal&#xD;
&#xD;
2019-07-25 11:07:06 - [MESSAGE][PASSED] - Actual object 'Hello, Katalon Acomodeo' and expected object 'Hello, Katalon Acomodeo' are equal&#xD;
&#xD;
2019-07-25 11:07:06 - [TEST_STEP][PASSED] - closeBrowser(): Browser is closed&#xD;
&#xD;
2019-07-25 11:07:08 - [MESSAGE][PASSED] - Browser is closed</system-out>
            <system-err></system-err>
        </testcase>
        <testcase name="Test Cases/roomit" classname="Test Cases/roomit" status="PASSED">
            <system-out>2019-07-25 11:07:08 - [TEST_CASE][PASSED] - Test Cases/roomit: Test Cases/roomit&#xD;
&#xD;
2019-07-25 11:07:08 - [TEST_STEP][PASSED] - openBrowser(""): Browser is opened with url: ''&#xD;
&#xD;
2019-07-25 11:07:08 - [MESSAGE][INFO] - Starting 'Firefox' driver&#xD;
&#xD;
2019-07-25 11:07:13 - [MESSAGE][PASSED] - Browser is opened with url: ''&#xD;
&#xD;
2019-07-25 11:07:13 - [TEST_STEP][PASSED] - navigateToUrl("https://roomit.acomodeo.com"): Navigate to 'https://roomit.acomodeo.com' successfully&#xD;
&#xD;
2019-07-25 11:07:16 - [MESSAGE][PASSED] - Navigate to 'https://roomit.acomodeo.com' successfully&#xD;
&#xD;
2019-07-25 11:07:16 - [TEST_STEP][PASSED] - delay(11): Delayed 11 second(s)&#xD;
&#xD;
2019-07-25 11:07:27 - [MESSAGE][PASSED] - Delayed 11 second(s)&#xD;
&#xD;
2019-07-25 11:07:27 - [TEST_STEP][PASSED] - setText(findTestObject("Object Repository/Page_Account Login IBE/input_Register_email"), username): Text 'katalon@acomodeo.com' is set on object 'Object Repository/Page_Account Login IBE/input_Register_email'&#xD;
&#xD;
2019-07-25 11:07:27 - [MESSAGE][PASSED] - Text 'katalon@acomodeo.com' is set on object 'Object Repository/Page_Account Login IBE/input_Register_email'&#xD;
&#xD;
2019-07-25 11:07:27 - [TEST_STEP][PASSED] - delay(3): Delayed 3 second(s)&#xD;
&#xD;
2019-07-25 11:07:30 - [MESSAGE][PASSED] - Delayed 3 second(s)&#xD;
&#xD;
2019-07-25 11:07:30 - [TEST_STEP][PASSED] - setEncryptedText(findTestObject("Object Repository/Page_Account Login IBE/input_Register_password"), password): Text ****** has been set on object 'Object Repository/Page_Account Login IBE/input_Register_password'&#xD;
&#xD;
2019-07-25 11:07:30 - [MESSAGE][PASSED] - Text ****** has been set on object 'Object Repository/Page_Account Login IBE/input_Register_password'&#xD;
&#xD;
2019-07-25 11:07:30 - [TEST_STEP][PASSED] - click(findTestObject("Object Repository/Page_Account Login IBE/button_Log in")): Object: 'Object Repository/Page_Account Login IBE/button_Log in' is clicked on&#xD;
&#xD;
2019-07-25 11:07:30 - [MESSAGE][PASSED] - Object: 'Object Repository/Page_Account Login IBE/button_Log in' is clicked on&#xD;
&#xD;
2019-07-25 11:07:30 - [TEST_STEP][PASSED] - delay(6): Delayed 6 second(s)&#xD;
&#xD;
2019-07-25 11:07:36 - [MESSAGE][PASSED] - Delayed 6 second(s)&#xD;
&#xD;
2019-07-25 11:07:36 - [TEST_STEP][PASSED] - click(findTestObject("Object Repository/Page_Booking engine for serviced apartments/button_Profile")): Object: 'Object Repository/Page_Booking engine for serviced apartments/button_Profile' is clicked on&#xD;
&#xD;
2019-07-25 11:07:37 - [MESSAGE][PASSED] - Object: 'Object Repository/Page_Booking engine for serviced apartments/button_Profile' is clicked on&#xD;
&#xD;
2019-07-25 11:07:37 - [TEST_STEP][PASSED] - delay(2): Delayed 2 second(s)&#xD;
&#xD;
2019-07-25 11:07:39 - [MESSAGE][PASSED] - Delayed 2 second(s)&#xD;
&#xD;
2019-07-25 11:07:39 - [TEST_STEP][PASSED] - hello = getText(findTestObject("Object Repository/Page_Booking engine for serviced apartments/h4_Hello Katalon Acomodeo")): Text of object 'Object Repository/Page_Booking engine for serviced apartments/h4_Hello Katalon Acomodeo' is: 'Hello, Katalon Acomodeo'&#xD;
&#xD;
2019-07-25 11:07:39 - [MESSAGE][PASSED] - Text of object 'Object Repository/Page_Booking engine for serviced apartments/h4_Hello Katalon Acomodeo' is: 'Hello, Katalon Acomodeo'&#xD;
&#xD;
2019-07-25 11:07:39 - [TEST_STEP][PASSED] - verifyEqual("Hello, Katalon Acomodeo", hello): Actual object 'Hello, Katalon Acomodeo' and expected object 'Hello, Katalon Acomodeo' are equal&#xD;
&#xD;
2019-07-25 11:07:39 - [MESSAGE][PASSED] - Actual object 'Hello, Katalon Acomodeo' and expected object 'Hello, Katalon Acomodeo' are equal&#xD;
&#xD;
2019-07-25 11:07:39 - [TEST_STEP][PASSED] - closeBrowser(): Browser is closed&#xD;
&#xD;
2019-07-25 11:07:41 - [MESSAGE][PASSED] - Browser is closed</system-out>
            <system-err></system-err>
        </testcase>
        <testcase name="Test Cases/tmdfirction" classname="Test Cases/tmdfirction" status="PASSED">
            <system-out>2019-07-25 11:07:41 - [TEST_CASE][PASSED] - Test Cases/tmdfirction: Test Cases/tmdfirction&#xD;
&#xD;
2019-07-25 11:07:41 - [TEST_STEP][PASSED] - openBrowser(""): Browser is opened with url: ''&#xD;
&#xD;
2019-07-25 11:07:41 - [MESSAGE][INFO] - Starting 'Firefox' driver&#xD;
&#xD;
2019-07-25 11:07:46 - [MESSAGE][PASSED] - Browser is opened with url: ''&#xD;
&#xD;
2019-07-25 11:07:46 - [TEST_STEP][PASSED] - navigateToUrl("https://tmdfriction.acomodeo.com"): Navigate to 'https://tmdfriction.acomodeo.com' successfully&#xD;
&#xD;
2019-07-25 11:07:48 - [MESSAGE][PASSED] - Navigate to 'https://tmdfriction.acomodeo.com' successfully&#xD;
&#xD;
2019-07-25 11:07:48 - [TEST_STEP][PASSED] - delay(11): Delayed 11 second(s)&#xD;
&#xD;
2019-07-25 11:07:59 - [MESSAGE][PASSED] - Delayed 11 second(s)&#xD;
&#xD;
2019-07-25 11:07:59 - [TEST_STEP][PASSED] - setText(findTestObject("Object Repository/Page_Account Login IBE/input_Register_email"), username): Text 'katalon@acomodeo.com' is set on object 'Object Repository/Page_Account Login IBE/input_Register_email'&#xD;
&#xD;
2019-07-25 11:08:00 - [MESSAGE][PASSED] - Text 'katalon@acomodeo.com' is set on object 'Object Repository/Page_Account Login IBE/input_Register_email'&#xD;
&#xD;
2019-07-25 11:08:00 - [TEST_STEP][PASSED] - delay(3): Delayed 3 second(s)&#xD;
&#xD;
2019-07-25 11:08:03 - [MESSAGE][PASSED] - Delayed 3 second(s)&#xD;
&#xD;
2019-07-25 11:08:03 - [TEST_STEP][PASSED] - setEncryptedText(findTestObject("Object Repository/Page_Account Login IBE/input_Register_password"), password): Text ****** has been set on object 'Object Repository/Page_Account Login IBE/input_Register_password'&#xD;
&#xD;
2019-07-25 11:08:03 - [MESSAGE][PASSED] - Text ****** has been set on object 'Object Repository/Page_Account Login IBE/input_Register_password'&#xD;
&#xD;
2019-07-25 11:08:03 - [TEST_STEP][PASSED] - click(findTestObject("Object Repository/Page_Account Login IBE/button_Log in")): Object: 'Object Repository/Page_Account Login IBE/button_Log in' is clicked on&#xD;
&#xD;
2019-07-25 11:08:03 - [MESSAGE][PASSED] - Object: 'Object Repository/Page_Account Login IBE/button_Log in' is clicked on&#xD;
&#xD;
2019-07-25 11:08:03 - [TEST_STEP][PASSED] - delay(6): Delayed 6 second(s)&#xD;
&#xD;
2019-07-25 11:08:09 - [MESSAGE][PASSED] - Delayed 6 second(s)&#xD;
&#xD;
2019-07-25 11:08:09 - [TEST_STEP][PASSED] - click(findTestObject("Object Repository/Page_Booking engine for serviced apartments/button_Profile")): Object: 'Object Repository/Page_Booking engine for serviced apartments/button_Profile' is clicked on&#xD;
&#xD;
2019-07-25 11:08:09 - [MESSAGE][PASSED] - Object: 'Object Repository/Page_Booking engine for serviced apartments/button_Profile' is clicked on&#xD;
&#xD;
2019-07-25 11:08:09 - [TEST_STEP][PASSED] - delay(2): Delayed 2 second(s)&#xD;
&#xD;
2019-07-25 11:08:11 - [MESSAGE][PASSED] - Delayed 2 second(s)&#xD;
&#xD;
2019-07-25 11:08:11 - [TEST_STEP][PASSED] - hello = getText(findTestObject("Object Repository/Page_Booking engine for serviced apartments/h4_Hello Katalon Acomodeo")): Text of object 'Object Repository/Page_Booking engine for serviced apartments/h4_Hello Katalon Acomodeo' is: 'Hello, Katalon Acomodeo'&#xD;
&#xD;
2019-07-25 11:08:11 - [MESSAGE][PASSED] - Text of object 'Object Repository/Page_Booking engine for serviced apartments/h4_Hello Katalon Acomodeo' is: 'Hello, Katalon Acomodeo'&#xD;
&#xD;
2019-07-25 11:08:11 - [TEST_STEP][PASSED] - verifyEqual("Hello, Katalon Acomodeo", hello): Actual object 'Hello, Katalon Acomodeo' and expected object 'Hello, Katalon Acomodeo' are equal&#xD;
&#xD;
2019-07-25 11:08:11 - [MESSAGE][PASSED] - Actual object 'Hello, Katalon Acomodeo' and expected object 'Hello, Katalon Acomodeo' are equal&#xD;
&#xD;
2019-07-25 11:08:11 - [TEST_STEP][PASSED] - closeBrowser(): Browser is closed&#xD;
&#xD;
2019-07-25 11:08:13 - [MESSAGE][PASSED] - Browser is closed</system-out>
            <system-err></system-err>
        </testcase>
        <testcase name="Test Cases/zeb" classname="Test Cases/zeb" status="PASSED">
            <system-out>2019-07-25 11:08:13 - [TEST_CASE][PASSED] - Test Cases/zeb: Test Cases/zeb&#xD;
&#xD;
2019-07-25 11:08:13 - [TEST_STEP][PASSED] - openBrowser(""): Browser is opened with url: ''&#xD;
&#xD;
2019-07-25 11:08:13 - [MESSAGE][INFO] - Starting 'Firefox' driver&#xD;
&#xD;
2019-07-25 11:08:18 - [MESSAGE][PASSED] - Browser is opened with url: ''&#xD;
&#xD;
2019-07-25 11:08:18 - [TEST_STEP][PASSED] - navigateToUrl("https://zeb.acomodeo.com"): Navigate to 'https://zeb.acomodeo.com' successfully&#xD;
&#xD;
2019-07-25 11:08:22 - [MESSAGE][PASSED] - Navigate to 'https://zeb.acomodeo.com' successfully&#xD;
&#xD;
2019-07-25 11:08:22 - [TEST_STEP][PASSED] - delay(11): Delayed 11 second(s)&#xD;
&#xD;
2019-07-25 11:08:33 - [MESSAGE][PASSED] - Delayed 11 second(s)&#xD;
&#xD;
2019-07-25 11:08:33 - [TEST_STEP][PASSED] - setText(findTestObject("Object Repository/Page_Account Login IBE/input_Register_email"), username): Text 'katalon@acomodeo.com' is set on object 'Object Repository/Page_Account Login IBE/input_Register_email'&#xD;
&#xD;
2019-07-25 11:08:33 - [MESSAGE][PASSED] - Text 'katalon@acomodeo.com' is set on object 'Object Repository/Page_Account Login IBE/input_Register_email'&#xD;
&#xD;
2019-07-25 11:08:33 - [TEST_STEP][PASSED] - delay(3): Delayed 3 second(s)&#xD;
&#xD;
2019-07-25 11:08:36 - [MESSAGE][PASSED] - Delayed 3 second(s)&#xD;
&#xD;
2019-07-25 11:08:36 - [TEST_STEP][PASSED] - setEncryptedText(findTestObject("Object Repository/Page_Account Login IBE/input_Register_password"), password): Text ****** has been set on object 'Object Repository/Page_Account Login IBE/input_Register_password'&#xD;
&#xD;
2019-07-25 11:08:36 - [MESSAGE][PASSED] - Text ****** has been set on object 'Object Repository/Page_Account Login IBE/input_Register_password'&#xD;
&#xD;
2019-07-25 11:08:36 - [TEST_STEP][PASSED] - click(findTestObject("Object Repository/Page_Account Login IBE/button_Log in")): Object: 'Object Repository/Page_Account Login IBE/button_Log in' is clicked on&#xD;
&#xD;
2019-07-25 11:08:38 - [MESSAGE][PASSED] - Object: 'Object Repository/Page_Account Login IBE/button_Log in' is clicked on&#xD;
&#xD;
2019-07-25 11:08:38 - [TEST_STEP][PASSED] - delay(6): Delayed 6 second(s)&#xD;
&#xD;
2019-07-25 11:08:44 - [MESSAGE][PASSED] - Delayed 6 second(s)&#xD;
&#xD;
2019-07-25 11:08:44 - [TEST_STEP][PASSED] - click(findTestObject("Object Repository/Page_Booking engine for serviced apartments/button_Profile")): Object: 'Object Repository/Page_Booking engine for serviced apartments/button_Profile' is clicked on&#xD;
&#xD;
2019-07-25 11:08:44 - [MESSAGE][PASSED] - Object: 'Object Repository/Page_Booking engine for serviced apartments/button_Profile' is clicked on&#xD;
&#xD;
2019-07-25 11:08:44 - [TEST_STEP][PASSED] - delay(2): Delayed 2 second(s)&#xD;
&#xD;
2019-07-25 11:08:46 - [MESSAGE][PASSED] - Delayed 2 second(s)&#xD;
&#xD;
2019-07-25 11:08:46 - [TEST_STEP][PASSED] - hello = getText(findTestObject("Object Repository/Page_Booking engine for serviced apartments/h4_Hello Katalon Acomodeo")): Text of object 'Object Repository/Page_Booking engine for serviced apartments/h4_Hello Katalon Acomodeo' is: 'Hello, Katalon Acomodeo'&#xD;
&#xD;
2019-07-25 11:08:46 - [MESSAGE][PASSED] - Text of object 'Object Repository/Page_Booking engine for serviced apartments/h4_Hello Katalon Acomodeo' is: 'Hello, Katalon Acomodeo'&#xD;
&#xD;
2019-07-25 11:08:46 - [TEST_STEP][PASSED] - verifyEqual("Hello, Katalon Acomodeo", hello): Actual object 'Hello, Katalon Acomodeo' and expected object 'Hello, Katalon Acomodeo' are equal&#xD;
&#xD;
2019-07-25 11:08:46 - [MESSAGE][PASSED] - Actual object 'Hello, Katalon Acomodeo' and expected object 'Hello, Katalon Acomodeo' are equal&#xD;
&#xD;
2019-07-25 11:08:46 - [TEST_STEP][PASSED] - closeBrowser(): Browser is closed&#xD;
&#xD;
2019-07-25 11:08:48 - [MESSAGE][PASSED] - Browser is closed</system-out>
            <system-err></system-err>
        </testcase>
        <system-out>2019-07-25 11:00:45 - [TEST_SUITE][INCOMPLETE] - TestEveryIBE: null</system-out>
        <system-err>2019-07-25 11:00:45 - [TEST_SUITE][INCOMPLETE] - TestEveryIBE: null</system-err>
    </testsuite>
</testsuites>
